#                                                                                              --- full sequence --- -------------- this domain -------------   hmm coord   ali coord   env coord
# target name                          accession   tlen query name           accession   qlen   E-value  score  bias   #  of  c-Evalue  i-Evalue  score  bias  from    to  from    to  from    to  acc description of target
#                  ------------------- ---------- ----- -------------------- ---------- ----- --------- ------ ----- --- --- --------- --------- ------ ----- ----- ----- ----- ----- ----- ----- ---- ---------------------
NODE_14_length_109822_cov_58.380127_76 -            687 1036075at2           -            356     4e-75  252.3  17.2   1   5   8.2e-34   1.8e-30  105.4   6.4     1   155    44   268    44   277 0.80 # 77261 # 79321 # -1 # ID=14_76;partial=00;start_type=ATG;rbs_motif=None;rbs_spacer=None;gc_cont=0.708
NODE_14_length_109822_cov_58.380127_76 -            687 1036075at2           -            356     4e-75  252.3  17.2   2   5     0.024        52    1.9   0.0   191   213   374   396   368   409 0.85 # 77261 # 79321 # -1 # ID=14_76;partial=00;start_type=ATG;rbs_motif=None;rbs_spacer=None;gc_cont=0.708
NODE_14_length_109822_cov_58.380127_76 -            687 1036075at2           -            356     4e-75  252.3  17.2   3   5     3e-18   6.6e-15   54.2   0.0   206   260   420   485   400   487 0.85 # 77261 # 79321 # -1 # ID=14_76;partial=00;start_type=ATG;rbs_motif=None;rbs_spacer=None;gc_cont=0.708
NODE_14_length_109822_cov_58.380127_76 -            687 1036075at2           -            356     4e-75  252.3  17.2   4   5   0.00035      0.77    8.0   0.0   260   280   532   552   526   568 0.86 # 77261 # 79321 # -1 # ID=14_76;partial=00;start_type=ATG;rbs_motif=None;rbs_spacer=None;gc_cont=0.708
NODE_14_length_109822_cov_58.380127_76 -            687 1036075at2           -            356     4e-75  252.3  17.2   5   5   7.7e-23   1.7e-19   69.3   0.0   286   356   587   667   581   667 0.88 # 77261 # 79321 # -1 # ID=14_76;partial=00;start_type=ATG;rbs_motif=None;rbs_spacer=None;gc_cont=0.708
NODE_125_length_22356_cov_56.443385_5  -            618 1036075at2           -            356   1.1e-14   53.5   3.4   1   2   8.6e-15   1.9e-11   42.9   0.1     1    86   250   352   250   397 0.83 # 5175 # 7028 # 1 # ID=125_5;partial=00;start_type=GTG;rbs_motif=GGA/GAG/AGG;rbs_spacer=5-10bp;gc_cont=0.759
NODE_125_length_22356_cov_56.443385_5  -            618 1036075at2           -            356   1.1e-14   53.5   3.4   2   2     0.013        29    2.7   0.8   120   152   439   471   388   490 0.63 # 5175 # 7028 # 1 # ID=125_5;partial=00;start_type=GTG;rbs_motif=GGA/GAG/AGG;rbs_spacer=5-10bp;gc_cont=0.759
NODE_51_length_54065_cov_58.076829_28  -            703 1036075at2           -            356    0.0052   15.1   0.1   1   1   4.1e-06     0.009   14.3   0.1   128   155   664   691   634   694 0.83 # 35019 # 37127 # 1 # ID=51_28;partial=00;start_type=ATG;rbs_motif=GGA/GAG/AGG;rbs_spacer=5-10bp;gc_cont=0.691
NODE_80_length_38643_cov_55.169670_29  -            742 1036075at2           -            356     0.017   13.4   0.0   1   3      0.14   3.2e+02   -0.6   0.0   311   332    93   114    87   123 0.85 # 32038 # 34263 # 1 # ID=80_29;partial=00;start_type=GTG;rbs_motif=None;rbs_spacer=None;gc_cont=0.675
NODE_80_length_38643_cov_55.169670_29  -            742 1036075at2           -            356     0.017   13.4   0.0   2   3   0.00013      0.28    9.4   0.0   310   356   125   171   117   171 0.91 # 32038 # 34263 # 1 # ID=80_29;partial=00;start_type=GTG;rbs_motif=None;rbs_spacer=None;gc_cont=0.675
NODE_80_length_38643_cov_55.169670_29  -            742 1036075at2           -            356     0.017   13.4   0.0   3   3      0.12   2.6e+02   -0.3   0.0   295   312   655   672   644   704 0.87 # 32038 # 34263 # 1 # ID=80_29;partial=00;start_type=GTG;rbs_motif=None;rbs_spacer=None;gc_cont=0.675
#
# Program:         hmmsearch
# Version:         3.1b2 (February 2015)
# Pipeline mode:   SEARCH
# Query file:      /home/users/ntm1021/gen-711-final-project/15_assembly_output/busco_downloads/lineages/bacteria_odb10/hmms/1036075at2.hmm
# Target file:     /home/users/ntm1021/gen-711-final-project/15_assembly_output/busco-results/prodigal_output/predicted_genes/predicted.faa
# Option settings: hmmsearch --domtblout /home/users/ntm1021/gen-711-final-project/15_assembly_output/busco-results/run_bacteria_odb10/hmmer_output/1036075at2.out --cpu 1 /home/users/ntm1021/gen-711-final-project/15_assembly_output/busco_downloads/lineages/bacteria_odb10/hmms/1036075at2.hmm /home/users/ntm1021/gen-711-final-project/15_assembly_output/busco-results/prodigal_output/predicted_genes/predicted.faa 
# Current dir:     /home/users/ntm1021/gen-711-final-project/15_assembly_output
# Date:            Fri May  3 15:53:54 2024
# [ok]
