#                                                                                              --- full sequence --- -------------- this domain -------------   hmm coord   ali coord   env coord
# target name                          accession   tlen query name           accession   qlen   E-value  score  bias   #  of  c-Evalue  i-Evalue  score  bias  from    to  from    to  from    to  acc description of target
#                  ------------------- ---------- ----- -------------------- ---------- ----- --------- ------ ----- --- --- --------- --------- ------ ----- ----- ----- ----- ----- ----- ----- ---- ---------------------
NODE_65_length_45107_cov_60.486772_35  -            359 1054741at2           -            333  1.5e-118  394.6   0.0   1   1  1.3e-121  1.6e-118  394.4   0.0     4   331     3   353     1   355 0.95 # 37712 # 38788 # -1 # ID=65_35;partial=00;start_type=ATG;rbs_motif=GGA/GAG/AGG;rbs_spacer=11-12bp;gc_cont=0.748
NODE_15_length_105784_cov_60.956302_5  -            544 1054741at2           -            333     1e-05   23.7   0.4   1   1   1.1e-08   1.4e-05   23.2   0.4     4    67   198   254   195   263 0.78 # 3322 # 4953 # 1 # ID=15_5;partial=00;start_type=ATG;rbs_motif=None;rbs_spacer=None;gc_cont=0.721
NODE_83_length_38306_cov_61.714503_34  -            523 1054741at2           -            333   5.6e-05   21.2   0.1   1   1   7.8e-08   9.8e-05   20.4   0.1     3    41   219   258   217   290 0.67 # 34419 # 35987 # 1 # ID=83_34;partial=00;start_type=GTG;rbs_motif=GGA/GAG/AGG;rbs_spacer=5-10bp;gc_cont=0.714
NODE_81_length_38542_cov_58.454666_29  -            409 1054741at2           -            333   9.6e-05   20.5   0.0   1   1   1.4e-07   0.00018   19.5   0.0     4    35   194   225   192   239 0.89 # 35090 # 36316 # 1 # ID=81_29;partial=00;start_type=ATG;rbs_motif=AGGAG;rbs_spacer=5-10bp;gc_cont=0.723
NODE_103_length_28957_cov_57.438085_23 -            400 1054741at2           -            333    0.0012   16.8   0.1   1   1   1.3e-06    0.0017   16.4   0.1     3    42     2    42     1    75 0.73 # 22841 # 24040 # 1 # ID=103_23;partial=00;start_type=ATG;rbs_motif=AGGAG/GGAGG;rbs_spacer=11-12bp;gc_cont=0.721
NODE_23_length_91824_cov_63.272637_28  -            482 1054741at2           -            333    0.0043   15.0   0.0   1   1   5.3e-06    0.0067   14.4   0.0     4    42    12    50    10    78 0.77 # 33973 # 35418 # -1 # ID=23_28;partial=00;start_type=ATG;rbs_motif=None;rbs_spacer=None;gc_cont=0.713
NODE_28_length_79036_cov_58.549760_43  -            609 1054741at2           -            333     0.041   11.8   0.1   1   1     5e-05     0.062   11.2   0.1     5    26   340   361   337   402 0.72 # 35798 # 37624 # 1 # ID=28_43;partial=00;start_type=GTG;rbs_motif=None;rbs_spacer=None;gc_cont=0.741
#
# Program:         hmmsearch
# Version:         3.1b2 (February 2015)
# Pipeline mode:   SEARCH
# Query file:      /home/users/ntm1021/gen-711-final-project/15_assembly_output/busco_downloads/lineages/bacteria_odb10/hmms/1054741at2.hmm
# Target file:     /home/users/ntm1021/gen-711-final-project/15_assembly_output/busco-results/prodigal_output/predicted_genes/predicted.faa
# Option settings: hmmsearch --domtblout /home/users/ntm1021/gen-711-final-project/15_assembly_output/busco-results/run_bacteria_odb10/hmmer_output/1054741at2.out --cpu 1 /home/users/ntm1021/gen-711-final-project/15_assembly_output/busco_downloads/lineages/bacteria_odb10/hmms/1054741at2.hmm /home/users/ntm1021/gen-711-final-project/15_assembly_output/busco-results/prodigal_output/predicted_genes/predicted.faa 
# Current dir:     /home/users/ntm1021/gen-711-final-project/15_assembly_output
# Date:            Fri May  3 15:53:55 2024
# [ok]
