#                                                                                              --- full sequence --- -------------- this domain -------------   hmm coord   ali coord   env coord
# target name                          accession   tlen query name           accession   qlen   E-value  score  bias   #  of  c-Evalue  i-Evalue  score  bias  from    to  from    to  from    to  acc description of target
#                  ------------------- ---------- ----- -------------------- ---------- ----- --------- ------ ----- --- --- --------- --------- ------ ----- ----- ----- ----- ----- ----- ----- ---- ---------------------
NODE_31_length_78424_cov_60.740067_6   -            308 1069591at2           -            187   7.9e-42  142.0   9.6   1   2   2.3e-36     5e-33  113.3   0.1     1   130     6   169     6   186 0.80 # 5047 # 5970 # -1 # ID=31_6;partial=00;start_type=GTG;rbs_motif=None;rbs_spacer=None;gc_cont=0.745
NODE_31_length_78424_cov_60.740067_6   -            308 1069591at2           -            187   7.9e-42  142.0   9.6   2   2     5e-06     0.011   14.3   5.5   130   187   192   277   178   277 0.67 # 5047 # 5970 # -1 # ID=31_6;partial=00;start_type=GTG;rbs_motif=None;rbs_spacer=None;gc_cont=0.745
NODE_138_length_19977_cov_56.091083_13 -            841 1069591at2           -            187    0.0032   16.1   0.1   1   3         1   2.2e+03   -3.0   0.0     4    25   236   256   235   264 0.82 # 13066 # 15588 # 1 # ID=138_13;partial=00;start_type=ATG;rbs_motif=AGxAGG/AGGxGG;rbs_spacer=5-10bp;gc_cont=0.746
NODE_138_length_19977_cov_56.091083_13 -            841 1069591at2           -            187    0.0032   16.1   0.1   2   3   1.2e-05     0.026   13.1   0.0     3    33   569   599   567   604 0.87 # 13066 # 15588 # 1 # ID=138_13;partial=00;start_type=ATG;rbs_motif=AGxAGG/AGGxGG;rbs_spacer=5-10bp;gc_cont=0.746
NODE_138_length_19977_cov_56.091083_13 -            841 1069591at2           -            187    0.0032   16.1   0.1   3   3      0.63   1.4e+03   -2.3   0.1   138   172   719   753   711   768 0.68 # 13066 # 15588 # 1 # ID=138_13;partial=00;start_type=ATG;rbs_motif=AGxAGG/AGGxGG;rbs_spacer=5-10bp;gc_cont=0.746
NODE_160_length_15741_cov_60.746381_4  -            867 1069591at2           -            187      0.04   12.5   1.4   1   3      0.14     3e+02   -0.2   0.0     3    28   203   227   202   234 0.87 # 2491 # 5091 # 1 # ID=160_4;partial=00;start_type=ATG;rbs_motif=GGAG/GAGG;rbs_spacer=5-10bp;gc_cont=0.725
NODE_160_length_15741_cov_60.746381_4  -            867 1069591at2           -            187      0.04   12.5   1.4   2   3       0.2   4.4e+02   -0.7   0.6   126   168   403   445   386   465 0.61 # 2491 # 5091 # 1 # ID=160_4;partial=00;start_type=ATG;rbs_motif=GGAG/GAGG;rbs_spacer=5-10bp;gc_cont=0.725
NODE_160_length_15741_cov_60.746381_4  -            867 1069591at2           -            187      0.04   12.5   1.4   3   3   0.00027      0.58    8.7   0.0     3    21   602   620   600   625 0.90 # 2491 # 5091 # 1 # ID=160_4;partial=00;start_type=ATG;rbs_motif=GGAG/GAGG;rbs_spacer=5-10bp;gc_cont=0.725
NODE_59_length_46976_cov_60.733762_21  -            425 1069591at2           -            187      0.05   12.2   0.2   1   2       1.9   4.2e+03   -3.9   0.0    52    73    76    97    73   100 0.74 # 21905 # 23179 # 1 # ID=59_21;partial=00;start_type=GTG;rbs_motif=AGGAG;rbs_spacer=5-10bp;gc_cont=0.657
NODE_59_length_46976_cov_60.733762_21  -            425 1069591at2           -            187      0.05   12.2   0.2   2   2   6.4e-05      0.14   10.7   0.1     2    21   114   133   113   138 0.91 # 21905 # 23179 # 1 # ID=59_21;partial=00;start_type=GTG;rbs_motif=AGGAG;rbs_spacer=5-10bp;gc_cont=0.657
#
# Program:         hmmsearch
# Version:         3.1b2 (February 2015)
# Pipeline mode:   SEARCH
# Query file:      /home/users/ntm1021/gen-711-final-project/15_assembly_output/busco_downloads/lineages/bacteria_odb10/hmms/1069591at2.hmm
# Target file:     /home/users/ntm1021/gen-711-final-project/15_assembly_output/busco-results/prodigal_output/predicted_genes/predicted.faa
# Option settings: hmmsearch --domtblout /home/users/ntm1021/gen-711-final-project/15_assembly_output/busco-results/run_bacteria_odb10/hmmer_output/1069591at2.out --cpu 1 /home/users/ntm1021/gen-711-final-project/15_assembly_output/busco_downloads/lineages/bacteria_odb10/hmms/1069591at2.hmm /home/users/ntm1021/gen-711-final-project/15_assembly_output/busco-results/prodigal_output/predicted_genes/predicted.faa 
# Current dir:     /home/users/ntm1021/gen-711-final-project/15_assembly_output
# Date:            Fri May  3 15:53:55 2024
# [ok]
