#                                                                                               --- full sequence --- -------------- this domain -------------   hmm coord   ali coord   env coord
# target name                           accession   tlen query name           accession   qlen   E-value  score  bias   #  of  c-Evalue  i-Evalue  score  bias  from    to  from    to  from    to  acc description of target
#                   ------------------- ---------- ----- -------------------- ---------- ----- --------- ------ ----- --- --- --------- --------- ------ ----- ----- ----- ----- ----- ----- ----- ---- ---------------------
NODE_213_length_6583_cov_55.149783_4    -            607 1074831at2           -            386     4e-81  272.0  25.6   1   3   6.4e-31   1.2e-28   99.3   3.3     1   180    42   276    42   294 0.73 # 2618 # 4438 # -1 # ID=213_4;partial=00;start_type=ATG;rbs_motif=AGxAGG/AGGxGG;rbs_spacer=5-10bp;gc_cont=0.753
NODE_213_length_6583_cov_55.149783_4    -            607 1074831at2           -            386     4e-81  272.0  25.6   2   3   6.2e-08   1.1e-05   23.6   7.6   161   266   315   433   287   437 0.72 # 2618 # 4438 # -1 # ID=213_4;partial=00;start_type=ATG;rbs_motif=AGxAGG/AGGxGG;rbs_spacer=5-10bp;gc_cont=0.753
NODE_213_length_6583_cov_55.149783_4    -            607 1074831at2           -            386     4e-81  272.0  25.6   3   3   6.1e-43   1.1e-40  138.9   0.7   266   386   455   600   452   600 0.85 # 2618 # 4438 # -1 # ID=213_4;partial=00;start_type=ATG;rbs_motif=AGxAGG/AGGxGG;rbs_spacer=5-10bp;gc_cont=0.753
NODE_91_length_33500_cov_59.116621_28   -            757 1074831at2           -            386   1.5e-10   39.7   1.3   1   4      0.03       5.5    4.9   0.0    21    37    36    52    23    61 0.83 # 25950 # 28220 # 1 # ID=91_28;partial=00;start_type=GTG;rbs_motif=GGA/GAG/AGG;rbs_spacer=5-10bp;gc_cont=0.661
NODE_91_length_33500_cov_59.116621_28   -            757 1074831at2           -            386   1.5e-10   39.7   1.3   2   4     8e-05     0.015   13.4   0.0   288   353   340   413   334   421 0.84 # 25950 # 28220 # 1 # ID=91_28;partial=00;start_type=GTG;rbs_motif=GGA/GAG/AGG;rbs_spacer=5-10bp;gc_cont=0.661
NODE_91_length_33500_cov_59.116621_28   -            757 1074831at2           -            386   1.5e-10   39.7   1.3   3   4      0.02       3.7    5.5   0.1    20    38   482   501   463   510 0.81 # 25950 # 28220 # 1 # ID=91_28;partial=00;start_type=GTG;rbs_motif=GGA/GAG/AGG;rbs_spacer=5-10bp;gc_cont=0.661
NODE_91_length_33500_cov_59.116621_28   -            757 1074831at2           -            386   1.5e-10   39.7   1.3   4   4   0.00032     0.058   11.4   0.0   289   321   647   679   641   718 0.75 # 25950 # 28220 # 1 # ID=91_28;partial=00;start_type=GTG;rbs_motif=GGA/GAG/AGG;rbs_spacer=5-10bp;gc_cont=0.661
NODE_254_length_2942_cov_51.805329_2    -            752 1074831at2           -            386   2.7e-07   29.0   1.3   1   4     0.081        15    3.5   0.0    21    37    27    43    18    59 0.85 # 187 # 2442 # -1 # ID=254_2;partial=00;start_type=ATG;rbs_motif=AGGA;rbs_spacer=5-10bp;gc_cont=0.701
NODE_254_length_2942_cov_51.805329_2    -            752 1074831at2           -            386   2.7e-07   29.0   1.3   2   4     0.014       2.6    6.0   0.0   288   352   335   407   327   414 0.80 # 187 # 2442 # -1 # ID=254_2;partial=00;start_type=ATG;rbs_motif=AGGA;rbs_spacer=5-10bp;gc_cont=0.701
NODE_254_length_2942_cov_51.805329_2    -            752 1074831at2           -            386   2.7e-07   29.0   1.3   3   4    0.0073       1.3    6.9   0.1    22    40   480   498   468   512 0.86 # 187 # 2442 # -1 # ID=254_2;partial=00;start_type=ATG;rbs_motif=AGGA;rbs_spacer=5-10bp;gc_cont=0.701
NODE_254_length_2942_cov_51.805329_2    -            752 1074831at2           -            386   2.7e-07   29.0   1.3   4   4    0.0035      0.65    8.0   0.0   289   321   643   675   636   718 0.74 # 187 # 2442 # -1 # ID=254_2;partial=00;start_type=ATG;rbs_motif=AGGA;rbs_spacer=5-10bp;gc_cont=0.701
NODE_106_length_27727_cov_65.644058_27  -            807 1074831at2           -            386   1.1e-06   27.0   1.5   1   4     0.027         5    5.1   0.0    21    39    54    72    45    86 0.84 # 22930 # 25350 # -1 # ID=106_27;partial=00;start_type=ATG;rbs_motif=None;rbs_spacer=None;gc_cont=0.705
NODE_106_length_27727_cov_65.644058_27  -            807 1074831at2           -            386   1.1e-06   27.0   1.5   2   4    0.0072       1.3    7.0   0.0   289   353   385   457   378   461 0.80 # 22930 # 25350 # -1 # ID=106_27;partial=00;start_type=ATG;rbs_motif=None;rbs_spacer=None;gc_cont=0.705
NODE_106_length_27727_cov_65.644058_27  -            807 1074831at2           -            386   1.1e-06   27.0   1.5   3   4     0.062        11    3.9   0.0    22    38   529   545   512   555 0.82 # 22930 # 25350 # -1 # ID=106_27;partial=00;start_type=ATG;rbs_motif=None;rbs_spacer=None;gc_cont=0.705
NODE_106_length_27727_cov_65.644058_27  -            807 1074831at2           -            386   1.1e-06   27.0   1.5   4   4    0.0084       1.5    6.7   0.1   289   350   696   763   690   768 0.71 # 22930 # 25350 # -1 # ID=106_27;partial=00;start_type=ATG;rbs_motif=None;rbs_spacer=None;gc_cont=0.705
NODE_2_length_182237_cov_60.878771_56   -            506 1074831at2           -            386   1.7e-05   23.0   5.6   1   4         2   3.6e+02   -1.0   0.0    12    39    19    49    10    54 0.72 # 45130 # 46647 # 1 # ID=2_56;partial=00;start_type=GTG;rbs_motif=GGAGG;rbs_spacer=5-10bp;gc_cont=0.776
NODE_2_length_182237_cov_60.878771_56   -            506 1074831at2           -            386   1.7e-05   23.0   5.6   2   4   2.2e-05    0.0039   15.3   0.1   290   355   147   215   141   224 0.87 # 45130 # 46647 # 1 # ID=2_56;partial=00;start_type=GTG;rbs_motif=GGAGG;rbs_spacer=5-10bp;gc_cont=0.776
NODE_2_length_182237_cov_60.878771_56   -            506 1074831at2           -            386   1.7e-05   23.0   5.6   3   4       5.5     1e+03   -2.5   0.0    25    41   297   313   295   330 0.79 # 45130 # 46647 # 1 # ID=2_56;partial=00;start_type=GTG;rbs_motif=GGAGG;rbs_spacer=5-10bp;gc_cont=0.776
NODE_2_length_182237_cov_60.878771_56   -            506 1074831at2           -            386   1.7e-05   23.0   5.6   4   4    0.0021      0.39    8.7   0.1   289   365   396   479   387   496 0.84 # 45130 # 46647 # 1 # ID=2_56;partial=00;start_type=GTG;rbs_motif=GGAGG;rbs_spacer=5-10bp;gc_cont=0.776
NODE_57_length_48068_cov_64.844288_37   -            763 1074831at2           -            386   4.2e-05   21.8   2.5   1   4     0.029       5.2    5.0   0.0    22    37    32    47    18    62 0.77 # 34437 # 36725 # -1 # ID=57_37;partial=00;start_type=ATG;rbs_motif=GGA/GAG/AGG;rbs_spacer=5-10bp;gc_cont=0.731
NODE_57_length_48068_cov_64.844288_37   -            763 1074831at2           -            386   4.2e-05   21.8   2.5   2   4     0.014       2.5    6.0   0.1   288   355   339   414   333   419 0.81 # 34437 # 36725 # -1 # ID=57_37;partial=00;start_type=ATG;rbs_motif=GGA/GAG/AGG;rbs_spacer=5-10bp;gc_cont=0.731
NODE_57_length_48068_cov_64.844288_37   -            763 1074831at2           -            386   4.2e-05   21.8   2.5   3   4      0.59   1.1e+02    0.7   0.0    22    39   484   501   475   515 0.83 # 34437 # 36725 # -1 # ID=57_37;partial=00;start_type=ATG;rbs_motif=GGA/GAG/AGG;rbs_spacer=5-10bp;gc_cont=0.731
NODE_57_length_48068_cov_64.844288_37   -            763 1074831at2           -            386   4.2e-05   21.8   2.5   4   4    0.0094       1.7    6.6   0.0   289   320   648   679   637   720 0.83 # 34437 # 36725 # -1 # ID=57_37;partial=00;start_type=ATG;rbs_motif=GGA/GAG/AGG;rbs_spacer=5-10bp;gc_cont=0.731
NODE_143_length_19404_cov_54.090211_2   -            666 1074831at2           -            386     7e-05   21.0   4.7   1   4       2.3   4.3e+02   -1.3   0.1    24    50   275   299   272   305 0.72 # 662 # 2659 # 1 # ID=143_2;partial=00;start_type=ATG;rbs_motif=GGAG/GAGG;rbs_spacer=5-10bp;gc_cont=0.808
NODE_143_length_19404_cov_54.090211_2   -            666 1074831at2           -            386     7e-05   21.0   4.7   2   4      0.11        21    3.0   0.0   289   332   353   396   347   399 0.88 # 662 # 2659 # 1 # ID=143_2;partial=00;start_type=ATG;rbs_motif=GGAG/GAGG;rbs_spacer=5-10bp;gc_cont=0.808
NODE_143_length_19404_cov_54.090211_2   -            666 1074831at2           -            386     7e-05   21.0   4.7   3   4      0.16        29    2.6   0.1    12    41   464   496   456   500 0.75 # 662 # 2659 # 1 # ID=143_2;partial=00;start_type=ATG;rbs_motif=GGAG/GAGG;rbs_spacer=5-10bp;gc_cont=0.808
NODE_143_length_19404_cov_54.090211_2   -            666 1074831at2           -            386     7e-05   21.0   4.7   4   4   4.8e-05    0.0088   14.1   0.5   290   357   579   652   572   662 0.86 # 662 # 2659 # 1 # ID=143_2;partial=00;start_type=ATG;rbs_motif=GGAG/GAGG;rbs_spacer=5-10bp;gc_cont=0.808
NODE_107_length_27251_cov_51.407573_10  -            251 1074831at2           -            386   8.3e-05   20.8   0.4   1   2     0.051       9.2    4.2   0.1    21    41    44    64    29    84 0.77 # 11225 # 11977 # -1 # ID=107_10;partial=00;start_type=ATG;rbs_motif=GGA/GAG/AGG;rbs_spacer=5-10bp;gc_cont=0.725
NODE_107_length_27251_cov_51.407573_10  -            251 1074831at2           -            386   8.3e-05   20.8   0.4   2   2   3.4e-05    0.0062   14.6   0.0   290   355   152   224   140   236 0.71 # 11225 # 11977 # -1 # ID=107_10;partial=00;start_type=ATG;rbs_motif=GGA/GAG/AGG;rbs_spacer=5-10bp;gc_cont=0.725
NODE_7_length_126049_cov_57.128016_97   -            836 1074831at2           -            386   0.00025   19.2   1.0   1   4      0.14        25    2.7   0.0    21    47    46    72    29    85 0.72 # 116786 # 119293 # 1 # ID=7_97;partial=00;start_type=GTG;rbs_motif=AGGAG;rbs_spacer=5-10bp;gc_cont=0.725
NODE_7_length_126049_cov_57.128016_97   -            836 1074831at2           -            386   0.00025   19.2   1.0   2   4     0.071        13    3.7   0.0   283   322   375   416   343   458 0.67 # 116786 # 119293 # 1 # ID=7_97;partial=00;start_type=GTG;rbs_motif=AGGAG;rbs_spacer=5-10bp;gc_cont=0.725
NODE_7_length_126049_cov_57.128016_97   -            836 1074831at2           -            386   0.00025   19.2   1.0   3   4     0.058        11    4.0   0.0    22    38   530   546   514   572 0.77 # 116786 # 119293 # 1 # ID=7_97;partial=00;start_type=GTG;rbs_motif=AGGAG;rbs_spacer=5-10bp;gc_cont=0.725
NODE_7_length_126049_cov_57.128016_97   -            836 1074831at2           -            386   0.00025   19.2   1.0   4   4     0.062        11    3.9   0.1   285   350   719   793   715   798 0.67 # 116786 # 119293 # 1 # ID=7_97;partial=00;start_type=GTG;rbs_motif=AGGAG;rbs_spacer=5-10bp;gc_cont=0.725
NODE_1_length_277192_cov_63.518373_159  -            274 1074831at2           -            386   0.00061   17.9   0.6   1   2      0.02       3.7    5.5   0.1    20    39    37    56    22    72 0.80 # 156029 # 156850 # 1 # ID=1_159;partial=00;start_type=ATG;rbs_motif=GGAG/GAGG;rbs_spacer=5-10bp;gc_cont=0.693
NODE_1_length_277192_cov_63.518373_159  -            274 1074831at2           -            386   0.00061   17.9   0.6   2   2   0.00046     0.084   10.9   0.0   289   354   149   220   118   260 0.79 # 156029 # 156850 # 1 # ID=1_159;partial=00;start_type=ATG;rbs_motif=GGAG/GAGG;rbs_spacer=5-10bp;gc_cont=0.693
NODE_33_length_74197_cov_63.246456_67   -            237 1074831at2           -            386   0.00061   17.9   0.3   1   2      0.56     1e+02    0.7   0.0    23    38    32    47    17    79 0.85 # 71417 # 72127 # 1 # ID=33_67;partial=00;start_type=ATG;rbs_motif=None;rbs_spacer=None;gc_cont=0.754
NODE_33_length_74197_cov_63.246456_67   -            237 1074831at2           -            386   0.00061   17.9   0.3   2   2   2.3e-05    0.0041   15.2   0.1   279   355   127   210   115   224 0.76 # 71417 # 72127 # 1 # ID=33_67;partial=00;start_type=ATG;rbs_motif=None;rbs_spacer=None;gc_cont=0.754
NODE_2_length_182237_cov_60.878771_130  -            641 1074831at2           -            386   0.00062   17.9   1.8   1   2    0.0012      0.21    9.6   0.5    22    50   138   163   130   171 0.81 # 121017 # 122939 # 1 # ID=2_130;partial=00;start_type=GTG;rbs_motif=GGA/GAG/AGG;rbs_spacer=5-10bp;gc_cont=0.753
NODE_2_length_182237_cov_60.878771_130  -            641 1074831at2           -            386   0.00062   17.9   1.8   2   2    0.0058       1.1    7.3   0.0    72   141   316   386   310   410 0.84 # 121017 # 122939 # 1 # ID=2_130;partial=00;start_type=GTG;rbs_motif=GGA/GAG/AGG;rbs_spacer=5-10bp;gc_cont=0.753
NODE_205_length_7440_cov_60.540544_1    -            234 1074831at2           -            386   0.00082   17.5   1.4   1   2   4.3e-05    0.0078   14.3   0.0    19    44    27    52    20    61 0.88 # 3 # 704 # -1 # ID=205_1;partial=10;start_type=GTG;rbs_motif=AGGAG;rbs_spacer=5-10bp;gc_cont=0.761
NODE_205_length_7440_cov_60.540544_1    -            234 1074831at2           -            386   0.00082   17.5   1.4   2   2      0.24        44    2.0   0.6   198   248   169   219   162   227 0.87 # 3 # 704 # -1 # ID=205_1;partial=10;start_type=GTG;rbs_motif=AGGAG;rbs_spacer=5-10bp;gc_cont=0.761
NODE_43_length_60837_cov_57.845610_37   -            262 1074831at2           -            386   0.00083   17.5   0.8   1   2     0.073        13    3.7   0.0    22    40    54    72    41    83 0.87 # 47583 # 48368 # -1 # ID=43_37;partial=00;start_type=ATG;rbs_motif=GGA/GAG/AGG;rbs_spacer=5-10bp;gc_cont=0.758
NODE_43_length_60837_cov_57.845610_37   -            262 1074831at2           -            386   0.00083   17.5   0.8   2   2   0.00017     0.032   12.3   0.2   290   358   161   234   150   243 0.77 # 47583 # 48368 # -1 # ID=43_37;partial=00;start_type=ATG;rbs_motif=GGA/GAG/AGG;rbs_spacer=5-10bp;gc_cont=0.758
NODE_120_length_23713_cov_60.336344_20  -            260 1074831at2           -            386   0.00094   17.3   1.6   1   2    0.0017      0.31    9.0   0.2    22    94    54   126    45   160 0.70 # 19107 # 19886 # -1 # ID=120_20;partial=00;start_type=GTG;rbs_motif=AGGAG;rbs_spacer=5-10bp;gc_cont=0.737
NODE_120_length_23713_cov_60.336344_20  -            260 1074831at2           -            386   0.00094   17.3   1.6   2   2    0.0041      0.75    7.8   0.1   291   355   162   233   152   243 0.64 # 19107 # 19886 # -1 # ID=120_20;partial=00;start_type=GTG;rbs_motif=AGGAG;rbs_spacer=5-10bp;gc_cont=0.737
NODE_86_length_37427_cov_59.472735_15   -            680 1074831at2           -            386    0.0011   17.1   0.1   1   2      0.26        47    1.9   0.0    24    44   465   485   442   512 0.78 # 29812 # 31851 # -1 # ID=86_15;partial=00;start_type=GTG;rbs_motif=GGAG/GAGG;rbs_spacer=5-10bp;gc_cont=0.775
NODE_86_length_37427_cov_59.472735_15   -            680 1074831at2           -            386    0.0011   17.1   0.1   2   2   0.00012     0.022   12.8   0.0   289   335   569   615   552   649 0.76 # 29812 # 31851 # -1 # ID=86_15;partial=00;start_type=GTG;rbs_motif=GGAG/GAGG;rbs_spacer=5-10bp;gc_cont=0.775
NODE_217_length_6371_cov_55.795964_3    -            205 1074831at2           -            386    0.0012   17.0   0.0   1   2    0.0028      0.52    8.3   0.1    24    41    32    49    26    64 0.86 # 4852 # 5466 # 1 # ID=217_3;partial=00;start_type=ATG;rbs_motif=GGA/GAG/AGG;rbs_spacer=11-12bp;gc_cont=0.754
NODE_217_length_6371_cov_55.795964_3    -            205 1074831at2           -            386    0.0012   17.0   0.0   2   2     0.008       1.5    6.8   0.0   289   343   128   188   115   198 0.80 # 4852 # 5466 # 1 # ID=217_3;partial=00;start_type=ATG;rbs_motif=GGA/GAG/AGG;rbs_spacer=11-12bp;gc_cont=0.754
NODE_72_length_42617_cov_57.499553_8    -            265 1074831at2           -            386    0.0017   16.5   0.0   1   2     0.058        11    4.0   0.0    22    73    53   104    49   141 0.77 # 9247 # 10041 # -1 # ID=72_8;partial=00;start_type=GTG;rbs_motif=GGAG/GAGG;rbs_spacer=5-10bp;gc_cont=0.711
NODE_72_length_42617_cov_57.499553_8    -            265 1074831at2           -            386    0.0017   16.5   0.0   2   2   0.00056       0.1   10.6   0.0   329   358   206   233   152   246 0.71 # 9247 # 10041 # -1 # ID=72_8;partial=00;start_type=GTG;rbs_motif=GGAG/GAGG;rbs_spacer=5-10bp;gc_cont=0.711
NODE_1_length_277192_cov_63.518373_89   -            613 1074831at2           -            386    0.0036   15.4   0.4   1   2      0.98   1.8e+02   -0.1   0.0    22    38   385   401   377   407 0.85 # 90545 # 92383 # -1 # ID=1_89;partial=00;start_type=ATG;rbs_motif=GGA/GAG/AGG;rbs_spacer=5-10bp;gc_cont=0.727
NODE_1_length_277192_cov_63.518373_89   -            613 1074831at2           -            386    0.0036   15.4   0.4   2   2   0.00014     0.025   12.6   0.1   290   354   493   562   484   572 0.85 # 90545 # 92383 # -1 # ID=1_89;partial=00;start_type=ATG;rbs_motif=GGA/GAG/AGG;rbs_spacer=5-10bp;gc_cont=0.727
NODE_23_length_91824_cov_63.272637_53   -            227 1074831at2           -            386    0.0041   15.2   2.6   1   2      0.07        13    3.7   0.2    23    42    33    52    24    57 0.86 # 56355 # 57035 # -1 # ID=23_53;partial=00;start_type=ATG;rbs_motif=AGGAG;rbs_spacer=5-10bp;gc_cont=0.759
NODE_23_length_91824_cov_63.272637_53   -            227 1074831at2           -            386    0.0041   15.2   2.6   2   2   0.00037     0.067   11.2   0.2   291   356   142   214   137   221 0.68 # 56355 # 57035 # -1 # ID=23_53;partial=00;start_type=ATG;rbs_motif=AGGAG;rbs_spacer=5-10bp;gc_cont=0.759
NODE_166_length_13774_cov_58.616619_7   -            231 1074831at2           -            386    0.0053   14.8   0.5   1   2     0.019       3.5    5.6   0.0    22    66    30    74    21   100 0.73 # 4106 # 4798 # -1 # ID=166_7;partial=00;start_type=GTG;rbs_motif=GGA/GAG/AGG;rbs_spacer=5-10bp;gc_cont=0.750
NODE_166_length_13774_cov_58.616619_7   -            231 1074831at2           -            386    0.0053   14.8   0.5   2   2    0.0041      0.75    7.8   0.1   285   353   134   208   125   215 0.78 # 4106 # 4798 # -1 # ID=166_7;partial=00;start_type=GTG;rbs_motif=GGA/GAG/AGG;rbs_spacer=5-10bp;gc_cont=0.750
NODE_49_length_54615_cov_58.282521_8    -            244 1074831at2           -            386    0.0056   14.8   0.5   1   2      0.14        26    2.7   0.0    21    38    39    56    31    62 0.89 # 9935 # 10666 # -1 # ID=49_8;partial=00;start_type=ATG;rbs_motif=GGAG/GAGG;rbs_spacer=5-10bp;gc_cont=0.757
NODE_49_length_54615_cov_58.282521_8    -            244 1074831at2           -            386    0.0056   14.8   0.5   2   2   0.00068      0.12   10.3   0.1   287   360   144   223   129   231 0.76 # 9935 # 10666 # -1 # ID=49_8;partial=00;start_type=ATG;rbs_motif=GGAG/GAGG;rbs_spacer=5-10bp;gc_cont=0.757
NODE_154_length_16778_cov_50.304786_1   -            324 1074831at2           -            386    0.0062   14.6   0.5   1   2      0.02       3.6    5.5   0.1    25    44   105   124    94   167 0.80 # 162 # 1133 # 1 # ID=154_1;partial=00;start_type=ATG;rbs_motif=GGA/GAG/AGG;rbs_spacer=5-10bp;gc_cont=0.802
NODE_154_length_16778_cov_50.304786_1   -            324 1074831at2           -            386    0.0062   14.6   0.5   2   2    0.0048      0.87    7.6   0.1   288   350   207   272   200   285 0.78 # 162 # 1133 # 1 # ID=154_1;partial=00;start_type=ATG;rbs_motif=GGA/GAG/AGG;rbs_spacer=5-10bp;gc_cont=0.802
NODE_124_length_22366_cov_58.722290_17  -            239 1074831at2           -            386    0.0064   14.6   2.1   1   2     0.007       1.3    7.0   0.2    22    41    33    52    24    64 0.81 # 15766 # 16482 # -1 # ID=124_17;partial=00;start_type=ATG;rbs_motif=GGAG/GAGG;rbs_spacer=5-10bp;gc_cont=0.777
NODE_124_length_22366_cov_58.722290_17  -            239 1074831at2           -            386    0.0064   14.6   2.1   2   2    0.0051      0.94    7.4   0.1   284   333   135   184   128   199 0.86 # 15766 # 16482 # -1 # ID=124_17;partial=00;start_type=ATG;rbs_motif=GGAG/GAGG;rbs_spacer=5-10bp;gc_cont=0.777
NODE_28_length_79036_cov_58.549760_60   -            280 1074831at2           -            386    0.0074   14.4   0.1   1   2   0.00015     0.028   12.5   0.1    12    61    18    70    11    81 0.81 # 51401 # 52240 # -1 # ID=28_60;partial=00;start_type=GTG;rbs_motif=GGA/GAG/AGG;rbs_spacer=5-10bp;gc_cont=0.751
NODE_28_length_79036_cov_58.549760_60   -            280 1074831at2           -            386    0.0074   14.4   0.1   2   2       2.2   4.1e+02   -1.2   0.0   290   315   140   165   125   169 0.90 # 51401 # 52240 # -1 # ID=28_60;partial=00;start_type=GTG;rbs_motif=GGA/GAG/AGG;rbs_spacer=5-10bp;gc_cont=0.751
NODE_8_length_125804_cov_59.572993_71   -            249 1074831at2           -            386    0.0079   14.3   2.8   1   2       0.1        19    3.2   0.1    22    40    38    56    28   114 0.70 # 76487 # 77233 # -1 # ID=8_71;partial=00;start_type=ATG;rbs_motif=GGxGG;rbs_spacer=5-10bp;gc_cont=0.727
NODE_8_length_125804_cov_59.572993_71   -            249 1074831at2           -            386    0.0079   14.3   2.8   2   2    0.0003     0.055   11.5   0.3   276   355   131   217   117   240 0.77 # 76487 # 77233 # -1 # ID=8_71;partial=00;start_type=ATG;rbs_motif=GGxGG;rbs_spacer=5-10bp;gc_cont=0.727
NODE_77_length_40321_cov_59.510176_9    -            721 1074831at2           -            386     0.008   14.3   0.0   1   1   6.9e-05     0.013   13.6   0.0    24    72    27    74    24    85 0.86 # 5109 # 7271 # -1 # ID=77_9;partial=00;start_type=ATG;rbs_motif=AGGAG;rbs_spacer=5-10bp;gc_cont=0.721
NODE_80_length_38643_cov_55.169670_8    -            504 1074831at2           -            386    0.0089   14.1   0.3   1   2   0.00046     0.084   10.9   0.0    22    43    35    56    26    79 0.81 # 5588 # 7099 # 1 # ID=80_8;partial=00;start_type=ATG;rbs_motif=AGGA/GGAG/GAGG;rbs_spacer=11-12bp;gc_cont=0.747
NODE_80_length_38643_cov_55.169670_8    -            504 1074831at2           -            386    0.0089   14.1   0.3   2   2      0.59   1.1e+02    0.7   0.2   287   333   394   440   379   492 0.68 # 5588 # 7099 # 1 # ID=80_8;partial=00;start_type=ATG;rbs_motif=AGGA/GGAG/GAGG;rbs_spacer=11-12bp;gc_cont=0.747
NODE_9_length_125761_cov_62.655993_84   -            270 1074831at2           -            386    0.0092   14.1   3.0   1   2      0.59   1.1e+02    0.7   0.1    22    38    59    75    43   104 0.88 # 98312 # 99121 # 1 # ID=9_84;partial=00;start_type=ATG;rbs_motif=None;rbs_spacer=None;gc_cont=0.723
NODE_9_length_125761_cov_62.655993_84   -            270 1074831at2           -            386    0.0092   14.1   3.0   2   2   7.1e-05     0.013   13.6   0.4   290   355   166   238   156   245 0.79 # 98312 # 99121 # 1 # ID=9_84;partial=00;start_type=ATG;rbs_motif=None;rbs_spacer=None;gc_cont=0.723
NODE_10_length_120923_cov_61.740529_100 -            268 1074831at2           -            386    0.0092   14.0   0.8   1   2     0.034       6.2    4.8   0.2    22    43    34    55    26    64 0.86 # 104494 # 105297 # -1 # ID=10_100;partial=00;start_type=ATG;rbs_motif=GGAGG;rbs_spacer=5-10bp;gc_cont=0.771
NODE_10_length_120923_cov_61.740529_100 -            268 1074831at2           -            386    0.0092   14.0   0.8   2   2    0.0041      0.74    7.8   0.0   279   333   135   189   126   191 0.85 # 104494 # 105297 # -1 # ID=10_100;partial=00;start_type=ATG;rbs_motif=GGAGG;rbs_spacer=5-10bp;gc_cont=0.771
NODE_151_length_17660_cov_63.588433_3   -            257 1074831at2           -            386      0.01   13.9   1.1   1   2     0.011       1.9    6.4   0.2    23    49    31    57    23    63 0.82 # 1591 # 2361 # -1 # ID=151_3;partial=00;start_type=ATG;rbs_motif=AGxAGG/AGGxGG;rbs_spacer=3-4bp;gc_cont=0.752
NODE_151_length_17660_cov_63.588433_3   -            257 1074831at2           -            386      0.01   13.9   1.1   2   2     0.015       2.8    5.9   0.0   290   317   138   165   133   193 0.83 # 1591 # 2361 # -1 # ID=151_3;partial=00;start_type=ATG;rbs_motif=AGxAGG/AGGxGG;rbs_spacer=3-4bp;gc_cont=0.752
NODE_21_length_94192_cov_58.135077_69   -            533 1074831at2           -            386     0.023   12.8   0.0   1   4       2.3   4.1e+02   -1.3   0.0   289   315   158   184    75   185 0.65 # 67932 # 69530 # 1 # ID=21_69;partial=00;start_type=GTG;rbs_motif=AGGA/GGAG/GAGG;rbs_spacer=11-12bp;gc_cont=0.714
NODE_21_length_94192_cov_58.135077_69   -            533 1074831at2           -            386     0.023   12.8   0.0   2   4       1.5   2.8e+02   -0.7   2.0   221   267   254   300   213   308 0.47 # 67932 # 69530 # 1 # ID=21_69;partial=00;start_type=GTG;rbs_motif=AGGA/GGAG/GAGG;rbs_spacer=11-12bp;gc_cont=0.714
NODE_21_length_94192_cov_58.135077_69   -            533 1074831at2           -            386     0.023   12.8   0.0   3   4       3.7   6.7e+02   -2.0   0.1    24    38   355   369   346   374 0.83 # 67932 # 69530 # 1 # ID=21_69;partial=00;start_type=GTG;rbs_motif=AGGA/GGAG/GAGG;rbs_spacer=11-12bp;gc_cont=0.714
NODE_21_length_94192_cov_58.135077_69   -            533 1074831at2           -            386     0.023   12.8   0.0   4   4   0.00012     0.023   12.8   0.0   280   332   433   485   428   500 0.77 # 67932 # 69530 # 1 # ID=21_69;partial=00;start_type=GTG;rbs_motif=AGGA/GGAG/GAGG;rbs_spacer=11-12bp;gc_cont=0.714
NODE_107_length_27251_cov_51.407573_4   -            336 1074831at2           -            386     0.023   12.7   2.8   1   2     0.077        14    3.6   0.2    24    42    46    64    36    69 0.84 # 2553 # 3560 # -1 # ID=107_4;partial=00;start_type=ATG;rbs_motif=None;rbs_spacer=None;gc_cont=0.745
NODE_107_length_27251_cov_51.407573_4   -            336 1074831at2           -            386     0.023   12.7   2.8   2   2    0.0014      0.26    9.3   0.2   290   352   164   234   151   247 0.73 # 2553 # 3560 # -1 # ID=107_4;partial=00;start_type=ATG;rbs_motif=None;rbs_spacer=None;gc_cont=0.745
NODE_21_length_94192_cov_58.135077_54   -            255 1074831at2           -            386     0.027   12.5   0.1   1   2       1.8   3.3e+02   -0.9   0.1    23    40    37    54    28    57 0.83 # 55840 # 56604 # 1 # ID=21_54;partial=00;start_type=ATG;rbs_motif=GGA/GAG/AGG;rbs_spacer=5-10bp;gc_cont=0.695
NODE_21_length_94192_cov_58.135077_54   -            255 1074831at2           -            386     0.027   12.5   0.1   2   2   0.00055       0.1   10.6   0.0   276   345   135   211   117   220 0.79 # 55840 # 56604 # 1 # ID=21_54;partial=00;start_type=ATG;rbs_motif=GGA/GAG/AGG;rbs_spacer=5-10bp;gc_cont=0.695
NODE_24_length_89965_cov_63.569392_88   -            551 1074831at2           -            386     0.034   12.2   0.3   1   3       4.7   8.5e+02   -2.3   0.2    26    38    38    50    36    54 0.85 # 80350 # 82002 # 1 # ID=24_88;partial=00;start_type=TTG;rbs_motif=GGA/GAG/AGG;rbs_spacer=5-10bp;gc_cont=0.744
NODE_24_length_89965_cov_63.569392_88   -            551 1074831at2           -            386     0.034   12.2   0.3   2   3     0.023       4.1    5.3   0.0   289   315   165   191   146   222 0.80 # 80350 # 82002 # 1 # ID=24_88;partial=00;start_type=TTG;rbs_motif=GGA/GAG/AGG;rbs_spacer=5-10bp;gc_cont=0.744
NODE_24_length_89965_cov_63.569392_88   -            551 1074831at2           -            386     0.034   12.2   0.3   3   3     0.099        18    3.2   0.0    25    40   380   395   359   399 0.87 # 80350 # 82002 # 1 # ID=24_88;partial=00;start_type=TTG;rbs_motif=GGA/GAG/AGG;rbs_spacer=5-10bp;gc_cont=0.744
NODE_1_length_277192_cov_63.518373_113  -            545 1074831at2           -            386     0.038   12.0   4.7   1   4      0.77   1.4e+02    0.3   0.3    26    38    44    56    36    62 0.87 # 111556 # 113190 # -1 # ID=1_113;partial=00;start_type=GTG;rbs_motif=GGAG/GAGG;rbs_spacer=5-10bp;gc_cont=0.754
NODE_1_length_277192_cov_63.518373_113  -            545 1074831at2           -            386     0.038   12.0   4.7   2   4     0.015       2.7    5.9   0.0   290   320   168   198   160   247 0.75 # 111556 # 113190 # -1 # ID=1_113;partial=00;start_type=GTG;rbs_motif=GGAG/GAGG;rbs_spacer=5-10bp;gc_cont=0.754
NODE_1_length_277192_cov_63.518373_113  -            545 1074831at2           -            386     0.038   12.0   4.7   3   4       2.6   4.7e+02   -1.4   0.1   214   251   258   295   233   301 0.82 # 111556 # 113190 # -1 # ID=1_113;partial=00;start_type=GTG;rbs_motif=GGAG/GAGG;rbs_spacer=5-10bp;gc_cont=0.754
NODE_1_length_277192_cov_63.518373_113  -            545 1074831at2           -            386     0.038   12.0   4.7   4   4     0.037       6.8    4.6   0.0    14    40   367   394   355   401 0.72 # 111556 # 113190 # -1 # ID=1_113;partial=00;start_type=GTG;rbs_motif=GGAG/GAGG;rbs_spacer=5-10bp;gc_cont=0.754
NODE_14_length_109822_cov_58.380127_85  -            946 1074831at2           -            386      0.04   11.9   0.3   1   4      0.63   1.1e+02    0.6   0.0    22    36    27    41    18    60 0.81 # 89008 # 91845 # -1 # ID=14_85;partial=00;start_type=GTG;rbs_motif=GGA/GAG/AGG;rbs_spacer=5-10bp;gc_cont=0.693
NODE_14_length_109822_cov_58.380127_85  -            946 1074831at2           -            386      0.04   11.9   0.3   2   4       1.9   3.5e+02   -1.0   0.0   287   304   489   506   474   524 0.79 # 89008 # 91845 # -1 # ID=14_85;partial=00;start_type=GTG;rbs_motif=GGA/GAG/AGG;rbs_spacer=5-10bp;gc_cont=0.693
NODE_14_length_109822_cov_58.380127_85  -            946 1074831at2           -            386      0.04   11.9   0.3   3   4      0.06        11    3.9   0.1    22    39   640   657   628   670 0.84 # 89008 # 91845 # -1 # ID=14_85;partial=00;start_type=GTG;rbs_motif=GGA/GAG/AGG;rbs_spacer=5-10bp;gc_cont=0.693
NODE_14_length_109822_cov_58.380127_85  -            946 1074831at2           -            386      0.04   11.9   0.3   4   4      0.32        57    1.6   0.0   288   319   832   866   820   869 0.72 # 89008 # 91845 # -1 # ID=14_85;partial=00;start_type=GTG;rbs_motif=GGA/GAG/AGG;rbs_spacer=5-10bp;gc_cont=0.693
NODE_88_length_36671_cov_64.016528_13   -            244 1074831at2           -            386     0.053   11.6   0.2   1   2         8   1.5e+03   -3.1   0.1    27    40    40    53    37    56 0.86 # 13255 # 13986 # 1 # ID=88_13;partial=00;start_type=ATG;rbs_motif=None;rbs_spacer=None;gc_cont=0.740
NODE_88_length_36671_cov_64.016528_13   -            244 1074831at2           -            386     0.053   11.6   0.2   2   2   0.00055       0.1   10.6   0.0   280   320   123   163   119   176 0.86 # 13255 # 13986 # 1 # ID=88_13;partial=00;start_type=ATG;rbs_motif=None;rbs_spacer=None;gc_cont=0.740
NODE_34_length_74114_cov_65.743874_40   -            375 1074831at2           -            386     0.055   11.5   0.0   1   1   0.00073      0.13   10.2   0.0     4    46     5    49     3    71 0.77 # 46705 # 47829 # 1 # ID=34_40;partial=00;start_type=GTG;rbs_motif=None;rbs_spacer=None;gc_cont=0.730
NODE_1_length_277192_cov_63.518373_74   -            253 1074831at2           -            386     0.057   11.4   2.2   1   2      0.39        71    1.3   0.2    25    42    46    63    37    92 0.85 # 75511 # 76269 # -1 # ID=1_74;partial=00;start_type=ATG;rbs_motif=GGA/GAG/AGG;rbs_spacer=5-10bp;gc_cont=0.722
NODE_1_length_277192_cov_63.518373_74   -            253 1074831at2           -            386     0.057   11.4   2.2   2   2   0.00096      0.18    9.8   0.2   290   341   149   206   138   222 0.80 # 75511 # 76269 # -1 # ID=1_74;partial=00;start_type=ATG;rbs_motif=GGA/GAG/AGG;rbs_spacer=5-10bp;gc_cont=0.722
NODE_18_length_100094_cov_61.368422_55  -            312 1074831at2           -            386      0.06   11.4   0.5   1   3         1   1.9e+02   -0.1   0.3    25    41    34    50    24    54 0.87 # 50156 # 51091 # -1 # ID=18_55;partial=00;start_type=ATG;rbs_motif=None;rbs_spacer=None;gc_cont=0.645
NODE_18_length_100094_cov_61.368422_55  -            312 1074831at2           -            386      0.06   11.4   0.5   2   3    0.0024      0.44    8.5   0.0   287   324   127   164   118   189 0.87 # 50156 # 51091 # -1 # ID=18_55;partial=00;start_type=ATG;rbs_motif=None;rbs_spacer=None;gc_cont=0.645
NODE_18_length_100094_cov_61.368422_55  -            312 1074831at2           -            386      0.06   11.4   0.5   3   3       8.2   1.5e+03   -3.1   0.0   244   273   221   250   218   251 0.83 # 50156 # 51091 # -1 # ID=18_55;partial=00;start_type=ATG;rbs_motif=None;rbs_spacer=None;gc_cont=0.645
NODE_49_length_54615_cov_58.282521_16   -            155 1074831at2           -            386     0.072   11.1   0.0   1   1   0.00049     0.089   10.8   0.0   290   364    47   124    45   143 0.84 # 19255 # 19719 # -1 # ID=49_16;partial=00;start_type=ATG;rbs_motif=None;rbs_spacer=None;gc_cont=0.763
NODE_15_length_105784_cov_60.956302_15  -            327 1074831at2           -            386     0.091   10.8   1.5   1   2     0.016       2.9    5.8   0.1    26    41    41    56    36    64 0.89 # 14296 # 15276 # -1 # ID=15_15;partial=00;start_type=GTG;rbs_motif=GGAGG;rbs_spacer=5-10bp;gc_cont=0.754
NODE_15_length_105784_cov_60.956302_15  -            327 1074831at2           -            386     0.091   10.8   1.5   2   2     0.056        10    4.0   0.2   283   362   149   234   137   242 0.67 # 14296 # 15276 # -1 # ID=15_15;partial=00;start_type=GTG;rbs_motif=GGAGG;rbs_spacer=5-10bp;gc_cont=0.754
NODE_40_length_65993_cov_64.419822_4    -            181 1074831at2           -            386     0.097   10.7   1.0   1   2   0.00058      0.11   10.6   0.1    22    41     7    26     4    42 0.88 # 2511 # 3053 # -1 # ID=40_4;partial=00;start_type=ATG;rbs_motif=GGA/GAG/AGG;rbs_spacer=5-10bp;gc_cont=0.737
NODE_40_length_65993_cov_64.419822_4    -            181 1074831at2           -            386     0.097   10.7   1.0   2   2       6.9   1.3e+03   -2.9   0.1   185   219   132   166   129   173 0.73 # 2511 # 3053 # -1 # ID=40_4;partial=00;start_type=ATG;rbs_motif=GGA/GAG/AGG;rbs_spacer=5-10bp;gc_cont=0.737
NODE_1_length_277192_cov_63.518373_88   -            572 1074831at2           -            386      0.11   10.5   0.9   1   2      0.26        48    1.8   0.0    25    54   360   389   352   408 0.74 # 88833 # 90548 # -1 # ID=1_88;partial=00;start_type=ATG;rbs_motif=AGGAG;rbs_spacer=5-10bp;gc_cont=0.725
NODE_1_length_277192_cov_63.518373_88   -            572 1074831at2           -            386      0.11   10.5   0.9   2   2    0.0085       1.5    6.7   0.2   288   353   464   534   452   543 0.75 # 88833 # 90548 # -1 # ID=1_88;partial=00;start_type=ATG;rbs_motif=AGGAG;rbs_spacer=5-10bp;gc_cont=0.725
NODE_2_length_182237_cov_60.878771_98   -            226 1074831at2           -            386      0.23    9.4   3.6   1   2      0.28        51    1.7   0.1    24    42    34    52    28    64 0.87 # 88381 # 89058 # 1 # ID=2_98;partial=00;start_type=ATG;rbs_motif=AGxAGG/AGGxGG;rbs_spacer=5-10bp;gc_cont=0.752
NODE_2_length_182237_cov_60.878771_98   -            226 1074831at2           -            386      0.23    9.4   3.6   2   2    0.0031      0.57    8.1   0.1   291   356   142   214   138   224 0.65 # 88381 # 89058 # 1 # ID=2_98;partial=00;start_type=ATG;rbs_motif=AGxAGG/AGGxGG;rbs_spacer=5-10bp;gc_cont=0.752
NODE_9_length_125761_cov_62.655993_8    -            585 1074831at2           -            386      0.44    8.5   6.9   1   3     0.023       4.2    5.3   0.0   289   341   121   176   115   195 0.85 # 5765 # 7519 # 1 # ID=9_8;partial=00;start_type=GTG;rbs_motif=GGxGG;rbs_spacer=5-10bp;gc_cont=0.731
NODE_9_length_125761_cov_62.655993_8    -            585 1074831at2           -            386      0.44    8.5   6.9   2   3       2.5   4.5e+02   -1.4   0.0    25    41   312   328   310   385 0.64 # 5765 # 7519 # 1 # ID=9_8;partial=00;start_type=GTG;rbs_motif=GGxGG;rbs_spacer=5-10bp;gc_cont=0.731
NODE_9_length_125761_cov_62.655993_8    -            585 1074831at2           -            386      0.44    8.5   6.9   3   3      0.45        83    1.0   5.2   192   244   521   571   516   576 0.62 # 5765 # 7519 # 1 # ID=9_8;partial=00;start_type=GTG;rbs_motif=GGxGG;rbs_spacer=5-10bp;gc_cont=0.731
NODE_2_length_182237_cov_60.878771_137  -            555 1074831at2           -            386       1.1    7.2   0.0   1   2      0.37        67    1.3   1.2   152   223    73   143    71   151 0.62 # 131677 # 133341 # 1 # ID=2_137;partial=00;start_type=ATG;rbs_motif=GGA/GAG/AGG;rbs_spacer=3-4bp;gc_cont=0.673
NODE_2_length_182237_cov_60.878771_137  -            555 1074831at2           -            386       1.1    7.2   0.0   2   2    0.0062       1.1    7.2   0.0   281   315   434   468   428   484 0.86 # 131677 # 133341 # 1 # ID=2_137;partial=00;start_type=ATG;rbs_motif=GGA/GAG/AGG;rbs_spacer=3-4bp;gc_cont=0.673
#
# Program:         hmmsearch
# Version:         3.1b2 (February 2015)
# Pipeline mode:   SEARCH
# Query file:      /home/users/ntm1021/gen-711-final-project/15_assembly_output/busco_downloads/lineages/bacteria_odb10/hmms/1074831at2.hmm
# Target file:     /home/users/ntm1021/gen-711-final-project/15_assembly_output/busco-results/prodigal_output/predicted_genes/predicted.faa
# Option settings: hmmsearch --domtblout /home/users/ntm1021/gen-711-final-project/15_assembly_output/busco-results/run_bacteria_odb10/hmmer_output/1074831at2.out --cpu 1 /home/users/ntm1021/gen-711-final-project/15_assembly_output/busco_downloads/lineages/bacteria_odb10/hmms/1074831at2.hmm /home/users/ntm1021/gen-711-final-project/15_assembly_output/busco-results/prodigal_output/predicted_genes/predicted.faa 
# Current dir:     /home/users/ntm1021/gen-711-final-project/15_assembly_output
# Date:            Fri May  3 15:53:56 2024
# [ok]
