#                                                                                              --- full sequence --- -------------- this domain -------------   hmm coord   ali coord   env coord
# target name                          accession   tlen query name           accession   qlen   E-value  score  bias   #  of  c-Evalue  i-Evalue  score  bias  from    to  from    to  from    to  acc description of target
#                  ------------------- ---------- ----- -------------------- ---------- ----- --------- ------ ----- --- --- --------- --------- ------ ----- ----- ----- ----- ----- ----- ----- ---- ---------------------
NODE_178_length_11405_cov_54.969941_6  -            468 1093223at2           -            361   1.1e-90  303.6   0.1   1   1     2e-91   1.9e-88  296.2   0.1     4   359    15   465    12   467 0.82 # 6235 # 7638 # -1 # ID=178_6;partial=00;start_type=ATG;rbs_motif=None;rbs_spacer=None;gc_cont=0.761
NODE_178_length_11405_cov_54.969941_9  -            448 1093223at2           -            361   1.2e-20   73.2   0.0   1   2   6.3e-07   0.00061   18.2   0.3    72    98    51    77    33    89 0.85 # 10060 # 11403 # -1 # ID=178_9;partial=01;start_type=Edge;rbs_motif=None;rbs_spacer=None;gc_cont=0.757
NODE_178_length_11405_cov_54.969941_9  -            448 1093223at2           -            361   1.2e-20   73.2   0.0   2   2   3.4e-17   3.3e-14   52.0   0.0   117   307   120   357   108   370 0.74 # 10060 # 11403 # -1 # ID=178_9;partial=01;start_type=Edge;rbs_motif=None;rbs_spacer=None;gc_cont=0.757
NODE_178_length_11405_cov_54.969941_3  -            470 1093223at2           -            361   4.7e-20   71.2   0.0   1   1   7.8e-23   7.6e-20   70.5   0.0    35   257    71   337    42   353 0.75 # 2439 # 3848 # -1 # ID=178_3;partial=00;start_type=ATG;rbs_motif=None;rbs_spacer=None;gc_cont=0.755
NODE_178_length_11405_cov_54.969941_8  -            462 1093223at2           -            361   2.2e-16   59.2   0.3   1   1   9.8e-19   9.5e-16   57.1   0.3    72   266   101   344    91   412 0.78 # 8678 # 10063 # -1 # ID=178_8;partial=00;start_type=GTG;rbs_motif=GGA/GAG/AGG;rbs_spacer=5-10bp;gc_cont=0.778
NODE_152_length_17348_cov_55.051797_10 -            880 1093223at2           -            361   1.1e-11   43.7   0.1   1   3   9.4e-11   9.2e-08   30.8   0.0    39   100   447   514   421   518 0.82 # 11202 # 13841 # 1 # ID=152_10;partial=00;start_type=GTG;rbs_motif=GGAG/GAGG;rbs_spacer=5-10bp;gc_cont=0.781
NODE_152_length_17348_cov_55.051797_10 -            880 1093223at2           -            361   1.1e-11   43.7   0.1   2   3     0.026        25    3.0   0.0   131   144   573   586   570   629 0.91 # 11202 # 13841 # 1 # ID=152_10;partial=00;start_type=GTG;rbs_motif=GGAG/GAGG;rbs_spacer=5-10bp;gc_cont=0.781
NODE_152_length_17348_cov_55.051797_10 -            880 1093223at2           -            361   1.1e-11   43.7   0.1   3   3    0.0044       4.2    5.6   0.0   209   238   695   728   671   732 0.86 # 11202 # 13841 # 1 # ID=152_10;partial=00;start_type=GTG;rbs_motif=GGAG/GAGG;rbs_spacer=5-10bp;gc_cont=0.781
NODE_95_length_32602_cov_60.926066_14  -            381 1093223at2           -            361   1.2e-10   40.3   0.0   1   1   1.3e-12   1.3e-09   36.9   0.0    73   270    89   339    75   344 0.74 # 12436 # 13578 # 1 # ID=95_14;partial=00;start_type=GTG;rbs_motif=GGxGG;rbs_spacer=3-4bp;gc_cont=0.744
NODE_6_length_148173_cov_63.837138_61  -            417 1093223at2           -            361   6.4e-08   31.3   0.4   1   3   1.8e-06    0.0018   16.7   0.5    71    96    48    76    36   191 0.76 # 75280 # 76530 # 1 # ID=6_61;partial=00;start_type=ATG;rbs_motif=GGA/GAG/AGG;rbs_spacer=11-12bp;gc_cont=0.732
NODE_6_length_148173_cov_63.837138_61  -            417 1093223at2           -            361   6.4e-08   31.3   0.4   2   3   9.6e-05     0.094   11.0   0.0   197   250   243   300   212   304 0.78 # 75280 # 76530 # 1 # ID=6_61;partial=00;start_type=ATG;rbs_motif=GGA/GAG/AGG;rbs_spacer=11-12bp;gc_cont=0.732
NODE_6_length_148173_cov_63.837138_61  -            417 1093223at2           -            361   6.4e-08   31.3   0.4   3   3      0.49   4.8e+02   -1.2   0.0   297   333   356   392   345   407 0.81 # 75280 # 76530 # 1 # ID=6_61;partial=00;start_type=ATG;rbs_motif=GGA/GAG/AGG;rbs_spacer=11-12bp;gc_cont=0.732
NODE_59_length_46976_cov_60.733762_45  -            473 1093223at2           -            361     2e-05   23.1   0.0   1   2   1.1e-06    0.0011   17.4   0.0    60    98    36    71    13    88 0.83 # 44341 # 45759 # 1 # ID=59_45;partial=00;start_type=GTG;rbs_motif=GGA/GAG/AGG;rbs_spacer=5-10bp;gc_cont=0.734
NODE_59_length_46976_cov_60.733762_45  -            473 1093223at2           -            361     2e-05   23.1   0.0   2   2     0.021        21    3.3   0.0   198   224   254   280   161   292 0.66 # 44341 # 45759 # 1 # ID=59_45;partial=00;start_type=GTG;rbs_motif=GGA/GAG/AGG;rbs_spacer=5-10bp;gc_cont=0.734
NODE_17_length_105294_cov_62.596803_98 -            272 1093223at2           -            361     0.041   12.2   0.2   1   2   0.00013      0.12   10.6   0.1    46    99     7    62     3    69 0.83 # 94237 # 95052 # 1 # ID=17_98;partial=00;start_type=ATG;rbs_motif=None;rbs_spacer=None;gc_cont=0.658
NODE_17_length_105294_cov_62.596803_98 -            272 1093223at2           -            361     0.041   12.2   0.2   2   2      0.64   6.3e+02   -1.6   0.0    75   100   177   202   173   205 0.84 # 94237 # 95052 # 1 # ID=17_98;partial=00;start_type=ATG;rbs_motif=None;rbs_spacer=None;gc_cont=0.658
#
# Program:         hmmsearch
# Version:         3.1b2 (February 2015)
# Pipeline mode:   SEARCH
# Query file:      /home/users/ntm1021/gen-711-final-project/15_assembly_output/busco_downloads/lineages/bacteria_odb10/hmms/1093223at2.hmm
# Target file:     /home/users/ntm1021/gen-711-final-project/15_assembly_output/busco-results/prodigal_output/predicted_genes/predicted.faa
# Option settings: hmmsearch --domtblout /home/users/ntm1021/gen-711-final-project/15_assembly_output/busco-results/run_bacteria_odb10/hmmer_output/1093223at2.out --cpu 1 /home/users/ntm1021/gen-711-final-project/15_assembly_output/busco_downloads/lineages/bacteria_odb10/hmms/1093223at2.hmm /home/users/ntm1021/gen-711-final-project/15_assembly_output/busco-results/prodigal_output/predicted_genes/predicted.faa 
# Current dir:     /home/users/ntm1021/gen-711-final-project/15_assembly_output
# Date:            Fri May  3 15:53:57 2024
# [ok]
