#                                                                                              --- full sequence --- -------------- this domain -------------   hmm coord   ali coord   env coord
# target name                          accession   tlen query name           accession   qlen   E-value  score  bias   #  of  c-Evalue  i-Evalue  score  bias  from    to  from    to  from    to  acc description of target
#                  ------------------- ---------- ----- -------------------- ---------- ----- --------- ------ ----- --- --- --------- --------- ------ ----- ----- ----- ----- ----- ----- ----- ---- ---------------------
NODE_45_length_59669_cov_62.053710_26  -            432 1395197at2           -            157   2.8e-29  101.1  19.2   1   4     2e-18   3.5e-15   55.3   1.4     3    58    10    74     8    79 0.86 # 23857 # 25152 # -1 # ID=45_26;partial=00;start_type=ATG;rbs_motif=AGGAG/GGAGG;rbs_spacer=11-12bp;gc_cont=0.694
NODE_45_length_59669_cov_62.053710_26  -            432 1395197at2           -            157   2.8e-29  101.1  19.2   2   4   4.8e-09   8.4e-06   24.8   0.2    57    88   116   147   113   165 0.87 # 23857 # 25152 # -1 # ID=45_26;partial=00;start_type=ATG;rbs_motif=AGGAG/GGAGG;rbs_spacer=11-12bp;gc_cont=0.694
NODE_45_length_59669_cov_62.053710_26  -            432 1395197at2           -            157   2.8e-29  101.1  19.2   3   4   8.2e-10   1.4e-06   27.3   2.6   106   142   340   376   315   385 0.85 # 23857 # 25152 # -1 # ID=45_26;partial=00;start_type=ATG;rbs_motif=AGGAG/GGAGG;rbs_spacer=11-12bp;gc_cont=0.694
NODE_45_length_59669_cov_62.053710_26  -            432 1395197at2           -            157   2.8e-29  101.1  19.2   4   4      0.21   3.7e+02    0.0   0.0    50   152   393   420   390   425 0.54 # 23857 # 25152 # -1 # ID=45_26;partial=00;start_type=ATG;rbs_motif=AGGAG/GGAGG;rbs_spacer=11-12bp;gc_cont=0.694
NODE_17_length_105294_cov_62.596803_14 -            398 1395197at2           -            157     1e-26   92.8  18.8   1   3   1.6e-21   2.9e-18   65.3   7.6     1    87     8   117     8   139 0.82 # 17613 # 18806 # 1 # ID=17_14;partial=00;start_type=ATG;rbs_motif=GGxGG;rbs_spacer=3-4bp;gc_cont=0.732
NODE_17_length_105294_cov_62.596803_14 -            398 1395197at2           -            157     1e-26   92.8  18.8   2   3   5.5e-10   9.7e-07   27.9   0.1   109   141   309   341   278   343 0.87 # 17613 # 18806 # 1 # ID=17_14;partial=00;start_type=ATG;rbs_motif=GGxGG;rbs_spacer=3-4bp;gc_cont=0.732
NODE_17_length_105294_cov_62.596803_14 -            398 1395197at2           -            157     1e-26   92.8  18.8   3   3         1   1.8e+03   -2.3   0.6   138   156   372   390   365   391 0.80 # 17613 # 18806 # 1 # ID=17_14;partial=00;start_type=ATG;rbs_motif=GGxGG;rbs_spacer=3-4bp;gc_cont=0.732
NODE_72_length_42617_cov_57.499553_12  -            410 1395197at2           -            157   1.2e-09   37.4   8.1   1   1   1.3e-11   2.2e-08   33.2   8.1     2   141    88   204    87   209 0.79 # 13413 # 14642 # 1 # ID=72_12;partial=00;start_type=GTG;rbs_motif=None;rbs_spacer=None;gc_cont=0.752
NODE_3_length_180888_cov_65.292917_41  -            264 1395197at2           -            157   1.4e-07   30.7   4.0   1   2   0.00096       1.7    7.6   0.2     3    25    52    74    50    79 0.83 # 33387 # 34178 # 1 # ID=3_41;partial=00;start_type=ATG;rbs_motif=GGAG/GAGG;rbs_spacer=5-10bp;gc_cont=0.701
NODE_3_length_180888_cov_65.292917_41  -            264 1395197at2           -            157   1.4e-07   30.7   4.0   2   2   1.1e-08     2e-05   23.6   0.4    65   136   130   193   110   198 0.79 # 33387 # 34178 # 1 # ID=3_41;partial=00;start_type=ATG;rbs_motif=GGAG/GAGG;rbs_spacer=5-10bp;gc_cont=0.701
NODE_92_length_33489_cov_63.071159_21  -            350 1395197at2           -            157     0.023   13.7   0.2   1   2       1.4   2.5e+03   -2.7   0.0    36    55    53    70    42    77 0.66 # 20664 # 21713 # 1 # ID=92_21;partial=00;start_type=ATG;rbs_motif=GGA/GAG/AGG;rbs_spacer=5-10bp;gc_cont=0.708
NODE_92_length_33489_cov_63.071159_21  -            350 1395197at2           -            157     0.023   13.7   0.2   2   2   3.1e-05     0.053   12.5   0.1    11    56   134   176   131   228 0.86 # 20664 # 21713 # 1 # ID=92_21;partial=00;start_type=ATG;rbs_motif=GGA/GAG/AGG;rbs_spacer=5-10bp;gc_cont=0.708
#
# Program:         hmmsearch
# Version:         3.1b2 (February 2015)
# Pipeline mode:   SEARCH
# Query file:      /home/users/ntm1021/gen-711-final-project/15_assembly_output/busco_downloads/lineages/bacteria_odb10/hmms/1395197at2.hmm
# Target file:     /home/users/ntm1021/gen-711-final-project/15_assembly_output/busco-results/prodigal_output/predicted_genes/predicted.faa
# Option settings: hmmsearch --domtblout /home/users/ntm1021/gen-711-final-project/15_assembly_output/busco-results/run_bacteria_odb10/hmmer_output/1395197at2.out --cpu 1 /home/users/ntm1021/gen-711-final-project/15_assembly_output/busco_downloads/lineages/bacteria_odb10/hmms/1395197at2.hmm /home/users/ntm1021/gen-711-final-project/15_assembly_output/busco-results/prodigal_output/predicted_genes/predicted.faa 
# Current dir:     /home/users/ntm1021/gen-711-final-project/15_assembly_output
# Date:            Fri May  3 15:53:59 2024
# [ok]
