#                                                                                              --- full sequence --- -------------- this domain -------------   hmm coord   ali coord   env coord
# target name                          accession   tlen query name           accession   qlen   E-value  score  bias   #  of  c-Evalue  i-Evalue  score  bias  from    to  from    to  from    to  acc description of target
#                  ------------------- ---------- ----- -------------------- ---------- ----- --------- ------ ----- --- --- --------- --------- ------ ----- ----- ----- ----- ----- ----- ----- ---- ---------------------
NODE_102_length_29670_cov_61.102021_7  -            618 143460at2            -            439  2.9e-157  522.8   4.1   1   2   3.5e-68   2.7e-65  219.7   0.5     1   139     9   172     9   176 0.91 # 5899 # 7752 # -1 # ID=102_7;partial=00;start_type=ATG;rbs_motif=GGA/GAG/AGG;rbs_spacer=5-10bp;gc_cont=0.701
NODE_102_length_29670_cov_61.102021_7  -            618 143460at2            -            439  2.9e-157  522.8   4.1   2   2     2e-89   1.6e-86  289.7   0.2   137   438   189   598   185   599 0.82 # 5899 # 7752 # -1 # ID=102_7;partial=00;start_type=ATG;rbs_motif=GGA/GAG/AGG;rbs_spacer=5-10bp;gc_cont=0.701
NODE_56_length_48730_cov_65.049791_35  -            704 143460at2            -            439   5.9e-36  123.1   4.2   1   4   4.1e-28   3.3e-25   87.6   0.2     1   130    12   162    12   192 0.81 # 41349 # 43460 # 1 # ID=56_35;partial=00;start_type=GTG;rbs_motif=GGAG/GAGG;rbs_spacer=5-10bp;gc_cont=0.670
NODE_56_length_48730_cov_65.049791_35  -            704 143460at2            -            439   5.9e-36  123.1   4.2   2   4     0.031        25    2.4   0.0   152   188   313   349   272   356 0.82 # 41349 # 43460 # 1 # ID=56_35;partial=00;start_type=GTG;rbs_motif=GGAG/GAGG;rbs_spacer=5-10bp;gc_cont=0.670
NODE_56_length_48730_cov_65.049791_35  -            704 143460at2            -            439   5.9e-36  123.1   4.2   3   4   3.2e-09   2.5e-06   25.4   0.3   179   304   365   499   356   511 0.63 # 41349 # 43460 # 1 # ID=56_35;partial=00;start_type=GTG;rbs_motif=GGAG/GAGG;rbs_spacer=5-10bp;gc_cont=0.670
NODE_56_length_48730_cov_65.049791_35  -            704 143460at2            -            439   5.9e-36  123.1   4.2   4   4    0.0028       2.2    5.8   0.0   291   348   613   679   608   685 0.75 # 41349 # 43460 # 1 # ID=56_35;partial=00;start_type=GTG;rbs_motif=GGAG/GAGG;rbs_spacer=5-10bp;gc_cont=0.670
NODE_308_length_446_cov_1.554859_1     -            134 143460at2            -            439     4e-34  117.0   0.0   1   1   5.9e-37   4.7e-34  116.8   0.0   338   438     7   115     2   116 0.86 # 45 # 446 # -1 # ID=308_1;partial=01;start_type=Edge;rbs_motif=None;rbs_spacer=None;gc_cont=0.679
NODE_64_length_45262_cov_58.598737_18  -            608 143460at2            -            439   7.3e-34  116.2   0.0   1   2   5.2e-36   4.1e-33  113.7   0.0     1   198    12   236    12   246 0.79 # 22397 # 24220 # 1 # ID=64_18;partial=00;start_type=GTG;rbs_motif=GGA/GAG/AGG;rbs_spacer=5-10bp;gc_cont=0.685
NODE_64_length_45262_cov_58.598737_18  -            608 143460at2            -            439   7.3e-34  116.2   0.0   2   2      0.19   1.5e+02   -0.2   0.0   268   305   347   385   329   468 0.85 # 22397 # 24220 # 1 # ID=64_18;partial=00;start_type=GTG;rbs_motif=GGA/GAG/AGG;rbs_spacer=5-10bp;gc_cont=0.685
NODE_77_length_40321_cov_59.510176_9   -            721 143460at2            -            439   2.5e-19   68.2   0.0   1   3   3.6e-16   2.9e-13   48.3   0.1     1   121    23   161    23   260 0.77 # 5109 # 7271 # -1 # ID=77_9;partial=00;start_type=ATG;rbs_motif=AGGAG;rbs_spacer=5-10bp;gc_cont=0.721
NODE_77_length_40321_cov_59.510176_9   -            721 143460at2            -            439   2.5e-19   68.2   0.0   2   3   7.2e-05     0.057   11.1   0.0   153   191   323   361   318   370 0.87 # 5109 # 7271 # -1 # ID=77_9;partial=00;start_type=ATG;rbs_motif=AGGAG;rbs_spacer=5-10bp;gc_cont=0.721
NODE_77_length_40321_cov_59.510176_9   -            721 143460at2            -            439   2.5e-19   68.2   0.0   3   3    0.0058       4.6    4.8   0.0   186   290   388   502   378   522 0.77 # 5109 # 7271 # -1 # ID=77_9;partial=00;start_type=ATG;rbs_motif=AGGAG;rbs_spacer=5-10bp;gc_cont=0.721
NODE_56_length_48730_cov_65.049791_36  -            398 143460at2            -            439   1.1e-18   66.1   0.9   1   1   9.2e-21   7.3e-18   63.4   0.9     3   205    14   262    12   266 0.65 # 43542 # 44735 # 1 # ID=56_36;partial=00;start_type=GTG;rbs_motif=AGGAG;rbs_spacer=5-10bp;gc_cont=0.658
NODE_19_length_96667_cov_64.459126_77  -            548 143460at2            -            439     1e-16   59.7   0.0   1   1   2.4e-19   1.9e-16   58.8   0.0     2   116    31   167    30   178 0.79 # 76302 # 77945 # -1 # ID=19_77;partial=00;start_type=ATG;rbs_motif=AGGA;rbs_spacer=5-10bp;gc_cont=0.701
NODE_216_length_6425_cov_54.233566_1   -            663 143460at2            -            439   1.3e-12   46.1   1.2   1   1   3.7e-15   2.9e-12   45.0   1.2     4   188   160   368   159   401 0.70 # 3 # 1991 # 1 # ID=216_1;partial=10;start_type=Edge;rbs_motif=None;rbs_spacer=None;gc_cont=0.694
NODE_9_length_125761_cov_62.655993_22  -            427 143460at2            -            439   3.5e-09   34.9   0.2   1   1   1.9e-10   1.5e-07   29.4   0.2    31   125    61   167     9   180 0.76 # 23463 # 24743 # 1 # ID=9_22;partial=00;start_type=ATG;rbs_motif=AGGAGG;rbs_spacer=5-10bp;gc_cont=0.673
NODE_222_length_6050_cov_52.537228_6   -            379 143460at2            -            439   0.00039   18.2   0.3   1   1   1.8e-06    0.0014   16.4   0.3     1    93     1    94     1   116 0.78 # 4913 # 6049 # 1 # ID=222_6;partial=01;start_type=ATG;rbs_motif=GGA/GAG/AGG;rbs_spacer=5-10bp;gc_cont=0.782
NODE_18_length_100094_cov_61.368422_63 -            316 143460at2            -            439     0.049   11.3   0.1   1   2   0.00018      0.15    9.7   0.0   349   424    41   118    26   124 0.71 # 59702 # 60649 # -1 # ID=18_63;partial=00;start_type=ATG;rbs_motif=GGA/GAG/AGG;rbs_spacer=5-10bp;gc_cont=0.699
NODE_18_length_100094_cov_61.368422_63 -            316 143460at2            -            439     0.049   11.3   0.1   2   2      0.44   3.5e+02   -1.4   0.1   184   205   203   224   200   238 0.82 # 59702 # 60649 # -1 # ID=18_63;partial=00;start_type=ATG;rbs_motif=GGA/GAG/AGG;rbs_spacer=5-10bp;gc_cont=0.699
#
# Program:         hmmsearch
# Version:         3.1b2 (February 2015)
# Pipeline mode:   SEARCH
# Query file:      /home/users/ntm1021/gen-711-final-project/15_assembly_output/busco_downloads/lineages/bacteria_odb10/hmms/143460at2.hmm
# Target file:     /home/users/ntm1021/gen-711-final-project/15_assembly_output/busco-results/prodigal_output/predicted_genes/predicted.faa
# Option settings: hmmsearch --domtblout /home/users/ntm1021/gen-711-final-project/15_assembly_output/busco-results/run_bacteria_odb10/hmmer_output/143460at2.out --cpu 1 /home/users/ntm1021/gen-711-final-project/15_assembly_output/busco_downloads/lineages/bacteria_odb10/hmms/143460at2.hmm /home/users/ntm1021/gen-711-final-project/15_assembly_output/busco-results/prodigal_output/predicted_genes/predicted.faa 
# Current dir:     /home/users/ntm1021/gen-711-final-project/15_assembly_output
# Date:            Fri May  3 15:54:00 2024
# [ok]
