#                                                                                              --- full sequence --- -------------- this domain -------------   hmm coord   ali coord   env coord
# target name                          accession   tlen query name           accession   qlen   E-value  score  bias   #  of  c-Evalue  i-Evalue  score  bias  from    to  from    to  from    to  acc description of target
#                  ------------------- ---------- ----- -------------------- ---------- ----- --------- ------ ----- --- --- --------- --------- ------ ----- ----- ----- ----- ----- ----- ----- ---- ---------------------
NODE_70_length_42981_cov_60.370981_7   -            234 1502854at2           -            192   3.3e-80  267.2   0.0   1   1   3.8e-82   3.7e-80  267.0   0.0     5   185    53   232    49   233 0.98 # 5633 # 6334 # -1 # ID=70_7;partial=00;start_type=ATG;rbs_motif=None;rbs_spacer=None;gc_cont=0.742
NODE_140_length_19482_cov_61.823715_1  -            179 1502854at2           -            192   2.6e-13   49.0   0.0   1   1   3.8e-15   3.7e-13   48.4   0.0    10   186     2   175     1   177 0.85 # 715 # 1251 # -1 # ID=140_1;partial=00;start_type=GTG;rbs_motif=GGA/GAG/AGG;rbs_spacer=5-10bp;gc_cont=0.700
NODE_143_length_19404_cov_54.090211_2  -            666 1502854at2           -            192   7.2e-07   27.9   0.4   1   2   0.00045     0.044   12.3   0.1     4    29   269   294   267   302 0.85 # 662 # 2659 # 1 # ID=143_2;partial=00;start_type=ATG;rbs_motif=GGAG/GAGG;rbs_spacer=5-10bp;gc_cont=0.808
NODE_143_length_19404_cov_54.090211_2  -            666 1502854at2           -            192   7.2e-07   27.9   0.4   2   2    0.0002     0.019   13.5   0.0     6    27   475   496   471   503 0.88 # 662 # 2659 # 1 # ID=143_2;partial=00;start_type=ATG;rbs_motif=GGAG/GAGG;rbs_spacer=5-10bp;gc_cont=0.808
NODE_29_length_79021_cov_60.754683_14  -            849 1502854at2           -            192   9.6e-06   24.3   0.1   1   2   0.00031     0.031   12.8   0.0     6    27   322   343   318   351 0.86 # 13955 # 16501 # -1 # ID=29_14;partial=00;start_type=ATG;rbs_motif=None;rbs_spacer=None;gc_cont=0.743
NODE_29_length_79021_cov_60.754683_14  -            849 1502854at2           -            192   9.6e-06   24.3   0.1   2   2    0.0084      0.83    8.1   0.0     7    26   613   632   608   640 0.87 # 13955 # 16501 # -1 # ID=29_14;partial=00;start_type=ATG;rbs_motif=None;rbs_spacer=None;gc_cont=0.743
NODE_40_length_65993_cov_64.419822_4   -            181 1502854at2           -            192   0.00022   19.8   0.3   1   2    0.0037      0.36    9.3   0.0     5    27     4    26     1    36 0.86 # 2511 # 3053 # -1 # ID=40_4;partial=00;start_type=ATG;rbs_motif=GGA/GAG/AGG;rbs_spacer=5-10bp;gc_cont=0.737
NODE_40_length_65993_cov_64.419822_4   -            181 1502854at2           -            192   0.00022   19.8   0.3   2   2     0.006      0.59    8.6   0.1   120   169   117   161   104   168 0.77 # 2511 # 3053 # -1 # ID=40_4;partial=00;start_type=ATG;rbs_motif=GGA/GAG/AGG;rbs_spacer=5-10bp;gc_cont=0.737
NODE_50_length_54447_cov_57.719919_25  -            458 1502854at2           -            192   0.00033   19.2   0.0   1   2      0.14        14    4.1   0.0     8    32    21    45    15    57 0.78 # 22874 # 24247 # 1 # ID=50_25;partial=00;start_type=ATG;rbs_motif=GGA/GAG/AGG;rbs_spacer=5-10bp;gc_cont=0.730
NODE_50_length_54447_cov_57.719919_25  -            458 1502854at2           -            192   0.00033   19.2   0.0   2   2   0.00037     0.036   12.6   0.0    10    90   198   280   191   341 0.76 # 22874 # 24247 # 1 # ID=50_25;partial=00;start_type=ATG;rbs_motif=GGA/GAG/AGG;rbs_spacer=5-10bp;gc_cont=0.730
NODE_254_length_2942_cov_51.805329_2   -            752 1502854at2           -            192   0.00042   18.9   0.1   1   2    0.0078      0.77    8.2   0.0     5    30    25    50    23    74 0.78 # 187 # 2442 # -1 # ID=254_2;partial=00;start_type=ATG;rbs_motif=AGGA;rbs_spacer=5-10bp;gc_cont=0.701
NODE_254_length_2942_cov_51.805329_2   -            752 1502854at2           -            192   0.00042   18.9   0.1   2   2    0.0095      0.94    8.0   0.1     6    27   478   499   475   513 0.82 # 187 # 2442 # -1 # ID=254_2;partial=00;start_type=ATG;rbs_motif=AGGA;rbs_spacer=5-10bp;gc_cont=0.701
NODE_120_length_23713_cov_60.336344_20 -            260 1502854at2           -            192   0.00045   18.8   0.2   1   2   0.00036     0.035   12.6   0.1     5    27    51    73    49    79 0.86 # 19107 # 19886 # -1 # ID=120_20;partial=00;start_type=GTG;rbs_motif=AGGAG;rbs_spacer=5-10bp;gc_cont=0.737
NODE_120_length_23713_cov_60.336344_20 -            260 1502854at2           -            192   0.00045   18.8   0.2   2   2      0.15        15    4.0   0.0    92   157   118   175   111   190 0.80 # 19107 # 19886 # -1 # ID=120_20;partial=00;start_type=GTG;rbs_motif=AGGAG;rbs_spacer=5-10bp;gc_cont=0.737
NODE_14_length_109822_cov_58.380127_85 -            946 1502854at2           -            192    0.0009   17.8   0.1   1   2     0.061         6    5.3   0.0     5    23    24    42    22    64 0.83 # 89008 # 91845 # -1 # ID=14_85;partial=00;start_type=GTG;rbs_motif=GGA/GAG/AGG;rbs_spacer=5-10bp;gc_cont=0.693
NODE_14_length_109822_cov_58.380127_85 -            946 1502854at2           -            192    0.0009   17.8   0.1   2   2    0.0028      0.28    9.7   0.0     9    48   641   682   637   687 0.69 # 89008 # 91845 # -1 # ID=14_85;partial=00;start_type=GTG;rbs_motif=GGA/GAG/AGG;rbs_spacer=5-10bp;gc_cont=0.693
NODE_73_length_42184_cov_55.865730_24  -            201 1502854at2           -            192   0.00096   17.7   0.1   1   2    0.0012      0.12   10.9   0.0     6    32     7    33     2    38 0.84 # 23049 # 23651 # -1 # ID=73_24;partial=00;start_type=ATG;rbs_motif=GGA/GAG/AGG;rbs_spacer=5-10bp;gc_cont=0.750
NODE_73_length_42184_cov_55.865730_24  -            201 1502854at2           -            192   0.00096   17.7   0.1   2   2      0.11        10    4.5   0.0   118   144   107   133    89   149 0.82 # 23049 # 23651 # -1 # ID=73_24;partial=00;start_type=ATG;rbs_motif=GGA/GAG/AGG;rbs_spacer=5-10bp;gc_cont=0.750
NODE_22_length_92654_cov_62.008560_52  -            331 1502854at2           -            192   0.00099   17.7   0.1   1   1   1.7e-05    0.0017   17.0   0.1     6    42   197   234   193   239 0.77 # 51195 # 52187 # 1 # ID=22_52;partial=00;start_type=GTG;rbs_motif=GGAG/GAGG;rbs_spacer=5-10bp;gc_cont=0.772
NODE_2_length_182237_cov_60.878771_56  -            506 1502854at2           -            192    0.0011   17.5   1.5   1   2     0.002       0.2   10.2   0.1     5    40    29    62    26    65 0.77 # 45130 # 46647 # 1 # ID=2_56;partial=00;start_type=GTG;rbs_motif=GGAGG;rbs_spacer=5-10bp;gc_cont=0.776
NODE_2_length_182237_cov_60.878771_56  -            506 1502854at2           -            192    0.0011   17.5   1.5   2   2     0.035       3.4    6.1   0.1     7    27   293   313   289   321 0.82 # 45130 # 46647 # 1 # ID=2_56;partial=00;start_type=GTG;rbs_motif=GGAGG;rbs_spacer=5-10bp;gc_cont=0.776
NODE_31_length_78424_cov_60.740067_9   -            269 1502854at2           -            192    0.0014   17.2   0.0   1   1   3.1e-05     0.003   16.1   0.0     4    28    51    75    49    84 0.88 # 8158 # 8964 # 1 # ID=31_9;partial=00;start_type=ATG;rbs_motif=None;rbs_spacer=None;gc_cont=0.668
NODE_68_length_43980_cov_58.455339_15  -             88 1502854at2           -            192    0.0019   16.8   0.1   1   1   2.4e-05    0.0023   16.5   0.1     5    40    46    82    43    86 0.83 # 12623 # 12886 # 1 # ID=68_15;partial=00;start_type=ATG;rbs_motif=GGA/GAG/AGG;rbs_spacer=3-4bp;gc_cont=0.705
NODE_124_length_22366_cov_58.722290_17 -            239 1502854at2           -            192     0.002   16.7   0.1   1   1   3.4e-05    0.0033   16.0   0.1     4    27    29    52    27    58 0.90 # 15766 # 16482 # -1 # ID=124_17;partial=00;start_type=ATG;rbs_motif=GGAG/GAGG;rbs_spacer=5-10bp;gc_cont=0.777
NODE_1_length_277192_cov_63.518373_74  -            253 1502854at2           -            192    0.0022   16.5   0.1   1   1   4.5e-05    0.0045   15.5   0.1     4    27    39    62    37    72 0.86 # 75511 # 76269 # -1 # ID=1_74;partial=00;start_type=ATG;rbs_motif=GGA/GAG/AGG;rbs_spacer=5-10bp;gc_cont=0.722
NODE_206_length_7369_cov_58.077051_9   -            362 1502854at2           -            192    0.0027   16.3   0.0   1   1   4.4e-05    0.0043   15.6   0.0     4    26    28    50    25    57 0.87 # 6282 # 7367 # 1 # ID=206_9;partial=01;start_type=ATG;rbs_motif=GGA/GAG/AGG;rbs_spacer=5-10bp;gc_cont=0.745
NODE_74_length_40820_cov_66.584474_5   -            239 1502854at2           -            192    0.0033   16.0   0.0   1   1   5.3e-05    0.0052   15.3   0.0     5    31    37    63    34    72 0.84 # 4671 # 5387 # 1 # ID=74_5;partial=00;start_type=ATG;rbs_motif=None;rbs_spacer=None;gc_cont=0.667
NODE_91_length_33500_cov_59.116621_28  -            757 1502854at2           -            192    0.0033   16.0   0.6   1   2     0.011       1.1    7.8   0.0     5    26    34    55    32    69 0.82 # 25950 # 28220 # 1 # ID=91_28;partial=00;start_type=GTG;rbs_motif=GGA/GAG/AGG;rbs_spacer=5-10bp;gc_cont=0.661
NODE_91_length_33500_cov_59.116621_28  -            757 1502854at2           -            192    0.0033   16.0   0.6   2   2      0.04       3.9    6.0   0.2     6    32   483   509   481   524 0.84 # 25950 # 28220 # 1 # ID=91_28;partial=00;start_type=GTG;rbs_motif=GGA/GAG/AGG;rbs_spacer=5-10bp;gc_cont=0.661
NODE_264_length_2280_cov_122.039480_1  -            759 1502854at2           -            192    0.0033   16.0   1.9   1   2      0.29        28    3.1   0.1    10    29   212   231   204   237 0.85 # 3 # 2279 # 1 # ID=264_1;partial=11;start_type=Edge;rbs_motif=None;rbs_spacer=None;gc_cont=0.646
NODE_264_length_2280_cov_122.039480_1  -            759 1502854at2           -            192    0.0033   16.0   1.9   2   2    0.0011      0.11   11.1   0.0     5    28   544   567   540   575 0.87 # 3 # 2279 # 1 # ID=264_1;partial=11;start_type=Edge;rbs_motif=None;rbs_spacer=None;gc_cont=0.646
NODE_166_length_13774_cov_58.616619_7  -            231 1502854at2           -            192    0.0034   15.9   0.1   1   1   6.7e-05    0.0066   15.0   0.1     4    26    26    48    24    59 0.88 # 4106 # 4798 # -1 # ID=166_7;partial=00;start_type=GTG;rbs_motif=GGA/GAG/AGG;rbs_spacer=5-10bp;gc_cont=0.750
NODE_21_length_94192_cov_58.135077_73  -            635 1502854at2           -            192    0.0035   15.9   0.4   1   1    0.0001    0.0098   14.4   0.1     4    28   411   435   409   454 0.80 # 73172 # 75076 # 1 # ID=21_73;partial=00;start_type=GTG;rbs_motif=GGAGG;rbs_spacer=5-10bp;gc_cont=0.715
NODE_131_length_21198_cov_62.181909_19 -            414 1502854at2           -            192    0.0036   15.9   0.0   1   1   7.2e-05    0.0071   14.9   0.0     4    26    47    69    45    76 0.91 # 19956 # 21197 # -1 # ID=131_19;partial=01;start_type=Edge;rbs_motif=None;rbs_spacer=None;gc_cont=0.704
NODE_57_length_48068_cov_64.844288_37  -            763 1502854at2           -            192    0.0038   15.8   0.5   1   2    0.0061       0.6    8.6   0.0     5    26    29    50    26    62 0.82 # 34437 # 36725 # -1 # ID=57_37;partial=00;start_type=ATG;rbs_motif=GGA/GAG/AGG;rbs_spacer=5-10bp;gc_cont=0.731
NODE_57_length_48068_cov_64.844288_37  -            763 1502854at2           -            192    0.0038   15.8   0.5   2   2     0.074       7.3    5.1   0.1     6    45   482   523   479   527 0.75 # 34437 # 36725 # -1 # ID=57_37;partial=00;start_type=ATG;rbs_motif=GGA/GAG/AGG;rbs_spacer=5-10bp;gc_cont=0.731
NODE_28_length_79036_cov_58.549760_37  -            257 1502854at2           -            192    0.0038   15.8   0.0   1   1   8.9e-05    0.0088   14.6   0.0     5    26    28    49    25    61 0.87 # 29882 # 30652 # -1 # ID=28_37;partial=00;start_type=ATG;rbs_motif=GGA/GAG/AGG;rbs_spacer=5-10bp;gc_cont=0.716
NODE_1_length_277192_cov_63.518373_53  -            419 1502854at2           -            192    0.0051   15.3   0.0   1   1   0.00013     0.012   14.1   0.0     5    27    29    51    26    58 0.87 # 53237 # 54493 # 1 # ID=1_53;partial=00;start_type=ATG;rbs_motif=GGAG/GAGG;rbs_spacer=5-10bp;gc_cont=0.698
NODE_14_length_109822_cov_58.380127_82 -            364 1502854at2           -            192    0.0052   15.3   0.0   1   1    0.0001      0.01   14.4   0.0     5    27    73    95    70   105 0.89 # 84516 # 85607 # -1 # ID=14_82;partial=00;start_type=ATG;rbs_motif=GGA/GAG/AGG;rbs_spacer=5-10bp;gc_cont=0.735
NODE_108_length_26882_cov_59.844366_10 -            300 1502854at2           -            192    0.0054   15.3   0.1   1   1   9.8e-05    0.0096   14.5   0.1     5    29    27    51    25    69 0.82 # 10501 # 11400 # -1 # ID=108_10;partial=00;start_type=TTG;rbs_motif=AGGA/GGAG/GAGG;rbs_spacer=11-12bp;gc_cont=0.709
NODE_67_length_44483_cov_59.932072_39  -            217 1502854at2           -            192    0.0058   15.2   0.2   1   3    0.0094      0.93    8.0   0.0     9    29     3    23     1    31 0.84 # 36971 # 37621 # -1 # ID=67_39;partial=00;start_type=GTG;rbs_motif=None;rbs_spacer=None;gc_cont=0.670
NODE_67_length_44483_cov_59.932072_39  -            217 1502854at2           -            192    0.0058   15.2   0.2   2   3      0.85        84    1.6   0.0   125   142   113   130    92   137 0.75 # 36971 # 37621 # -1 # ID=67_39;partial=00;start_type=GTG;rbs_motif=None;rbs_spacer=None;gc_cont=0.670
NODE_67_length_44483_cov_59.932072_39  -            217 1502854at2           -            192    0.0058   15.2   0.2   3   3      0.64        63    2.0   0.0   136   159   156   179   150   205 0.84 # 36971 # 37621 # -1 # ID=67_39;partial=00;start_type=GTG;rbs_motif=None;rbs_spacer=None;gc_cont=0.670
NODE_23_length_91824_cov_63.272637_53  -            227 1502854at2           -            192    0.0062   15.1   0.2   1   1   0.00015     0.015   13.8   0.2     6    26    30    50    27    54 0.89 # 56355 # 57035 # -1 # ID=23_53;partial=00;start_type=ATG;rbs_motif=AGGAG;rbs_spacer=5-10bp;gc_cont=0.759
NODE_24_length_89965_cov_63.569392_88  -            551 1502854at2           -            192    0.0074   14.8   0.7   1   2      0.27        26    3.2   0.0    11    29    37    55    31    67 0.81 # 80350 # 82002 # 1 # ID=24_88;partial=00;start_type=TTG;rbs_motif=GGA/GAG/AGG;rbs_spacer=5-10bp;gc_cont=0.744
NODE_24_length_89965_cov_63.569392_88  -            551 1502854at2           -            192    0.0074   14.8   0.7   2   2    0.0066      0.65    8.5   0.0     9    27   378   396   372   408 0.83 # 80350 # 82002 # 1 # ID=24_88;partial=00;start_type=TTG;rbs_motif=GGA/GAG/AGG;rbs_spacer=5-10bp;gc_cont=0.744
NODE_77_length_40321_cov_59.510176_9   -            721 1502854at2           -            192    0.0075   14.8   0.0   1   1   0.00016     0.015   13.8   0.0     8    29    25    46    19    52 0.84 # 5109 # 7271 # -1 # ID=77_9;partial=00;start_type=ATG;rbs_motif=AGGAG;rbs_spacer=5-10bp;gc_cont=0.721
NODE_2_length_182237_cov_60.878771_49  -            404 1502854at2           -            192    0.0083   14.7   0.1   1   1   0.00029     0.028   12.9   0.1     6    27    45    66    42    79 0.84 # 37254 # 38465 # -1 # ID=2_49;partial=00;start_type=GTG;rbs_motif=GGxGG;rbs_spacer=3-4bp;gc_cont=0.727
NODE_100_length_30479_cov_56.165426_16 -            275 1502854at2           -            192    0.0084   14.6   0.1   1   1   0.00015     0.015   13.9   0.1     4    26    40    62    38    68 0.90 # 15971 # 16795 # 1 # ID=100_16;partial=00;start_type=GTG;rbs_motif=None;rbs_spacer=None;gc_cont=0.728
NODE_97_length_32061_cov_60.614674_16  -            378 1502854at2           -            192    0.0085   14.6   0.0   1   1   0.00018     0.017   13.6   0.0     5   107    41   138    39   148 0.73 # 12039 # 13172 # 1 # ID=97_16;partial=00;start_type=ATG;rbs_motif=GGAG/GAGG;rbs_spacer=5-10bp;gc_cont=0.724
NODE_22_length_92654_cov_62.008560_7   -            264 1502854at2           -            192    0.0086   14.6   0.0   1   1   0.00017     0.017   13.7   0.0     4    27    38    61    36    72 0.86 # 6585 # 7376 # -1 # ID=22_7;partial=00;start_type=ATG;rbs_motif=GGAGG;rbs_spacer=5-10bp;gc_cont=0.686
NODE_72_length_42617_cov_57.499553_8   -            265 1502854at2           -            192    0.0087   14.6   0.1   1   1   0.00025     0.025   13.1   0.0     5    26    50    71    48    78 0.88 # 9247 # 10041 # -1 # ID=72_8;partial=00;start_type=GTG;rbs_motif=GGAG/GAGG;rbs_spacer=5-10bp;gc_cont=0.711
NODE_124_length_22366_cov_58.722290_6  -            232 1502854at2           -            192      0.01   14.4   0.1   1   1   0.00017     0.017   13.6   0.1     5    27    26    48    23    59 0.88 # 4813 # 5508 # 1 # ID=124_6;partial=00;start_type=ATG;rbs_motif=AGGAG;rbs_spacer=5-10bp;gc_cont=0.730
NODE_214_length_6564_cov_43.928693_2   -            358 1502854at2           -            192     0.011   14.3   0.1   1   1   0.00023     0.023   13.2   0.1     9    29   196   216   193   232 0.89 # 512 # 1585 # 1 # ID=214_2;partial=00;start_type=TTG;rbs_motif=GGA/GAG/AGG;rbs_spacer=11-12bp;gc_cont=0.757
NODE_60_length_46880_cov_57.453768_11  -            193 1502854at2           -            192     0.011   14.3   0.1   1   2    0.0034      0.34    9.4   0.0     9    29     6    26     2    34 0.88 # 12289 # 12867 # -1 # ID=60_11;partial=00;start_type=ATG;rbs_motif=None;rbs_spacer=None;gc_cont=0.774
NODE_60_length_46880_cov_57.453768_11  -            193 1502854at2           -            192     0.011   14.3   0.1   2   2      0.43        42    2.6   0.0   120   142   118   139   109   159 0.74 # 12289 # 12867 # -1 # ID=60_11;partial=00;start_type=ATG;rbs_motif=None;rbs_spacer=None;gc_cont=0.774
NODE_7_length_126049_cov_57.128016_97  -            836 1502854at2           -            192     0.012   14.2   0.1   1   2     0.058       5.7    5.4   0.0     7    25    46    64    43    84 0.77 # 116786 # 119293 # 1 # ID=7_97;partial=00;start_type=GTG;rbs_motif=AGGAG;rbs_spacer=5-10bp;gc_cont=0.725
NODE_7_length_126049_cov_57.128016_97  -            836 1502854at2           -            192     0.012   14.2   0.1   2   2     0.032       3.2    6.2   0.0     8    27   530   549   527   555 0.85 # 116786 # 119293 # 1 # ID=7_97;partial=00;start_type=GTG;rbs_motif=AGGAG;rbs_spacer=5-10bp;gc_cont=0.725
NODE_1_length_277192_cov_63.518373_89  -            613 1502854at2           -            192     0.013   14.1   0.0   1   1   0.00024     0.023   13.2   0.0     5    27   382   404   380   416 0.84 # 90545 # 92383 # -1 # ID=1_89;partial=00;start_type=ATG;rbs_motif=GGA/GAG/AGG;rbs_spacer=5-10bp;gc_cont=0.727
NODE_50_length_54447_cov_57.719919_5   -            290 1502854at2           -            192     0.014   14.0   0.0   1   1   0.00025     0.025   13.1   0.0     9    28    66    85    60    94 0.85 # 3760 # 4629 # -1 # ID=50_5;partial=00;start_type=ATG;rbs_motif=GGAG/GAGG;rbs_spacer=5-10bp;gc_cont=0.695
NODE_100_length_30479_cov_56.165426_12 -            279 1502854at2           -            192     0.014   13.9   0.1   1   1   0.00024     0.024   13.2   0.1     5    26    39    60    36    63 0.89 # 12338 # 13174 # 1 # ID=100_12;partial=00;start_type=ATG;rbs_motif=AGxAGG/AGGxGG;rbs_spacer=3-4bp;gc_cont=0.730
NODE_20_length_96238_cov_62.784884_46  -            361 1502854at2           -            192     0.016   13.8   0.0   1   1   0.00029     0.029   12.9   0.0     5    27    43    65    40    75 0.86 # 52953 # 54035 # -1 # ID=20_46;partial=00;start_type=ATG;rbs_motif=None;rbs_spacer=None;gc_cont=0.750
NODE_1_length_277192_cov_63.518373_176 -            313 1502854at2           -            192     0.016   13.7   0.2   1   2    0.0015      0.14   10.6   0.1     5    27    30    52    27    60 0.88 # 173403 # 174341 # -1 # ID=1_176;partial=00;start_type=ATG;rbs_motif=None;rbs_spacer=None;gc_cont=0.683
NODE_1_length_277192_cov_63.518373_176 -            313 1502854at2           -            192     0.016   13.7   0.2   2   2       2.1   2.1e+02    0.3   0.0    14    27   109   122   105   131 0.80 # 173403 # 174341 # -1 # ID=1_176;partial=00;start_type=ATG;rbs_motif=None;rbs_spacer=None;gc_cont=0.683
NODE_8_length_125804_cov_59.572993_71  -            249 1502854at2           -            192     0.017   13.6   0.2   1   1   0.00082     0.081   11.4   0.1     5    24    35    54    33    61 0.88 # 76487 # 77233 # -1 # ID=8_71;partial=00;start_type=ATG;rbs_motif=GGxGG;rbs_spacer=5-10bp;gc_cont=0.727
NODE_23_length_91824_cov_63.272637_61  -            626 1502854at2           -            192     0.018   13.6   0.0   1   1   0.00042     0.041   12.4   0.0     4    27   403   426   401   438 0.87 # 61967 # 63844 # -1 # ID=23_61;partial=00;start_type=ATG;rbs_motif=GGA/GAG/AGG;rbs_spacer=5-10bp;gc_cont=0.726
NODE_18_length_100094_cov_61.368422_35 -            242 1502854at2           -            192     0.018   13.6   0.0   1   1   0.00028     0.028   13.0   0.0     4    25    29    50    27    58 0.88 # 33818 # 34543 # -1 # ID=18_35;partial=00;start_type=GTG;rbs_motif=GGA/GAG/AGG;rbs_spacer=5-10bp;gc_cont=0.729
NODE_2_length_182237_cov_60.878771_98  -            226 1502854at2           -            192     0.018   13.5   0.1   1   1   0.00031     0.031   12.8   0.1     5    26    29    50    26    59 0.88 # 88381 # 89058 # 1 # ID=2_98;partial=00;start_type=ATG;rbs_motif=AGxAGG/AGGxGG;rbs_spacer=5-10bp;gc_cont=0.752
NODE_62_length_46584_cov_53.803862_11  -            421 1502854at2           -            192     0.019   13.5   0.0   1   1   0.00054     0.053   12.0   0.0     5    27    29    51    26    57 0.87 # 8462 # 9724 # 1 # ID=62_11;partial=00;start_type=ATG;rbs_motif=GGxGG;rbs_spacer=5-10bp;gc_cont=0.709
NODE_217_length_6371_cov_55.795964_3   -            205 1502854at2           -            192      0.02   13.4   0.0   1   1   0.00031     0.031   12.8   0.0     5    43    27    65    24    69 0.82 # 4852 # 5466 # 1 # ID=217_3;partial=00;start_type=ATG;rbs_motif=GGA/GAG/AGG;rbs_spacer=11-12bp;gc_cont=0.754
NODE_80_length_38643_cov_55.169670_8   -            504 1502854at2           -            192     0.022   13.3   0.1   1   2    0.0027      0.26    9.8   0.0     5    29    32    56    30    64 0.86 # 5588 # 7099 # 1 # ID=80_8;partial=00;start_type=ATG;rbs_motif=AGGA/GGAG/GAGG;rbs_spacer=11-12bp;gc_cont=0.747
NODE_80_length_38643_cov_55.169670_8   -            504 1502854at2           -            192     0.022   13.3   0.1   2   2       1.5   1.5e+02    0.8   0.0     5    29   279   303   276   324 0.82 # 5588 # 7099 # 1 # ID=80_8;partial=00;start_type=ATG;rbs_motif=AGGA/GGAG/GAGG;rbs_spacer=11-12bp;gc_cont=0.747
NODE_30_length_78718_cov_62.943645_67  -            240 1502854at2           -            192     0.022   13.3   0.0   1   2     0.057       5.6    5.4   0.0    10    27    34    51    27    65 0.85 # 60983 # 61702 # 1 # ID=30_67;partial=00;start_type=ATG;rbs_motif=GGA/GAG/AGG;rbs_spacer=5-10bp;gc_cont=0.669
NODE_30_length_78718_cov_62.943645_67  -            240 1502854at2           -            192     0.022   13.3   0.0   2   2     0.049       4.9    5.6   0.0   120   175   157   225   145   233 0.71 # 60983 # 61702 # 1 # ID=30_67;partial=00;start_type=ATG;rbs_motif=GGA/GAG/AGG;rbs_spacer=5-10bp;gc_cont=0.669
NODE_88_length_36671_cov_64.016528_13  -            244 1502854at2           -            192     0.024   13.2   0.1   1   1   0.00039     0.038   12.5   0.1     5    27    32    54    29    60 0.89 # 13255 # 13986 # 1 # ID=88_13;partial=00;start_type=ATG;rbs_motif=None;rbs_spacer=None;gc_cont=0.740
NODE_107_length_27251_cov_51.407573_10 -            251 1502854at2           -            192     0.024   13.2   0.0   1   1   0.00062     0.061   11.8   0.0     6    26    43    63    41    69 0.87 # 11225 # 11977 # -1 # ID=107_10;partial=00;start_type=ATG;rbs_motif=GGA/GAG/AGG;rbs_spacer=5-10bp;gc_cont=0.725
NODE_2_length_182237_cov_60.878771_137 -            555 1502854at2           -            192     0.028   12.9   3.0   1   2      0.21        21    3.6   0.0    11    27    36    52    31    63 0.87 # 131677 # 133341 # 1 # ID=2_137;partial=00;start_type=ATG;rbs_motif=GGA/GAG/AGG;rbs_spacer=3-4bp;gc_cont=0.673
NODE_2_length_182237_cov_60.878771_137 -            555 1502854at2           -            192     0.028   12.9   3.0   2   2    0.0069      0.68    8.4   0.0     8    29   349   370   345   378 0.83 # 131677 # 133341 # 1 # ID=2_137;partial=00;start_type=ATG;rbs_motif=GGA/GAG/AGG;rbs_spacer=3-4bp;gc_cont=0.673
NODE_2_length_182237_cov_60.878771_130 -            641 1502854at2           -            192     0.029   12.9   1.5   1   2   0.00064     0.063   11.8   0.4     4    30   134   160   131   174 0.79 # 121017 # 122939 # 1 # ID=2_130;partial=00;start_type=GTG;rbs_motif=GGA/GAG/AGG;rbs_spacer=5-10bp;gc_cont=0.753
NODE_2_length_182237_cov_60.878771_130 -            641 1502854at2           -            192     0.029   12.9   1.5   2   2       6.6   6.5e+02   -1.3   0.0    72    97   382   407   372   413 0.82 # 121017 # 122939 # 1 # ID=2_130;partial=00;start_type=GTG;rbs_motif=GGA/GAG/AGG;rbs_spacer=5-10bp;gc_cont=0.753
NODE_1_length_277192_cov_63.518373_113 -            545 1502854at2           -            192      0.03   12.8   0.1   1   2      0.68        67    1.9   0.1    11    27    43    59    36    72 0.83 # 111556 # 113190 # -1 # ID=1_113;partial=00;start_type=GTG;rbs_motif=GGAG/GAGG;rbs_spacer=5-10bp;gc_cont=0.754
NODE_1_length_277192_cov_63.518373_113 -            545 1502854at2           -            192      0.03   12.8   0.1   2   2    0.0089      0.88    8.1   0.0     9    27   377   395   372   403 0.85 # 111556 # 113190 # -1 # ID=1_113;partial=00;start_type=GTG;rbs_motif=GGAG/GAGG;rbs_spacer=5-10bp;gc_cont=0.754
NODE_43_length_60837_cov_57.845610_37  -            262 1502854at2           -            192      0.03   12.8   0.0   1   1   0.00061      0.06   11.9   0.0     6    26    52    72    50    79 0.86 # 47583 # 48368 # -1 # ID=43_37;partial=00;start_type=ATG;rbs_motif=GGA/GAG/AGG;rbs_spacer=5-10bp;gc_cont=0.758
NODE_85_length_37883_cov_58.904704_14  -            259 1502854at2           -            192     0.033   12.7   0.0   1   1   0.00052     0.051   12.1   0.0     5    28    27    50    24    60 0.86 # 19060 # 19836 # -1 # ID=85_14;partial=00;start_type=TTG;rbs_motif=GGA/GAG/AGG;rbs_spacer=5-10bp;gc_cont=0.761
NODE_25_length_88126_cov_59.419221_75  -            571 1502854at2           -            192     0.035   12.6   0.0   1   1   0.00095     0.093   11.2   0.0     8    28   359   379   355   388 0.84 # 78917 # 80629 # 1 # ID=25_75;partial=00;start_type=ATG;rbs_motif=None;rbs_spacer=None;gc_cont=0.755
NODE_10_length_120923_cov_61.740529_93 -            268 1502854at2           -            192      0.04   12.4   0.0   1   1   0.00094     0.093   11.2   0.0     6    27    32    53    29    59 0.89 # 97584 # 98387 # 1 # ID=10_93;partial=00;start_type=ATG;rbs_motif=AGGA;rbs_spacer=5-10bp;gc_cont=0.745
NODE_154_length_16778_cov_50.304786_16 -            197 1502854at2           -            192     0.041   12.4   0.0   1   1   0.00074     0.073   11.6   0.0     9    29    17    37    14    47 0.80 # 9692 # 10282 # -1 # ID=154_16;partial=00;start_type=ATG;rbs_motif=GGA/GAG/AGG;rbs_spacer=5-10bp;gc_cont=0.719
NODE_5_length_162855_cov_60.737070_108 -            372 1502854at2           -            192     0.041   12.4   0.1   1   1    0.0011       0.1   11.1   0.0     6    26    30    50    27    62 0.87 # 125761 # 126876 # 1 # ID=5_108;partial=00;start_type=ATG;rbs_motif=AGGAG/GGAGG;rbs_spacer=11-12bp;gc_cont=0.759
NODE_59_length_46976_cov_60.733762_21  -            425 1502854at2           -            192     0.043   12.3   0.3   1   2      0.03       2.9    6.4   0.0     9    28   114   133   110   145 0.81 # 21905 # 23179 # 1 # ID=59_21;partial=00;start_type=GTG;rbs_motif=AGGAG;rbs_spacer=5-10bp;gc_cont=0.657
NODE_59_length_46976_cov_60.733762_21  -            425 1502854at2           -            192     0.043   12.3   0.3   2   2       0.2        20    3.6   0.1   106   142   365   401   336   421 0.85 # 21905 # 23179 # 1 # ID=59_21;partial=00;start_type=GTG;rbs_motif=AGGAG;rbs_spacer=5-10bp;gc_cont=0.657
NODE_51_length_54065_cov_58.076829_8   -            275 1502854at2           -            192     0.044   12.3   0.0   1   1   0.00083     0.082   11.4   0.0     5    24    46    65    44    73 0.90 # 7201 # 8025 # 1 # ID=51_8;partial=00;start_type=GTG;rbs_motif=GGAGG;rbs_spacer=5-10bp;gc_cont=0.710
NODE_1_length_277192_cov_63.518373_88  -            572 1502854at2           -            192     0.048   12.2   0.3   1   1    0.0011      0.11   11.0   0.0     6    28   355   377   352   384 0.83 # 88833 # 90548 # -1 # ID=1_88;partial=00;start_type=ATG;rbs_motif=AGGAG;rbs_spacer=5-10bp;gc_cont=0.725
NODE_160_length_15741_cov_60.746381_4  -            867 1502854at2           -            192     0.051   12.1   2.2   1   2      0.46        46    2.5   0.0    10    28   203   221   195   228 0.85 # 2491 # 5091 # 1 # ID=160_4;partial=00;start_type=ATG;rbs_motif=GGAG/GAGG;rbs_spacer=5-10bp;gc_cont=0.725
NODE_160_length_15741_cov_60.746381_4  -            867 1502854at2           -            192     0.051   12.1   2.2   2   2     0.013       1.3    7.5   0.0     9    28   601   620   595   629 0.89 # 2491 # 5091 # 1 # ID=160_4;partial=00;start_type=ATG;rbs_motif=GGAG/GAGG;rbs_spacer=5-10bp;gc_cont=0.725
NODE_61_length_46818_cov_57.698764_20  -            306 1502854at2           -            192     0.055   12.0   0.1   1   2    0.0035      0.34    9.4   0.1    10    27    31    48    25    55 0.88 # 19242 # 20159 # -1 # ID=61_20;partial=00;start_type=ATG;rbs_motif=GGA/GAG/AGG;rbs_spacer=5-10bp;gc_cont=0.765
NODE_61_length_46818_cov_57.698764_20  -            306 1502854at2           -            192     0.055   12.0   0.1   2   2       4.5   4.4e+02   -0.8   0.0   104   124   166   187   164   238 0.67 # 19242 # 20159 # -1 # ID=61_20;partial=00;start_type=ATG;rbs_motif=GGA/GAG/AGG;rbs_spacer=5-10bp;gc_cont=0.765
NODE_135_length_20645_cov_56.563700_7  -           3037 1502854at2           -            192     0.062   11.8   0.0   1   2     0.077       7.6    5.0   0.0    66   107   201   242   198   245 0.92 # 11534 # 20644 # -1 # ID=135_7;partial=01;start_type=Edge;rbs_motif=None;rbs_spacer=None;gc_cont=0.762
NODE_135_length_20645_cov_56.563700_7  -           3037 1502854at2           -            192     0.062   11.8   0.0   2   2      0.14        14    4.2   0.0    66   104  1943  1981  1940  1986 0.92 # 11534 # 20644 # -1 # ID=135_7;partial=01;start_type=Edge;rbs_motif=None;rbs_spacer=None;gc_cont=0.762
NODE_106_length_27727_cov_65.644058_27 -            807 1502854at2           -            192     0.063   11.8   1.6   1   2     0.011       1.1    7.8   0.0     5    27    52    74    50    85 0.82 # 22930 # 25350 # -1 # ID=106_27;partial=00;start_type=ATG;rbs_motif=None;rbs_spacer=None;gc_cont=0.705
NODE_106_length_27727_cov_65.644058_27 -            807 1502854at2           -            192     0.063   11.8   1.6   2   2      0.43        42    2.6   0.4     6    24   527   545   525   558 0.88 # 22930 # 25350 # -1 # ID=106_27;partial=00;start_type=ATG;rbs_motif=None;rbs_spacer=None;gc_cont=0.705
NODE_151_length_17660_cov_63.588433_3  -            257 1502854at2           -            192     0.067   11.7   0.0   1   1    0.0011      0.11   11.0   0.0     8    31    30    53    25    72 0.81 # 1591 # 2361 # -1 # ID=151_3;partial=00;start_type=ATG;rbs_motif=AGxAGG/AGGxGG;rbs_spacer=3-4bp;gc_cont=0.752
NODE_1_length_277192_cov_63.518373_272 -            259 1502854at2           -            192     0.068   11.7   0.0   1   1    0.0015      0.15   10.6   0.0     6    30    30    54    25    58 0.83 # 271850 # 272626 # 1 # ID=1_272;partial=00;start_type=ATG;rbs_motif=AGGAG;rbs_spacer=5-10bp;gc_cont=0.677
NODE_33_length_74197_cov_63.246456_67  -            237 1502854at2           -            192      0.07   11.6   0.3   1   2     0.002      0.19   10.2   0.0     6    24    29    47    26    54 0.85 # 71417 # 72127 # 1 # ID=33_67;partial=00;start_type=ATG;rbs_motif=None;rbs_spacer=None;gc_cont=0.754
NODE_33_length_74197_cov_63.246456_67  -            237 1502854at2           -            192      0.07   11.6   0.3   2   2       8.7   8.6e+02   -1.7   0.1   132   155   127   150    94   159 0.63 # 71417 # 72127 # 1 # ID=33_67;partial=00;start_type=ATG;rbs_motif=None;rbs_spacer=None;gc_cont=0.754
NODE_107_length_27251_cov_51.407573_3  -            336 1502854at2           -            192     0.071   11.6   0.0   1   1    0.0012      0.12   10.9   0.0     5    30    44    69    41    78 0.83 # 1556 # 2563 # -1 # ID=107_3;partial=00;start_type=GTG;rbs_motif=AGGAG;rbs_spacer=5-10bp;gc_cont=0.731
NODE_164_length_14449_cov_63.786692_12 -            302 1502854at2           -            192     0.073   11.6   0.0   1   2    0.0038      0.37    9.3   0.0     4    27    27    50    25    63 0.87 # 9103 # 10008 # -1 # ID=164_12;partial=00;start_type=ATG;rbs_motif=None;rbs_spacer=None;gc_cont=0.716
NODE_164_length_14449_cov_63.786692_12 -            302 1502854at2           -            192     0.073   11.6   0.0   2   2       3.8   3.7e+02   -0.5   0.0   102   136    84   117    67   125 0.82 # 9103 # 10008 # -1 # ID=164_12;partial=00;start_type=ATG;rbs_motif=None;rbs_spacer=None;gc_cont=0.716
NODE_111_length_26452_cov_54.958025_19 -            244 1502854at2           -            192     0.074   11.6   0.1   1   1    0.0011      0.11   11.0   0.1     5    26    29    50    26    61 0.88 # 17629 # 18360 # 1 # ID=111_19;partial=00;start_type=ATG;rbs_motif=GGAGG;rbs_spacer=5-10bp;gc_cont=0.742
NODE_104_length_28830_cov_60.869735_25 -            536 1502854at2           -            192     0.077   11.5   0.3   1   2    0.0077      0.76    8.3   0.0     4    28   117   141   115   153 0.86 # 22968 # 24575 # -1 # ID=104_25;partial=00;start_type=ATG;rbs_motif=GGA/GAG/AGG;rbs_spacer=5-10bp;gc_cont=0.693
NODE_104_length_28830_cov_60.869735_25 -            536 1502854at2           -            192     0.077   11.5   0.3   2   2       1.9   1.9e+02    0.4   0.1    85   122   193   229   187   239 0.82 # 22968 # 24575 # -1 # ID=104_25;partial=00;start_type=ATG;rbs_motif=GGA/GAG/AGG;rbs_spacer=5-10bp;gc_cont=0.693
NODE_49_length_54615_cov_58.282521_40  -            247 1502854at2           -            192     0.079   11.5   0.1   1   1    0.0012      0.12   10.9   0.1     5    27    40    62    38    74 0.89 # 46210 # 46950 # 1 # ID=49_40;partial=00;start_type=ATG;rbs_motif=AGGAG;rbs_spacer=5-10bp;gc_cont=0.780
NODE_7_length_126049_cov_57.128016_33  -            511 1502854at2           -            192     0.092   11.3   0.7   1   2      0.14        14    4.1   0.1    10    26    47    63    42    69 0.87 # 32608 # 34140 # 1 # ID=7_33;partial=00;start_type=ATG;rbs_motif=AGGAG;rbs_spacer=5-10bp;gc_cont=0.731
NODE_7_length_126049_cov_57.128016_33  -            511 1502854at2           -            192     0.092   11.3   0.7   2   2     0.072         7    5.1   0.1     4    27   291   314   289   319 0.88 # 32608 # 34140 # 1 # ID=7_33;partial=00;start_type=ATG;rbs_motif=AGGAG;rbs_spacer=5-10bp;gc_cont=0.731
NODE_15_length_105784_cov_60.956302_14 -            337 1502854at2           -            192     0.092   11.3   0.0   1   1    0.0015      0.15   10.6   0.0     5    29    35    59    33    68 0.83 # 13289 # 14299 # -1 # ID=15_14;partial=00;start_type=ATG;rbs_motif=GGAG/GAGG;rbs_spacer=5-10bp;gc_cont=0.758
NODE_43_length_60837_cov_57.845610_29  -            504 1502854at2           -            192     0.099   11.2   0.8   1   2    0.0093      0.92    8.0   0.0     5    29    30    54    28    64 0.86 # 37654 # 39165 # 1 # ID=43_29;partial=00;start_type=GTG;rbs_motif=GGAGG;rbs_spacer=5-10bp;gc_cont=0.769
NODE_43_length_60837_cov_57.845610_29  -            504 1502854at2           -            192     0.099   11.2   0.8   2   2       1.4   1.4e+02    0.9   0.5     5    46   282   323   279   325 0.90 # 37654 # 39165 # 1 # ID=43_29;partial=00;start_type=GTG;rbs_motif=GGAGG;rbs_spacer=5-10bp;gc_cont=0.769
NODE_94_length_33179_cov_58.991559_17  -            402 1502854at2           -            192      0.11   11.1   0.4   1   1    0.0021       0.2   10.1   0.1     9    34    98   122    94   130 0.79 # 18194 # 19399 # 1 # ID=94_17;partial=00;start_type=ATG;rbs_motif=None;rbs_spacer=None;gc_cont=0.735
NODE_3_length_180888_cov_65.292917_15  -            169 1502854at2           -            192      0.12   10.9   0.1   1   1    0.0019      0.19   10.2   0.1     8    29     3    24     1    30 0.87 # 9366 # 9872 # 1 # ID=3_15;partial=00;start_type=GTG;rbs_motif=None;rbs_spacer=None;gc_cont=0.751
NODE_64_length_45262_cov_58.598737_2   -            671 1502854at2           -            192      0.13   10.8   0.8   1   2      0.16        16    4.0   0.2     6    36    28    59    25    67 0.76 # 1052 # 3064 # 1 # ID=64_2;partial=00;start_type=GTG;rbs_motif=GGAG/GAGG;rbs_spacer=5-10bp;gc_cont=0.778
NODE_64_length_45262_cov_58.598737_2   -            671 1502854at2           -            192      0.13   10.8   0.8   2   2     0.083       8.2    4.9   0.0     9    29   384   404   379   429 0.79 # 1052 # 3064 # 1 # ID=64_2;partial=00;start_type=GTG;rbs_motif=GGAG/GAGG;rbs_spacer=5-10bp;gc_cont=0.778
NODE_51_length_54065_cov_58.076829_19  -            209 1502854at2           -            192      0.15   10.6   3.5   1   2      0.77        76    1.7   0.2    11    29    12    30     9    37 0.84 # 21054 # 21680 # 1 # ID=51_19;partial=00;start_type=ATG;rbs_motif=None;rbs_spacer=None;gc_cont=0.745
NODE_51_length_54065_cov_58.076829_19  -            209 1502854at2           -            192      0.15   10.6   3.5   2   2    0.0029      0.28    9.7   0.4   113   184   128   196    89   204 0.67 # 21054 # 21680 # 1 # ID=51_19;partial=00;start_type=ATG;rbs_motif=None;rbs_spacer=None;gc_cont=0.745
NODE_16_length_105560_cov_65.833145_94 -            514 1502854at2           -            192      0.26    9.8   1.4   1   2      0.35        35    2.9   0.1    10    24    35    49    28    57 0.82 # 87583 # 89124 # 1 # ID=16_94;partial=00;start_type=ATG;rbs_motif=AGGAG;rbs_spacer=5-10bp;gc_cont=0.758
NODE_16_length_105560_cov_65.833145_94 -            514 1502854at2           -            192      0.26    9.8   1.4   2   2     0.047       4.6    5.7   0.1     5    26   292   313   289   318 0.87 # 87583 # 89124 # 1 # ID=16_94;partial=00;start_type=ATG;rbs_motif=AGGAG;rbs_spacer=5-10bp;gc_cont=0.758
NODE_138_length_19977_cov_56.091083_13 -            841 1502854at2           -            192      0.34    9.4   7.4   1   4         3   2.9e+02   -0.2   0.1   130   154    77   101    69   107 0.86 # 13066 # 15588 # 1 # ID=138_13;partial=00;start_type=ATG;rbs_motif=AGxAGG/AGGxGG;rbs_spacer=5-10bp;gc_cont=0.746
NODE_138_length_19977_cov_56.091083_13 -            841 1502854at2           -            192      0.34    9.4   7.4   2   4         1     1e+02    1.3   0.0    10    28   235   253   227   260 0.84 # 13066 # 15588 # 1 # ID=138_13;partial=00;start_type=ATG;rbs_motif=AGxAGG/AGGxGG;rbs_spacer=5-10bp;gc_cont=0.746
NODE_138_length_19977_cov_56.091083_13 -            841 1502854at2           -            192      0.34    9.4   7.4   3   4       5.8   5.7e+02   -1.1   1.2   127   154   442   470   422   484 0.66 # 13066 # 15588 # 1 # ID=138_13;partial=00;start_type=ATG;rbs_motif=AGxAGG/AGGxGG;rbs_spacer=5-10bp;gc_cont=0.746
NODE_138_length_19977_cov_56.091083_13 -            841 1502854at2           -            192      0.34    9.4   7.4   4   4     0.015       1.4    7.4   0.0     9    29   568   588   566   597 0.89 # 13066 # 15588 # 1 # ID=138_13;partial=00;start_type=ATG;rbs_motif=AGxAGG/AGGxGG;rbs_spacer=5-10bp;gc_cont=0.746
#
# Program:         hmmsearch
# Version:         3.1b2 (February 2015)
# Pipeline mode:   SEARCH
# Query file:      /home/users/ntm1021/gen-711-final-project/15_assembly_output/busco_downloads/lineages/bacteria_odb10/hmms/1502854at2.hmm
# Target file:     /home/users/ntm1021/gen-711-final-project/15_assembly_output/busco-results/prodigal_output/predicted_genes/predicted.faa
# Option settings: hmmsearch --domtblout /home/users/ntm1021/gen-711-final-project/15_assembly_output/busco-results/run_bacteria_odb10/hmmer_output/1502854at2.out --cpu 1 /home/users/ntm1021/gen-711-final-project/15_assembly_output/busco_downloads/lineages/bacteria_odb10/hmms/1502854at2.hmm /home/users/ntm1021/gen-711-final-project/15_assembly_output/busco-results/prodigal_output/predicted_genes/predicted.faa 
# Current dir:     /home/users/ntm1021/gen-711-final-project/15_assembly_output
# Date:            Fri May  3 15:54:01 2024
# [ok]
