#                                                                                              --- full sequence --- -------------- this domain -------------   hmm coord   ali coord   env coord
# target name                          accession   tlen query name           accession   qlen   E-value  score  bias   #  of  c-Evalue  i-Evalue  score  bias  from    to  from    to  from    to  acc description of target
#                  ------------------- ---------- ----- -------------------- ---------- ----- --------- ------ ----- --- --- --------- --------- ------ ----- ----- ----- ----- ----- ----- ----- ---- ---------------------
NODE_64_length_45262_cov_58.598737_9   -            488 1592033at2           -            393  2.3e-150  500.0   0.1   1   2      0.99   8.6e+02   -2.4   0.0   157   181    33    57    29    61 0.85 # 11612 # 13075 # 1 # ID=64_9;partial=00;start_type=ATG;rbs_motif=GGA/GAG/AGG;rbs_spacer=5-10bp;gc_cont=0.734
NODE_64_length_45262_cov_58.598737_9   -            488 1592033at2           -            393  2.3e-150  500.0   0.1   2   2  5.2e-153  4.6e-150  499.0   0.0     4   384    61   462    56   469 0.95 # 11612 # 13075 # 1 # ID=64_9;partial=00;start_type=ATG;rbs_motif=GGA/GAG/AGG;rbs_spacer=5-10bp;gc_cont=0.734
NODE_50_length_54447_cov_57.719919_25  -            458 1592033at2           -            393     4e-27   94.2   0.0   1   2   2.4e-15   2.1e-12   45.7   0.0   194   352    19   181    14   193 0.83 # 22874 # 24247 # 1 # ID=50_25;partial=00;start_type=ATG;rbs_motif=GGA/GAG/AGG;rbs_spacer=5-10bp;gc_cont=0.730
NODE_50_length_54447_cov_57.719919_25  -            458 1592033at2           -            393     4e-27   94.2   0.0   2   2   1.4e-15   1.2e-12   46.6   0.0   196   357   196   371   190   389 0.84 # 22874 # 24247 # 1 # ID=50_25;partial=00;start_type=ATG;rbs_motif=GGA/GAG/AGG;rbs_spacer=5-10bp;gc_cont=0.730
NODE_92_length_33489_cov_63.071159_25  -            466 1592033at2           -            393   2.5e-10   38.9   0.0   1   1   1.2e-12   1.1e-09   36.8   0.0   192   356   163   347   160   359 0.82 # 25956 # 27353 # -1 # ID=92_25;partial=00;start_type=GTG;rbs_motif=AGGAG;rbs_spacer=5-10bp;gc_cont=0.747
NODE_10_length_120923_cov_61.740529_46 -            367 1592033at2           -            393   4.3e-10   38.2   0.0   1   1   8.8e-13   7.7e-10   37.3   0.0   195   245     6    57     2    60 0.90 # 44783 # 45883 # 1 # ID=10_46;partial=00;start_type=TTG;rbs_motif=GGxGG;rbs_spacer=5-10bp;gc_cont=0.684
NODE_207_length_7331_cov_39.404081_3   -            312 1592033at2           -            393   8.9e-05   20.6   0.0   1   1     4e-07   0.00035   18.7   0.0   199   348    23   181    19   212 0.67 # 4676 # 5611 # 1 # ID=207_3;partial=00;start_type=GTG;rbs_motif=GGA/GAG/AGG;rbs_spacer=11-12bp;gc_cont=0.714
NODE_2_length_182237_cov_60.878771_131 -            576 1592033at2           -            393    0.0009   17.3   0.0   1   2   9.2e-05      0.08   10.9   0.0   179   216    70   107    37   112 0.77 # 122936 # 124663 # 1 # ID=2_131;partial=00;start_type=ATG;rbs_motif=GGAG/GAGG;rbs_spacer=5-10bp;gc_cont=0.752
NODE_2_length_182237_cov_60.878771_131 -            576 1592033at2           -            393    0.0009   17.3   0.0   2   2     0.016        14    3.5   0.0   272   359   191   292   187   325 0.72 # 122936 # 124663 # 1 # ID=2_131;partial=00;start_type=ATG;rbs_motif=GGAG/GAGG;rbs_spacer=5-10bp;gc_cont=0.752
NODE_9_length_125761_cov_62.655993_22  -            427 1592033at2           -            393    0.0019   16.2   0.1   1   2     0.042        37    2.1   0.0   189   225     4    41     1    53 0.82 # 23463 # 24743 # 1 # ID=9_22;partial=00;start_type=ATG;rbs_motif=AGGAGG;rbs_spacer=5-10bp;gc_cont=0.673
NODE_9_length_125761_cov_62.655993_22  -            427 1592033at2           -            393    0.0019   16.2   0.1   2   2   5.7e-05      0.05   11.6   0.1   228   322    74   161    56   180 0.82 # 23463 # 24743 # 1 # ID=9_22;partial=00;start_type=ATG;rbs_motif=AGGAGG;rbs_spacer=5-10bp;gc_cont=0.673
NODE_2_length_182237_cov_60.878771_130 -            641 1592033at2           -            393     0.015   13.3   0.0   1   1   3.2e-05     0.028   12.4   0.0   196   222   138   164   117   172 0.87 # 121017 # 122939 # 1 # ID=2_130;partial=00;start_type=GTG;rbs_motif=GGA/GAG/AGG;rbs_spacer=5-10bp;gc_cont=0.753
NODE_150_length_18528_cov_61.822238_7  -           1066 1592033at2           -            393     0.023   12.7   0.1   1   1   5.7e-05      0.05   11.6   0.1   140   234   134   232   129   235 0.79 # 8488 # 11685 # -1 # ID=150_7;partial=00;start_type=ATG;rbs_motif=GGA/GAG/AGG;rbs_spacer=5-10bp;gc_cont=0.716
NODE_221_length_6193_cov_53.967029_8   -            433 1592033at2           -            393     0.074   11.0   0.0   1   1   0.00016      0.14   10.1   0.0   195   222   212   238   202   246 0.81 # 4703 # 6001 # -1 # ID=221_8;partial=00;start_type=GTG;rbs_motif=AGGAGG;rbs_spacer=11-12bp;gc_cont=0.719
#
# Program:         hmmsearch
# Version:         3.1b2 (February 2015)
# Pipeline mode:   SEARCH
# Query file:      /home/users/ntm1021/gen-711-final-project/15_assembly_output/busco_downloads/lineages/bacteria_odb10/hmms/1592033at2.hmm
# Target file:     /home/users/ntm1021/gen-711-final-project/15_assembly_output/busco-results/prodigal_output/predicted_genes/predicted.faa
# Option settings: hmmsearch --domtblout /home/users/ntm1021/gen-711-final-project/15_assembly_output/busco-results/run_bacteria_odb10/hmmer_output/1592033at2.out --cpu 1 /home/users/ntm1021/gen-711-final-project/15_assembly_output/busco_downloads/lineages/bacteria_odb10/hmms/1592033at2.hmm /home/users/ntm1021/gen-711-final-project/15_assembly_output/busco-results/prodigal_output/predicted_genes/predicted.faa 
# Current dir:     /home/users/ntm1021/gen-711-final-project/15_assembly_output
# Date:            Fri May  3 15:54:04 2024
# [ok]
