#                                                                                             --- full sequence --- -------------- this domain -------------   hmm coord   ali coord   env coord
# target name                         accession   tlen query name           accession   qlen   E-value  score  bias   #  of  c-Evalue  i-Evalue  score  bias  from    to  from    to  from    to  acc description of target
#                 ------------------- ---------- ----- -------------------- ---------- ----- --------- ------ ----- --- --- --------- --------- ------ ----- ----- ----- ----- ----- ----- ----- ---- ---------------------
NODE_64_length_45262_cov_58.598737_18 -            608 182107at2            -            492  1.9e-219  728.0   0.0   1   1  2.8e-221  2.2e-218  724.5   0.0     1   491    12   597    12   598 0.89 # 22397 # 24220 # 1 # ID=64_18;partial=00;start_type=GTG;rbs_motif=GGA/GAG/AGG;rbs_spacer=5-10bp;gc_cont=0.685
NODE_102_length_29670_cov_61.102021_7 -            618 182107at2            -            492     3e-37  127.1   0.7   1   3   9.4e-33   7.5e-30  102.7   0.1     1   127     9   151     9   165 0.86 # 5899 # 7752 # -1 # ID=102_7;partial=00;start_type=ATG;rbs_motif=GGA/GAG/AGG;rbs_spacer=5-10bp;gc_cont=0.701
NODE_102_length_29670_cov_61.102021_7 -            618 182107at2            -            492     3e-37  127.1   0.7   2   3   1.7e-05     0.013   12.8   0.0   145   198   193   250   186   290 0.81 # 5899 # 7752 # -1 # ID=102_7;partial=00;start_type=ATG;rbs_motif=GGA/GAG/AGG;rbs_spacer=5-10bp;gc_cont=0.701
NODE_102_length_29670_cov_61.102021_7 -            618 182107at2            -            492     3e-37  127.1   0.7   3   3    0.0004      0.32    8.3   0.1   285   351   372   435   368   442 0.87 # 5899 # 7752 # -1 # ID=102_7;partial=00;start_type=ATG;rbs_motif=GGA/GAG/AGG;rbs_spacer=5-10bp;gc_cont=0.701
NODE_56_length_48730_cov_65.049791_35 -            704 182107at2            -            492   5.2e-37  126.3   0.3   1   4   3.8e-25   3.1e-22   77.6   0.1     1   130    12   163    12   187 0.83 # 41349 # 43460 # 1 # ID=56_35;partial=00;start_type=GTG;rbs_motif=GGAG/GAGG;rbs_spacer=5-10bp;gc_cont=0.670
NODE_56_length_48730_cov_65.049791_35 -            704 182107at2            -            492   5.2e-37  126.3   0.3   2   4      0.58   4.6e+02   -2.1   0.0   135   158   266   289   228   294 0.80 # 41349 # 43460 # 1 # ID=56_35;partial=00;start_type=GTG;rbs_motif=GGAG/GAGG;rbs_spacer=5-10bp;gc_cont=0.670
NODE_56_length_48730_cov_65.049791_35 -            704 182107at2            -            492   5.2e-37  126.3   0.3   3   4   4.1e-12   3.2e-09   34.6   0.0   138   314   294   491   273   509 0.73 # 41349 # 43460 # 1 # ID=56_35;partial=00;start_type=GTG;rbs_motif=GGAG/GAGG;rbs_spacer=5-10bp;gc_cont=0.670
NODE_56_length_48730_cov_65.049791_35 -            704 182107at2            -            492   5.2e-37  126.3   0.3   4   4    0.0026         2    5.6   0.0   321   356   609   644   593   655 0.88 # 41349 # 43460 # 1 # ID=56_35;partial=00;start_type=GTG;rbs_motif=GGAG/GAGG;rbs_spacer=5-10bp;gc_cont=0.670
NODE_216_length_6425_cov_54.233566_1  -            663 182107at2            -            492   8.7e-23   79.4   1.6   1   1   1.8e-25   1.5e-22   78.7   1.6     5   195   161   369   159   379 0.83 # 3 # 1991 # 1 # ID=216_1;partial=10;start_type=Edge;rbs_motif=None;rbs_spacer=None;gc_cont=0.694
NODE_19_length_96667_cov_64.459126_77 -            548 182107at2            -            492   1.6e-22   78.5   0.0   1   2   3.3e-24   2.6e-21   74.5   0.0     2   131    31   182    30   187 0.81 # 76302 # 77945 # -1 # ID=19_77;partial=00;start_type=ATG;rbs_motif=AGGA;rbs_spacer=5-10bp;gc_cont=0.701
NODE_19_length_96667_cov_64.459126_77 -            548 182107at2            -            492   1.6e-22   78.5   0.0   2   2       1.4   1.1e+03   -3.4   0.0   285   303   458   476   456   481 0.84 # 76302 # 77945 # -1 # ID=19_77;partial=00;start_type=ATG;rbs_motif=AGGA;rbs_spacer=5-10bp;gc_cont=0.701
NODE_56_length_48730_cov_65.049791_36 -            398 182107at2            -            492   3.1e-16   57.8   0.7   1   1   8.5e-19   6.8e-16   56.7   0.7     3   203    14   254    13   287 0.72 # 43542 # 44735 # 1 # ID=56_36;partial=00;start_type=GTG;rbs_motif=AGGAG;rbs_spacer=5-10bp;gc_cont=0.658
NODE_77_length_40321_cov_59.510176_9  -            721 182107at2            -            492   5.3e-14   50.4   0.0   1   4     9e-11   7.2e-08   30.2   0.0    27   129    65   169    23   175 0.82 # 5109 # 7271 # -1 # ID=77_9;partial=00;start_type=ATG;rbs_motif=AGGAG;rbs_spacer=5-10bp;gc_cont=0.721
NODE_77_length_40321_cov_59.510176_9  -            721 182107at2            -            492   5.3e-14   50.4   0.0   2   4   3.1e-05     0.024   12.0   0.0   156   203   320   367   316   397 0.87 # 5109 # 7271 # -1 # ID=77_9;partial=00;start_type=ATG;rbs_motif=AGGAG;rbs_spacer=5-10bp;gc_cont=0.721
NODE_77_length_40321_cov_59.510176_9  -            721 182107at2            -            492   5.3e-14   50.4   0.0   3   4      0.13   1.1e+02   -0.0   0.0   244   304   443   500   429   505 0.82 # 5109 # 7271 # -1 # ID=77_9;partial=00;start_type=ATG;rbs_motif=AGGAG;rbs_spacer=5-10bp;gc_cont=0.721
NODE_77_length_40321_cov_59.510176_9  -            721 182107at2            -            492   5.3e-14   50.4   0.0   4   4     0.038        31    1.7   0.0   319   351   624   656   616   664 0.86 # 5109 # 7271 # -1 # ID=77_9;partial=00;start_type=ATG;rbs_motif=AGGAG;rbs_spacer=5-10bp;gc_cont=0.721
NODE_9_length_125761_cov_62.655993_22 -            427 182107at2            -            492   1.5e-09   35.8   0.1   1   2      0.13     1e+02   -0.0   0.0     4    22    12    30     9    48 0.79 # 23463 # 24743 # 1 # ID=9_22;partial=00;start_type=ATG;rbs_motif=AGGAGG;rbs_spacer=5-10bp;gc_cont=0.673
NODE_9_length_125761_cov_62.655993_22 -            427 182107at2            -            492   1.5e-09   35.8   0.1   2   2   8.8e-12     7e-09   33.5   0.0    27   131    62   171    44   200 0.75 # 23463 # 24743 # 1 # ID=9_22;partial=00;start_type=ATG;rbs_motif=AGGAGG;rbs_spacer=5-10bp;gc_cont=0.673
NODE_50_length_54447_cov_57.719919_25 -            458 182107at2            -            492   1.6e-07   29.0   0.0   1   2   1.1e-05    0.0086   13.5   0.0    12   158    30   182    21   191 0.67 # 22874 # 24247 # 1 # ID=50_25;partial=00;start_type=ATG;rbs_motif=GGA/GAG/AGG;rbs_spacer=5-10bp;gc_cont=0.730
NODE_50_length_54447_cov_57.719919_25 -            458 182107at2            -            492   1.6e-07   29.0   0.0   2   2     1e-05    0.0083   13.5   0.0    67   156   272   365   261   384 0.81 # 22874 # 24247 # 1 # ID=50_25;partial=00;start_type=ATG;rbs_motif=GGA/GAG/AGG;rbs_spacer=5-10bp;gc_cont=0.730
NODE_222_length_6050_cov_52.537228_6  -            379 182107at2            -            492   6.3e-05   20.5   0.0   1   1   9.9e-08   7.9e-05   20.2   0.0     5   200     5   213     1   220 0.73 # 4913 # 6049 # 1 # ID=222_6;partial=01;start_type=ATG;rbs_motif=GGA/GAG/AGG;rbs_spacer=5-10bp;gc_cont=0.782
NODE_207_length_7331_cov_39.404081_3  -            312 182107at2            -            492     0.018   12.4   0.0   1   1   2.8e-05     0.022   12.1   0.0    95   157   122   185    22   190 0.82 # 4676 # 5611 # 1 # ID=207_3;partial=00;start_type=GTG;rbs_motif=GGA/GAG/AGG;rbs_spacer=11-12bp;gc_cont=0.714
#
# Program:         hmmsearch
# Version:         3.1b2 (February 2015)
# Pipeline mode:   SEARCH
# Query file:      /home/users/ntm1021/gen-711-final-project/15_assembly_output/busco_downloads/lineages/bacteria_odb10/hmms/182107at2.hmm
# Target file:     /home/users/ntm1021/gen-711-final-project/15_assembly_output/busco-results/prodigal_output/predicted_genes/predicted.faa
# Option settings: hmmsearch --domtblout /home/users/ntm1021/gen-711-final-project/15_assembly_output/busco-results/run_bacteria_odb10/hmmer_output/182107at2.out --cpu 1 /home/users/ntm1021/gen-711-final-project/15_assembly_output/busco_downloads/lineages/bacteria_odb10/hmms/182107at2.hmm /home/users/ntm1021/gen-711-final-project/15_assembly_output/busco-results/prodigal_output/predicted_genes/predicted.faa 
# Current dir:     /home/users/ntm1021/gen-711-final-project/15_assembly_output
# Date:            Fri May  3 15:54:07 2024
# [ok]
