#                                                                                               --- full sequence --- -------------- this domain -------------   hmm coord   ali coord   env coord
# target name                           accession   tlen query name           accession   qlen   E-value  score  bias   #  of  c-Evalue  i-Evalue  score  bias  from    to  from    to  from    to  acc description of target
#                   ------------------- ---------- ----- -------------------- ---------- ----- --------- ------ ----- --- --- --------- --------- ------ ----- ----- ----- ----- ----- ----- ----- ---- ---------------------
NODE_46_length_57610_cov_60.373171_11   -            186 1827334at2           -             97   5.1e-21   73.5   0.7   1   2   5.3e-20   1.5e-16   59.2   0.1     3    65     1    75     1    88 0.80 # 7980 # 8537 # -1 # ID=46_11;partial=00;start_type=GTG;rbs_motif=None;rbs_spacer=None;gc_cont=0.781
NODE_46_length_57610_cov_60.373171_11   -            186 1827334at2           -             97   5.1e-21   73.5   0.7   2   2   4.1e-05      0.12   11.4   0.1    71    84   110   139    96   154 0.70 # 7980 # 8537 # -1 # ID=46_11;partial=00;start_type=GTG;rbs_motif=None;rbs_spacer=None;gc_cont=0.781
NODE_36_length_69477_cov_64.592112_12   -            199 1827334at2           -             97   2.8e-06   26.3   1.3   1   2   1.7e-08   4.9e-05   22.3   0.2    34    65    16    47    14    60 0.88 # 12544 # 13140 # -1 # ID=36_12;partial=00;start_type=GTG;rbs_motif=GGA/GAG/AGG;rbs_spacer=5-10bp;gc_cont=0.762
NODE_36_length_69477_cov_64.592112_12   -            199 1827334at2           -             97   2.8e-06   26.3   1.3   2   2     0.019        55    2.9   0.1    73    83    80    90    54   104 0.84 # 12544 # 13140 # -1 # ID=36_12;partial=00;start_type=GTG;rbs_motif=GGA/GAG/AGG;rbs_spacer=5-10bp;gc_cont=0.762
NODE_155_length_16068_cov_131.887774_22 -            258 1827334at2           -             97     0.057   12.5   0.8   1   3    0.0063        18    4.4   0.0    71    83    30    42    26    57 0.78 # 14123 # 14896 # 1 # ID=155_22;partial=00;start_type=GTG;rbs_motif=None;rbs_spacer=None;gc_cont=0.717
NODE_155_length_16068_cov_131.887774_22 -            258 1827334at2           -             97     0.057   12.5   0.8   2   3       2.3   6.7e+03   -3.8   0.1    15    26   134   145   131   147 0.79 # 14123 # 14896 # 1 # ID=155_22;partial=00;start_type=GTG;rbs_motif=None;rbs_spacer=None;gc_cont=0.717
NODE_155_length_16068_cov_131.887774_22 -            258 1827334at2           -             97     0.057   12.5   0.8   3   3    0.0023       6.7    5.8   0.1    35    56   205   226   204   245 0.81 # 14123 # 14896 # 1 # ID=155_22;partial=00;start_type=GTG;rbs_motif=None;rbs_spacer=None;gc_cont=0.717
#
# Program:         hmmsearch
# Version:         3.1b2 (February 2015)
# Pipeline mode:   SEARCH
# Query file:      /home/users/ntm1021/gen-711-final-project/15_assembly_output/busco_downloads/lineages/bacteria_odb10/hmms/1827334at2.hmm
# Target file:     /home/users/ntm1021/gen-711-final-project/15_assembly_output/busco-results/prodigal_output/predicted_genes/predicted.faa
# Option settings: hmmsearch --domtblout /home/users/ntm1021/gen-711-final-project/15_assembly_output/busco-results/run_bacteria_odb10/hmmer_output/1827334at2.out --cpu 1 /home/users/ntm1021/gen-711-final-project/15_assembly_output/busco_downloads/lineages/bacteria_odb10/hmms/1827334at2.hmm /home/users/ntm1021/gen-711-final-project/15_assembly_output/busco-results/prodigal_output/predicted_genes/predicted.faa 
# Current dir:     /home/users/ntm1021/gen-711-final-project/15_assembly_output
# Date:            Fri May  3 15:54:08 2024
# [ok]
