#                                                                                              --- full sequence --- -------------- this domain -------------   hmm coord   ali coord   env coord
# target name                          accession   tlen query name           accession   qlen   E-value  score  bias   #  of  c-Evalue  i-Evalue  score  bias  from    to  from    to  from    to  acc description of target
#                  ------------------- ---------- ----- -------------------- ---------- ----- --------- ------ ----- --- --- --------- --------- ------ ----- ----- ----- ----- ----- ----- ----- ---- ---------------------
NODE_83_length_38306_cov_61.714503_9   -            157 1827295at2           -             74   5.4e-16   57.2   0.1   1   1   2.3e-17   4.5e-15   54.3   0.1     8    74    19   111    11   111 0.76 # 7133 # 7603 # 1 # ID=83_9;partial=00;start_type=ATG;rbs_motif=GGAGG;rbs_spacer=5-10bp;gc_cont=0.745
NODE_138_length_19977_cov_56.091083_13 -            841 1827295at2           -             74   0.00014   20.7   0.0   1   2    0.0073       1.4    7.8   0.0    12    32   235   256   220   261 0.80 # 13066 # 15588 # 1 # ID=138_13;partial=00;start_type=ATG;rbs_motif=AGxAGG/AGGxGG;rbs_spacer=5-10bp;gc_cont=0.746
NODE_138_length_19977_cov_56.091083_13 -            841 1827295at2           -             74   0.00014   20.7   0.0   2   2    0.0017      0.34    9.8   0.0    11    32   568   589   552   594 0.86 # 13066 # 15588 # 1 # ID=138_13;partial=00;start_type=ATG;rbs_motif=AGxAGG/AGGxGG;rbs_spacer=5-10bp;gc_cont=0.746
NODE_143_length_19404_cov_54.090211_2  -            666 1827295at2           -             74   0.00056   18.7   0.1   1   2    0.0009      0.18   10.7   0.0     8    32   269   295   255   299 0.84 # 662 # 2659 # 1 # ID=143_2;partial=00;start_type=ATG;rbs_motif=GGAG/GAGG;rbs_spacer=5-10bp;gc_cont=0.808
NODE_143_length_19404_cov_54.090211_2  -            666 1827295at2           -             74   0.00056   18.7   0.1   2   2     0.042       8.3    5.4   0.0     9    29   476   496   460   503 0.83 # 662 # 2659 # 1 # ID=143_2;partial=00;start_type=ATG;rbs_motif=GGAG/GAGG;rbs_spacer=5-10bp;gc_cont=0.808
NODE_94_length_33179_cov_58.991559_17  -            402 1827295at2           -             74    0.0012   17.6   0.0   1   1   1.4e-05    0.0027   16.6   0.0     5    33    92   120    81   124 0.86 # 18194 # 19399 # 1 # ID=94_17;partial=00;start_type=ATG;rbs_motif=None;rbs_spacer=None;gc_cont=0.735
NODE_80_length_38643_cov_55.169670_8   -            504 1827295at2           -             74    0.0017   17.2   0.1   1   2     0.009       1.8    7.5   0.0     9    28    34    53    21    59 0.82 # 5588 # 7099 # 1 # ID=80_8;partial=00;start_type=ATG;rbs_motif=AGGA/GGAG/GAGG;rbs_spacer=11-12bp;gc_cont=0.747
NODE_80_length_38643_cov_55.169670_8   -            504 1827295at2           -             74    0.0017   17.2   0.1   2   2     0.013       2.6    7.0   0.0     8    28   278   300   267   305 0.83 # 5588 # 7099 # 1 # ID=80_8;partial=00;start_type=ATG;rbs_motif=AGGA/GGAG/GAGG;rbs_spacer=11-12bp;gc_cont=0.747
NODE_104_length_28830_cov_60.869735_25 -            536 1827295at2           -             74    0.0026   16.6   0.0   1   1   3.1e-05    0.0061   15.4   0.0     5    35   113   146   107   154 0.81 # 22968 # 24575 # -1 # ID=104_25;partial=00;start_type=ATG;rbs_motif=GGA/GAG/AGG;rbs_spacer=5-10bp;gc_cont=0.693
NODE_160_length_15741_cov_60.746381_4  -            867 1827295at2           -             74    0.0026   16.6   0.0   1   2     0.021         4    6.4   0.0    12    32   203   224   190   230 0.84 # 2491 # 5091 # 1 # ID=160_4;partial=00;start_type=ATG;rbs_motif=GGAG/GAGG;rbs_spacer=5-10bp;gc_cont=0.725
NODE_160_length_15741_cov_60.746381_4  -            867 1827295at2           -             74    0.0026   16.6   0.0   2   2     0.013       2.6    7.0   0.0    11    31   601   621   585   625 0.85 # 2491 # 5091 # 1 # ID=160_4;partial=00;start_type=ATG;rbs_motif=GGAG/GAGG;rbs_spacer=5-10bp;gc_cont=0.725
NODE_157_length_15991_cov_56.492121_14 -            301 1827295at2           -             74     0.004   16.0   0.1   1   1   4.5e-05    0.0088   14.9   0.1    11    34    47    70    33    73 0.86 # 10491 # 11393 # 1 # ID=157_14;partial=00;start_type=GTG;rbs_motif=None;rbs_spacer=None;gc_cont=0.765
NODE_16_length_105560_cov_65.833145_94 -            514 1827295at2           -             74     0.004   16.0   0.8   1   2      0.22        42    3.1   0.0    11    26    34    49    20    60 0.77 # 87583 # 89124 # 1 # ID=16_94;partial=00;start_type=ATG;rbs_motif=AGGAG;rbs_spacer=5-10bp;gc_cont=0.758
NODE_16_length_105560_cov_65.833145_94 -            514 1827295at2           -             74     0.004   16.0   0.8   2   2    0.0013      0.24   10.3   0.1     7    28   291   313   281   318 0.83 # 87583 # 89124 # 1 # ID=16_94;partial=00;start_type=ATG;rbs_motif=AGGAG;rbs_spacer=5-10bp;gc_cont=0.758
NODE_77_length_40321_cov_59.510176_9   -            721 1827295at2           -             74    0.0041   16.0   0.0   1   1   4.8e-05    0.0093   14.8   0.0    10    39    25    53    13    54 0.87 # 5109 # 7271 # -1 # ID=77_9;partial=00;start_type=ATG;rbs_motif=AGGAG;rbs_spacer=5-10bp;gc_cont=0.721
NODE_61_length_46818_cov_57.698764_2   -            394 1827295at2           -             74    0.0041   16.0   0.3   1   1   4.9e-05    0.0096   14.8   0.0     6    33   197   229   190   234 0.82 # 887 # 2068 # -1 # ID=61_2;partial=00;start_type=ATG;rbs_motif=GGA/GAG/AGG;rbs_spacer=5-10bp;gc_cont=0.742
NODE_264_length_2280_cov_122.039480_1  -            759 1827295at2           -             74    0.0051   15.7   0.1   1   2     0.013       2.5    7.1   0.0    12    35   212   236   199   239 0.83 # 3 # 2279 # 1 # ID=264_1;partial=11;start_type=Edge;rbs_motif=None;rbs_spacer=None;gc_cont=0.646
NODE_264_length_2280_cov_122.039480_1  -            759 1827295at2           -             74    0.0051   15.7   0.1   2   2     0.031       6.1    5.8   0.0    11    32   548   569   533   573 0.86 # 3 # 2279 # 1 # ID=264_1;partial=11;start_type=Edge;rbs_motif=None;rbs_spacer=None;gc_cont=0.646
NODE_29_length_79021_cov_60.754683_14  -            849 1827295at2           -             74     0.008   15.0   0.1   1   2     0.028       5.4    6.0   0.0    10    30   324   344   307   348 0.82 # 13955 # 16501 # -1 # ID=29_14;partial=00;start_type=ATG;rbs_motif=None;rbs_spacer=None;gc_cont=0.743
NODE_29_length_79021_cov_60.754683_14  -            849 1827295at2           -             74     0.008   15.0   0.1   2   2     0.024       4.7    6.2   0.0    10    30   614   634   596   639 0.82 # 13955 # 16501 # -1 # ID=29_14;partial=00;start_type=ATG;rbs_motif=None;rbs_spacer=None;gc_cont=0.743
NODE_38_length_67417_cov_57.654644_47  -            267 1827295at2           -             74    0.0082   15.0   0.0   1   1   9.9e-05     0.019   13.8   0.0     8    33    33    61    17    64 0.84 # 42536 # 43336 # 1 # ID=38_47;partial=00;start_type=ATG;rbs_motif=AGxAGG/AGGxGG;rbs_spacer=5-10bp;gc_cont=0.770
NODE_21_length_94192_cov_58.135077_69  -            533 1827295at2           -             74    0.0082   15.0   0.6   1   2    0.0052         1    8.3   0.1     9    30    28    49    17    57 0.80 # 67932 # 69530 # 1 # ID=21_69;partial=00;start_type=GTG;rbs_motif=AGGA/GGAG/GAGG;rbs_spacer=11-12bp;gc_cont=0.714
NODE_21_length_94192_cov_58.135077_69  -            533 1827295at2           -             74    0.0082   15.0   0.6   2   2      0.09        17    4.3   0.0    12    28   355   371   343   375 0.77 # 67932 # 69530 # 1 # ID=21_69;partial=00;start_type=GTG;rbs_motif=AGGA/GGAG/GAGG;rbs_spacer=11-12bp;gc_cont=0.714
NODE_84_length_38109_cov_60.300247_23  -            253 1827295at2           -             74    0.0084   15.0   0.1   1   1   0.00013     0.025   13.5   0.0     7    28    28    52    21    55 0.82 # 19379 # 20137 # -1 # ID=84_23;partial=00;start_type=ATG;rbs_motif=GGAG/GAGG;rbs_spacer=5-10bp;gc_cont=0.725
NODE_197_length_8436_cov_65.593453_2   -            457 1827295at2           -             74    0.0087   14.9   0.3   1   1   9.3e-05     0.018   13.9   0.3     9    33   211   235   200   242 0.83 # 563 # 1933 # -1 # ID=197_2;partial=00;start_type=GTG;rbs_motif=GGAG/GAGG;rbs_spacer=5-10bp;gc_cont=0.712
NODE_1_length_277192_cov_63.518373_113 -            545 1827295at2           -             74     0.012   14.5   0.4   1   2       6.5   1.3e+03   -1.6   0.1    14    26    44    56    36    60 0.84 # 111556 # 113190 # -1 # ID=1_113;partial=00;start_type=GTG;rbs_motif=GGAG/GAGG;rbs_spacer=5-10bp;gc_cont=0.754
NODE_1_length_277192_cov_63.518373_113 -            545 1827295at2           -             74     0.012   14.5   0.4   2   2   0.00022     0.043   12.7   0.0     9    32   375   398   360   408 0.82 # 111556 # 113190 # -1 # ID=1_113;partial=00;start_type=GTG;rbs_motif=GGAG/GAGG;rbs_spacer=5-10bp;gc_cont=0.754
NODE_84_length_38109_cov_60.300247_25  -            269 1827295at2           -             74     0.014   14.3   0.1   1   1    0.0002      0.04   12.8   0.0     8    29    39    62    29    73 0.77 # 21479 # 22285 # -1 # ID=84_25;partial=00;start_type=GTG;rbs_motif=AGGA/GGAG/GAGG;rbs_spacer=11-12bp;gc_cont=0.720
NODE_20_length_96238_cov_62.784884_69  -            548 1827295at2           -             74     0.019   13.9   0.0   1   2    0.0025      0.48    9.3   0.1    10    32    32    54    21    57 0.82 # 74230 # 75873 # -1 # ID=20_69;partial=00;start_type=ATG;rbs_motif=AGGA/GGAG/GAGG;rbs_spacer=11-12bp;gc_cont=0.724
NODE_20_length_96238_cov_62.784884_69  -            548 1827295at2           -             74     0.019   13.9   0.0   2   2      0.58   1.1e+02    1.8   0.0    11    30   356   375   343   381 0.80 # 74230 # 75873 # -1 # ID=20_69;partial=00;start_type=ATG;rbs_motif=AGGA/GGAG/GAGG;rbs_spacer=11-12bp;gc_cont=0.724
NODE_161_length_15551_cov_46.273081_6  -            273 1827295at2           -             74     0.019   13.9   0.1   1   1   0.00028     0.054   12.4   0.1     8    28    31    54    19    59 0.80 # 5339 # 6157 # 1 # ID=161_6;partial=00;start_type=ATG;rbs_motif=AGxAGG/AGGxGG;rbs_spacer=5-10bp;gc_cont=0.734
NODE_77_length_40321_cov_59.510176_22  -            356 1827295at2           -             74     0.019   13.8   0.0   1   1   0.00032     0.063   12.2   0.0     8    35    55    84    42    89 0.84 # 17724 # 18791 # 1 # ID=77_22;partial=00;start_type=GTG;rbs_motif=None;rbs_spacer=None;gc_cont=0.743
NODE_1_length_277192_cov_63.518373_159 -            274 1827295at2           -             74     0.023   13.6   0.0   1   1   0.00023     0.045   12.6   0.0     6    44    34    71    26    79 0.80 # 156029 # 156850 # 1 # ID=1_159;partial=00;start_type=ATG;rbs_motif=GGAG/GAGG;rbs_spacer=5-10bp;gc_cont=0.693
NODE_11_length_120233_cov_61.958612_1  -            804 1827295at2           -             74     0.023   13.6   0.2   1   1   0.00026     0.051   12.5   0.2     5    32    28    56    21    59 0.80 # 2 # 2413 # -1 # ID=11_1;partial=10;start_type=ATG;rbs_motif=None;rbs_spacer=None;gc_cont=0.766
NODE_205_length_7440_cov_60.540544_1   -            234 1827295at2           -             74     0.024   13.5   0.0   1   1   0.00023     0.044   12.7   0.0     9    36    29    56    17    58 0.84 # 3 # 704 # -1 # ID=205_1;partial=10;start_type=GTG;rbs_motif=AGGAG;rbs_spacer=5-10bp;gc_cont=0.761
NODE_59_length_46976_cov_60.733762_21  -            425 1827295at2           -             74     0.025   13.5   0.0   1   1   0.00036      0.07   12.0   0.0     5    33   108   136   104   141 0.86 # 21905 # 23179 # 1 # ID=59_21;partial=00;start_type=GTG;rbs_motif=AGGAG;rbs_spacer=5-10bp;gc_cont=0.657
NODE_17_length_105294_cov_62.596803_98 -            272 1827295at2           -             74     0.025   13.5   0.2   1   1   0.00029     0.057   12.3   0.2     7    30    32    56    22    64 0.81 # 94237 # 95052 # 1 # ID=17_98;partial=00;start_type=ATG;rbs_motif=None;rbs_spacer=None;gc_cont=0.658
NODE_154_length_16778_cov_50.304786_16 -            197 1827295at2           -             74     0.027   13.3   0.1   1   1   0.00032     0.063   12.2   0.0    11    33    17    39     7    49 0.84 # 9692 # 10282 # -1 # ID=154_16;partial=00;start_type=ATG;rbs_motif=GGA/GAG/AGG;rbs_spacer=5-10bp;gc_cont=0.719
NODE_72_length_42617_cov_57.499553_14  -            588 1827295at2           -             74     0.028   13.3   0.1   1   2       3.6     7e+02   -0.8   0.0    46    55   251   260   246   265 0.84 # 15943 # 17706 # 1 # ID=72_14;partial=00;start_type=GTG;rbs_motif=AGGAG;rbs_spacer=5-10bp;gc_cont=0.650
NODE_72_length_42617_cov_57.499553_14  -            588 1827295at2           -             74     0.028   13.3   0.1   2   2   0.00076      0.15   11.0   0.0     9    36   267   294   253   298 0.85 # 15943 # 17706 # 1 # ID=72_14;partial=00;start_type=GTG;rbs_motif=AGGAG;rbs_spacer=5-10bp;gc_cont=0.650
NODE_175_length_12272_cov_44.488267_8  -            288 1827295at2           -             74     0.029   13.2   0.1   1   1   0.00032     0.062   12.2   0.1     8    33    33    61    25    65 0.80 # 8995 # 9858 # 1 # ID=175_8;partial=00;start_type=ATG;rbs_motif=GGA/GAG/AGG;rbs_spacer=5-10bp;gc_cont=0.714
NODE_171_length_12911_cov_56.015566_12 -            220 1827295at2           -             74     0.033   13.1   0.1   1   1   0.00032     0.063   12.2   0.1    13    36    24    47    11    49 0.85 # 11947 # 12606 # -1 # ID=171_12;partial=00;start_type=TTG;rbs_motif=GGAGG;rbs_spacer=5-10bp;gc_cont=0.742
NODE_103_length_28957_cov_57.438085_16 -            537 1827295at2           -             74     0.034   13.0   0.2   1   2       1.6     3e+02    0.4   0.2    13    32    35    54    25    62 0.82 # 15272 # 16882 # 1 # ID=103_16;partial=00;start_type=ATG;rbs_motif=GGAGG;rbs_spacer=5-10bp;gc_cont=0.748
NODE_103_length_28957_cov_57.438085_16 -            537 1827295at2           -             74     0.034   13.0   0.2   2   2    0.0026       0.5    9.3   0.0     9    29   364   384   354   389 0.83 # 15272 # 16882 # 1 # ID=103_16;partial=00;start_type=ATG;rbs_motif=GGAGG;rbs_spacer=5-10bp;gc_cont=0.748
NODE_24_length_89965_cov_63.569392_88  -            551 1827295at2           -             74     0.043   12.7   0.0   1   2      0.47        92    2.0   0.0    11    29    35    53    21    56 0.81 # 80350 # 82002 # 1 # ID=24_88;partial=00;start_type=TTG;rbs_motif=GGA/GAG/AGG;rbs_spacer=5-10bp;gc_cont=0.744
NODE_24_length_89965_cov_63.569392_88  -            551 1827295at2           -             74     0.043   12.7   0.0   2   2    0.0072       1.4    7.8   0.0    10    33   377   400   360   404 0.85 # 80350 # 82002 # 1 # ID=24_88;partial=00;start_type=TTG;rbs_motif=GGA/GAG/AGG;rbs_spacer=5-10bp;gc_cont=0.744
NODE_50_length_54447_cov_57.719919_24  -            221 1827295at2           -             74     0.045   12.6   0.0   1   1   0.00046      0.09   11.7   0.0    10    33     4    27     3    30 0.94 # 22215 # 22877 # 1 # ID=50_24;partial=00;start_type=GTG;rbs_motif=AGGA;rbs_spacer=5-10bp;gc_cont=0.753
NODE_78_length_40040_cov_61.724175_29  -            405 1827295at2           -             74     0.053   12.4   0.4   1   2       6.9   1.3e+03   -1.7   0.0    36    60   185   209   174   213 0.69 # 31246 # 32460 # -1 # ID=78_29;partial=00;start_type=ATG;rbs_motif=None;rbs_spacer=None;gc_cont=0.749
NODE_78_length_40040_cov_61.724175_29  -            405 1827295at2           -             74     0.053   12.4   0.4   2   2   0.00096      0.19   10.7   0.2     8    34   279   307   268   311 0.81 # 31246 # 32460 # -1 # ID=78_29;partial=00;start_type=ATG;rbs_motif=None;rbs_spacer=None;gc_cont=0.749
NODE_200_length_8326_cov_61.784364_7   -            869 1827295at2           -             74      0.07   12.0   0.0   1   1   0.00084      0.16   10.8   0.0     8    32    81   110    74   115 0.78 # 5521 # 8127 # -1 # ID=200_7;partial=00;start_type=ATG;rbs_motif=None;rbs_spacer=None;gc_cont=0.771
NODE_2_length_182237_cov_60.878771_130 -            641 1827295at2           -             74     0.072   12.0   0.4   1   1    0.0012      0.24   10.3   0.1     5    29   132   157   127   169 0.83 # 121017 # 122939 # 1 # ID=2_130;partial=00;start_type=GTG;rbs_motif=GGA/GAG/AGG;rbs_spacer=5-10bp;gc_cont=0.753
NODE_33_length_74197_cov_63.246456_29  -            328 1827295at2           -             74     0.074   11.9   0.1   1   1   0.00081      0.16   10.9   0.1     8    30    29    52    13    58 0.81 # 24618 # 25601 # 1 # ID=33_29;partial=00;start_type=ATG;rbs_motif=AGGAG;rbs_spacer=5-10bp;gc_cont=0.720
NODE_4_length_180575_cov_64.125859_133 -            350 1827295at2           -             74     0.075   11.9   0.0   1   1   0.00088      0.17   10.8   0.0     9    33    78   102    66   105 0.83 # 135699 # 136748 # 1 # ID=4_133;partial=00;start_type=ATG;rbs_motif=GGA/GAG/AGG;rbs_spacer=5-10bp;gc_cont=0.765
NODE_199_length_8336_cov_59.657084_3   -            669 1827295at2           -             74     0.078   11.9   0.0   1   1     0.001       0.2   10.6   0.0     6    33   191   221   186   230 0.79 # 1700 # 3706 # 1 # ID=199_3;partial=00;start_type=ATG;rbs_motif=None;rbs_spacer=None;gc_cont=0.679
NODE_111_length_26452_cov_54.958025_19 -            244 1827295at2           -             74     0.082   11.8   0.2   1   1   0.00077      0.15   11.0   0.2     8    29    29    51    18    61 0.81 # 17629 # 18360 # 1 # ID=111_19;partial=00;start_type=ATG;rbs_motif=GGAGG;rbs_spacer=5-10bp;gc_cont=0.742
NODE_314_length_429_cov_1.062914_1     -            142 1827295at2           -             74     0.091   11.7   0.1   1   1   0.00081      0.16   10.9   0.1    10    33     8    31     1    36 0.80 # 2 # 427 # 1 # ID=314_1;partial=11;start_type=Edge;rbs_motif=None;rbs_spacer=None;gc_cont=0.739
NODE_2_length_182237_cov_60.878771_56  -            506 1827295at2           -             74       0.1   11.5   0.1   1   2     0.023       4.5    6.2   0.0     7    30    28    52    18    57 0.86 # 45130 # 46647 # 1 # ID=2_56;partial=00;start_type=GTG;rbs_motif=GGAGG;rbs_spacer=5-10bp;gc_cont=0.776
NODE_2_length_182237_cov_60.878771_56  -            506 1827295at2           -             74       0.1   11.5   0.1   2   2       0.4        77    2.3   0.0     8    29   290   313   277   318 0.78 # 45130 # 46647 # 1 # ID=2_56;partial=00;start_type=GTG;rbs_motif=GGAGG;rbs_spacer=5-10bp;gc_cont=0.776
NODE_124_length_22366_cov_58.722290_17 -            239 1827295at2           -             74      0.11   11.5   0.2   1   1    0.0013      0.25   10.2   0.0     8    29    29    52    19    56 0.84 # 15766 # 16482 # -1 # ID=124_17;partial=00;start_type=ATG;rbs_motif=GGAG/GAGG;rbs_spacer=5-10bp;gc_cont=0.777
NODE_101_length_29767_cov_59.146424_4  -            899 1827295at2           -             74      0.12   11.2   0.4   1   2    0.0041      0.79    8.6   0.1     9    33    90   114    77   119 0.79 # 4363 # 7059 # 1 # ID=101_4;partial=00;start_type=ATG;rbs_motif=None;rbs_spacer=None;gc_cont=0.768
NODE_101_length_29767_cov_59.146424_4  -            899 1827295at2           -             74      0.12   11.2   0.4   2   2       4.9   9.6e+02   -1.2   0.0     4    33   469   498   465   499 0.84 # 4363 # 7059 # 1 # ID=101_4;partial=00;start_type=ATG;rbs_motif=None;rbs_spacer=None;gc_cont=0.768
#
# Program:         hmmsearch
# Version:         3.1b2 (February 2015)
# Pipeline mode:   SEARCH
# Query file:      /home/users/ntm1021/gen-711-final-project/15_assembly_output/busco_downloads/lineages/bacteria_odb10/hmms/1827295at2.hmm
# Target file:     /home/users/ntm1021/gen-711-final-project/15_assembly_output/busco-results/prodigal_output/predicted_genes/predicted.faa
# Option settings: hmmsearch --domtblout /home/users/ntm1021/gen-711-final-project/15_assembly_output/busco-results/run_bacteria_odb10/hmmer_output/1827295at2.out --cpu 1 /home/users/ntm1021/gen-711-final-project/15_assembly_output/busco_downloads/lineages/bacteria_odb10/hmms/1827295at2.hmm /home/users/ntm1021/gen-711-final-project/15_assembly_output/busco-results/prodigal_output/predicted_genes/predicted.faa 
# Current dir:     /home/users/ntm1021/gen-711-final-project/15_assembly_output
# Date:            Fri May  3 15:54:08 2024
# [ok]
