#                                                                                             --- full sequence --- -------------- this domain -------------   hmm coord   ali coord   env coord
# target name                         accession   tlen query name           accession   qlen   E-value  score  bias   #  of  c-Evalue  i-Evalue  score  bias  from    to  from    to  from    to  acc description of target
#                 ------------------- ---------- ----- -------------------- ---------- ----- --------- ------ ----- --- --- --------- --------- ------ ----- ----- ----- ----- ----- ----- ----- ---- ---------------------
NODE_77_length_40321_cov_59.510176_28 -            588 226836at2            -            473    1e-170  567.0   0.0   1   1  1.1e-173  2.4e-170  565.8   0.0     1   472     3   572     3   573 0.82 # 25699 # 27462 # -1 # ID=77_28;partial=00;start_type=ATG;rbs_motif=GGA/GAG/AGG;rbs_spacer=5-10bp;gc_cont=0.724
NODE_63_length_45796_cov_62.582649_2  -           1098 226836at2            -            473   5.3e-27   93.1   0.1   1   2     7e-17   1.5e-13   48.7   0.2    10   205   656   873   652   894 0.74 # 1207 # 4500 # 1 # ID=63_2;partial=00;start_type=ATG;rbs_motif=GGxGG;rbs_spacer=3-4bp;gc_cont=0.720
NODE_63_length_45796_cov_62.582649_2  -           1098 226836at2            -            473   5.3e-27   93.1   0.1   2   2   1.2e-14   2.6e-11   41.3   0.0   341   450   979  1092   960  1096 0.78 # 1207 # 4500 # 1 # ID=63_2;partial=00;start_type=ATG;rbs_motif=GGxGG;rbs_spacer=3-4bp;gc_cont=0.720
NODE_152_length_17348_cov_55.051797_7 -           1089 226836at2            -            473   1.2e-26   91.9   0.0   1   2   2.6e-14   5.7e-11   40.2   0.1    11   205   649   865   645   886 0.70 # 5856 # 9122 # -1 # ID=152_7;partial=00;start_type=GTG;rbs_motif=GGxGG;rbs_spacer=5-10bp;gc_cont=0.750
NODE_152_length_17348_cov_55.051797_7 -           1089 226836at2            -            473   1.2e-26   91.9   0.0   2   2   1.1e-16   2.4e-13   48.1   0.0   340   451   969  1084   947  1088 0.79 # 5856 # 9122 # -1 # ID=152_7;partial=00;start_type=GTG;rbs_motif=GGxGG;rbs_spacer=5-10bp;gc_cont=0.750
NODE_120_length_23713_cov_60.336344_8 -            497 226836at2            -            473   8.3e-25   85.8   0.2   1   2   1.5e-15   3.3e-12   44.3   0.2    10   223    56   290    52   299 0.70 # 5592 # 7082 # -1 # ID=120_8;partial=00;start_type=GTG;rbs_motif=None;rbs_spacer=None;gc_cont=0.696
NODE_120_length_23713_cov_60.336344_8 -            497 226836at2            -            473   8.3e-25   85.8   0.2   2   2   1.1e-13   2.5e-10   38.1   0.0   332   450   377   492   352   495 0.71 # 5592 # 7082 # -1 # ID=120_8;partial=00;start_type=GTG;rbs_motif=None;rbs_spacer=None;gc_cont=0.696
#
# Program:         hmmsearch
# Version:         3.1b2 (February 2015)
# Pipeline mode:   SEARCH
# Query file:      /home/users/ntm1021/gen-711-final-project/15_assembly_output/busco_downloads/lineages/bacteria_odb10/hmms/226836at2.hmm
# Target file:     /home/users/ntm1021/gen-711-final-project/15_assembly_output/busco-results/prodigal_output/predicted_genes/predicted.faa
# Option settings: hmmsearch --domtblout /home/users/ntm1021/gen-711-final-project/15_assembly_output/busco-results/run_bacteria_odb10/hmmer_output/226836at2.out --cpu 1 /home/users/ntm1021/gen-711-final-project/15_assembly_output/busco_downloads/lineages/bacteria_odb10/hmms/226836at2.hmm /home/users/ntm1021/gen-711-final-project/15_assembly_output/busco-results/prodigal_output/predicted_genes/predicted.faa 
# Current dir:     /home/users/ntm1021/gen-711-final-project/15_assembly_output
# Date:            Fri May  3 15:54:14 2024
# [ok]
