#                                                                                               --- full sequence --- -------------- this domain -------------   hmm coord   ali coord   env coord
# target name                           accession   tlen query name           accession   qlen   E-value  score  bias   #  of  c-Evalue  i-Evalue  score  bias  from    to  from    to  from    to  acc description of target
#                   ------------------- ---------- ----- -------------------- ---------- ----- --------- ------ ----- --- --- --------- --------- ------ ----- ----- ----- ----- ----- ----- ----- ---- ---------------------
NODE_88_length_36671_cov_64.016528_7    -            478 505485at2            -            234   2.7e-57  193.1  18.9   1   3   2.1e-17   4.7e-14   51.6   0.4     2    43    73   114    72   122 0.91 # 7097 # 8530 # -1 # ID=88_7;partial=00;start_type=ATG;rbs_motif=None;rbs_spacer=None;gc_cont=0.747
NODE_88_length_36671_cov_64.016528_7    -            478 505485at2            -            234   2.7e-57  193.1  18.9   2   3     2e-30   4.4e-27   94.3   0.5    39   148   128   287   125   289 0.77 # 7097 # 8530 # -1 # ID=88_7;partial=00;start_type=ATG;rbs_motif=None;rbs_spacer=None;gc_cont=0.747
NODE_88_length_36671_cov_64.016528_7    -            478 505485at2            -            234   2.7e-57  193.1  18.9   3   3   2.9e-15   6.4e-12   44.6   5.9   148   234   306   433   301   433 0.75 # 7097 # 8530 # -1 # ID=88_7;partial=00;start_type=ATG;rbs_motif=None;rbs_spacer=None;gc_cont=0.747
NODE_77_length_40321_cov_59.510176_22   -            356 505485at2            -            234     0.011   14.4   1.2   1   3     0.001       2.2    6.9   0.3    20    37    59    76    41    82 0.78 # 17724 # 18791 # 1 # ID=77_22;partial=00;start_type=GTG;rbs_motif=None;rbs_spacer=None;gc_cont=0.743
NODE_77_length_40321_cov_59.510176_22   -            356 505485at2            -            234     0.011   14.4   1.2   2   3    0.0023         5    5.7   0.1   184   218    86   120    75   132 0.87 # 17724 # 18791 # 1 # ID=77_22;partial=00;start_type=GTG;rbs_motif=None;rbs_spacer=None;gc_cont=0.743
NODE_77_length_40321_cov_59.510176_22   -            356 505485at2            -            234     0.011   14.4   1.2   3   3      0.67   1.5e+03   -2.4   0.0    81   104   149   172   141   205 0.82 # 17724 # 18791 # 1 # ID=77_22;partial=00;start_type=GTG;rbs_motif=None;rbs_spacer=None;gc_cont=0.743
NODE_10_length_120923_cov_61.740529_100 -            268 505485at2            -            234      0.05   12.2   2.1   1   2    0.0059        13    4.3   0.1    17    38    31    52    22    59 0.88 # 104494 # 105297 # -1 # ID=10_100;partial=00;start_type=ATG;rbs_motif=GGAGG;rbs_spacer=5-10bp;gc_cont=0.771
NODE_10_length_120923_cov_61.740529_100 -            268 505485at2            -            234      0.05   12.2   2.1   2   2   0.00061       1.3    7.6   0.2   187   220   201   234   158   246 0.73 # 104494 # 105297 # -1 # ID=10_100;partial=00;start_type=ATG;rbs_motif=GGAGG;rbs_spacer=5-10bp;gc_cont=0.771
NODE_3_length_180888_cov_65.292917_24   -            249 505485at2            -            234     0.061   12.0   0.2   1   1   4.2e-05     0.092   11.4   0.2    16    37    18    39    11    43 0.83 # 18134 # 18880 # 1 # ID=3_24;partial=00;start_type=ATG;rbs_motif=None;rbs_spacer=None;gc_cont=0.756
#
# Program:         hmmsearch
# Version:         3.1b2 (February 2015)
# Pipeline mode:   SEARCH
# Query file:      /home/users/ntm1021/gen-711-final-project/15_assembly_output/busco_downloads/lineages/bacteria_odb10/hmms/505485at2.hmm
# Target file:     /home/users/ntm1021/gen-711-final-project/15_assembly_output/busco-results/prodigal_output/predicted_genes/predicted.faa
# Option settings: hmmsearch --domtblout /home/users/ntm1021/gen-711-final-project/15_assembly_output/busco-results/run_bacteria_odb10/hmmer_output/505485at2.out --cpu 1 /home/users/ntm1021/gen-711-final-project/15_assembly_output/busco_downloads/lineages/bacteria_odb10/hmms/505485at2.hmm /home/users/ntm1021/gen-711-final-project/15_assembly_output/busco-results/prodigal_output/predicted_genes/predicted.faa 
# Current dir:     /home/users/ntm1021/gen-711-final-project/15_assembly_output
# Date:            Fri May  3 15:54:17 2024
# [ok]
