#                                                                                              --- full sequence --- -------------- this domain -------------   hmm coord   ali coord   env coord
# target name                          accession   tlen query name           accession   qlen   E-value  score  bias   #  of  c-Evalue  i-Evalue  score  bias  from    to  from    to  from    to  acc description of target
#                  ------------------- ---------- ----- -------------------- ---------- ----- --------- ------ ----- --- --- --------- --------- ------ ----- ----- ----- ----- ----- ----- ----- ---- ---------------------
NODE_20_length_96238_cov_62.784884_70  -            566 665824at2            -            547  6.8e-199  661.2   0.0   1   1  7.8e-202  7.6e-199  661.0   0.0     1   542     1   563     1   565 0.97 # 75919 # 77616 # -1 # ID=20_70;partial=00;start_type=ATG;rbs_motif=AGxAGG/AGGxGG;rbs_spacer=5-10bp;gc_cont=0.735
NODE_20_length_96238_cov_62.784884_72  -            478 665824at2            -            547  2.6e-119  398.5   0.3   1   2     6e-65   5.8e-62  209.2   0.0     9   189     2   184     1   197 0.96 # 78304 # 79737 # 1 # ID=20_72;partial=00;start_type=GTG;rbs_motif=GGA/GAG/AGG;rbs_spacer=5-10bp;gc_cont=0.708
NODE_20_length_96238_cov_62.784884_72  -            478 665824at2            -            547  2.6e-119  398.5   0.3   2   2     2e-58     2e-55  187.6   0.0   377   526   209   362   188   387 0.90 # 78304 # 79737 # 1 # ID=20_72;partial=00;start_type=GTG;rbs_motif=GGA/GAG/AGG;rbs_spacer=5-10bp;gc_cont=0.708
NODE_49_length_54615_cov_58.282521_45  -            667 665824at2            -            547   1.2e-26   92.7   0.1   1   2   1.7e-17   1.6e-14   52.5   0.0    34   193   283   442   272   468 0.88 # 51477 # 53477 # 1 # ID=49_45;partial=00;start_type=GTG;rbs_motif=AGGAG;rbs_spacer=5-10bp;gc_cont=0.695
NODE_49_length_54615_cov_58.282521_45  -            667 665824at2            -            547   1.2e-26   92.7   0.1   2   2   4.2e-13   4.1e-10   38.0   0.1   400   542   519   659   502   664 0.84 # 51477 # 53477 # 1 # ID=49_45;partial=00;start_type=GTG;rbs_motif=AGGAG;rbs_spacer=5-10bp;gc_cont=0.695
NODE_124_length_22366_cov_58.722290_22 -            464 665824at2            -            547   1.5e-15   56.0   0.1   1   2   7.8e-06    0.0076   14.1   0.0    42   156    37   213    24   222 0.83 # 19847 # 21238 # 1 # ID=124_22;partial=00;start_type=ATG;rbs_motif=GGAG/GAGG;rbs_spacer=5-10bp;gc_cont=0.680
NODE_124_length_22366_cov_58.722290_22 -            464 665824at2            -            547   1.5e-15   56.0   0.1   2   2   1.7e-13   1.7e-10   39.3   0.1   443   540   360   457   352   461 0.87 # 19847 # 21238 # 1 # ID=124_22;partial=00;start_type=ATG;rbs_motif=GGAG/GAGG;rbs_spacer=5-10bp;gc_cont=0.680
NODE_5_length_162855_cov_60.737070_30  -            650 665824at2            -            547     1e-14   53.2   0.0   1   2   2.1e-11   2.1e-08   32.4   0.0    37   167   251   393   244   421 0.93 # 28208 # 30157 # -1 # ID=5_30;partial=00;start_type=GTG;rbs_motif=None;rbs_spacer=None;gc_cont=0.710
NODE_5_length_162855_cov_60.737070_30  -            650 665824at2            -            547     1e-14   53.2   0.0   2   2   3.1e-07    0.0003   18.7   0.0   415   539   511   631   496   639 0.80 # 28208 # 30157 # -1 # ID=5_30;partial=00;start_type=GTG;rbs_motif=None;rbs_spacer=None;gc_cont=0.710
NODE_94_length_33179_cov_58.991559_21  -            166 665824at2            -            547   3.3e-07   28.4   0.0   1   1   3.8e-10   3.7e-07   28.3   0.0   256   354    42   144    14   156 0.88 # 21431 # 21928 # -1 # ID=94_21;partial=00;start_type=ATG;rbs_motif=None;rbs_spacer=None;gc_cont=0.757
NODE_24_length_89965_cov_63.569392_30  -            407 665824at2            -            547   1.5e-06   26.2   0.0   1   2   2.6e-07   0.00025   18.9   0.0    40   210   148   316   133   322 0.88 # 26697 # 27917 # -1 # ID=24_30;partial=00;start_type=TTG;rbs_motif=AGGA;rbs_spacer=5-10bp;gc_cont=0.714
NODE_24_length_89965_cov_63.569392_30  -            407 665824at2            -            547   1.5e-06   26.2   0.0   2   2    0.0039       3.8    5.2   0.0   400   446   343   390   330   395 0.85 # 26697 # 27917 # -1 # ID=24_30;partial=00;start_type=TTG;rbs_motif=AGGA;rbs_spacer=5-10bp;gc_cont=0.714
NODE_77_length_40321_cov_59.510176_29  -            423 665824at2            -            547   4.5e-06   24.7   0.0   1   2   7.3e-05     0.071   10.9   0.0    34   153     6   125     2   149 0.85 # 27459 # 28727 # -1 # ID=77_29;partial=00;start_type=ATG;rbs_motif=None;rbs_spacer=None;gc_cont=0.723
NODE_77_length_40321_cov_59.510176_29  -            423 665824at2            -            547   4.5e-06   24.7   0.0   2   2   3.5e-05     0.034   11.9   0.0   454   543   329   420   320   422 0.81 # 27459 # 28727 # -1 # ID=77_29;partial=00;start_type=ATG;rbs_motif=None;rbs_spacer=None;gc_cont=0.723
NODE_70_length_42981_cov_60.370981_35  -            160 665824at2            -            547   7.2e-06   24.0   0.0   1   1   7.9e-09   7.7e-06   23.9   0.0   233   374     8   154     4   159 0.76 # 33188 # 33667 # 1 # ID=70_35;partial=00;start_type=GTG;rbs_motif=AGGA;rbs_spacer=5-10bp;gc_cont=0.727
#
# Program:         hmmsearch
# Version:         3.1b2 (February 2015)
# Pipeline mode:   SEARCH
# Query file:      /home/users/ntm1021/gen-711-final-project/15_assembly_output/busco_downloads/lineages/bacteria_odb10/hmms/665824at2.hmm
# Target file:     /home/users/ntm1021/gen-711-final-project/15_assembly_output/busco-results/prodigal_output/predicted_genes/predicted.faa
# Option settings: hmmsearch --domtblout /home/users/ntm1021/gen-711-final-project/15_assembly_output/busco-results/run_bacteria_odb10/hmmer_output/665824at2.out --cpu 1 /home/users/ntm1021/gen-711-final-project/15_assembly_output/busco_downloads/lineages/bacteria_odb10/hmms/665824at2.hmm /home/users/ntm1021/gen-711-final-project/15_assembly_output/busco-results/prodigal_output/predicted_genes/predicted.faa 
# Current dir:     /home/users/ntm1021/gen-711-final-project/15_assembly_output
# Date:            Fri May  3 15:54:18 2024
# [ok]
