#                                                                                             --- full sequence --- -------------- this domain -------------   hmm coord   ali coord   env coord
# target name                         accession   tlen query name           accession   qlen   E-value  score  bias   #  of  c-Evalue  i-Evalue  score  bias  from    to  from    to  from    to  acc description of target
#                 ------------------- ---------- ----- -------------------- ---------- ----- --------- ------ ----- --- --- --------- --------- ------ ----- ----- ----- ----- ----- ----- ----- ---- ---------------------
NODE_121_length_23664_cov_58.517016_5 -            599 761140at2            -            323   8.3e-44  149.3   9.8   1   4   2.4e-22   3.5e-19   68.4   0.0     2   109     7   148     6   156 0.72 # 4663 # 6459 # -1 # ID=121_5;partial=00;start_type=ATG;rbs_motif=None;rbs_spacer=None;gc_cont=0.688
NODE_121_length_23664_cov_58.517016_5 -            599 761140at2            -            323   8.3e-44  149.3   9.8   2   4   2.8e-14   4.1e-11   41.8   2.9   136   198   229   316   209   321 0.82 # 4663 # 6459 # -1 # ID=121_5;partial=00;start_type=ATG;rbs_motif=None;rbs_spacer=None;gc_cont=0.688
NODE_121_length_23664_cov_58.517016_5 -            599 761140at2            -            323   8.3e-44  149.3   9.8   3   4   1.3e-05     0.019   13.3   0.1   213   255   372   425   347   429 0.82 # 4663 # 6459 # -1 # ID=121_5;partial=00;start_type=ATG;rbs_motif=None;rbs_spacer=None;gc_cont=0.688
NODE_121_length_23664_cov_58.517016_5 -            599 761140at2            -            323   8.3e-44  149.3   9.8   4   4   1.2e-08   1.8e-05   23.3   0.0   248   309   454   521   442   525 0.81 # 4663 # 6459 # -1 # ID=121_5;partial=00;start_type=ATG;rbs_motif=None;rbs_spacer=None;gc_cont=0.688
NODE_8_length_125804_cov_59.572993_53 -            478 761140at2            -            323   4.6e-38  130.4   4.3   1   3   3.7e-16   5.4e-13   48.0   0.1     2    65     3    72     2   113 0.88 # 55061 # 56494 # 1 # ID=8_53;partial=00;start_type=ATG;rbs_motif=GGAGG;rbs_spacer=5-10bp;gc_cont=0.718
NODE_8_length_125804_cov_59.572993_53 -            478 761140at2            -            323   4.6e-38  130.4   4.3   2   3   1.7e-18   2.5e-15   55.7   2.3   128   253   178   362   105   364 0.72 # 55061 # 56494 # 1 # ID=8_53;partial=00;start_type=ATG;rbs_motif=GGAGG;rbs_spacer=5-10bp;gc_cont=0.718
NODE_8_length_125804_cov_59.572993_53 -            478 761140at2            -            323   4.6e-38  130.4   4.3   3   3     1e-07   0.00015   20.2   0.0   249   309   390   455   380   463 0.81 # 55061 # 56494 # 1 # ID=8_53;partial=00;start_type=ATG;rbs_motif=GGAGG;rbs_spacer=5-10bp;gc_cont=0.718
NODE_8_length_125804_cov_59.572993_97 -            840 761140at2            -            323   3.7e-07   28.8   1.5   1   4     5e-09   7.4e-06   24.6   0.0     3    55    45   102    43   107 0.86 # 106346 # 108865 # -1 # ID=8_97;partial=00;start_type=ATG;rbs_motif=None;rbs_spacer=None;gc_cont=0.742
NODE_8_length_125804_cov_59.572993_97 -            840 761140at2            -            323   3.7e-07   28.8   1.5   2   4      0.63   9.2e+02   -2.1   0.0   130   151   428   450   423   454 0.84 # 106346 # 108865 # -1 # ID=8_97;partial=00;start_type=ATG;rbs_motif=None;rbs_spacer=None;gc_cont=0.742
NODE_8_length_125804_cov_59.572993_97 -            840 761140at2            -            323   3.7e-07   28.8   1.5   3   4      0.37   5.4e+02   -1.3   0.0   206   217   578   589   577   613 0.68 # 106346 # 108865 # -1 # ID=8_97;partial=00;start_type=ATG;rbs_motif=None;rbs_spacer=None;gc_cont=0.742
NODE_8_length_125804_cov_59.572993_97 -            840 761140at2            -            323   3.7e-07   28.8   1.5   4   4     0.076   1.1e+02    1.0   0.0   282   309   712   739   662   743 0.71 # 106346 # 108865 # -1 # ID=8_97;partial=00;start_type=ATG;rbs_motif=None;rbs_spacer=None;gc_cont=0.742
NODE_29_length_79021_cov_60.754683_32 -            822 761140at2            -            323   0.00031   19.2   0.3   1   3   2.1e-06     0.003   16.0   0.0     4    59    39    99    36   137 0.76 # 34943 # 37408 # -1 # ID=29_32;partial=00;start_type=GTG;rbs_motif=GGAG/GAGG;rbs_spacer=5-10bp;gc_cont=0.715
NODE_29_length_79021_cov_60.754683_32 -            822 761140at2            -            323   0.00031   19.2   0.3   2   3      0.97   1.4e+03   -2.7   0.0   136   151   422   438   415   441 0.81 # 34943 # 37408 # -1 # ID=29_32;partial=00;start_type=GTG;rbs_motif=GGAG/GAGG;rbs_spacer=5-10bp;gc_cont=0.715
NODE_29_length_79021_cov_60.754683_32 -            822 761140at2            -            323   0.00031   19.2   0.3   3   3      0.14   2.1e+02    0.1   0.1   250   309   679   733   661   740 0.72 # 34943 # 37408 # -1 # ID=29_32;partial=00;start_type=GTG;rbs_motif=GGAG/GAGG;rbs_spacer=5-10bp;gc_cont=0.715
NODE_59_length_46976_cov_60.733762_39 -            883 761140at2            -            323    0.0023   16.4   3.2   1   5     0.001       1.5    7.1   0.1     3    35    64    97    62   127 0.81 # 35986 # 38634 # 1 # ID=59_39;partial=00;start_type=ATG;rbs_motif=None;rbs_spacer=None;gc_cont=0.723
NODE_59_length_46976_cov_60.733762_39 -            883 761140at2            -            323    0.0023   16.4   3.2   2   5      0.15   2.2e+02   -0.0   0.1   134   151   417   435   406   439 0.80 # 35986 # 38634 # 1 # ID=59_39;partial=00;start_type=ATG;rbs_motif=None;rbs_spacer=None;gc_cont=0.723
NODE_59_length_46976_cov_60.733762_39 -            883 761140at2            -            323    0.0023   16.4   3.2   3   5      0.34   4.9e+02   -1.1   0.0   171   195   488   512   486   520 0.81 # 35986 # 38634 # 1 # ID=59_39;partial=00;start_type=ATG;rbs_motif=None;rbs_spacer=None;gc_cont=0.723
NODE_59_length_46976_cov_60.733762_39 -            883 761140at2            -            323    0.0023   16.4   3.2   4   5      0.15   2.2e+02   -0.0   0.0    42    73   534   565   522   569 0.74 # 35986 # 38634 # 1 # ID=59_39;partial=00;start_type=ATG;rbs_motif=None;rbs_spacer=None;gc_cont=0.723
NODE_59_length_46976_cov_60.733762_39 -            883 761140at2            -            323    0.0023   16.4   3.2   5   5    0.0074        11    4.3   0.0   252   309   648   706   630   716 0.78 # 35986 # 38634 # 1 # ID=59_39;partial=00;start_type=ATG;rbs_motif=None;rbs_spacer=None;gc_cont=0.723
NODE_6_length_148173_cov_63.837138_96 -            362 761140at2            -            323     0.051   11.9   0.4   1   2     0.081   1.2e+02    0.9   0.0    12    26    45    59    41    69 0.81 # 104377 # 105462 # 1 # ID=6_96;partial=00;start_type=ATG;rbs_motif=GGAG/GAGG;rbs_spacer=5-10bp;gc_cont=0.727
NODE_6_length_148173_cov_63.837138_96 -            362 761140at2            -            323     0.051   11.9   0.4   2   2   0.00033      0.48    8.8   0.0   205   231   225   251   222   259 0.80 # 104377 # 105462 # 1 # ID=6_96;partial=00;start_type=ATG;rbs_motif=GGAG/GAGG;rbs_spacer=5-10bp;gc_cont=0.727
#
# Program:         hmmsearch
# Version:         3.1b2 (February 2015)
# Pipeline mode:   SEARCH
# Query file:      /home/users/ntm1021/gen-711-final-project/15_assembly_output/busco_downloads/lineages/bacteria_odb10/hmms/761140at2.hmm
# Target file:     /home/users/ntm1021/gen-711-final-project/15_assembly_output/busco-results/prodigal_output/predicted_genes/predicted.faa
# Option settings: hmmsearch --domtblout /home/users/ntm1021/gen-711-final-project/15_assembly_output/busco-results/run_bacteria_odb10/hmmer_output/761140at2.out --cpu 1 /home/users/ntm1021/gen-711-final-project/15_assembly_output/busco_downloads/lineages/bacteria_odb10/hmms/761140at2.hmm /home/users/ntm1021/gen-711-final-project/15_assembly_output/busco-results/prodigal_output/predicted_genes/predicted.faa 
# Current dir:     /home/users/ntm1021/gen-711-final-project/15_assembly_output
# Date:            Fri May  3 15:54:18 2024
# [ok]
