#                                                                                              --- full sequence --- -------------- this domain -------------   hmm coord   ali coord   env coord
# target name                          accession   tlen query name           accession   qlen   E-value  score  bias   #  of  c-Evalue  i-Evalue  score  bias  from    to  from    to  from    to  acc description of target
#                  ------------------- ---------- ----- -------------------- ---------- ----- --------- ------ ----- --- --- --------- --------- ------ ----- ----- ----- ----- ----- ----- ----- ---- ---------------------
NODE_50_length_54447_cov_57.719919_24  -            221 776861at2            -            618   1.2e-69  234.1   7.2   1   1   2.6e-72   1.3e-69  233.9   7.2   409   611     3   219     1   220 0.96 # 22215 # 22877 # 1 # ID=50_24;partial=00;start_type=GTG;rbs_motif=AGGA;rbs_spacer=5-10bp;gc_cont=0.753
NODE_22_length_92654_cov_62.008560_51  -            424 776861at2            -            618   8.4e-60  201.5   0.0   1   1   2.1e-62     1e-59  201.2   0.0    12   400    15   419     8   423 0.88 # 49923 # 51194 # 1 # ID=22_51;partial=00;start_type=ATG;rbs_motif=None;rbs_spacer=None;gc_cont=0.770
NODE_66_length_44859_cov_58.019449_40  -            434 776861at2            -            618   1.3e-10   39.1   0.1   1   1   4.7e-13   2.3e-10   38.2   0.1    11   296    13   304     4   353 0.76 # 38288 # 39589 # -1 # ID=66_40;partial=00;start_type=ATG;rbs_motif=GGA/GAG/AGG;rbs_spacer=5-10bp;gc_cont=0.734
NODE_3_length_180888_cov_65.292917_15  -            169 776861at2            -            618   8.4e-05   19.8   0.1   1   1     2e-07   9.7e-05   19.6   0.1   412   458     5    51     1    72 0.80 # 9366 # 9872 # 1 # ID=3_15;partial=00;start_type=GTG;rbs_motif=None;rbs_spacer=None;gc_cont=0.751
NODE_73_length_42184_cov_55.865730_24  -            201 776861at2            -            618   0.00018   18.7   0.1   1   2   1.3e-06   0.00063   16.9   0.0   406   453     5    52     1   113 0.69 # 23049 # 23651 # -1 # ID=73_24;partial=00;start_type=ATG;rbs_motif=GGA/GAG/AGG;rbs_spacer=5-10bp;gc_cont=0.750
NODE_73_length_42184_cov_55.865730_24  -            201 776861at2            -            618   0.00018   18.7   0.1   2   2      0.26   1.3e+02   -0.6   0.0   589   608   155   174   150   182 0.83 # 23049 # 23651 # -1 # ID=73_24;partial=00;start_type=ATG;rbs_motif=GGA/GAG/AGG;rbs_spacer=5-10bp;gc_cont=0.750
NODE_67_length_44483_cov_59.932072_39  -            217 776861at2            -            618    0.0003   18.0   0.0   1   1     7e-07   0.00034   17.8   0.0   411   446     3    38     1    78 0.89 # 36971 # 37621 # -1 # ID=67_39;partial=00;start_type=GTG;rbs_motif=None;rbs_spacer=None;gc_cont=0.670
NODE_30_length_78718_cov_62.943645_67  -            240 776861at2            -            618   0.00046   17.4   0.0   1   1   1.4e-06   0.00067   16.8   0.0   406   432    28    54    22    58 0.86 # 60983 # 61702 # 1 # ID=30_67;partial=00;start_type=ATG;rbs_motif=GGA/GAG/AGG;rbs_spacer=5-10bp;gc_cont=0.669
NODE_31_length_78424_cov_60.740067_6   -            308 776861at2            -            618    0.0011   16.2   0.1   1   1   2.7e-06    0.0013   15.9   0.1   408   447     4    45     1    94 0.78 # 5047 # 5970 # -1 # ID=31_6;partial=00;start_type=GTG;rbs_motif=None;rbs_spacer=None;gc_cont=0.745
NODE_9_length_125761_cov_62.655993_42  -            491 776861at2            -            618    0.0038   14.3   0.1   1   2   0.00015     0.074   10.1   0.0   403   432   308   337   288   371 0.85 # 44785 # 46257 # -1 # ID=9_42;partial=00;start_type=GTG;rbs_motif=GGAG/GAGG;rbs_spacer=5-10bp;gc_cont=0.753
NODE_9_length_125761_cov_62.655993_42  -            491 776861at2            -            618    0.0038   14.3   0.1   2   2     0.044        22    2.0   0.0   579   608   451   481   447   485 0.84 # 44785 # 46257 # -1 # ID=9_42;partial=00;start_type=GTG;rbs_motif=GGAG/GAGG;rbs_spacer=5-10bp;gc_cont=0.753
NODE_73_length_42184_cov_55.865730_33  -           1041 776861at2            -            618    0.0041   14.2   0.0   1   1   1.4e-05     0.007   13.5   0.0   395   438   281   324   271   357 0.82 # 31864 # 34986 # -1 # ID=73_33;partial=00;start_type=ATG;rbs_motif=GGAG/GAGG;rbs_spacer=5-10bp;gc_cont=0.719
NODE_129_length_21457_cov_56.876934_5  -            168 776861at2            -            618    0.0054   13.9   0.0   1   1   1.3e-05    0.0064   13.6   0.0   415   440    10    35     2    68 0.92 # 4015 # 4518 # 1 # ID=129_5;partial=00;start_type=ATG;rbs_motif=GGA/GAG/AGG;rbs_spacer=5-10bp;gc_cont=0.756
NODE_21_length_94192_cov_58.135077_54  -            255 776861at2            -            618    0.0074   13.4   0.1   1   1     2e-05    0.0096   13.0   0.1   412   441    38    67    17   119 0.85 # 55840 # 56604 # 1 # ID=21_54;partial=00;start_type=ATG;rbs_motif=GGA/GAG/AGG;rbs_spacer=5-10bp;gc_cont=0.695
NODE_23_length_91824_cov_63.272637_53  -            227 776861at2            -            618     0.013   12.6   0.1   1   1   3.6e-05     0.018   12.2   0.1   407   429    29    51     5    55 0.79 # 56355 # 57035 # -1 # ID=23_53;partial=00;start_type=ATG;rbs_motif=AGGAG;rbs_spacer=5-10bp;gc_cont=0.759
NODE_10_length_120923_cov_61.740529_70 -            382 776861at2            -            618     0.014   12.4   0.1   1   1   4.2e-05      0.02   11.9   0.1   403   444   151   190   142   201 0.86 # 73134 # 74279 # 1 # ID=10_70;partial=00;start_type=ATG;rbs_motif=GGAG/GAGG;rbs_spacer=5-10bp;gc_cont=0.747
NODE_166_length_13774_cov_58.616619_7  -            231 776861at2            -            618     0.017   12.2   0.0   1   1   5.1e-05     0.025   11.7   0.0   386   425     7    45     2    50 0.85 # 4106 # 4798 # -1 # ID=166_7;partial=00;start_type=GTG;rbs_motif=GGA/GAG/AGG;rbs_spacer=5-10bp;gc_cont=0.750
NODE_147_length_18815_cov_54.630619_5  -            213 776861at2            -            618     0.021   11.9   0.0   1   1   5.7e-05     0.028   11.5   0.0   415   454     8    47     2    72 0.82 # 5098 # 5736 # 1 # ID=147_5;partial=00;start_type=ATG;rbs_motif=AGxAGG/AGGxGG;rbs_spacer=5-10bp;gc_cont=0.704
NODE_100_length_30479_cov_56.165426_12 -            279 776861at2            -            618     0.026   11.6   0.0   1   1   7.7e-05     0.037   11.1   0.0   378   429    11    61     3    66 0.82 # 12338 # 13174 # 1 # ID=100_12;partial=00;start_type=ATG;rbs_motif=AGxAGG/AGGxGG;rbs_spacer=3-4bp;gc_cont=0.730
NODE_36_length_69477_cov_64.592112_66  -            311 776861at2            -            618      0.04   11.0   0.1   1   1   0.00011     0.055   10.5   0.1   406   450   120   164   103   182 0.84 # 68089 # 69021 # -1 # ID=36_66;partial=00;start_type=ATG;rbs_motif=GGAGG;rbs_spacer=5-10bp;gc_cont=0.682
#
# Program:         hmmsearch
# Version:         3.1b2 (February 2015)
# Pipeline mode:   SEARCH
# Query file:      /home/users/ntm1021/gen-711-final-project/15_assembly_output/busco_downloads/lineages/bacteria_odb10/hmms/776861at2.hmm
# Target file:     /home/users/ntm1021/gen-711-final-project/15_assembly_output/busco-results/prodigal_output/predicted_genes/predicted.faa
# Option settings: hmmsearch --domtblout /home/users/ntm1021/gen-711-final-project/15_assembly_output/busco-results/run_bacteria_odb10/hmmer_output/776861at2.out --cpu 1 /home/users/ntm1021/gen-711-final-project/15_assembly_output/busco_downloads/lineages/bacteria_odb10/hmms/776861at2.hmm /home/users/ntm1021/gen-711-final-project/15_assembly_output/busco-results/prodigal_output/predicted_genes/predicted.faa 
# Current dir:     /home/users/ntm1021/gen-711-final-project/15_assembly_output
# Date:            Fri May  3 15:54:18 2024
# [ok]
