#                                                                                              --- full sequence --- -------------- this domain -------------   hmm coord   ali coord   env coord
# target name                          accession   tlen query name           accession   qlen   E-value  score  bias   #  of  c-Evalue  i-Evalue  score  bias  from    to  from    to  from    to  acc description of target
#                  ------------------- ---------- ----- -------------------- ---------- ----- --------- ------ ----- --- --- --------- --------- ------ ----- ----- ----- ----- ----- ----- ----- ---- ---------------------
NODE_77_length_40321_cov_59.510176_22  -            356 874197at2            -            274  4.4e-115  382.5   0.4   1   1    3e-117  8.1e-115  381.7   0.4     1   273    22   323    22   324 0.92 # 17724 # 18791 # 1 # ID=77_22;partial=00;start_type=GTG;rbs_motif=None;rbs_spacer=None;gc_cont=0.743
NODE_77_length_40321_cov_59.510176_38  -            461 874197at2            -            274   8.4e-09   33.9   0.0   1   1     5e-11   1.3e-08   33.3   0.0    37   113    77   162    45   175 0.74 # 34931 # 36313 # 1 # ID=77_38;partial=00;start_type=GTG;rbs_motif=GGA/GAG/AGG;rbs_spacer=11-12bp;gc_cont=0.735
NODE_29_length_79021_cov_60.754683_14  -            849 874197at2            -            274   9.5e-09   33.8   0.1   1   2   8.3e-06    0.0022   16.2   0.0     9    57   286   344   281   400 0.70 # 13955 # 16501 # -1 # ID=29_14;partial=00;start_type=ATG;rbs_motif=None;rbs_spacer=None;gc_cont=0.743
NODE_29_length_79021_cov_60.754683_14  -            849 874197at2            -            274   9.5e-09   33.8   0.1   2   2   1.8e-05    0.0047   15.1   0.0    33    57   610   634   573   688 0.75 # 13955 # 16501 # -1 # ID=29_14;partial=00;start_type=ATG;rbs_motif=None;rbs_spacer=None;gc_cont=0.743
NODE_94_length_33179_cov_58.991559_17  -            402 874197at2            -            274   4.5e-07   28.3   0.7   1   2   3.4e-09     9e-07   27.3   0.0     8    99    61   173    55   181 0.72 # 18194 # 19399 # 1 # ID=94_17;partial=00;start_type=ATG;rbs_motif=None;rbs_spacer=None;gc_cont=0.735
NODE_94_length_33179_cov_58.991559_17  -            402 874197at2            -            274   4.5e-07   28.3   0.7   2   2       3.3   8.9e+02   -2.2   0.1   204   228   315   339   306   376 0.55 # 18194 # 19399 # 1 # ID=94_17;partial=00;start_type=ATG;rbs_motif=None;rbs_spacer=None;gc_cont=0.735
NODE_204_length_7607_cov_54.108021_1   -            603 874197at2            -            274   8.5e-07   27.4   0.5   1   2   0.00014     0.036   12.2   0.0    30    72    83   125    50   143 0.75 # 131 # 1939 # 1 # ID=204_1;partial=00;start_type=GTG;rbs_motif=GGAG/GAGG;rbs_spacer=5-10bp;gc_cont=0.763
NODE_204_length_7607_cov_54.108021_1   -            603 874197at2            -            274   8.5e-07   27.4   0.5   2   2   7.7e-05      0.02   13.0   0.1    32    60   358   386   322   439 0.64 # 131 # 1939 # 1 # ID=204_1;partial=00;start_type=GTG;rbs_motif=GGAG/GAGG;rbs_spacer=5-10bp;gc_cont=0.763
NODE_199_length_8336_cov_59.657084_3   -            669 874197at2            -            274   9.4e-07   27.2   0.0   1   1   6.7e-09   1.8e-06   26.3   0.0    33    96   194   265   160   270 0.72 # 1700 # 3706 # 1 # ID=199_3;partial=00;start_type=ATG;rbs_motif=None;rbs_spacer=None;gc_cont=0.679
NODE_59_length_46976_cov_60.733762_21  -            425 874197at2            -            274   3.3e-05   22.1   0.2   1   2   3.1e-07   8.2e-05   20.8   0.0    12    84    76   164    66   198 0.63 # 21905 # 23179 # 1 # ID=59_21;partial=00;start_type=GTG;rbs_motif=AGGAG;rbs_spacer=5-10bp;gc_cont=0.657
NODE_59_length_46976_cov_60.733762_21  -            425 874197at2            -            274   3.3e-05   22.1   0.2   2   2       8.1   2.2e+03   -3.5   0.0   198   239   332   374   331   378 0.72 # 21905 # 23179 # 1 # ID=59_21;partial=00;start_type=GTG;rbs_motif=AGGAG;rbs_spacer=5-10bp;gc_cont=0.657
NODE_72_length_42617_cov_57.499553_14  -            588 874197at2            -            274   6.4e-05   21.2   0.0   1   1   6.2e-07   0.00017   19.9   0.0    35    67   266   298   242   303 0.83 # 15943 # 17706 # 1 # ID=72_14;partial=00;start_type=GTG;rbs_motif=AGGAG;rbs_spacer=5-10bp;gc_cont=0.650
NODE_197_length_8436_cov_65.593453_2   -            457 874197at2            -            274     7e-05   21.1   0.0   1   1   4.2e-07   0.00011   20.4   0.0    33    65   208   240   173   285 0.70 # 563 # 1933 # -1 # ID=197_2;partial=00;start_type=GTG;rbs_motif=GGAG/GAGG;rbs_spacer=5-10bp;gc_cont=0.712
NODE_129_length_21457_cov_56.876934_5  -            168 874197at2            -            274   8.6e-05   20.8   0.1   1   1   4.9e-07   0.00013   20.2   0.1    38    75     6    43     2    51 0.88 # 4015 # 4518 # 1 # ID=129_5;partial=00;start_type=ATG;rbs_motif=GGA/GAG/AGG;rbs_spacer=5-10bp;gc_cont=0.756
NODE_25_length_88126_cov_59.419221_16  -            512 874197at2            -            274   0.00015   20.0   0.0   1   1     1e-06   0.00028   19.1   0.0    35   100   279   344   260   350 0.83 # 15195 # 16730 # 1 # ID=25_16;partial=00;start_type=GTG;rbs_motif=AGxAGG/AGGxGG;rbs_spacer=5-10bp;gc_cont=0.739
NODE_36_length_69477_cov_64.592112_4   -            897 874197at2            -            274   0.00022   19.4   0.1   1   2     0.026         7    4.7   0.0     5    59   366   416   362   422 0.79 # 2259 # 4949 # 1 # ID=36_4;partial=00;start_type=TTG;rbs_motif=GGAG/GAGG;rbs_spacer=5-10bp;gc_cont=0.739
NODE_36_length_69477_cov_64.592112_4   -            897 874197at2            -            274   0.00022   19.4   0.1   2   2   0.00015     0.039   12.1   0.0    30    73   644   687   610   738 0.60 # 2259 # 4949 # 1 # ID=36_4;partial=00;start_type=TTG;rbs_motif=GGAG/GAGG;rbs_spacer=5-10bp;gc_cont=0.739
NODE_160_length_15741_cov_60.746381_4  -            867 874197at2            -            274   0.00035   18.8   0.2   1   2     0.021       5.6    5.0   0.2    36    98   200   283   184   294 0.53 # 2491 # 5091 # 1 # ID=160_4;partial=00;start_type=ATG;rbs_motif=GGAG/GAGG;rbs_spacer=5-10bp;gc_cont=0.725
NODE_160_length_15741_cov_60.746381_4  -            867 874197at2            -            274   0.00035   18.8   0.2   2   2    0.0011      0.29    9.2   0.0    31    57   594   620   567   633 0.70 # 2491 # 5091 # 1 # ID=160_4;partial=00;start_type=ATG;rbs_motif=GGAG/GAGG;rbs_spacer=5-10bp;gc_cont=0.725
NODE_138_length_19977_cov_56.091083_13 -            841 874197at2            -            274   0.00036   18.7   0.6   1   2     0.022       5.8    4.9   0.5    35    59   231   255   215   318 0.77 # 13066 # 15588 # 1 # ID=138_13;partial=00;start_type=ATG;rbs_motif=AGxAGG/AGGxGG;rbs_spacer=5-10bp;gc_cont=0.746
NODE_138_length_19977_cov_56.091083_13 -            841 874197at2            -            274   0.00036   18.7   0.6   2   2    0.0011       0.3    9.1   0.0    32    59   562   589   532   598 0.78 # 13066 # 15588 # 1 # ID=138_13;partial=00;start_type=ATG;rbs_motif=AGxAGG/AGGxGG;rbs_spacer=5-10bp;gc_cont=0.746
NODE_1_length_277192_cov_63.518373_262 -           1251 874197at2            -            274   0.00051   18.3   0.1   1   2       0.1        28    2.7   0.0    31    58   751   778   741   784 0.83 # 259384 # 263136 # 1 # ID=1_262;partial=00;start_type=GTG;rbs_motif=GGAG/GAGG;rbs_spacer=5-10bp;gc_cont=0.770
NODE_1_length_277192_cov_63.518373_262 -           1251 874197at2            -            274   0.00051   18.3   0.1   2   2   7.8e-05     0.021   13.0   0.0    32    56  1017  1041   981  1064 0.82 # 259384 # 263136 # 1 # ID=1_262;partial=00;start_type=GTG;rbs_motif=GGAG/GAGG;rbs_spacer=5-10bp;gc_cont=0.770
NODE_7_length_126049_cov_57.128016_102 -            657 874197at2            -            274   0.00056   18.1   0.0   1   1   3.7e-06   0.00097   17.3   0.0     3    61   292   350   290   376 0.90 # 123361 # 125331 # 1 # ID=7_102;partial=00;start_type=ATG;rbs_motif=GGA/GAG/AGG;rbs_spacer=5-10bp;gc_cont=0.736
NODE_154_length_16778_cov_50.304786_16 -            197 874197at2            -            274   0.00068   17.8   0.0   1   2     5e-06    0.0013   16.9   0.0    37    64    16    43     2    56 0.85 # 9692 # 10282 # -1 # ID=154_16;partial=00;start_type=ATG;rbs_motif=GGA/GAG/AGG;rbs_spacer=5-10bp;gc_cont=0.719
NODE_154_length_16778_cov_50.304786_16 -            197 874197at2            -            274   0.00068   17.8   0.0   2   2         7   1.9e+03   -3.3   0.0   253   273   158   178   151   179 0.82 # 9692 # 10282 # -1 # ID=154_16;partial=00;start_type=ATG;rbs_motif=GGA/GAG/AGG;rbs_spacer=5-10bp;gc_cont=0.719
NODE_264_length_2280_cov_122.039480_1  -            759 874197at2            -            274   0.00069   17.8   1.0   1   2     0.014       3.6    5.6   0.7    36    99   209   292   185   297 0.51 # 3 # 2279 # 1 # ID=264_1;partial=11;start_type=Edge;rbs_motif=None;rbs_spacer=None;gc_cont=0.646
NODE_264_length_2280_cov_122.039480_1  -            759 874197at2            -            274   0.00069   17.8   1.0   2   2    0.0055       1.5    6.9   0.0    12    57   518   567   510   572 0.70 # 3 # 2279 # 1 # ID=264_1;partial=11;start_type=Edge;rbs_motif=None;rbs_spacer=None;gc_cont=0.646
NODE_21_length_94192_cov_58.135077_69  -            533 874197at2            -            274     0.001   17.2   0.1   1   2   5.6e-05     0.015   13.4   0.0    21    59    13    51     4    73 0.87 # 67932 # 69530 # 1 # ID=21_69;partial=00;start_type=GTG;rbs_motif=AGGA/GGAG/GAGG;rbs_spacer=11-12bp;gc_cont=0.714
NODE_21_length_94192_cov_58.135077_69  -            533 874197at2            -            274     0.001   17.2   0.1   2   2       0.3        81    1.2   0.0    36    56   352   372   329   378 0.74 # 67932 # 69530 # 1 # ID=21_69;partial=00;start_type=GTG;rbs_motif=AGGA/GGAG/GAGG;rbs_spacer=11-12bp;gc_cont=0.714
NODE_7_length_126049_cov_57.128016_95  -            684 874197at2            -            274    0.0012   17.0   0.0   1   1   7.3e-06    0.0019   16.4   0.0     3    59   336   393   334   424 0.89 # 113770 # 115821 # 1 # ID=7_95;partial=00;start_type=ATG;rbs_motif=AGxAGG/AGGxGG;rbs_spacer=5-10bp;gc_cont=0.744
NODE_58_length_47128_cov_60.388460_3   -            327 874197at2            -            274    0.0015   16.7   0.0   1   1   1.4e-05    0.0037   15.4   0.0    38    60    71    93    57   104 0.88 # 8940 # 9920 # -1 # ID=58_3;partial=00;start_type=GTG;rbs_motif=GGAGG;rbs_spacer=5-10bp;gc_cont=0.736
NODE_13_length_111685_cov_65.013338_78 -            781 874197at2            -            274    0.0016   16.6   0.0   1   1   1.4e-05    0.0036   15.5   0.0     5    68    10    70     7    96 0.79 # 71797 # 74139 # 1 # ID=13_78;partial=00;start_type=ATG;rbs_motif=AGGAGG;rbs_spacer=5-10bp;gc_cont=0.718
NODE_129_length_21457_cov_56.876934_20 -            345 874197at2            -            274    0.0023   16.1   0.0   1   2       2.3   6.1e+02   -1.7   0.0   231   254    27    50    25    63 0.82 # 17727 # 18761 # -1 # ID=129_20;partial=00;start_type=GTG;rbs_motif=AGGAG;rbs_spacer=5-10bp;gc_cont=0.729
NODE_129_length_21457_cov_56.876934_20 -            345 874197at2            -            274    0.0023   16.1   0.0   2   2   4.3e-05     0.011   13.8   0.0    35    66    66    97    55   111 0.88 # 17727 # 18761 # -1 # ID=129_20;partial=00;start_type=GTG;rbs_motif=AGGAG;rbs_spacer=5-10bp;gc_cont=0.729
NODE_175_length_12272_cov_44.488267_8  -            288 874197at2            -            274    0.0034   15.5   0.1   1   2   7.4e-05      0.02   13.1   0.0    36    63    37    64    17    82 0.83 # 8995 # 9858 # 1 # ID=175_8;partial=00;start_type=ATG;rbs_motif=GGA/GAG/AGG;rbs_spacer=5-10bp;gc_cont=0.714
NODE_175_length_12272_cov_44.488267_8  -            288 874197at2            -            274    0.0034   15.5   0.1   2   2      0.68   1.8e+02    0.0   0.0    88   123   128   165   112   241 0.67 # 8995 # 9858 # 1 # ID=175_8;partial=00;start_type=ATG;rbs_motif=GGA/GAG/AGG;rbs_spacer=5-10bp;gc_cont=0.714
NODE_110_length_26624_cov_49.613579_9  -            800 874197at2            -            274    0.0035   15.5   0.0   1   2   3.6e-05    0.0096   14.1   0.0    38    66   360   388   322   401 0.82 # 8645 # 11044 # 1 # ID=110_9;partial=00;start_type=ATG;rbs_motif=GGAG/GAGG;rbs_spacer=5-10bp;gc_cont=0.741
NODE_110_length_26624_cov_49.613579_9  -            800 874197at2            -            274    0.0035   15.5   0.0   2   2         7   1.8e+03   -3.3   0.0   124   159   467   502   465   516 0.71 # 8645 # 11044 # 1 # ID=110_9;partial=00;start_type=ATG;rbs_motif=GGAG/GAGG;rbs_spacer=5-10bp;gc_cont=0.741
NODE_11_length_120233_cov_61.958612_58 -            634 874197at2            -            274    0.0041   15.3   0.0   1   1   2.8e-05    0.0075   14.4   0.0    37    60   377   400   366   408 0.86 # 75953 # 77854 # 1 # ID=11_58;partial=00;start_type=ATG;rbs_motif=GGAG/GAGG;rbs_spacer=5-10bp;gc_cont=0.656
NODE_10_length_120923_cov_61.740529_50 -            833 874197at2            -            274     0.015   13.5   0.1   1   2       8.1   2.1e+03   -3.5   0.0    56   102   311   361   308   379 0.69 # 51264 # 53762 # 1 # ID=10_50;partial=00;start_type=ATG;rbs_motif=GGAG/GAGG;rbs_spacer=5-10bp;gc_cont=0.717
NODE_10_length_120923_cov_61.740529_50 -            833 874197at2            -            274     0.015   13.5   0.1   2   2   0.00013     0.035   12.2   0.0     6    84   444   517   440   521 0.77 # 51264 # 53762 # 1 # ID=10_50;partial=00;start_type=ATG;rbs_motif=GGAG/GAGG;rbs_spacer=5-10bp;gc_cont=0.717
NODE_38_length_67417_cov_57.654644_30  -            967 874197at2            -            274     0.016   13.3   0.0   1   1   0.00011     0.029   12.5   0.0     3    59   263   318   261   326 0.82 # 28471 # 31371 # 1 # ID=38_30;partial=00;start_type=ATG;rbs_motif=AGxAGG/AGGxGG;rbs_spacer=5-10bp;gc_cont=0.770
NODE_157_length_15991_cov_56.492121_14 -            301 874197at2            -            274     0.038   12.1   0.1   1   2    0.0019       0.5    8.4   0.0    38    63    47    72    41    86 0.89 # 10491 # 11393 # 1 # ID=157_14;partial=00;start_type=GTG;rbs_motif=None;rbs_spacer=None;gc_cont=0.765
NODE_157_length_15991_cov_56.492121_14 -            301 874197at2            -            274     0.038   12.1   0.1   2   2      0.29        76    1.3   0.0    80   114   128   166   121   200 0.78 # 10491 # 11393 # 1 # ID=157_14;partial=00;start_type=GTG;rbs_motif=None;rbs_spacer=None;gc_cont=0.765
NODE_67_length_44483_cov_59.932072_39  -            217 874197at2            -            274     0.038   12.1   0.0   1   1   0.00023     0.062   11.4   0.0    38    61     3    26     1    39 0.85 # 36971 # 37621 # -1 # ID=67_39;partial=00;start_type=GTG;rbs_motif=None;rbs_spacer=None;gc_cont=0.670
NODE_1_length_277192_cov_63.518373_113 -            545 874197at2            -            274     0.056   11.6   0.1   1   2       6.2   1.6e+03   -3.1   0.0    40    57    43    60    35    65 0.83 # 111556 # 113190 # -1 # ID=1_113;partial=00;start_type=GTG;rbs_motif=GGAG/GAGG;rbs_spacer=5-10bp;gc_cont=0.754
NODE_1_length_277192_cov_63.518373_113 -            545 874197at2            -            274     0.056   11.6   0.1   2   2   0.00053      0.14   10.2   0.0    36    59   375   398   356   408 0.87 # 111556 # 113190 # -1 # ID=1_113;partial=00;start_type=GTG;rbs_motif=GGAG/GAGG;rbs_spacer=5-10bp;gc_cont=0.754
NODE_225_length_5467_cov_47.215730_4   -            344 874197at2            -            274     0.057   11.5   0.0   1   1   0.00039       0.1   10.7   0.0    36    81    66   111    39   173 0.73 # 3366 # 4397 # -1 # ID=225_4;partial=00;start_type=GTG;rbs_motif=GGA/GAG/AGG;rbs_spacer=5-10bp;gc_cont=0.743
NODE_61_length_46818_cov_57.698764_2   -            394 874197at2            -            274     0.062   11.4   0.0   1   1   0.00036     0.094   10.8   0.0    36    58   205   227   187   236 0.78 # 887 # 2068 # -1 # ID=61_2;partial=00;start_type=ATG;rbs_motif=GGA/GAG/AGG;rbs_spacer=5-10bp;gc_cont=0.742
#
# Program:         hmmsearch
# Version:         3.1b2 (February 2015)
# Pipeline mode:   SEARCH
# Query file:      /home/users/ntm1021/gen-711-final-project/15_assembly_output/busco_downloads/lineages/bacteria_odb10/hmms/874197at2.hmm
# Target file:     /home/users/ntm1021/gen-711-final-project/15_assembly_output/busco-results/prodigal_output/predicted_genes/predicted.faa
# Option settings: hmmsearch --domtblout /home/users/ntm1021/gen-711-final-project/15_assembly_output/busco-results/run_bacteria_odb10/hmmer_output/874197at2.out --cpu 1 /home/users/ntm1021/gen-711-final-project/15_assembly_output/busco_downloads/lineages/bacteria_odb10/hmms/874197at2.hmm /home/users/ntm1021/gen-711-final-project/15_assembly_output/busco-results/prodigal_output/predicted_genes/predicted.faa 
# Current dir:     /home/users/ntm1021/gen-711-final-project/15_assembly_output
# Date:            Fri May  3 15:54:19 2024
# [ok]
