#                                                                                              --- full sequence --- -------------- this domain -------------   hmm coord   ali coord   env coord
# target name                          accession   tlen query name           accession   qlen   E-value  score  bias   #  of  c-Evalue  i-Evalue  score  bias  from    to  from    to  from    to  acc description of target
#                  ------------------- ---------- ----- -------------------- ---------- ----- --------- ------ ----- --- --- --------- --------- ------ ----- ----- ----- ----- ----- ----- ----- ---- ---------------------
NODE_77_length_40321_cov_59.510176_41  -            890 91428at2             -            555  1.9e-157  523.9  12.5   1   4    9e-113    2e-109  365.4   0.0     1   330     1   442     1   476 0.79 # 37205 # 39874 # 1 # ID=77_41;partial=00;start_type=ATG;rbs_motif=AGGA/GGAG/GAGG;rbs_spacer=11-12bp;gc_cont=0.721
NODE_77_length_40321_cov_59.510176_41  -            890 91428at2             -            555  1.9e-157  523.9  12.5   2   4   1.6e-09   3.5e-06   24.5   0.1   332   363   496   527   487   548 0.83 # 37205 # 39874 # 1 # ID=77_41;partial=00;start_type=ATG;rbs_motif=AGGA/GGAG/GAGG;rbs_spacer=11-12bp;gc_cont=0.721
NODE_77_length_40321_cov_59.510176_41  -            890 91428at2             -            555  1.9e-157  523.9  12.5   3   4   1.4e-41   3.2e-38  130.3   0.5   360   534   573   777   551   781 0.72 # 37205 # 39874 # 1 # ID=77_41;partial=00;start_type=ATG;rbs_motif=AGGA/GGAG/GAGG;rbs_spacer=11-12bp;gc_cont=0.721
NODE_77_length_40321_cov_59.510176_41  -            890 91428at2             -            555  1.9e-157  523.9  12.5   4   4    0.0028       6.1    4.0   0.9   538   554   854   870   807   871 0.75 # 37205 # 39874 # 1 # ID=77_41;partial=00;start_type=ATG;rbs_motif=AGGA/GGAG/GAGG;rbs_spacer=11-12bp;gc_cont=0.721
NODE_59_length_46976_cov_60.733762_1   -            880 91428at2             -            555  4.1e-151  502.9   0.0   1   4   1.5e-89   3.2e-86  288.7   0.0     1   250     1   320     1   325 0.84 # 2 # 2641 # -1 # ID=59_1;partial=10;start_type=ATG;rbs_motif=GGAG/GAGG;rbs_spacer=5-10bp;gc_cont=0.745
NODE_59_length_46976_cov_60.733762_1   -            880 91428at2             -            555  4.1e-151  502.9   0.0   2   4   8.9e-17   1.9e-13   48.5   0.0   250   333   342   444   334   475 0.78 # 2 # 2641 # -1 # ID=59_1;partial=10;start_type=ATG;rbs_motif=GGAG/GAGG;rbs_spacer=5-10bp;gc_cont=0.745
NODE_59_length_46976_cov_60.733762_1   -            880 91428at2             -            555  4.1e-151  502.9   0.0   3   4     1e-09   2.3e-06   25.2   0.1   334   368   501   535   493   559 0.79 # 2 # 2641 # -1 # ID=59_1;partial=10;start_type=ATG;rbs_motif=GGAG/GAGG;rbs_spacer=5-10bp;gc_cont=0.745
NODE_59_length_46976_cov_60.733762_1   -            880 91428at2             -            555  4.1e-151  502.9   0.0   4   4   1.3e-42     3e-39  133.7   0.2   359   514   578   750   567   784 0.79 # 2 # 2641 # -1 # ID=59_1;partial=10;start_type=ATG;rbs_motif=GGAG/GAGG;rbs_spacer=5-10bp;gc_cont=0.745
NODE_12_length_116772_cov_62.935617_64 -            306 91428at2             -            555   3.4e-06   24.6   0.0   1   2    0.0081        18    2.4   0.0   335   355    82   102    73   113 0.88 # 54493 # 55410 # -1 # ID=12_64;partial=00;start_type=ATG;rbs_motif=None;rbs_spacer=None;gc_cont=0.673
NODE_12_length_116772_cov_62.935617_64 -            306 91428at2             -            555   3.4e-06   24.6   0.0   2   2   3.6e-07    0.0008   16.8   0.0   414   475   226   288   146   293 0.78 # 54493 # 55410 # -1 # ID=12_64;partial=00;start_type=ATG;rbs_motif=None;rbs_spacer=None;gc_cont=0.673
NODE_31_length_78424_cov_60.740067_16  -            513 91428at2             -            555     0.013   12.8   0.9   1   2   2.4e-05     0.053   10.7   1.5   467   543    96   172    89   181 0.90 # 15715 # 17253 # -1 # ID=31_16;partial=00;start_type=ATG;rbs_motif=AGGA;rbs_spacer=5-10bp;gc_cont=0.702
NODE_31_length_78424_cov_60.740067_16  -            513 91428at2             -            555     0.013   12.8   0.9   2   2      0.76   1.7e+03   -4.1   0.0    50    76   288   316   286   319 0.82 # 15715 # 17253 # -1 # ID=31_16;partial=00;start_type=ATG;rbs_motif=AGGA;rbs_spacer=5-10bp;gc_cont=0.702
#
# Program:         hmmsearch
# Version:         3.1b2 (February 2015)
# Pipeline mode:   SEARCH
# Query file:      /home/users/ntm1021/gen-711-final-project/15_assembly_output/busco_downloads/lineages/bacteria_odb10/hmms/91428at2.hmm
# Target file:     /home/users/ntm1021/gen-711-final-project/15_assembly_output/busco-results/prodigal_output/predicted_genes/predicted.faa
# Option settings: hmmsearch --domtblout /home/users/ntm1021/gen-711-final-project/15_assembly_output/busco-results/run_bacteria_odb10/hmmer_output/91428at2.out --cpu 1 /home/users/ntm1021/gen-711-final-project/15_assembly_output/busco_downloads/lineages/bacteria_odb10/hmms/91428at2.hmm /home/users/ntm1021/gen-711-final-project/15_assembly_output/busco-results/prodigal_output/predicted_genes/predicted.faa 
# Current dir:     /home/users/ntm1021/gen-711-final-project/15_assembly_output
# Date:            Fri May  3 15:54:20 2024
# [ok]
