#                                                                                               --- full sequence --- -------------- this domain -------------   hmm coord   ali coord   env coord
# target name                           accession   tlen query name           accession   qlen   E-value  score  bias   #  of  c-Evalue  i-Evalue  score  bias  from    to  from    to  from    to  acc description of target
#                   ------------------- ---------- ----- -------------------- ---------- ----- --------- ------ ----- --- --- --------- --------- ------ ----- ----- ----- ----- ----- ----- ----- ---- ---------------------
NODE_51_length_54065_cov_58.076829_28   -            703 95696at2             -            490    1e-223  742.4   3.1   1   1  5.8e-225  5.1e-222  736.8   3.1     2   478    45   599    44   608 0.90 # 35019 # 37127 # 1 # ID=51_28;partial=00;start_type=ATG;rbs_motif=GGA/GAG/AGG;rbs_spacer=5-10bp;gc_cont=0.691
NODE_9_length_125761_cov_62.655993_46   -           1222 95696at2             -            490   6.1e-09   34.0   0.1   1   2     2e-06    0.0017   16.0   0.0   118   167   170   225   165   237 0.85 # 49523 # 53188 # 1 # ID=9_46;partial=00;start_type=ATG;rbs_motif=GGA/GAG/AGG;rbs_spacer=5-10bp;gc_cont=0.721
NODE_9_length_125761_cov_62.655993_46   -           1222 95696at2             -            490   6.1e-09   34.0   0.1   2   2     3e-06    0.0027   15.4   0.0   351   439   896   978   874  1005 0.78 # 49523 # 53188 # 1 # ID=9_46;partial=00;start_type=ATG;rbs_motif=GGA/GAG/AGG;rbs_spacer=5-10bp;gc_cont=0.721
NODE_76_length_40644_cov_61.598243_5    -            440 95696at2             -            490     1e-06   26.7   0.2   1   2       0.2   1.8e+02   -0.5   0.0     5    42    55   101    51   108 0.63 # 2721 # 4040 # -1 # ID=76_5;partial=00;start_type=TTG;rbs_motif=AGGA;rbs_spacer=5-10bp;gc_cont=0.764
NODE_76_length_40644_cov_61.598243_5    -            440 95696at2             -            490     1e-06   26.7   0.2   2   2   5.1e-09   4.5e-06   24.5   0.1   333   421   247   337   238   355 0.88 # 2721 # 4040 # -1 # ID=76_5;partial=00;start_type=TTG;rbs_motif=AGGA;rbs_spacer=5-10bp;gc_cont=0.764
NODE_12_length_116772_cov_62.935617_107 -            545 95696at2             -            490   2.8e-06   25.2   0.1   1   2     0.047        41    1.6   0.0     6    42    85   127    80   130 0.72 # 97956 # 99590 # 1 # ID=12_107;partial=00;start_type=TTG;rbs_motif=None;rbs_spacer=None;gc_cont=0.736
NODE_12_length_116772_cov_62.935617_107 -            545 95696at2             -            490   2.8e-06   25.2   0.1   2   2   5.3e-08   4.6e-05   21.2   0.0   339   411   283   355   267   390 0.87 # 97956 # 99590 # 1 # ID=12_107;partial=00;start_type=TTG;rbs_motif=None;rbs_spacer=None;gc_cont=0.736
NODE_106_length_27727_cov_65.644058_17  -            470 95696at2             -            490   4.6e-06   24.5   0.1   1   2      0.96   8.4e+02   -2.7   0.0     5    39    64   107    62   112 0.52 # 14124 # 15533 # 1 # ID=106_17;partial=00;start_type=GTG;rbs_motif=GGA/GAG/AGG;rbs_spacer=5-10bp;gc_cont=0.743
NODE_106_length_27727_cov_65.644058_17  -            470 95696at2             -            490   4.6e-06   24.5   0.1   2   2   1.3e-08   1.2e-05   23.2   0.0   337   419   260   344   245   377 0.88 # 14124 # 15533 # 1 # ID=106_17;partial=00;start_type=GTG;rbs_motif=GGA/GAG/AGG;rbs_spacer=5-10bp;gc_cont=0.743
NODE_46_length_57610_cov_60.373171_15   -            731 95696at2             -            490   2.4e-05   22.1   1.8   1   3       2.1   1.8e+03   -3.8   0.1     3    42   298   340   297   348 0.63 # 11867 # 14059 # -1 # ID=46_15;partial=00;start_type=GTG;rbs_motif=None;rbs_spacer=None;gc_cont=0.741
NODE_46_length_57610_cov_60.373171_15   -            731 95696at2             -            490   2.4e-05   22.1   1.8   2   3      0.61   5.3e+02   -2.1   0.0   362   412   362   413   357   422 0.76 # 11867 # 14059 # -1 # ID=46_15;partial=00;start_type=GTG;rbs_motif=None;rbs_spacer=None;gc_cont=0.741
NODE_46_length_57610_cov_60.373171_15   -            731 95696at2             -            490   2.4e-05   22.1   1.8   3   3   3.6e-08   3.1e-05   21.8   0.1   359   427   545   609   540   629 0.88 # 11867 # 14059 # -1 # ID=46_15;partial=00;start_type=GTG;rbs_motif=None;rbs_spacer=None;gc_cont=0.741
NODE_1_length_277192_cov_63.518373_183  -            583 95696at2             -            490   7.4e-05   20.5   0.1   1   2    0.0035         3    5.3   0.0     6    51   171   221   166   230 0.82 # 178295 # 180043 # -1 # ID=1_183;partial=00;start_type=ATG;rbs_motif=None;rbs_spacer=None;gc_cont=0.627
NODE_1_length_277192_cov_63.518373_183  -            583 95696at2             -            490   7.4e-05   20.5   0.1   2   2   1.6e-05     0.014   13.0   0.2   374   434   436   491   422   512 0.83 # 178295 # 180043 # -1 # ID=1_183;partial=00;start_type=ATG;rbs_motif=None;rbs_spacer=None;gc_cont=0.627
NODE_168_length_13719_cov_56.021630_10  -            551 95696at2             -            490    0.0016   16.1   0.3   1   2    0.0014       1.2    6.6   0.0     7    43   205   241   200   255 0.90 # 8629 # 10281 # 1 # ID=168_10;partial=00;start_type=GTG;rbs_motif=GGxGG;rbs_spacer=5-10bp;gc_cont=0.721
NODE_168_length_13719_cov_56.021630_10  -            551 95696at2             -            490    0.0016   16.1   0.3   2   2   0.00079       0.7    7.4   0.0   368   409   436   477   417   527 0.80 # 8629 # 10281 # 1 # ID=168_10;partial=00;start_type=GTG;rbs_motif=GGxGG;rbs_spacer=5-10bp;gc_cont=0.721
NODE_25_length_88126_cov_59.419221_18   -            707 95696at2             -            490    0.0066   14.1   0.0   1   1   1.3e-05     0.011   13.3   0.0   340   439   262   356   250   364 0.92 # 18312 # 20432 # 1 # ID=25_18;partial=00;start_type=GTG;rbs_motif=GGAG/GAGG;rbs_spacer=5-10bp;gc_cont=0.741
NODE_52_length_53648_cov_61.631229_5    -            612 95696at2             -            490      0.01   13.5   0.0   1   2      0.34     3e+02   -1.2   0.0   337   390    67   119    55   149 0.72 # 2290 # 4125 # 1 # ID=52_5;partial=00;start_type=GTG;rbs_motif=AGGA;rbs_spacer=5-10bp;gc_cont=0.721
NODE_52_length_53648_cov_61.631229_5    -            612 95696at2             -            490      0.01   13.5   0.0   2   2   4.1e-05     0.036   11.7   0.0   340   427   241   323   214   354 0.79 # 2290 # 4125 # 1 # ID=52_5;partial=00;start_type=GTG;rbs_motif=AGGA;rbs_spacer=5-10bp;gc_cont=0.721
#
# Program:         hmmsearch
# Version:         3.1b2 (February 2015)
# Pipeline mode:   SEARCH
# Query file:      /home/users/ntm1021/gen-711-final-project/15_assembly_output/busco_downloads/lineages/bacteria_odb10/hmms/95696at2.hmm
# Target file:     /home/users/ntm1021/gen-711-final-project/15_assembly_output/busco-results/prodigal_output/predicted_genes/predicted.faa
# Option settings: hmmsearch --domtblout /home/users/ntm1021/gen-711-final-project/15_assembly_output/busco-results/run_bacteria_odb10/hmmer_output/95696at2.out --cpu 1 /home/users/ntm1021/gen-711-final-project/15_assembly_output/busco_downloads/lineages/bacteria_odb10/hmms/95696at2.hmm /home/users/ntm1021/gen-711-final-project/15_assembly_output/busco-results/prodigal_output/predicted_genes/predicted.faa 
# Current dir:     /home/users/ntm1021/gen-711-final-project/15_assembly_output
# Date:            Fri May  3 15:54:21 2024
# [ok]
