#                                                                                              --- full sequence --- -------------- this domain -------------   hmm coord   ali coord   env coord
# target name                          accession   tlen query name           accession   qlen   E-value  score  bias   #  of  c-Evalue  i-Evalue  score  bias  from    to  from    to  from    to  acc description of target
#                  ------------------- ---------- ----- -------------------- ---------- ----- --------- ------ ----- --- --- --------- --------- ------ ----- ----- ----- ----- ----- ----- ----- ---- ---------------------
NODE_207_length_7331_cov_39.404081_3   -            312 984717at2            -            224   3.3e-62  208.9   1.3   1   2   1.3e-35   8.1e-33  112.7   0.0     1   113    20   152    20   181 0.79 # 4676 # 5611 # 1 # ID=207_3;partial=00;start_type=GTG;rbs_motif=GGA/GAG/AGG;rbs_spacer=11-12bp;gc_cont=0.714
NODE_207_length_7331_cov_39.404081_3   -            312 984717at2            -            224   3.3e-62  208.9   1.3   2   2   9.4e-29   5.9e-26   90.3   0.5   124   222   188   304   170   309 0.82 # 4676 # 5611 # 1 # ID=207_3;partial=00;start_type=GTG;rbs_motif=GGA/GAG/AGG;rbs_spacer=11-12bp;gc_cont=0.714
NODE_50_length_54447_cov_57.719919_25  -            458 984717at2            -            224   6.1e-28   96.8   0.1   1   2   4.5e-18   2.8e-15   55.4   0.1     1   106    21   142    21   156 0.75 # 22874 # 24247 # 1 # ID=50_25;partial=00;start_type=ATG;rbs_motif=GGA/GAG/AGG;rbs_spacer=5-10bp;gc_cont=0.730
NODE_50_length_54447_cov_57.719919_25  -            458 984717at2            -            224   6.1e-28   96.8   0.1   2   2   3.9e-13   2.4e-10   39.2   0.0     2    88   197   292   196   320 0.75 # 22874 # 24247 # 1 # ID=50_25;partial=00;start_type=ATG;rbs_motif=GGA/GAG/AGG;rbs_spacer=5-10bp;gc_cont=0.730
NODE_64_length_45262_cov_58.598737_9   -            488 984717at2            -            224   6.5e-05   21.5   0.0   1   1   3.6e-07   0.00023   19.7   0.0     2   106   266   390   265   398 0.65 # 11612 # 13075 # 1 # ID=64_9;partial=00;start_type=ATG;rbs_motif=GGA/GAG/AGG;rbs_spacer=5-10bp;gc_cont=0.734
NODE_2_length_182237_cov_60.878771_130 -            641 984717at2            -            224   0.00039   18.9   0.0   1   1   1.6e-06   0.00098   17.6   0.0     2    41   139   178   138   190 0.84 # 121017 # 122939 # 1 # ID=2_130;partial=00;start_type=GTG;rbs_motif=GGA/GAG/AGG;rbs_spacer=5-10bp;gc_cont=0.753
NODE_10_length_120923_cov_61.740529_46 -            367 984717at2            -            224   0.00054   18.5   0.1   1   1     2e-06    0.0013   17.3   0.1     2    21     8    27     7    40 0.89 # 44783 # 45883 # 1 # ID=10_46;partial=00;start_type=TTG;rbs_motif=GGxGG;rbs_spacer=5-10bp;gc_cont=0.684
NODE_214_length_6564_cov_43.928693_2   -            358 984717at2            -            224    0.0019   16.7   0.0   1   1   6.7e-06    0.0042   15.6   0.0     2    58   196   257   195   279 0.77 # 512 # 1585 # 1 # ID=214_2;partial=00;start_type=TTG;rbs_motif=GGA/GAG/AGG;rbs_spacer=11-12bp;gc_cont=0.757
NODE_22_length_92654_cov_62.008560_52  -            331 984717at2            -            224    0.0023   16.4   0.0   1   1   6.2e-06    0.0039   15.7   0.0     4    58   202   262   199   273 0.67 # 51195 # 52187 # 1 # ID=22_52;partial=00;start_type=GTG;rbs_motif=GGAG/GAGG;rbs_spacer=5-10bp;gc_cont=0.772
NODE_73_length_42184_cov_55.865730_11  -            335 984717at2            -            224     0.012   14.1   0.2   1   2   0.00024      0.15   10.5   0.0     2    36    54    94    53   119 0.74 # 9640 # 10644 # -1 # ID=73_11;partial=00;start_type=GTG;rbs_motif=None;rbs_spacer=None;gc_cont=0.732
NODE_73_length_42184_cov_55.865730_11  -            335 984717at2            -            224     0.012   14.1   0.2   2   2      0.12        76    1.6   0.0    31    61   129   159   124   211 0.69 # 9640 # 10644 # -1 # ID=73_11;partial=00;start_type=GTG;rbs_motif=None;rbs_spacer=None;gc_cont=0.732
NODE_92_length_33489_cov_63.071159_25  -            466 984717at2            -            224     0.017   13.5   0.0   1   2   7.9e-05      0.05   12.1   0.0     2    58   168   224   167   233 0.81 # 25956 # 27353 # -1 # ID=92_25;partial=00;start_type=GTG;rbs_motif=AGGAG;rbs_spacer=5-10bp;gc_cont=0.747
NODE_92_length_33489_cov_63.071159_25  -            466 984717at2            -            224     0.017   13.5   0.0   2   2       1.8   1.1e+03   -2.2   0.0    89   103   284   298   280   308 0.82 # 25956 # 27353 # -1 # ID=92_25;partial=00;start_type=GTG;rbs_motif=AGGAG;rbs_spacer=5-10bp;gc_cont=0.747
NODE_238_length_4091_cov_39.490918_2   -            418 984717at2            -            224     0.033   12.6   0.0   1   2   0.00043      0.27    9.6   0.0     2    22   111   131   110   141 0.87 # 1512 # 2765 # 1 # ID=238_2;partial=00;start_type=GTG;rbs_motif=GGAGG;rbs_spacer=5-10bp;gc_cont=0.763
NODE_238_length_4091_cov_39.490918_2   -            418 984717at2            -            224     0.033   12.6   0.0   2   2      0.33   2.1e+02    0.2   0.0    42    83   205   247   189   254 0.76 # 1512 # 2765 # 1 # ID=238_2;partial=00;start_type=GTG;rbs_motif=GGAGG;rbs_spacer=5-10bp;gc_cont=0.763
NODE_172_length_12551_cov_56.392788_4  -            617 984717at2            -            224     0.076   11.5   0.1   1   2    0.0092       5.7    5.3   0.0     2    76   176   252   175   276 0.78 # 1639 # 3489 # 1 # ID=172_4;partial=00;start_type=GTG;rbs_motif=GGAGG;rbs_spacer=5-10bp;gc_cont=0.750
NODE_172_length_12551_cov_56.392788_4  -            617 984717at2            -            224     0.076   11.5   0.1   2   2     0.022        14    4.0   0.1     2    20   384   402   383   404 0.91 # 1639 # 3489 # 1 # ID=172_4;partial=00;start_type=GTG;rbs_motif=GGAGG;rbs_spacer=5-10bp;gc_cont=0.750
NODE_9_length_125761_cov_62.655993_22  -            427 984717at2            -            224     0.084   11.3   0.0   1   2      0.44   2.7e+02   -0.2   0.0     6    27    16    37    12    47 0.78 # 23463 # 24743 # 1 # ID=9_22;partial=00;start_type=ATG;rbs_motif=AGGAGG;rbs_spacer=5-10bp;gc_cont=0.673
NODE_9_length_125761_cov_62.655993_22  -            427 984717at2            -            224     0.084   11.3   0.0   2   2   0.00096       0.6    8.5   0.0    44   101    85   140    74   164 0.67 # 23463 # 24743 # 1 # ID=9_22;partial=00;start_type=ATG;rbs_motif=AGGAGG;rbs_spacer=5-10bp;gc_cont=0.673
NODE_56_length_48730_cov_65.049791_36  -            398 984717at2            -            224       0.1   11.0   1.5   1   3       3.4   2.1e+03   -3.1   0.0     4    19    17    32    15    34 0.83 # 43542 # 44735 # 1 # ID=56_36;partial=00;start_type=GTG;rbs_motif=AGGAG;rbs_spacer=5-10bp;gc_cont=0.658
NODE_56_length_48730_cov_65.049791_36  -            398 984717at2            -            224       0.1   11.0   1.5   2   3    0.0014      0.91    7.9   0.1    86   131   125   170    66   198 0.65 # 43542 # 44735 # 1 # ID=56_36;partial=00;start_type=GTG;rbs_motif=AGGAG;rbs_spacer=5-10bp;gc_cont=0.658
NODE_56_length_48730_cov_65.049791_36  -            398 984717at2            -            224       0.1   11.0   1.5   3   3      0.14        89    1.4   0.1    20    43   241   264   235   270 0.90 # 43542 # 44735 # 1 # ID=56_36;partial=00;start_type=GTG;rbs_motif=AGGAG;rbs_spacer=5-10bp;gc_cont=0.658
NODE_124_length_22366_cov_58.722290_6  -            232 984717at2            -            224      0.13   10.7   0.4   1   1   0.00032       0.2   10.1   0.4     2    21    30    49    29    51 0.92 # 4813 # 5508 # 1 # ID=124_6;partial=00;start_type=ATG;rbs_motif=AGGAG;rbs_spacer=5-10bp;gc_cont=0.730
#
# Program:         hmmsearch
# Version:         3.1b2 (February 2015)
# Pipeline mode:   SEARCH
# Query file:      /home/users/ntm1021/gen-711-final-project/15_assembly_output/busco_downloads/lineages/bacteria_odb10/hmms/984717at2.hmm
# Target file:     /home/users/ntm1021/gen-711-final-project/15_assembly_output/busco-results/prodigal_output/predicted_genes/predicted.faa
# Option settings: hmmsearch --domtblout /home/users/ntm1021/gen-711-final-project/15_assembly_output/busco-results/run_bacteria_odb10/hmmer_output/984717at2.out --cpu 1 /home/users/ntm1021/gen-711-final-project/15_assembly_output/busco_downloads/lineages/bacteria_odb10/hmms/984717at2.hmm /home/users/ntm1021/gen-711-final-project/15_assembly_output/busco-results/prodigal_output/predicted_genes/predicted.faa 
# Current dir:     /home/users/ntm1021/gen-711-final-project/15_assembly_output
# Date:            Fri May  3 15:54:22 2024
# [ok]
