#                                                                                             --- full sequence --- -------------- this domain -------------   hmm coord   ali coord   env coord
# target name                         accession   tlen query name           accession   qlen   E-value  score  bias   #  of  c-Evalue  i-Evalue  score  bias  from    to  from    to  from    to  acc description of target
#                 ------------------- ---------- ----- -------------------- ---------- ----- --------- ------ ----- --- --- --------- --------- ------ ----- ----- ----- ----- ----- ----- ----- ---- ---------------------
NODE_187_length_12914_cov_92.393837_8 -            377 1054741at2           -            333  2.3e-115  383.8   0.0   1   1  1.8e-118  2.6e-115  383.6   0.0     5   331    12   368     8   370 0.93 # 5202 # 6332 # 1 # ID=187_8;partial=00;start_type=ATG;rbs_motif=GGA/GAG/AGG;rbs_spacer=5-10bp;gc_cont=0.732
NODE_13_length_87636_cov_89.371436_60 -            527 1054741at2           -            333   3.2e-06   25.0   0.4   1   1   3.8e-09   5.6e-06   24.2   0.4     3    77   224   293   222   297 0.75 # 70531 # 72111 # -1 # ID=13_60;partial=00;start_type=GTG;rbs_motif=GGA/GAG/AGG;rbs_spacer=5-10bp;gc_cont=0.704
NODE_79_length_32051_cov_95.910945_24 -            588 1054741at2           -            333   1.2e-05   23.2   0.1   1   1   1.3e-08   1.9e-05   22.5   0.1     5    76   330   396   327   398 0.81 # 23764 # 25527 # 1 # ID=79_24;partial=00;start_type=GTG;rbs_motif=None;rbs_spacer=None;gc_cont=0.728
NODE_3_length_134584_cov_85.142945_9  -            277 1054741at2           -            333     0.007   14.1   0.2   1   3   0.00044      0.65    7.6   0.0     6    23    48    65    45   101 0.73 # 9894 # 10724 # 1 # ID=3_9;partial=00;start_type=TTG;rbs_motif=AGGAG;rbs_spacer=5-10bp;gc_cont=0.716
NODE_3_length_134584_cov_85.142945_9  -            277 1054741at2           -            333     0.007   14.1   0.2   2   3       0.2     3e+02   -1.2   0.1   193   225   135   165   128   168 0.80 # 9894 # 10724 # 1 # ID=3_9;partial=00;start_type=TTG;rbs_motif=AGGAG;rbs_spacer=5-10bp;gc_cont=0.716
NODE_3_length_134584_cov_85.142945_9  -            277 1054741at2           -            333     0.007   14.1   0.2   3   3     0.011        16    3.1   0.0   157   178   189   210   185   213 0.88 # 9894 # 10724 # 1 # ID=3_9;partial=00;start_type=TTG;rbs_motif=AGGAG;rbs_spacer=5-10bp;gc_cont=0.716
NODE_184_length_13280_cov_89.232418_2 -            482 1054741at2           -            333     0.015   12.9   0.0   1   1   1.5e-05     0.022   12.4   0.0     4    42    12    50     9    78 0.79 # 319 # 1764 # -1 # ID=184_2;partial=00;start_type=ATG;rbs_motif=None;rbs_spacer=None;gc_cont=0.703
#
# Program:         hmmsearch
# Version:         3.1b2 (February 2015)
# Pipeline mode:   SEARCH
# Query file:      /home/users/ntm1021/gen-711-final-project/69_assembly_output/busco_downloads/lineages/bacteria_odb10/hmms/1054741at2.hmm
# Target file:     /home/users/ntm1021/gen-711-final-project/69_assembly_output/busco-results/prodigal_output/predicted_genes/predicted.faa
# Option settings: hmmsearch --domtblout /home/users/ntm1021/gen-711-final-project/69_assembly_output/busco-results/run_bacteria_odb10/hmmer_output/1054741at2.out --cpu 1 /home/users/ntm1021/gen-711-final-project/69_assembly_output/busco_downloads/lineages/bacteria_odb10/hmms/1054741at2.hmm /home/users/ntm1021/gen-711-final-project/69_assembly_output/busco-results/prodigal_output/predicted_genes/predicted.faa 
# Current dir:     /home/users/ntm1021/gen-711-final-project/69_assembly_output
# Date:            Fri May  3 15:32:04 2024
# [ok]
