#                                                                                               --- full sequence --- -------------- this domain -------------   hmm coord   ali coord   env coord
# target name                           accession   tlen query name           accession   qlen   E-value  score  bias   #  of  c-Evalue  i-Evalue  score  bias  from    to  from    to  from    to  acc description of target
#                   ------------------- ---------- ----- -------------------- ---------- ----- --------- ------ ----- --- --- --------- --------- ------ ----- ----- ----- ----- ----- ----- ----- ---- ---------------------
NODE_27_length_63206_cov_88.069595_48   -            573 1074831at2           -            386   2.5e-80  269.1  22.8   1   5   4.2e-16   7.9e-14   50.2   1.0     5    66     1    64     1    79 0.84 # 45271 # 46989 # -1 # ID=27_48;partial=00;start_type=ATG;rbs_motif=None;rbs_spacer=None;gc_cont=0.757
NODE_27_length_63206_cov_88.069595_48   -            573 1074831at2           -            386   2.5e-80  269.1  22.8   2   5   1.5e-13   2.8e-11   41.8   0.0    55   150    76   175    67   180 0.74 # 45271 # 46989 # -1 # ID=27_48;partial=00;start_type=ATG;rbs_motif=None;rbs_spacer=None;gc_cont=0.757
NODE_27_length_63206_cov_88.069595_48   -            573 1074831at2           -            386   2.5e-80  269.1  22.8   3   5   7.5e-07   0.00014   19.8   0.4   128   210   177   263   160   276 0.76 # 45271 # 46989 # -1 # ID=27_48;partial=00;start_type=ATG;rbs_motif=None;rbs_spacer=None;gc_cont=0.757
NODE_27_length_63206_cov_88.069595_48   -            573 1074831at2           -            386   2.5e-80  269.1  22.8   4   5   6.9e-09   1.3e-06   26.5   1.4   189   268   295   389   261   407 0.77 # 45271 # 46989 # -1 # ID=27_48;partial=00;start_type=ATG;rbs_motif=None;rbs_spacer=None;gc_cont=0.757
NODE_27_length_63206_cov_88.069595_48   -            573 1074831at2           -            386   2.5e-80  269.1  22.8   5   5   1.4e-43   2.5e-41  140.7   1.4   266   386   421   566   414   566 0.87 # 45271 # 46989 # -1 # ID=27_48;partial=00;start_type=ATG;rbs_motif=None;rbs_spacer=None;gc_cont=0.757
NODE_7_length_116790_cov_88.970136_49   -            753 1074831at2           -            386   7.3e-08   30.6   1.5   1   4     0.027       5.1    4.8   0.0    22    37    27    42    19    57 0.82 # 51872 # 54130 # 1 # ID=7_49;partial=00;start_type=ATG;rbs_motif=None;rbs_spacer=None;gc_cont=0.723
NODE_7_length_116790_cov_88.970136_49   -            753 1074831at2           -            386   7.3e-08   30.6   1.5   2   4   0.00059      0.11   10.3   0.0   288   353   335   408   329   414 0.82 # 51872 # 54130 # 1 # ID=7_49;partial=00;start_type=ATG;rbs_motif=None;rbs_spacer=None;gc_cont=0.723
NODE_7_length_116790_cov_88.970136_49   -            753 1074831at2           -            386   7.3e-08   30.6   1.5   3   4     0.048         9    4.0   0.1    22    40   480   498   468   515 0.85 # 51872 # 54130 # 1 # ID=7_49;partial=00;start_type=ATG;rbs_motif=None;rbs_spacer=None;gc_cont=0.723
NODE_7_length_116790_cov_88.970136_49   -            753 1074831at2           -            386   7.3e-08   30.6   1.5   4   4    0.0048       0.9    7.3   0.0   289   351   642   710   622   717 0.76 # 51872 # 54130 # 1 # ID=7_49;partial=00;start_type=ATG;rbs_motif=None;rbs_spacer=None;gc_cont=0.723
NODE_8_length_103223_cov_87.039051_50   -            797 1074831at2           -            386   7.9e-07   27.2   0.7   1   4     0.034       6.4    4.4   0.0    21    37    44    60    34    74 0.88 # 49369 # 51759 # 1 # ID=8_50;partial=00;start_type=ATG;rbs_motif=GGAG/GAGG;rbs_spacer=5-10bp;gc_cont=0.697
NODE_8_length_103223_cov_87.039051_50   -            797 1074831at2           -            386   7.9e-07   27.2   0.7   2   4    0.0012      0.22    9.2   0.0   289   353   375   447   368   451 0.83 # 49369 # 51759 # 1 # ID=8_50;partial=00;start_type=ATG;rbs_motif=GGAG/GAGG;rbs_spacer=5-10bp;gc_cont=0.697
NODE_8_length_103223_cov_87.039051_50   -            797 1074831at2           -            386   7.9e-07   27.2   0.7   3   4     0.065        12    3.5   0.0    22    38   519   535   505   542 0.82 # 49369 # 51759 # 1 # ID=8_50;partial=00;start_type=ATG;rbs_motif=GGAG/GAGG;rbs_spacer=5-10bp;gc_cont=0.697
NODE_8_length_103223_cov_87.039051_50   -            797 1074831at2           -            386   7.9e-07   27.2   0.7   4   4     0.026       4.9    4.8   0.1   289   350   686   753   679   758 0.71 # 49369 # 51759 # 1 # ID=8_50;partial=00;start_type=ATG;rbs_motif=GGAG/GAGG;rbs_spacer=5-10bp;gc_cont=0.697
NODE_150_length_17724_cov_94.001705_2   -            255 1074831at2           -            386   1.5e-06   26.3   0.0   1   2    0.0017      0.31    8.8   0.0    22    41    44    63    35    93 0.87 # 2568 # 3332 # -1 # ID=150_2;partial=00;start_type=GTG;rbs_motif=GGAGG;rbs_spacer=5-10bp;gc_cont=0.742
NODE_150_length_17724_cov_94.001705_2   -            255 1074831at2           -            386   1.5e-06   26.3   0.0   2   2   1.5e-05    0.0029   15.5   0.0   290   371   153   238   143   248 0.83 # 2568 # 3332 # -1 # ID=150_2;partial=00;start_type=GTG;rbs_motif=GGAGG;rbs_spacer=5-10bp;gc_cont=0.742
NODE_173_length_15439_cov_109.830133_12 -            236 1074831at2           -            386   6.3e-06   24.2   1.3   1   2    0.0087       1.6    6.4   0.0    23    43    43    63    34    91 0.86 # 14157 # 14864 # -1 # ID=173_12;partial=00;start_type=ATG;rbs_motif=GGAGG;rbs_spacer=5-10bp;gc_cont=0.753
NODE_173_length_15439_cov_109.830133_12 -            236 1074831at2           -            386   6.3e-06   24.2   1.3   2   2     7e-06    0.0013   16.6   0.3   290   355   151   223   143   228 0.76 # 14157 # 14864 # -1 # ID=173_12;partial=00;start_type=ATG;rbs_motif=GGAGG;rbs_spacer=5-10bp;gc_cont=0.753
NODE_25_length_65002_cov_94.531977_36   -            506 1074831at2           -            386   6.3e-05   20.9   3.2   1   2   0.00061      0.11   10.2   0.0    22    41    40    59    29    76 0.86 # 34152 # 35669 # -1 # ID=25_36;partial=00;start_type=ATG;rbs_motif=AGGAG;rbs_spacer=5-10bp;gc_cont=0.724
NODE_25_length_65002_cov_94.531977_36   -            506 1074831at2           -            386   6.3e-05   20.9   3.2   2   2   0.00069      0.13   10.0   1.6   288   378   402   498   387   504 0.78 # 34152 # 35669 # -1 # ID=25_36;partial=00;start_type=ATG;rbs_motif=AGGAG;rbs_spacer=5-10bp;gc_cont=0.724
NODE_71_length_33578_cov_95.694538_34   -            527 1074831at2           -            386   7.9e-05   20.6   0.5   1   2    0.0035      0.66    7.7   0.0   284   330   157   203   129   238 0.86 # 30214 # 31794 # 1 # ID=71_34;partial=00;start_type=ATG;rbs_motif=GGA/GAG/AGG;rbs_spacer=5-10bp;gc_cont=0.770
NODE_71_length_33578_cov_95.694538_34   -            527 1074831at2           -            386   7.9e-05   20.6   0.5   2   2   0.00044     0.083   10.7   0.1   290   354   411   483   406   489 0.80 # 30214 # 31794 # 1 # ID=71_34;partial=00;start_type=ATG;rbs_motif=GGA/GAG/AGG;rbs_spacer=5-10bp;gc_cont=0.770
NODE_104_length_26119_cov_92.927170_17  -            263 1074831at2           -            386   0.00011   20.1   0.2   1   2    0.0017      0.32    8.7   0.0    21    78    51   108    35   145 0.77 # 20875 # 21663 # -1 # ID=104_17;partial=00;start_type=ATG;rbs_motif=AGGAG;rbs_spacer=5-10bp;gc_cont=0.696
NODE_104_length_26119_cov_92.927170_17  -            263 1074831at2           -            386   0.00011   20.1   0.2   2   2   0.00087      0.16    9.7   0.1   289   355   158   231   147   249 0.69 # 20875 # 21663 # -1 # ID=104_17;partial=00;start_type=ATG;rbs_motif=AGGAG;rbs_spacer=5-10bp;gc_cont=0.696
NODE_93_length_28055_cov_78.499463_11   -            595 1074831at2           -            386   0.00016   19.6   0.3   1   2       3.4   6.4e+02   -2.1   0.1    23    36   364   377   362   385 0.84 # 12507 # 14291 # 1 # ID=93_11;partial=00;start_type=GTG;rbs_motif=GGAG/GAGG;rbs_spacer=5-10bp;gc_cont=0.765
NODE_93_length_28055_cov_78.499463_11   -            595 1074831at2           -            386   0.00016   19.6   0.3   2   2     2e-06   0.00038   18.3   0.0   265   355   447   540   433   550 0.74 # 12507 # 14291 # 1 # ID=93_11;partial=00;start_type=GTG;rbs_motif=GGAG/GAGG;rbs_spacer=5-10bp;gc_cont=0.765
NODE_152_length_17558_cov_88.742929_5   -            266 1074831at2           -            386     0.001   16.9   0.3   1   2     0.035       6.5    4.4   0.0    20    40    53    73    38   128 0.88 # 7298 # 8095 # 1 # ID=152_5;partial=00;start_type=GTG;rbs_motif=AGGAG;rbs_spacer=5-10bp;gc_cont=0.701
NODE_152_length_17558_cov_88.742929_5   -            266 1074831at2           -            386     0.001   16.9   0.3   2   2    0.0004     0.076   10.8   0.1   290   355   162   234   153   243 0.66 # 7298 # 8095 # 1 # ID=152_5;partial=00;start_type=GTG;rbs_motif=AGGAG;rbs_spacer=5-10bp;gc_cont=0.701
NODE_17_length_74259_cov_83.912089_23   -           1011 1074831at2           -            386    0.0012   16.7   5.0   1   4       2.7     5e+02   -1.8   0.1    10    37    16    43     8    48 0.68 # 23222 # 26254 # -1 # ID=17_23;partial=00;start_type=ATG;rbs_motif=GGA/GAG/AGG;rbs_spacer=5-10bp;gc_cont=0.694
NODE_17_length_74259_cov_83.912089_23   -           1011 1074831at2           -            386    0.0012   16.7   5.0   2   4     0.013       2.4    5.9   0.0   288   328   362   404   354   437 0.62 # 23222 # 26254 # -1 # ID=17_23;partial=00;start_type=ATG;rbs_motif=GGA/GAG/AGG;rbs_spacer=5-10bp;gc_cont=0.694
NODE_17_length_74259_cov_83.912089_23   -           1011 1074831at2           -            386    0.0012   16.7   5.0   3   4      0.01       1.9    6.1   0.2    22    45   509   532   491   552 0.78 # 23222 # 26254 # -1 # ID=17_23;partial=00;start_type=ATG;rbs_motif=GGA/GAG/AGG;rbs_spacer=5-10bp;gc_cont=0.694
NODE_17_length_74259_cov_83.912089_23   -           1011 1074831at2           -            386    0.0012   16.7   5.0   4   4     0.037         7    4.3   0.0   288   320   703   738   697   778 0.78 # 23222 # 26254 # -1 # ID=17_23;partial=00;start_type=ATG;rbs_motif=GGA/GAG/AGG;rbs_spacer=5-10bp;gc_cont=0.694
NODE_248_length_6339_cov_90.693496_3    -           1169 1074831at2           -            386    0.0013   16.6   4.3   1   3      0.12        23    2.6   0.4    24    45   364   385   353   400 0.80 # 2692 # 6198 # 1 # ID=248_3;partial=00;start_type=GTG;rbs_motif=AGGAG/GGAGG;rbs_spacer=11-12bp;gc_cont=0.737
NODE_248_length_6339_cov_90.693496_3    -           1169 1074831at2           -            386    0.0013   16.6   4.3   2   3   0.00017     0.032   12.0   0.1   260   365   439   551   424   564 0.79 # 2692 # 6198 # 1 # ID=248_3;partial=00;start_type=GTG;rbs_motif=AGGAG/GGAGG;rbs_spacer=11-12bp;gc_cont=0.737
NODE_248_length_6339_cov_90.693496_3    -           1169 1074831at2           -            386    0.0013   16.6   4.3   3   3       0.3        56    1.3   0.0   290   327  1060  1097  1053  1117 0.80 # 2692 # 6198 # 1 # ID=248_3;partial=00;start_type=GTG;rbs_motif=AGGAG/GGAGG;rbs_spacer=11-12bp;gc_cont=0.737
NODE_120_length_22749_cov_104.496994_3  -            230 1074831at2           -            386    0.0018   16.1   0.3   1   2      0.33        62    1.2   0.0    24    41    38    55    30    67 0.87 # 3426 # 4115 # -1 # ID=120_3;partial=00;start_type=ATG;rbs_motif=GGAG/GAGG;rbs_spacer=5-10bp;gc_cont=0.717
NODE_120_length_22749_cov_104.496994_3  -            230 1074831at2           -            386    0.0018   16.1   0.3   2   2   8.8e-05     0.017   13.0   0.0   327   361   189   223   137   229 0.63 # 3426 # 4115 # -1 # ID=120_3;partial=00;start_type=ATG;rbs_motif=GGAG/GAGG;rbs_spacer=5-10bp;gc_cont=0.717
NODE_101_length_27181_cov_88.554558_16  -           1007 1074831at2           -            386     0.002   16.0   0.2   1   4      0.65   1.2e+02    0.2   0.0    22    36    27    41    18    60 0.81 # 18846 # 21866 # -1 # ID=101_16;partial=00;start_type=GTG;rbs_motif=GGA/GAG/AGG;rbs_spacer=5-10bp;gc_cont=0.690
NODE_101_length_27181_cov_88.554558_16  -           1007 1074831at2           -            386     0.002   16.0   0.2   2   4     0.087        16    3.1   0.0   282   304   484   506   445   526 0.69 # 18846 # 21866 # -1 # ID=101_16;partial=00;start_type=GTG;rbs_motif=GGA/GAG/AGG;rbs_spacer=5-10bp;gc_cont=0.690
NODE_101_length_27181_cov_88.554558_16  -           1007 1074831at2           -            386     0.002   16.0   0.2   3   4     0.038       7.1    4.3   0.0    22    40   640   658   627   668 0.79 # 18846 # 21866 # -1 # ID=101_16;partial=00;start_type=GTG;rbs_motif=GGA/GAG/AGG;rbs_spacer=5-10bp;gc_cont=0.690
NODE_101_length_27181_cov_88.554558_16  -           1007 1074831at2           -            386     0.002   16.0   0.2   4   4      0.19        37    2.0   0.0   285   319   829   866   824   876 0.73 # 18846 # 21866 # -1 # ID=101_16;partial=00;start_type=GTG;rbs_motif=GGA/GAG/AGG;rbs_spacer=5-10bp;gc_cont=0.690
NODE_26_length_64407_cov_80.625591_47   -            302 1074831at2           -            386    0.0023   15.8   0.3   1   2     0.072        14    3.4   0.0    21    41    92   112    77   158 0.72 # 50257 # 51162 # -1 # ID=26_47;partial=00;start_type=GTG;rbs_motif=AGGA;rbs_spacer=5-10bp;gc_cont=0.753
NODE_26_length_64407_cov_80.625591_47   -            302 1074831at2           -            386    0.0023   15.8   0.3   2   2   0.00048      0.09   10.5   0.0   290   355   200   272   189   282 0.80 # 50257 # 51162 # -1 # ID=26_47;partial=00;start_type=GTG;rbs_motif=AGGA;rbs_spacer=5-10bp;gc_cont=0.753
NODE_49_length_39939_cov_96.910756_24   -           1244 1074831at2           -            386    0.0051   14.6   0.3   1   2     0.019       3.5    5.3   0.0   282   334   469   521   460   547 0.88 # 24255 # 27986 # -1 # ID=49_24;partial=00;start_type=GTG;rbs_motif=GGAGG;rbs_spacer=5-10bp;gc_cont=0.728
NODE_49_length_39939_cov_96.910756_24   -           1244 1074831at2           -            386    0.0051   14.6   0.3   2   2    0.0071       1.3    6.7   0.0    24    38  1024  1038  1014  1052 0.83 # 24255 # 27986 # -1 # ID=49_24;partial=00;start_type=GTG;rbs_motif=GGAGG;rbs_spacer=5-10bp;gc_cont=0.728
NODE_30_length_58161_cov_94.373057_22   -            280 1074831at2           -            386    0.0054   14.5   2.2   1   2     0.018       3.3    5.4   0.2    22    40    38    56    22    66 0.81 # 38520 # 39359 # -1 # ID=30_22;partial=00;start_type=GTG;rbs_motif=GGAGG;rbs_spacer=5-10bp;gc_cont=0.695
NODE_30_length_58161_cov_94.373057_22   -            280 1074831at2           -            386    0.0054   14.5   2.2   2   2    0.0014      0.25    9.1   0.1   289   354   151   222   139   263 0.77 # 38520 # 39359 # -1 # ID=30_22;partial=00;start_type=GTG;rbs_motif=GGAGG;rbs_spacer=5-10bp;gc_cont=0.695
NODE_40_length_45775_cov_94.921092_40   -            423 1074831at2           -            386    0.0065   14.3   0.0   1   1   6.4e-05     0.012   13.4   0.0   113   306    99   286    86   305 0.79 # 44336 # 45604 # 1 # ID=40_40;partial=00;start_type=GTG;rbs_motif=GGAGG;rbs_spacer=5-10bp;gc_cont=0.656
NODE_111_length_23811_cov_82.789436_12  -            328 1074831at2           -            386    0.0097   13.7   0.7   1   2      0.53        99    0.5   0.4    25    39    37    51    31    58 0.79 # 12260 # 13243 # -1 # ID=111_12;partial=00;start_type=ATG;rbs_motif=GGA/GAG/AGG;rbs_spacer=5-10bp;gc_cont=0.693
NODE_111_length_23811_cov_82.789436_12  -            328 1074831at2           -            386    0.0097   13.7   0.7   2   2   5.2e-05    0.0097   13.7   0.7   280   364   144   234   128   239 0.74 # 12260 # 13243 # -1 # ID=111_12;partial=00;start_type=ATG;rbs_motif=GGA/GAG/AGG;rbs_spacer=5-10bp;gc_cont=0.693
NODE_51_length_38352_cov_92.073172_20   -            323 1074831at2           -            386     0.011   13.5   1.2   1   2      0.02       3.8    5.2   0.0    22    41    53    72    37    86 0.81 # 24517 # 25485 # -1 # ID=51_20;partial=00;start_type=ATG;rbs_motif=GGAGG;rbs_spacer=5-10bp;gc_cont=0.719
NODE_51_length_38352_cov_92.073172_20   -            323 1074831at2           -            386     0.011   13.5   1.2   2   2    0.0043      0.81    7.4   0.2   289   356   166   239   152   273 0.78 # 24517 # 25485 # -1 # ID=51_20;partial=00;start_type=ATG;rbs_motif=GGAGG;rbs_spacer=5-10bp;gc_cont=0.719
NODE_25_length_65002_cov_94.531977_43   -            264 1074831at2           -            386     0.012   13.4   1.8   1   2      0.11        22    2.7   0.2    22    39    52    69    35   101 0.86 # 43779 # 44570 # 1 # ID=25_43;partial=00;start_type=ATG;rbs_motif=GGA/GAG/AGG;rbs_spacer=5-10bp;gc_cont=0.745
NODE_25_length_65002_cov_94.531977_43   -            264 1074831at2           -            386     0.012   13.4   1.8   2   2   0.00061      0.11   10.2   0.1   281   355   150   231   139   239 0.77 # 43779 # 44570 # 1 # ID=25_43;partial=00;start_type=ATG;rbs_motif=GGA/GAG/AGG;rbs_spacer=5-10bp;gc_cont=0.745
NODE_191_length_12671_cov_69.011878_8   -            277 1074831at2           -            386     0.013   13.3   0.2   1   1   9.1e-05     0.017   12.9   0.2   166   268    44   148    23   156 0.80 # 2532 # 3362 # -1 # ID=191_8;partial=00;start_type=ATG;rbs_motif=AGGA;rbs_spacer=5-10bp;gc_cont=0.691
NODE_23_length_66687_cov_84.946379_61   -            861 1074831at2           -            386     0.014   13.2   0.1   1   2      0.19        35    2.0   0.0    22    41   321   340   316   348 0.88 # 63435 # 66017 # 1 # ID=23_61;partial=00;start_type=GTG;rbs_motif=GGA/GAG/AGG;rbs_spacer=5-10bp;gc_cont=0.693
NODE_23_length_66687_cov_84.946379_61   -            861 1074831at2           -            386     0.014   13.2   0.1   2   2    0.0016       0.3    8.8   0.0   289   342   427   486   415   499 0.83 # 63435 # 66017 # 1 # ID=23_61;partial=00;start_type=GTG;rbs_motif=GGA/GAG/AGG;rbs_spacer=5-10bp;gc_cont=0.693
NODE_19_length_70006_cov_65.772564_26   -            273 1074831at2           -            386     0.017   13.0   3.3   1   2      0.46        86    0.7   0.2    22    39    57    74    43   111 0.82 # 24737 # 25555 # 1 # ID=19_26;partial=00;start_type=ATG;rbs_motif=GGA/GAG/AGG;rbs_spacer=5-10bp;gc_cont=0.720
NODE_19_length_70006_cov_65.772564_26   -            273 1074831at2           -            386     0.017   13.0   3.3   2   2   0.00012     0.023   12.5   0.2   290   354   164   235   146   242 0.76 # 24737 # 25555 # 1 # ID=19_26;partial=00;start_type=ATG;rbs_motif=GGA/GAG/AGG;rbs_spacer=5-10bp;gc_cont=0.720
NODE_54_length_37736_cov_89.743625_27   -            259 1074831at2           -            386     0.021   12.6   0.9   1   2      0.82   1.5e+02   -0.1   0.0    22    41    45    64    31    69 0.82 # 25607 # 26383 # -1 # ID=54_27;partial=00;start_type=ATG;rbs_motif=GGAG/GAGG;rbs_spacer=5-10bp;gc_cont=0.656
NODE_54_length_37736_cov_89.743625_27   -            259 1074831at2           -            386     0.021   12.6   0.9   2   2    0.0004     0.075   10.8   0.2   280   362   143   230   131   235 0.82 # 25607 # 26383 # -1 # ID=54_27;partial=00;start_type=ATG;rbs_motif=GGAG/GAGG;rbs_spacer=5-10bp;gc_cont=0.656
NODE_193_length_12221_cov_94.641392_9   -            257 1074831at2           -            386     0.022   12.5   0.1   1   3       3.3   6.3e+02   -2.1   0.2    24    38    36    50    31    55 0.81 # 7997 # 8767 # 1 # ID=193_9;partial=00;start_type=GTG;rbs_motif=GGAGG;rbs_spacer=5-10bp;gc_cont=0.760
NODE_193_length_12221_cov_94.641392_9   -            257 1074831at2           -            386     0.022   12.5   0.1   2   3       2.8   5.3e+02   -1.9   0.0   278   299    88   109    85   113 0.81 # 7997 # 8767 # 1 # ID=193_9;partial=00;start_type=GTG;rbs_motif=GGAGG;rbs_spacer=5-10bp;gc_cont=0.760
NODE_193_length_12221_cov_94.641392_9   -            257 1074831at2           -            386     0.022   12.5   0.1   3   3   0.00012     0.022   12.5   0.1   285   338   136   189   129   194 0.91 # 7997 # 8767 # 1 # ID=193_9;partial=00;start_type=GTG;rbs_motif=GGAGG;rbs_spacer=5-10bp;gc_cont=0.760
NODE_119_length_22769_cov_76.329874_7   -            733 1074831at2           -            386     0.031   12.1   0.0   1   1   0.00029     0.055   11.2   0.0    24    56    28    60    23    82 0.85 # 5355 # 7553 # 1 # ID=119_7;partial=00;start_type=ATG;rbs_motif=GGAGG;rbs_spacer=5-10bp;gc_cont=0.727
NODE_55_length_37593_cov_100.293893_4   -            274 1074831at2           -            386     0.032   12.0   1.0   1   2      0.49        92    0.6   0.3    24    41    50    67    45    74 0.85 # 3295 # 4116 # -1 # ID=55_4;partial=00;start_type=ATG;rbs_motif=AGxAG;rbs_spacer=5-10bp;gc_cont=0.748
NODE_55_length_37593_cov_100.293893_4   -            274 1074831at2           -            386     0.032   12.0   1.0   2   2   0.00085      0.16    9.7   0.0   283   319   146   182   132   187 0.87 # 3295 # 4116 # -1 # ID=55_4;partial=00;start_type=ATG;rbs_motif=AGxAG;rbs_spacer=5-10bp;gc_cont=0.748
NODE_133_length_21226_cov_95.969193_8   -            566 1074831at2           -            386     0.037   11.8   1.8   1   4      0.13        24    2.6   0.3    22    43    31    52    24    67 0.89 # 7463 # 9160 # 1 # ID=133_8;partial=00;start_type=GTG;rbs_motif=AGGAG;rbs_spacer=5-10bp;gc_cont=0.757
NODE_133_length_21226_cov_95.969193_8   -            566 1074831at2           -            386     0.037   11.8   1.8   2   4       1.2   2.2e+02   -0.6   0.0   289   334   141   186   135   190 0.83 # 7463 # 9160 # 1 # ID=133_8;partial=00;start_type=GTG;rbs_motif=AGGAG;rbs_spacer=5-10bp;gc_cont=0.757
NODE_133_length_21226_cov_95.969193_8   -            566 1074831at2           -            386     0.037   11.8   1.8   3   4     0.011         2    6.1   0.1    24    41   348   365   331   374 0.82 # 7463 # 9160 # 1 # ID=133_8;partial=00;start_type=GTG;rbs_motif=AGGAG;rbs_spacer=5-10bp;gc_cont=0.757
NODE_133_length_21226_cov_95.969193_8   -            566 1074831at2           -            386     0.037   11.8   1.8   4   4       7.5   1.4e+03   -3.3   0.0   296   320   452   478   450   491 0.73 # 7463 # 9160 # 1 # ID=133_8;partial=00;start_type=GTG;rbs_motif=AGGAG;rbs_spacer=5-10bp;gc_cont=0.757
NODE_10_length_95832_cov_88.994723_71   -            263 1074831at2           -            386     0.046   11.5   0.0   1   2    0.0047      0.88    7.3   0.0    22    52    21    51     9    71 0.76 # 71935 # 72723 # -1 # ID=10_71;partial=00;start_type=GTG;rbs_motif=GGA/GAG/AGG;rbs_spacer=5-10bp;gc_cont=0.733
NODE_10_length_95832_cov_88.994723_71   -            263 1074831at2           -            386     0.046   11.5   0.0   2   2       0.2        38    1.9   0.0   288   315   129   156   121   159 0.87 # 71935 # 72723 # -1 # ID=10_71;partial=00;start_type=GTG;rbs_motif=GGA/GAG/AGG;rbs_spacer=5-10bp;gc_cont=0.733
NODE_211_length_10177_cov_106.392139_8  -            289 1074831at2           -            386     0.055   11.2   0.1   1   2     0.061        11    3.6   0.0    24    41    64    81    54   110 0.90 # 7787 # 8653 # 1 # ID=211_8;partial=00;start_type=ATG;rbs_motif=AGxAGG/AGGxGG;rbs_spacer=5-10bp;gc_cont=0.780
NODE_211_length_10177_cov_106.392139_8  -            289 1074831at2           -            386     0.055   11.2   0.1   2   2     0.014       2.5    5.8   0.0   289   315   168   194   156   238 0.90 # 7787 # 8653 # 1 # ID=211_8;partial=00;start_type=ATG;rbs_motif=AGxAGG/AGGxGG;rbs_spacer=5-10bp;gc_cont=0.780
NODE_49_length_39939_cov_96.910756_8    -            512 1074831at2           -            386     0.061   11.1   3.9   1   3    0.0012      0.22    9.2   0.0    22    41    37    56    22    64 0.85 # 5458 # 6993 # 1 # ID=49_8;partial=00;start_type=GTG;rbs_motif=AGGAG;rbs_spacer=5-10bp;gc_cont=0.712
NODE_49_length_39939_cov_96.910756_8    -            512 1074831at2           -            386     0.061   11.1   3.9   2   3       1.3   2.4e+02   -0.7   0.0   336   356   198   219   156   248 0.79 # 5458 # 6993 # 1 # ID=49_8;partial=00;start_type=GTG;rbs_motif=AGGAG;rbs_spacer=5-10bp;gc_cont=0.712
NODE_49_length_39939_cov_96.910756_8    -            512 1074831at2           -            386     0.061   11.1   3.9   3   3      0.36        67    1.1   0.7   285   352   394   468   360   492 0.66 # 5458 # 6993 # 1 # ID=49_8;partial=00;start_type=GTG;rbs_motif=AGGAG;rbs_spacer=5-10bp;gc_cont=0.712
NODE_266_length_4892_cov_107.276600_2   -            485 1074831at2           -            386     0.066   11.0   0.1   1   1    0.0007      0.13   10.0   0.1    22    40    12    30     9    43 0.83 # 262 # 1716 # 1 # ID=266_2;partial=00;start_type=GTG;rbs_motif=None;rbs_spacer=None;gc_cont=0.748
NODE_23_length_66687_cov_84.946379_25   -            533 1074831at2           -            386     0.076   10.8   0.0   1   5       7.4   1.4e+03   -3.2   0.3    25    37    32    44    31    48 0.80 # 28663 # 30261 # 1 # ID=23_25;partial=00;start_type=GTG;rbs_motif=AGGAG;rbs_spacer=5-10bp;gc_cont=0.702
NODE_23_length_66687_cov_84.946379_25   -            533 1074831at2           -            386     0.076   10.8   0.0   2   5       1.1   2.1e+02   -0.6   0.0   288   315   157   184    91   186 0.80 # 28663 # 30261 # 1 # ID=23_25;partial=00;start_type=GTG;rbs_motif=AGGAG;rbs_spacer=5-10bp;gc_cont=0.702
NODE_23_length_66687_cov_84.946379_25   -            533 1074831at2           -            386     0.076   10.8   0.0   3   5       2.9   5.4e+02   -1.9   3.2   225   271   253   304   230   311 0.51 # 28663 # 30261 # 1 # ID=23_25;partial=00;start_type=GTG;rbs_motif=AGGAG;rbs_spacer=5-10bp;gc_cont=0.702
NODE_23_length_66687_cov_84.946379_25   -            533 1074831at2           -            386     0.076   10.8   0.0   4   5       1.5   2.8e+02   -1.0   0.2    24    40   355   371   345   375 0.84 # 28663 # 30261 # 1 # ID=23_25;partial=00;start_type=GTG;rbs_motif=AGGAG;rbs_spacer=5-10bp;gc_cont=0.702
NODE_23_length_66687_cov_84.946379_25   -            533 1074831at2           -            386     0.076   10.8   0.0   5   5   0.00041     0.076   10.8   0.0   280   341   433   497   428   501 0.77 # 28663 # 30261 # 1 # ID=23_25;partial=00;start_type=GTG;rbs_motif=AGGAG;rbs_spacer=5-10bp;gc_cont=0.702
NODE_49_length_39939_cov_96.910756_17   -            544 1074831at2           -            386      0.14    9.9   0.9   1   3       1.4   2.7e+02   -0.9   0.0    25    38    47    60    42    69 0.85 # 16228 # 17859 # -1 # ID=49_17;partial=00;start_type=TTG;rbs_motif=GGA/GAG/AGG;rbs_spacer=5-10bp;gc_cont=0.763
NODE_49_length_39939_cov_96.910756_17   -            544 1074831at2           -            386      0.14    9.9   0.9   2   3      0.05       9.5    3.9   0.0   289   341   172   227   163   271 0.86 # 16228 # 17859 # -1 # ID=49_17;partial=00;start_type=TTG;rbs_motif=GGA/GAG/AGG;rbs_spacer=5-10bp;gc_cont=0.763
NODE_49_length_39939_cov_96.910756_17   -            544 1074831at2           -            386      0.14    9.9   0.9   3   3     0.099        19    2.9   0.1    24    40   387   403   364   408 0.79 # 16228 # 17859 # -1 # ID=49_17;partial=00;start_type=TTG;rbs_motif=GGA/GAG/AGG;rbs_spacer=5-10bp;gc_cont=0.763
NODE_12_length_92330_cov_88.093305_60   -            792 1074831at2           -            386      0.15    9.8   3.9   1   4         1     2e+02   -0.4   0.0    23    36    32    45    30    59 0.87 # 65154 # 67529 # -1 # ID=12_60;partial=00;start_type=ATG;rbs_motif=GGAG/GAGG;rbs_spacer=5-10bp;gc_cont=0.740
NODE_12_length_92330_cov_88.093305_60   -            792 1074831at2           -            386      0.15    9.8   3.9   2   4      0.46        87    0.7   0.0   289   319   346   378   339   407 0.77 # 65154 # 67529 # -1 # ID=12_60;partial=00;start_type=ATG;rbs_motif=GGAG/GAGG;rbs_spacer=5-10bp;gc_cont=0.740
NODE_12_length_92330_cov_88.093305_60   -            792 1074831at2           -            386      0.15    9.8   3.9   3   4     0.023       4.2    5.0   0.1    22    40   492   510   481   526 0.88 # 65154 # 67529 # -1 # ID=12_60;partial=00;start_type=ATG;rbs_motif=GGAG/GAGG;rbs_spacer=5-10bp;gc_cont=0.740
NODE_12_length_92330_cov_88.093305_60   -            792 1074831at2           -            386      0.15    9.8   3.9   4   4      0.26        49    1.5   0.1   289   351   664   735   657   740 0.67 # 65154 # 67529 # -1 # ID=12_60;partial=00;start_type=ATG;rbs_motif=GGAG/GAGG;rbs_spacer=5-10bp;gc_cont=0.740
NODE_7_length_116790_cov_88.970136_63   -            565 1074831at2           -            386      0.18    9.6   5.3   1   4      0.49        92    0.6   0.1    26    39    58    71    48    84 0.84 # 71835 # 73529 # -1 # ID=7_63;partial=00;start_type=ATG;rbs_motif=GGA/GAG/AGG;rbs_spacer=5-10bp;gc_cont=0.762
NODE_7_length_116790_cov_88.970136_63   -            565 1074831at2           -            386      0.18    9.6   5.3   2   4     0.076        14    3.3   0.0   290   315   186   211   178   242 0.86 # 71835 # 73529 # -1 # ID=7_63;partial=00;start_type=ATG;rbs_motif=GGA/GAG/AGG;rbs_spacer=5-10bp;gc_cont=0.762
NODE_7_length_116790_cov_88.970136_63   -            565 1074831at2           -            386      0.18    9.6   5.3   3   4       6.4   1.2e+03   -3.0   1.1   123   179   273   329   268   349 0.49 # 71835 # 73529 # -1 # ID=7_63;partial=00;start_type=ATG;rbs_motif=GGA/GAG/AGG;rbs_spacer=5-10bp;gc_cont=0.762
NODE_7_length_116790_cov_88.970136_63   -            565 1074831at2           -            386      0.18    9.6   5.3   4   4     0.016         3    5.5   0.0    24    40   402   418   379   423 0.81 # 71835 # 73529 # -1 # ID=7_63;partial=00;start_type=ATG;rbs_motif=GGA/GAG/AGG;rbs_spacer=5-10bp;gc_cont=0.762
NODE_12_length_92330_cov_88.093305_5    -            928 1074831at2           -            386      0.18    9.5   2.6   1   3     0.049       9.2    3.9   0.2    23    46    40    63    27    79 0.80 # 2797 # 5580 # -1 # ID=12_5;partial=00;start_type=ATG;rbs_motif=GGAG/GAGG;rbs_spacer=5-10bp;gc_cont=0.741
NODE_12_length_92330_cov_88.093305_5    -            928 1074831at2           -            386      0.18    9.5   2.6   2   3      0.12        23    2.6   0.5   183   262   344   423   302   458 0.75 # 2797 # 5580 # -1 # ID=12_5;partial=00;start_type=ATG;rbs_motif=GGAG/GAGG;rbs_spacer=5-10bp;gc_cont=0.741
NODE_12_length_92330_cov_88.093305_5    -            928 1074831at2           -            386      0.18    9.5   2.6   3   3      0.46        87    0.7   0.0    81   128   543   590   517   596 0.85 # 2797 # 5580 # -1 # ID=12_5;partial=00;start_type=ATG;rbs_motif=GGAG/GAGG;rbs_spacer=5-10bp;gc_cont=0.741
NODE_7_length_116790_cov_88.970136_26   -            548 1074831at2           -            386      0.19    9.5   7.8   1   5      0.84   1.6e+02   -0.1   0.2    25    38    35    48    31    55 0.85 # 25468 # 27111 # -1 # ID=7_26;partial=00;start_type=ATG;rbs_motif=AGGA/GGAG/GAGG;rbs_spacer=11-12bp;gc_cont=0.729
NODE_7_length_116790_cov_88.970136_26   -            548 1074831at2           -            386      0.19    9.5   7.8   2   5       3.7     7e+02   -2.3   0.0   289   315   158   184   153   187 0.82 # 25468 # 27111 # -1 # ID=7_26;partial=00;start_type=ATG;rbs_motif=AGGA/GGAG/GAGG;rbs_spacer=11-12bp;gc_cont=0.729
NODE_7_length_116790_cov_88.970136_26   -            548 1074831at2           -            386      0.19    9.5   7.8   3   5      0.56     1e+02    0.4   1.6    91   172   231   313   214   358 0.68 # 25468 # 27111 # -1 # ID=7_26;partial=00;start_type=ATG;rbs_motif=AGGA/GGAG/GAGG;rbs_spacer=11-12bp;gc_cont=0.729
NODE_7_length_116790_cov_88.970136_26   -            548 1074831at2           -            386      0.19    9.5   7.8   4   5    0.0031      0.59    7.9   0.0    24    40   380   396   372   403 0.93 # 25468 # 27111 # -1 # ID=7_26;partial=00;start_type=ATG;rbs_motif=AGGA/GGAG/GAGG;rbs_spacer=11-12bp;gc_cont=0.729
NODE_7_length_116790_cov_88.970136_26   -            548 1074831at2           -            386      0.19    9.5   7.8   5   5      0.99   1.9e+02   -0.4   0.0   287   315   465   493   454   497 0.87 # 25468 # 27111 # -1 # ID=7_26;partial=00;start_type=ATG;rbs_motif=AGGA/GGAG/GAGG;rbs_spacer=11-12bp;gc_cont=0.729
#
# Program:         hmmsearch
# Version:         3.1b2 (February 2015)
# Pipeline mode:   SEARCH
# Query file:      /home/users/ntm1021/gen-711-final-project/69_assembly_output/busco_downloads/lineages/bacteria_odb10/hmms/1074831at2.hmm
# Target file:     /home/users/ntm1021/gen-711-final-project/69_assembly_output/busco-results/prodigal_output/predicted_genes/predicted.faa
# Option settings: hmmsearch --domtblout /home/users/ntm1021/gen-711-final-project/69_assembly_output/busco-results/run_bacteria_odb10/hmmer_output/1074831at2.out --cpu 1 /home/users/ntm1021/gen-711-final-project/69_assembly_output/busco_downloads/lineages/bacteria_odb10/hmms/1074831at2.hmm /home/users/ntm1021/gen-711-final-project/69_assembly_output/busco-results/prodigal_output/predicted_genes/predicted.faa 
# Current dir:     /home/users/ntm1021/gen-711-final-project/69_assembly_output
# Date:            Fri May  3 15:32:04 2024
# [ok]
