#                                                                                             --- full sequence --- -------------- this domain -------------   hmm coord   ali coord   env coord
# target name                         accession   tlen query name           accession   qlen   E-value  score  bias   #  of  c-Evalue  i-Evalue  score  bias  from    to  from    to  from    to  acc description of target
#                 ------------------- ---------- ----- -------------------- ---------- ----- --------- ------ ----- --- --- --------- --------- ------ ----- ----- ----- ----- ----- ----- ----- ---- ---------------------
NODE_63_length_35795_cov_84.512476_25 -            365 1151822at2           -            254   6.6e-77  256.9  28.5   1   4   8.7e-12   1.6e-08   32.9   0.1     6    61     9    71     4    76 0.82 # 29646 # 30740 # -1 # ID=63_25;partial=00;start_type=ATG;rbs_motif=GGAG/GAGG;rbs_spacer=5-10bp;gc_cont=0.655
NODE_63_length_35795_cov_84.512476_25 -            365 1151822at2           -            254   6.6e-77  256.9  28.5   2   4   8.5e-11   1.6e-07   29.6   1.2    56   104    85   139    80   148 0.85 # 29646 # 30740 # -1 # ID=63_25;partial=00;start_type=ATG;rbs_motif=GGAG/GAGG;rbs_spacer=5-10bp;gc_cont=0.655
NODE_63_length_35795_cov_84.512476_25 -            365 1151822at2           -            254   6.6e-77  256.9  28.5   3   4   7.6e-16   1.4e-12   46.2   3.4    94   140   164   210   141   222 0.87 # 29646 # 30740 # -1 # ID=63_25;partial=00;start_type=ATG;rbs_motif=GGAG/GAGG;rbs_spacer=5-10bp;gc_cont=0.655
NODE_63_length_35795_cov_84.512476_25 -            365 1151822at2           -            254   6.6e-77  256.9  28.5   4   4   2.4e-51   4.4e-48  162.5   4.6   140   253   237   355   230   356 0.95 # 29646 # 30740 # -1 # ID=63_25;partial=00;start_type=ATG;rbs_motif=GGAG/GAGG;rbs_spacer=5-10bp;gc_cont=0.655
NODE_91_length_28576_cov_86.388063_29 -            379 1151822at2           -            254   5.3e-22   77.0  31.1   1   4    0.0024       4.4    5.2   0.0     7    58    10    63     4    74 0.67 # 27438 # 28574 # 1 # ID=91_29;partial=01;start_type=GTG;rbs_motif=GGA/GAG/AGG;rbs_spacer=5-10bp;gc_cont=0.686
NODE_91_length_28576_cov_86.388063_29 -            379 1151822at2           -            254   5.3e-22   77.0  31.1   2   4    0.0017       3.1    5.7   1.5    65   107    86   126    81   133 0.81 # 27438 # 28574 # 1 # ID=91_29;partial=01;start_type=GTG;rbs_motif=GGA/GAG/AGG;rbs_spacer=5-10bp;gc_cont=0.686
NODE_91_length_28576_cov_86.388063_29 -            379 1151822at2           -            254   5.3e-22   77.0  31.1   3   4     5e-24   9.1e-21   73.0  16.1   100   188   144   245   132   269 0.81 # 27438 # 28574 # 1 # ID=91_29;partial=01;start_type=GTG;rbs_motif=GGA/GAG/AGG;rbs_spacer=5-10bp;gc_cont=0.686
NODE_91_length_28576_cov_86.388063_29 -            379 1151822at2           -            254   5.3e-22   77.0  31.1   4   4      0.41   7.5e+02   -2.1   0.0   199   230   281   314   263   343 0.54 # 27438 # 28574 # 1 # ID=91_29;partial=01;start_type=GTG;rbs_motif=GGA/GAG/AGG;rbs_spacer=5-10bp;gc_cont=0.686
NODE_1_length_176229_cov_94.921846_24 -            373 1151822at2           -            254   4.4e-09   34.7  17.8   1   1   9.1e-12   1.7e-08   32.8  17.8    96   189   120   215     3   263 0.77 # 24016 # 25134 # 1 # ID=1_24;partial=00;start_type=GTG;rbs_motif=None;rbs_spacer=None;gc_cont=0.774
NODE_27_length_63206_cov_88.069595_47 -            256 1151822at2           -            254    0.0098   13.9   3.6   1   2     0.017        32    2.4   0.0    44    82    53    92     9   105 0.68 # 44201 # 44968 # -1 # ID=27_47;partial=00;start_type=ATG;rbs_motif=GGA/GAG/AGG;rbs_spacer=5-10bp;gc_cont=0.788
NODE_27_length_63206_cov_88.069595_47 -            256 1151822at2           -            254    0.0098   13.9   3.6   2   2   8.2e-05      0.15   10.0   3.0   164   188   202   226   137   244 0.74 # 44201 # 44968 # -1 # ID=27_47;partial=00;start_type=ATG;rbs_motif=GGA/GAG/AGG;rbs_spacer=5-10bp;gc_cont=0.788
#
# Program:         hmmsearch
# Version:         3.1b2 (February 2015)
# Pipeline mode:   SEARCH
# Query file:      /home/users/ntm1021/gen-711-final-project/69_assembly_output/busco_downloads/lineages/bacteria_odb10/hmms/1151822at2.hmm
# Target file:     /home/users/ntm1021/gen-711-final-project/69_assembly_output/busco-results/prodigal_output/predicted_genes/predicted.faa
# Option settings: hmmsearch --domtblout /home/users/ntm1021/gen-711-final-project/69_assembly_output/busco-results/run_bacteria_odb10/hmmer_output/1151822at2.out --cpu 1 /home/users/ntm1021/gen-711-final-project/69_assembly_output/busco_downloads/lineages/bacteria_odb10/hmms/1151822at2.hmm /home/users/ntm1021/gen-711-final-project/69_assembly_output/busco-results/prodigal_output/predicted_genes/predicted.faa 
# Current dir:     /home/users/ntm1021/gen-711-final-project/69_assembly_output
# Date:            Fri May  3 15:32:05 2024
# [ok]
