#                                                                                             --- full sequence --- -------------- this domain -------------   hmm coord   ali coord   env coord
# target name                         accession   tlen query name           accession   qlen   E-value  score  bias   #  of  c-Evalue  i-Evalue  score  bias  from    to  from    to  from    to  acc description of target
#                 ------------------- ---------- ----- -------------------- ---------- ----- --------- ------ ----- --- --- --------- --------- ------ ----- ----- ----- ----- ----- ----- ----- ---- ---------------------
NODE_277_length_4543_cov_107.277174_2 -            661 143460at2            -            439  6.2e-152  505.0   6.9   1   2  5.9e-116  3.6e-113  377.3   5.2     1   348    32   520    32   526 0.81 # 2417 # 4399 # 1 # ID=277_2;partial=00;start_type=ATG;rbs_motif=GGAG/GAGG;rbs_spacer=5-10bp;gc_cont=0.686
NODE_277_length_4543_cov_107.277174_2 -            661 143460at2            -            439  6.2e-152  505.0   6.9   2   2   1.6e-34   9.6e-32  108.9   0.0   338   438   534   642   528   643 0.86 # 2417 # 4399 # 1 # ID=277_2;partial=00;start_type=ATG;rbs_motif=GGAG/GAGG;rbs_spacer=5-10bp;gc_cont=0.686
NODE_5_length_122194_cov_87.922452_41 -            682 143460at2            -            439   5.8e-36  122.8   3.1   1   3   5.3e-29   3.2e-26   90.7   0.2     1   125    11   152    11   164 0.83 # 47606 # 49651 # -1 # ID=5_41;partial=00;start_type=GTG;rbs_motif=GGA/GAG/AGG;rbs_spacer=5-10bp;gc_cont=0.743
NODE_5_length_122194_cov_87.922452_41 -            682 143460at2            -            439   5.8e-36  122.8   3.1   2   3   2.5e-08   1.5e-05   22.6   0.1   193   301   364   484   300   503 0.75 # 47606 # 49651 # -1 # ID=5_41;partial=00;start_type=GTG;rbs_motif=GGA/GAG/AGG;rbs_spacer=5-10bp;gc_cont=0.743
NODE_5_length_122194_cov_87.922452_41 -            682 143460at2            -            439   5.8e-36  122.8   3.1   3   3    0.0013      0.77    7.1   0.0   285   347   593   664   587   671 0.81 # 47606 # 49651 # -1 # ID=5_41;partial=00;start_type=GTG;rbs_motif=GGA/GAG/AGG;rbs_spacer=5-10bp;gc_cont=0.743
NODE_14_length_87081_cov_92.841307_35 -            623 143460at2            -            439   1.2e-35  121.8   2.0   1   2   5.2e-37   3.2e-34  117.1   0.2     1   202    19   254    19   294 0.80 # 45599 # 47467 # -1 # ID=14_35;partial=00;start_type=GTG;rbs_motif=AGGA;rbs_spacer=5-10bp;gc_cont=0.672
NODE_14_length_87081_cov_92.841307_35 -            623 143460at2            -            439   1.2e-35  121.8   2.0   2   2      0.02        12    3.1   0.1   262   302   355   396   335   405 0.83 # 45599 # 47467 # -1 # ID=14_35;partial=00;start_type=GTG;rbs_motif=AGGA;rbs_spacer=5-10bp;gc_cont=0.672
NODE_26_length_64407_cov_80.625591_43 -            709 143460at2            -            439   1.6e-33  114.8   3.1   1   3     4e-28   2.4e-25   87.8   0.0     1   130    11   161    11   193 0.80 # 43194 # 45320 # 1 # ID=26_43;partial=00;start_type=ATG;rbs_motif=AGxAG;rbs_spacer=11-12bp;gc_cont=0.661
NODE_26_length_64407_cov_80.625591_43 -            709 143460at2            -            439   1.6e-33  114.8   3.1   2   3   4.3e-08   2.6e-05   21.8   0.2   174   296   365   496   284   516 0.75 # 43194 # 45320 # 1 # ID=26_43;partial=00;start_type=ATG;rbs_motif=AGxAG;rbs_spacer=11-12bp;gc_cont=0.661
NODE_26_length_64407_cov_80.625591_43 -            709 143460at2            -            439   1.6e-33  114.8   3.1   3   3     0.096        59    0.9   0.0   291   345   618   681   614   686 0.65 # 43194 # 45320 # 1 # ID=26_43;partial=00;start_type=ATG;rbs_motif=AGxAG;rbs_spacer=11-12bp;gc_cont=0.661
NODE_25_length_65002_cov_94.531977_9  -            632 143460at2            -            439   5.4e-27   93.3   0.4   1   1   1.2e-29   7.4e-27   92.8   0.4     3   120    14   149    12   160 0.83 # 7733 # 9628 # 1 # ID=25_9;partial=00;start_type=ATG;rbs_motif=AGGA/GGAG/GAGG;rbs_spacer=11-12bp;gc_cont=0.757
NODE_26_length_64407_cov_80.625591_44 -            398 143460at2            -            439   3.3e-18   64.3   2.9   1   1   5.1e-20   3.1e-17   61.1   2.9     3   205    14   262    12   266 0.67 # 45493 # 46686 # 1 # ID=26_44;partial=00;start_type=GTG;rbs_motif=AGGAG;rbs_spacer=5-10bp;gc_cont=0.647
NODE_29_length_58506_cov_98.491958_19 -            390 143460at2            -            439   2.7e-15   54.7   0.9   1   2   7.1e-17   4.3e-14   50.8   1.0     3   121    14   149    12   171 0.74 # 15764 # 16933 # -1 # ID=29_19;partial=00;start_type=ATG;rbs_motif=GGAG/GAGG;rbs_spacer=5-10bp;gc_cont=0.728
NODE_29_length_58506_cov_98.491958_19 -            390 143460at2            -            439   2.7e-15   54.7   0.9   2   2     0.054        33    1.7   0.0   138   191   186   245   181   257 0.67 # 15764 # 16933 # -1 # ID=29_19;partial=00;start_type=ATG;rbs_motif=GGAG/GAGG;rbs_spacer=5-10bp;gc_cont=0.728
NODE_119_length_22769_cov_76.329874_7 -            733 143460at2            -            439   4.8e-15   53.9   0.0   1   2   3.9e-13   2.4e-10   38.4   0.0     1    97    24   135    24   161 0.76 # 5355 # 7553 # 1 # ID=119_7;partial=00;start_type=ATG;rbs_motif=GGAGG;rbs_spacer=5-10bp;gc_cont=0.727
NODE_119_length_22769_cov_76.329874_7 -            733 143460at2            -            439   4.8e-15   53.9   0.0   2   2   2.4e-05     0.015   12.8   0.0   155   191   335   371   328   380 0.86 # 5355 # 7553 # 1 # ID=119_7;partial=00;start_type=ATG;rbs_motif=GGAGG;rbs_spacer=5-10bp;gc_cont=0.727
NODE_69_length_33838_cov_82.967488_26 -            614 143460at2            -            439   1.5e-13   49.0   1.6   1   2   2.4e-16   1.5e-13   49.0   1.6     4   116   111   227   109   323 0.81 # 31732 # 33573 # -1 # ID=69_26;partial=00;start_type=ATG;rbs_motif=AGGAG;rbs_spacer=5-10bp;gc_cont=0.674
NODE_69_length_33838_cov_82.967488_26 -            614 143460at2            -            439   1.5e-13   49.0   1.6   2   2       1.6   9.9e+02   -3.2   0.0   163   190   527   554   510   562 0.80 # 31732 # 33573 # -1 # ID=69_26;partial=00;start_type=ATG;rbs_motif=AGGAG;rbs_spacer=5-10bp;gc_cont=0.674
NODE_4_length_123048_cov_95.834902_51 -            452 143460at2            -            439     6e-09   33.8   0.1   1   2    0.0082         5    4.4   0.0     8    27    28    47    22    61 0.83 # 55244 # 56599 # -1 # ID=4_51;partial=00;start_type=ATG;rbs_motif=3Base/5BMM;rbs_spacer=13-15bp;gc_cont=0.719
NODE_4_length_123048_cov_95.834902_51 -            452 143460at2            -            439     6e-09   33.8   0.1   2   2   9.9e-10     6e-07   27.2   0.0    32   116    74   168    65   198 0.76 # 55244 # 56599 # -1 # ID=4_51;partial=00;start_type=ATG;rbs_motif=3Base/5BMM;rbs_spacer=13-15bp;gc_cont=0.719
NODE_27_length_63206_cov_88.069595_26 -            493 143460at2            -            439   0.00022   18.8   0.0   1   2   2.4e-06    0.0015   16.1   0.0     4   119    56   180    53   265 0.69 # 19540 # 21018 # -1 # ID=27_26;partial=00;start_type=ATG;rbs_motif=GGAG/GAGG;rbs_spacer=5-10bp;gc_cont=0.717
NODE_27_length_63206_cov_88.069595_26 -            493 143460at2            -            439   0.00022   18.8   0.0   2   2      0.13        80    0.4   0.0    73   113   309   352   296   419 0.77 # 19540 # 21018 # -1 # ID=27_26;partial=00;start_type=ATG;rbs_motif=GGAG/GAGG;rbs_spacer=5-10bp;gc_cont=0.717
NODE_266_length_4892_cov_107.276600_3 -            796 143460at2            -            439    0.0095   13.4   0.3   1   1   2.3e-05     0.014   12.8   0.3    56   130   395   477   392   482 0.74 # 1720 # 4107 # 1 # ID=266_3;partial=00;start_type=GTG;rbs_motif=AGGAG;rbs_spacer=5-10bp;gc_cont=0.760
#
# Program:         hmmsearch
# Version:         3.1b2 (February 2015)
# Pipeline mode:   SEARCH
# Query file:      /home/users/ntm1021/gen-711-final-project/69_assembly_output/busco_downloads/lineages/bacteria_odb10/hmms/143460at2.hmm
# Target file:     /home/users/ntm1021/gen-711-final-project/69_assembly_output/busco-results/prodigal_output/predicted_genes/predicted.faa
# Option settings: hmmsearch --domtblout /home/users/ntm1021/gen-711-final-project/69_assembly_output/busco-results/run_bacteria_odb10/hmmer_output/143460at2.out --cpu 1 /home/users/ntm1021/gen-711-final-project/69_assembly_output/busco_downloads/lineages/bacteria_odb10/hmms/143460at2.hmm /home/users/ntm1021/gen-711-final-project/69_assembly_output/busco-results/prodigal_output/predicted_genes/predicted.faa 
# Current dir:     /home/users/ntm1021/gen-711-final-project/69_assembly_output
# Date:            Fri May  3 15:32:06 2024
# [ok]
