#                                                                                               --- full sequence --- -------------- this domain -------------   hmm coord   ali coord   env coord
# target name                           accession   tlen query name           accession   qlen   E-value  score  bias   #  of  c-Evalue  i-Evalue  score  bias  from    to  from    to  from    to  acc description of target
#                   ------------------- ---------- ----- -------------------- ---------- ----- --------- ------ ----- --- --- --------- --------- ------ ----- ----- ----- ----- ----- ----- ----- ---- ---------------------
NODE_32_length_56578_cov_93.434518_41   -            198 1502854at2           -            192   4.2e-81  269.8   0.0   1   1   5.4e-83     5e-81  269.6   0.0     4   183    15   193    12   196 0.98 # 45175 # 45768 # -1 # ID=32_41;partial=00;start_type=ATG;rbs_motif=GGA/GAG/AGG;rbs_spacer=11-12bp;gc_cont=0.714
NODE_248_length_6339_cov_90.693496_3    -           1169 1502854at2           -            192     1e-05   23.9   0.6   1   2     0.002      0.18   10.0   0.1     6    27   360   381   357   384 0.87 # 2692 # 6198 # 1 # ID=248_3;partial=00;start_type=GTG;rbs_motif=AGGAG/GGAGG;rbs_spacer=11-12bp;gc_cont=0.737
NODE_248_length_6339_cov_90.693496_3    -           1169 1502854at2           -            192     1e-05   23.9   0.6   2   2   0.00074     0.068   11.4   0.0     5    28   948   971   946   978 0.87 # 2692 # 6198 # 1 # ID=248_3;partial=00;start_type=GTG;rbs_motif=AGGAG/GGAGG;rbs_spacer=11-12bp;gc_cont=0.737
NODE_7_length_116790_cov_88.970136_49   -            753 1502854at2           -            192   2.4e-05   22.7   0.3   1   2    0.0024      0.22    9.8   0.0     5    25    24    44    21    59 0.83 # 51872 # 54130 # 1 # ID=7_49;partial=00;start_type=ATG;rbs_motif=None;rbs_spacer=None;gc_cont=0.723
NODE_7_length_116790_cov_88.970136_49   -            753 1502854at2           -            192   2.4e-05   22.7   0.3   2   2    0.0011       0.1   10.8   0.1     6    33   478   505   475   512 0.87 # 51872 # 54130 # 1 # ID=7_49;partial=00;start_type=ATG;rbs_motif=None;rbs_spacer=None;gc_cont=0.723
NODE_133_length_21226_cov_95.969193_8   -            566 1502854at2           -            192   3.8e-05   22.0   2.0   1   2   7.5e-05    0.0069   14.7   0.1     5    26    28    49    25    76 0.86 # 7463 # 9160 # 1 # ID=133_8;partial=00;start_type=GTG;rbs_motif=AGGAG;rbs_spacer=5-10bp;gc_cont=0.757
NODE_133_length_21226_cov_95.969193_8   -            566 1502854at2           -            192   3.8e-05   22.0   2.0   2   2     0.023       2.2    6.5   0.2     6    27   344   365   340   375 0.87 # 7463 # 9160 # 1 # ID=133_8;partial=00;start_type=GTG;rbs_motif=AGGAG;rbs_spacer=5-10bp;gc_cont=0.757
NODE_12_length_92330_cov_88.093305_60   -            792 1502854at2           -            192   0.00014   20.2   0.3   1   2      0.21        20    3.4   0.0     6    23    29    46    26    62 0.87 # 65154 # 67529 # -1 # ID=12_60;partial=00;start_type=ATG;rbs_motif=GGAG/GAGG;rbs_spacer=5-10bp;gc_cont=0.740
NODE_12_length_92330_cov_88.093305_60   -            792 1502854at2           -            192   0.00014   20.2   0.3   2   2    0.0001    0.0096   14.2   0.1     6    43   490   527   488   533 0.92 # 65154 # 67529 # -1 # ID=12_60;partial=00;start_type=ATG;rbs_motif=GGAG/GAGG;rbs_spacer=5-10bp;gc_cont=0.740
NODE_71_length_33578_cov_95.694538_34   -            527 1502854at2           -            192   0.00018   19.8   4.6   1   2    0.0077      0.71    8.1   0.1     5    29    42    66    39    77 0.84 # 30214 # 31794 # 1 # ID=71_34;partial=00;start_type=ATG;rbs_motif=GGA/GAG/AGG;rbs_spacer=5-10bp;gc_cont=0.770
NODE_71_length_33578_cov_95.694538_34   -            527 1502854at2           -            192   0.00018   19.8   4.6   2   2   0.00029     0.027   12.8   0.0     6    35   304   333   301   337 0.80 # 30214 # 31794 # 1 # ID=71_34;partial=00;start_type=ATG;rbs_motif=GGA/GAG/AGG;rbs_spacer=5-10bp;gc_cont=0.770
NODE_54_length_37736_cov_89.743625_27   -            259 1502854at2           -            192   0.00031   19.1   0.1   1   1   6.4e-06   0.00059   18.2   0.1     5    27    42    64    39    72 0.88 # 25607 # 26383 # -1 # ID=54_27;partial=00;start_type=ATG;rbs_motif=GGAG/GAGG;rbs_spacer=5-10bp;gc_cont=0.656
NODE_17_length_74259_cov_83.912089_23   -           1011 1502854at2           -            192   0.00067   18.0   1.9   1   2    0.0043      0.39    8.9   0.1     5    27    25    47    23    58 0.77 # 23222 # 26254 # -1 # ID=17_23;partial=00;start_type=ATG;rbs_motif=GGA/GAG/AGG;rbs_spacer=5-10bp;gc_cont=0.694
NODE_17_length_74259_cov_83.912089_23   -           1011 1502854at2           -            192   0.00067   18.0   1.9   2   2    0.0079      0.73    8.1   0.3     6    28   507   529   505   542 0.85 # 23222 # 26254 # -1 # ID=17_23;partial=00;start_type=ATG;rbs_motif=GGA/GAG/AGG;rbs_spacer=5-10bp;gc_cont=0.694
NODE_216_length_9388_cov_73.690530_4    -            842 1502854at2           -            192    0.0012   17.2   0.5   1   2       0.5        47    2.2   0.0    10    28   209   227   201   234 0.85 # 6827 # 9352 # -1 # ID=216_4;partial=00;start_type=ATG;rbs_motif=AGGAG;rbs_spacer=5-10bp;gc_cont=0.675
NODE_216_length_9388_cov_73.690530_4    -            842 1502854at2           -            192    0.0012   17.2   0.5   2   2   0.00051     0.047   12.0   0.0     5    28   541   564   537   576 0.86 # 6827 # 9352 # -1 # ID=216_4;partial=00;start_type=ATG;rbs_motif=AGGAG;rbs_spacer=5-10bp;gc_cont=0.675
NODE_13_length_87636_cov_89.371436_17   -            378 1502854at2           -            192    0.0013   17.1   0.0   1   1   3.2e-05     0.003   15.9   0.0     4    27    66    89    64    99 0.90 # 15980 # 17113 # -1 # ID=13_17;partial=00;start_type=ATG;rbs_motif=GGxGG;rbs_spacer=5-10bp;gc_cont=0.748
NODE_153_length_17496_cov_81.896540_17  -            254 1502854at2           -            192    0.0016   16.7   0.0   1   1   2.9e-05    0.0027   16.0   0.0     4    27    28    51    26    61 0.86 # 14342 # 15103 # -1 # ID=153_17;partial=00;start_type=ATG;rbs_motif=GGAGG;rbs_spacer=5-10bp;gc_cont=0.677
NODE_101_length_27181_cov_88.554558_16  -           1007 1502854at2           -            192    0.0017   16.7   0.1   1   2     0.033       3.1    6.0   0.0     5    23    24    42    22    59 0.87 # 18846 # 21866 # -1 # ID=101_16;partial=00;start_type=GTG;rbs_motif=GGA/GAG/AGG;rbs_spacer=5-10bp;gc_cont=0.690
NODE_101_length_27181_cov_88.554558_16  -           1007 1502854at2           -            192    0.0017   16.7   0.1   2   2    0.0084      0.77    8.0   0.0     9    30   641   662   637   685 0.78 # 18846 # 21866 # -1 # ID=101_16;partial=00;start_type=GTG;rbs_motif=GGA/GAG/AGG;rbs_spacer=5-10bp;gc_cont=0.690
NODE_7_length_116790_cov_88.970136_89   -            269 1502854at2           -            192    0.0021   16.3   0.2   1   1   5.1e-05    0.0047   15.2   0.2     5    25    30    50    27    54 0.90 # 100600 # 101406 # 1 # ID=7_89;partial=00;start_type=ATG;rbs_motif=GGA/GAG/AGG;rbs_spacer=5-10bp;gc_cont=0.725
NODE_41_length_45351_cov_85.801964_11   -            338 1502854at2           -            192    0.0025   16.1   0.1   1   1   4.9e-05    0.0045   15.3   0.1     5    37   201   234   197   245 0.77 # 11559 # 12572 # -1 # ID=41_11;partial=00;start_type=ATG;rbs_motif=GGA/GAG/AGG;rbs_spacer=5-10bp;gc_cont=0.733
NODE_78_length_32324_cov_90.111532_23   -            172 1502854at2           -            192    0.0027   16.0   0.5   1   2   8.8e-05    0.0082   14.4   0.0     7    29     4    26     1    46 0.89 # 26964 # 27479 # 1 # ID=78_23;partial=00;start_type=ATG;rbs_motif=None;rbs_spacer=None;gc_cont=0.721
NODE_78_length_32324_cov_90.111532_23   -            172 1502854at2           -            192    0.0027   16.0   0.5   2   2       2.6   2.4e+02   -0.1   0.1    96   108    96   108    49   163 0.59 # 26964 # 27479 # 1 # ID=78_23;partial=00;start_type=ATG;rbs_motif=None;rbs_spacer=None;gc_cont=0.721
NODE_104_length_26119_cov_92.927170_17  -            263 1502854at2           -            192    0.0033   15.7   0.2   1   1   9.1e-05    0.0084   14.4   0.0     5    27    49    71    46    78 0.88 # 20875 # 21663 # -1 # ID=104_17;partial=00;start_type=ATG;rbs_motif=AGGAG;rbs_spacer=5-10bp;gc_cont=0.696
NODE_55_length_37593_cov_100.293893_4   -            274 1502854at2           -            192    0.0036   15.6   0.1   1   1   7.8e-05    0.0072   14.6   0.1     5    29    45    69    42    82 0.87 # 3295 # 4116 # -1 # ID=55_4;partial=00;start_type=ATG;rbs_motif=AGxAG;rbs_spacer=5-10bp;gc_cont=0.748
NODE_49_length_39939_cov_96.910756_8    -            512 1502854at2           -            192    0.0041   15.4   0.1   1   2    0.0011       0.1   10.9   0.0     4    27    33    56    31    65 0.89 # 5458 # 6993 # 1 # ID=49_8;partial=00;start_type=GTG;rbs_motif=AGGAG;rbs_spacer=5-10bp;gc_cont=0.712
NODE_49_length_39939_cov_96.910756_8    -            512 1502854at2           -            192    0.0041   15.4   0.1   2   2      0.69        64    1.7   0.0     5    31   281   307   278   326 0.83 # 5458 # 6993 # 1 # ID=49_8;partial=00;start_type=GTG;rbs_motif=AGGAG;rbs_spacer=5-10bp;gc_cont=0.712
NODE_10_length_95832_cov_88.994723_71   -            263 1502854at2           -            192    0.0042   15.4   0.0   1   1   8.2e-05    0.0076   14.5   0.0     5    28    18    41    15    53 0.80 # 71935 # 72723 # -1 # ID=10_71;partial=00;start_type=GTG;rbs_motif=GGA/GAG/AGG;rbs_spacer=5-10bp;gc_cont=0.733
NODE_138_length_20585_cov_76.709111_10  -            262 1502854at2           -            192    0.0049   15.1   0.0   1   1   9.1e-05    0.0084   14.4   0.0     6    28    46    68    43    96 0.87 # 7303 # 8088 # 1 # ID=138_10;partial=00;start_type=TTG;rbs_motif=GGAG/GAGG;rbs_spacer=5-10bp;gc_cont=0.679
NODE_75_length_32534_cov_108.125343_5   -            643 1502854at2           -            192    0.0055   15.0   0.1   1   1    0.0002     0.019   13.2   0.0     5    28   422   445   419   451 0.86 # 3685 # 5613 # 1 # ID=75_5;partial=00;start_type=ATG;rbs_motif=GGAGG;rbs_spacer=5-10bp;gc_cont=0.691
NODE_81_length_31854_cov_89.513726_1    -            356 1502854at2           -            192    0.0056   15.0   0.0   1   1   0.00014     0.013   13.8   0.0     5    26    45    66    42    72 0.90 # 2 # 1069 # 1 # ID=81_1;partial=10;start_type=Edge;rbs_motif=None;rbs_spacer=None;gc_cont=0.696
NODE_49_length_39939_cov_96.910756_17   -            544 1502854at2           -            192    0.0057   14.9   0.2   1   2     0.079       7.3    4.8   0.0     9    28    45    64    38    77 0.80 # 16228 # 17859 # -1 # ID=49_17;partial=00;start_type=TTG;rbs_motif=GGA/GAG/AGG;rbs_spacer=5-10bp;gc_cont=0.763
NODE_49_length_39939_cov_96.910756_17   -            544 1502854at2           -            192    0.0057   14.9   0.2   2   2     0.011         1    7.6   0.0    10    27   387   404   381   418 0.84 # 16228 # 17859 # -1 # ID=49_17;partial=00;start_type=TTG;rbs_motif=GGA/GAG/AGG;rbs_spacer=5-10bp;gc_cont=0.763
NODE_120_length_22749_cov_104.496994_3  -            230 1502854at2           -            192     0.006   14.9   0.0   1   1   0.00018     0.016   13.5   0.0     5    26    33    54    31    63 0.89 # 3426 # 4115 # -1 # ID=120_3;partial=00;start_type=ATG;rbs_motif=GGAG/GAGG;rbs_spacer=5-10bp;gc_cont=0.717
NODE_118_length_22887_cov_69.997759_19  -            193 1502854at2           -            192    0.0064   14.8   0.1   1   1   0.00019     0.018   13.3   0.0     3    29     4    30     2    57 0.87 # 13001 # 13579 # -1 # ID=118_19;partial=00;start_type=ATG;rbs_motif=GGA/GAG/AGG;rbs_spacer=5-10bp;gc_cont=0.660
NODE_32_length_56578_cov_93.434518_6    -            622 1502854at2           -            192    0.0065   14.7   0.0   1   1   0.00013     0.012   13.9   0.0     6    26   378   398   374   404 0.87 # 5162 # 7027 # 1 # ID=32_6;partial=00;start_type=ATG;rbs_motif=GGxGG;rbs_spacer=5-10bp;gc_cont=0.721
NODE_18_length_71546_cov_97.389896_58   -            251 1502854at2           -            192    0.0067   14.7   0.3   1   2    0.0005     0.046   12.0   0.1     5    25    41    61    38    73 0.86 # 65649 # 66401 # -1 # ID=18_58;partial=00;start_type=ATG;rbs_motif=GGxGG;rbs_spacer=5-10bp;gc_cont=0.750
NODE_18_length_71546_cov_97.389896_58   -            251 1502854at2           -            192    0.0067   14.7   0.3   2   2         2   1.9e+02    0.2   0.0    85   115   157   187   154   193 0.88 # 65649 # 66401 # -1 # ID=18_58;partial=00;start_type=ATG;rbs_motif=GGxGG;rbs_spacer=5-10bp;gc_cont=0.750
NODE_69_length_33838_cov_82.967488_20   -            347 1502854at2           -            192    0.0073   14.6   0.0   1   1   0.00012     0.012   13.9   0.0     4    27    38    61    36    66 0.92 # 23480 # 24520 # 1 # ID=69_20;partial=00;start_type=ATG;rbs_motif=AGGAG;rbs_spacer=5-10bp;gc_cont=0.759
NODE_23_length_66687_cov_84.946379_61   -            861 1502854at2           -            192    0.0074   14.6   0.0   1   1   0.00014     0.013   13.8   0.0     6    28   319   341   316   350 0.87 # 63435 # 66017 # 1 # ID=23_61;partial=00;start_type=GTG;rbs_motif=GGA/GAG/AGG;rbs_spacer=5-10bp;gc_cont=0.693
NODE_72_length_33146_cov_97.715527_36   -            325 1502854at2           -            192    0.0082   14.4   0.0   1   1   0.00016     0.015   13.6   0.0     4    27    37    60    35    71 0.91 # 30686 # 31660 # -1 # ID=72_36;partial=00;start_type=GTG;rbs_motif=GGxGG;rbs_spacer=5-10bp;gc_cont=0.756
NODE_82_length_31712_cov_102.021656_19  -            449 1502854at2           -            192    0.0086   14.4   0.0   1   1   0.00017     0.015   13.5   0.0     6    27    31    52    28    58 0.87 # 20131 # 21477 # 1 # ID=82_19;partial=00;start_type=ATG;rbs_motif=GGA/GAG/AGG;rbs_spacer=5-10bp;gc_cont=0.728
NODE_60_length_36613_cov_87.147728_3    -            351 1502854at2           -            192    0.0097   14.2   0.0   1   1   0.00018     0.016   13.4   0.0     6    27    39    60    35    69 0.87 # 1699 # 2751 # -1 # ID=60_3;partial=00;start_type=ATG;rbs_motif=GGAG/GAGG;rbs_spacer=5-10bp;gc_cont=0.764
NODE_4_length_123048_cov_95.834902_97   -            367 1502854at2           -            192    0.0099   14.2   0.1   1   1   0.00022     0.021   13.1   0.1     9    30   204   225   201   235 0.84 # 99389 # 100489 # 1 # ID=4_97;partial=00;start_type=TTG;rbs_motif=GGA/GAG/AGG;rbs_spacer=5-10bp;gc_cont=0.728
NODE_20_length_69418_cov_95.511668_30   -            250 1502854at2           -            192    0.0099   14.2   0.1   1   1   0.00034     0.031   12.5   0.1     6    27    42    63    39    74 0.88 # 31217 # 31966 # -1 # ID=20_30;partial=00;start_type=GTG;rbs_motif=AGGAG;rbs_spacer=5-10bp;gc_cont=0.740
NODE_165_length_16218_cov_88.557454_8   -            319 1502854at2           -            192      0.01   14.1   0.1   1   2    0.0005     0.046   12.0   0.1     4    26    56    78    54    85 0.89 # 12459 # 13415 # 1 # ID=165_8;partial=00;start_type=ATG;rbs_motif=AGGAG/GGAGG;rbs_spacer=11-12bp;gc_cont=0.727
NODE_165_length_16218_cov_88.557454_8   -            319 1502854at2           -            192      0.01   14.1   0.1   2   2       4.7   4.3e+02   -1.0   0.0    65   117    99   151    93   181 0.73 # 12459 # 13415 # 1 # ID=165_8;partial=00;start_type=ATG;rbs_motif=AGGAG/GGAGG;rbs_spacer=11-12bp;gc_cont=0.727
NODE_183_length_13459_cov_56.553705_8   -            218 1502854at2           -            192      0.01   14.1   0.4   1   2     0.003      0.27    9.5   0.0     9    29     3    23     1    31 0.86 # 4188 # 4841 # 1 # ID=183_8;partial=00;start_type=ATG;rbs_motif=GGA/GAG/AGG;rbs_spacer=11-12bp;gc_cont=0.685
NODE_183_length_13459_cov_56.553705_8   -            218 1502854at2           -            192      0.01   14.1   0.4   2   2      0.45        42    2.3   0.1   136   158   158   180   120   195 0.77 # 4188 # 4841 # 1 # ID=183_8;partial=00;start_type=ATG;rbs_motif=GGA/GAG/AGG;rbs_spacer=11-12bp;gc_cont=0.685
NODE_27_length_63206_cov_88.069595_26   -            493 1502854at2           -            192     0.011   14.0   0.1   1   2      0.36        34    2.6   0.0     9    30    56    77    51    92 0.84 # 19540 # 21018 # -1 # ID=27_26;partial=00;start_type=ATG;rbs_motif=GGAG/GAGG;rbs_spacer=5-10bp;gc_cont=0.717
NODE_27_length_63206_cov_88.069595_26   -            493 1502854at2           -            192     0.011   14.0   0.1   2   2    0.0051      0.47    8.7   0.0     9    92   231   316   227   370 0.70 # 19540 # 21018 # -1 # ID=27_26;partial=00;start_type=ATG;rbs_motif=GGAG/GAGG;rbs_spacer=5-10bp;gc_cont=0.717
NODE_150_length_17724_cov_94.001705_2   -            255 1502854at2           -            192     0.011   14.0   0.0   1   1   0.00021      0.02   13.2   0.0     4    26    40    62    38    70 0.89 # 2568 # 3332 # -1 # ID=150_2;partial=00;start_type=GTG;rbs_motif=GGAGG;rbs_spacer=5-10bp;gc_cont=0.742
NODE_49_length_39939_cov_96.910756_24   -           1244 1502854at2           -            192     0.011   14.0   0.2   1   2      0.13        12    4.1   0.0     6    24   366   384   363   393 0.82 # 24255 # 27986 # -1 # ID=49_24;partial=00;start_type=GTG;rbs_motif=GGAGG;rbs_spacer=5-10bp;gc_cont=0.728
NODE_49_length_39939_cov_96.910756_24   -           1244 1502854at2           -            192     0.011   14.0   0.2   2   2     0.018       1.6    6.9   0.0     6    28  1020  1042  1017  1059 0.85 # 24255 # 27986 # -1 # ID=49_24;partial=00;start_type=GTG;rbs_motif=GGAGG;rbs_spacer=5-10bp;gc_cont=0.728
NODE_27_length_63206_cov_88.069595_28   -            232 1502854at2           -            192     0.012   13.9   0.7   1   2    0.0041      0.38    9.0   0.1     7    29    12    34     7    45 0.84 # 21738 # 22433 # -1 # ID=27_28;partial=00;start_type=GTG;rbs_motif=GGA/GAG/AGG;rbs_spacer=5-10bp;gc_cont=0.731
NODE_27_length_63206_cov_88.069595_28   -            232 1502854at2           -            192     0.012   13.9   0.7   2   2      0.22        20    3.4   0.1   115   185   146   221   119   228 0.73 # 21738 # 22433 # -1 # ID=27_28;partial=00;start_type=GTG;rbs_motif=GGA/GAG/AGG;rbs_spacer=5-10bp;gc_cont=0.731
NODE_4_length_123048_cov_95.834902_10   -            384 1502854at2           -            192     0.013   13.7   0.0   1   1   0.00026     0.024   12.9   0.0     7    28    29    50    26    64 0.84 # 8543 # 9694 # 1 # ID=4_10;partial=00;start_type=TTG;rbs_motif=GGA/GAG/AGG;rbs_spacer=11-12bp;gc_cont=0.724
NODE_266_length_4892_cov_107.276600_2   -            485 1502854at2           -            192     0.017   13.4   0.2   1   1   0.00032      0.03   12.6   0.2     5    44     9    48     5    49 0.86 # 262 # 1716 # 1 # ID=266_2;partial=00;start_type=GTG;rbs_motif=None;rbs_spacer=None;gc_cont=0.748
NODE_17_length_74259_cov_83.912089_55   -            845 1502854at2           -            192     0.017   13.4   0.1   1   2      0.32        29    2.8   0.0    10    29   234   253   227   259 0.87 # 61315 # 63849 # 1 # ID=17_55;partial=00;start_type=ATG;rbs_motif=GGAGG;rbs_spacer=5-10bp;gc_cont=0.729
NODE_17_length_74259_cov_83.912089_55   -            845 1502854at2           -            192     0.017   13.4   0.1   2   2     0.013       1.2    7.4   0.0     9    29   571   591   569   600 0.89 # 61315 # 63849 # 1 # ID=17_55;partial=00;start_type=ATG;rbs_motif=GGAGG;rbs_spacer=5-10bp;gc_cont=0.729
NODE_1_length_176229_cov_94.921846_36   -            867 1502854at2           -            192     0.019   13.3   0.0   1   2      0.36        34    2.6   0.0    10    29   204   223   196   232 0.85 # 35686 # 38286 # 1 # ID=1_36;partial=00;start_type=GTG;rbs_motif=AGGAGG;rbs_spacer=11-12bp;gc_cont=0.712
NODE_1_length_176229_cov_94.921846_36   -            867 1502854at2           -            192     0.019   13.3   0.0   2   2     0.016       1.5    7.0   0.0     9    27   605   623   599   634 0.88 # 35686 # 38286 # 1 # ID=1_36;partial=00;start_type=GTG;rbs_motif=AGGAGG;rbs_spacer=11-12bp;gc_cont=0.712
NODE_25_length_65002_cov_94.531977_43   -            264 1502854at2           -            192      0.02   13.2   0.0   1   1   0.00054      0.05   11.9   0.0     5    25    49    69    47    77 0.88 # 43779 # 44570 # 1 # ID=25_43;partial=00;start_type=ATG;rbs_motif=GGA/GAG/AGG;rbs_spacer=5-10bp;gc_cont=0.745
NODE_29_length_58506_cov_98.491958_43   -            607 1502854at2           -            192      0.02   13.1   0.1   1   1   0.00042     0.039   12.2   0.1     5    27   385   407   383   417 0.85 # 38041 # 39861 # -1 # ID=29_43;partial=00;start_type=GTG;rbs_motif=GGAG/GAGG;rbs_spacer=5-10bp;gc_cont=0.745
NODE_61_length_36244_cov_80.904200_20   -            787 1502854at2           -            192     0.021   13.1   0.0   1   1   0.00043      0.04   12.2   0.0     5    30   386   411   383   419 0.85 # 20250 # 22610 # 1 # ID=61_20;partial=00;start_type=ATG;rbs_motif=GGAGG;rbs_spacer=5-10bp;gc_cont=0.700
NODE_28_length_60412_cov_92.667828_44   -            261 1502854at2           -            192     0.022   13.0   0.0   1   1   0.00039     0.036   12.3   0.0     4    26    34    56    32    64 0.90 # 56443 # 57225 # 1 # ID=28_44;partial=00;start_type=ATG;rbs_motif=GGAG/GAGG;rbs_spacer=5-10bp;gc_cont=0.764
NODE_86_length_30927_cov_88.388571_18   -            230 1502854at2           -            192     0.024   12.9   0.0   1   1   0.00045     0.042   12.1   0.0     4    30    27    53    25    62 0.86 # 22939 # 23628 # -1 # ID=86_18;partial=00;start_type=GTG;rbs_motif=None;rbs_spacer=None;gc_cont=0.675
NODE_26_length_64407_cov_80.625591_47   -            302 1502854at2           -            192     0.025   12.9   0.1   1   1   0.00055      0.05   11.9   0.1     5    25    90   110    88   124 0.86 # 50257 # 51162 # -1 # ID=26_47;partial=00;start_type=GTG;rbs_motif=AGGA;rbs_spacer=5-10bp;gc_cont=0.753
NODE_48_length_39988_cov_96.500489_23   -            385 1502854at2           -            192     0.025   12.8   0.0   1   1   0.00045     0.042   12.1   0.0     6    26    39    59    37    64 0.88 # 23016 # 24170 # -1 # ID=48_23;partial=00;start_type=ATG;rbs_motif=None;rbs_spacer=None;gc_cont=0.786
NODE_99_length_27356_cov_81.845018_1    -            379 1502854at2           -            192     0.025   12.8   0.0   1   1   0.00059     0.055   11.7   0.0     6    27    31    52    28    58 0.86 # 212 # 1348 # -1 # ID=99_1;partial=00;start_type=ATG;rbs_motif=AGxAGG/AGGxGG;rbs_spacer=5-10bp;gc_cont=0.681
NODE_2_length_150709_cov_85.449164_70   -            590 1502854at2           -            192     0.025   12.8   0.5   1   2      0.55        51    2.0   0.0   113   153   168   208   139   221 0.75 # 71231 # 73000 # 1 # ID=2_70;partial=00;start_type=ATG;rbs_motif=AGGAG;rbs_spacer=5-10bp;gc_cont=0.706
NODE_2_length_150709_cov_85.449164_70   -            590 1502854at2           -            192     0.025   12.8   0.5   2   2    0.0049      0.45    8.7   0.1     5    26   377   398   374   402 0.86 # 71231 # 73000 # 1 # ID=2_70;partial=00;start_type=ATG;rbs_motif=AGGAG;rbs_spacer=5-10bp;gc_cont=0.706
NODE_100_length_27299_cov_100.104630_17 -            422 1502854at2           -            192     0.027   12.8   0.0   1   1   0.00065      0.06   11.6   0.0     5    27    40    62    36    68 0.87 # 20006 # 21271 # -1 # ID=100_17;partial=00;start_type=GTG;rbs_motif=AGxAGG/AGGxGG;rbs_spacer=3-4bp;gc_cont=0.703
NODE_70_length_33817_cov_117.340338_25  -            126 1502854at2           -            192     0.027   12.7   0.0   1   1   0.00048     0.045   12.0   0.0     5    27    35    57    32    64 0.88 # 20800 # 21177 # -1 # ID=70_25;partial=00;start_type=ATG;rbs_motif=3Base/5BMM;rbs_spacer=13-15bp;gc_cont=0.688
NODE_29_length_58506_cov_98.491958_42   -            588 1502854at2           -            192     0.031   12.6   0.0   1   1   0.00059     0.055   11.7   0.0     7    28   366   387   363   407 0.84 # 36281 # 38044 # -1 # ID=29_42;partial=00;start_type=ATG;rbs_motif=AGGA;rbs_spacer=5-10bp;gc_cont=0.736
NODE_8_length_103223_cov_87.039051_50   -            797 1502854at2           -            192     0.031   12.6   0.8   1   2    0.0077      0.71    8.1   0.0     5    28    42    65    40    76 0.82 # 49369 # 51759 # 1 # ID=8_50;partial=00;start_type=ATG;rbs_motif=GGAG/GAGG;rbs_spacer=5-10bp;gc_cont=0.697
NODE_8_length_103223_cov_87.039051_50   -            797 1502854at2           -            192     0.031   12.6   0.8   2   2      0.42        39    2.4   0.2     6    24   517   535   515   543 0.90 # 49369 # 51759 # 1 # ID=8_50;partial=00;start_type=ATG;rbs_motif=GGAG/GAGG;rbs_spacer=5-10bp;gc_cont=0.697
NODE_19_length_70006_cov_65.772564_26   -            273 1502854at2           -            192     0.034   12.4   0.2   1   2    0.0012      0.11   10.7   0.0     5    24    54    73    52    83 0.88 # 24737 # 25555 # 1 # ID=19_26;partial=00;start_type=ATG;rbs_motif=GGA/GAG/AGG;rbs_spacer=5-10bp;gc_cont=0.720
NODE_19_length_70006_cov_65.772564_26   -            273 1502854at2           -            192     0.034   12.4   0.2   2   2       9.1   8.4e+02   -1.9   0.0    96   119   125   147   120   193 0.67 # 24737 # 25555 # 1 # ID=19_26;partial=00;start_type=ATG;rbs_motif=GGA/GAG/AGG;rbs_spacer=5-10bp;gc_cont=0.720
NODE_27_length_63206_cov_88.069595_53   -            296 1502854at2           -            192     0.036   12.3   0.0   1   1    0.0011     0.098   10.9   0.0     7    28    47    68    44    76 0.87 # 49607 # 50494 # -1 # ID=27_53;partial=00;start_type=ATG;rbs_motif=AGxAGG/AGGxGG;rbs_spacer=5-10bp;gc_cont=0.704
NODE_152_length_17558_cov_88.742929_5   -            266 1502854at2           -            192     0.036   12.3   0.0   1   1   0.00075     0.069   11.4   0.0     7    26    54    73    50    82 0.85 # 7298 # 8095 # 1 # ID=152_5;partial=00;start_type=GTG;rbs_motif=AGGAG;rbs_spacer=5-10bp;gc_cont=0.701
NODE_25_length_65002_cov_94.531977_36   -            506 1502854at2           -            192     0.037   12.3   0.3   1   2     0.012       1.1    7.5   0.0     6    27    38    59    36    67 0.86 # 34152 # 35669 # -1 # ID=25_36;partial=00;start_type=ATG;rbs_motif=AGGAG;rbs_spacer=5-10bp;gc_cont=0.724
NODE_25_length_65002_cov_94.531977_36   -            506 1502854at2           -            192     0.037   12.3   0.3   2   2      0.81        75    1.5   0.0     4    27   285   308   283   314 0.89 # 34152 # 35669 # -1 # ID=25_36;partial=00;start_type=ATG;rbs_motif=AGGAG;rbs_spacer=5-10bp;gc_cont=0.724
NODE_211_length_10177_cov_106.392139_8  -            289 1502854at2           -            192     0.037   12.3   0.1   1   1   0.00064      0.06   11.6   0.1     5    33    59    87    56    98 0.82 # 7787 # 8653 # 1 # ID=211_8;partial=00;start_type=ATG;rbs_motif=AGxAGG/AGGxGG;rbs_spacer=5-10bp;gc_cont=0.780
NODE_1_length_176229_cov_94.921846_129  -            326 1502854at2           -            192     0.041   12.1   0.1   1   1   0.00075     0.069   11.4   0.1     5    27     1    23     1    42 0.90 # 140088 # 141065 # -1 # ID=1_129;partial=00;start_type=GTG;rbs_motif=None;rbs_spacer=None;gc_cont=0.712
NODE_78_length_32324_cov_90.111532_25   -            316 1502854at2           -            192     0.042   12.1   0.0   1   1   0.00086      0.08   11.2   0.0     8    30   135   157   129   166 0.80 # 28731 # 29678 # 1 # ID=78_25;partial=00;start_type=ATG;rbs_motif=GGAG/GAGG;rbs_spacer=5-10bp;gc_cont=0.750
NODE_57_length_37105_cov_87.860349_33   -            264 1502854at2           -            192     0.043   12.1   0.2   1   2    0.0016      0.15   10.3   0.0     5    27    34    56    31    64 0.86 # 35770 # 36561 # -1 # ID=57_33;partial=00;start_type=ATG;rbs_motif=AGxAGG/AGGxGG;rbs_spacer=5-10bp;gc_cont=0.678
NODE_57_length_37105_cov_87.860349_33   -            264 1502854at2           -            192     0.043   12.1   0.2   2   2       7.9   7.4e+02   -1.7   0.0   131   141   187   197   181   221 0.71 # 35770 # 36561 # -1 # ID=57_33;partial=00;start_type=ATG;rbs_motif=AGxAGG/AGGxGG;rbs_spacer=5-10bp;gc_cont=0.678
NODE_2_length_150709_cov_85.449164_9    -            953 1502854at2           -            192     0.049   11.9   0.0   1   1   0.00093     0.086   11.1   0.0     5    30   743   768   740   777 0.80 # 7394 # 10252 # -1 # ID=2_9;partial=00;start_type=ATG;rbs_motif=GGAG/GAGG;rbs_spacer=5-10bp;gc_cont=0.728
NODE_93_length_28055_cov_78.499463_20   -            270 1502854at2           -            192      0.05   11.9   0.0   1   1     0.001     0.092   11.0   0.0     7    26    38    57    34    62 0.86 # 25050 # 25859 # -1 # ID=93_20;partial=00;start_type=ATG;rbs_motif=AGGA;rbs_spacer=5-10bp;gc_cont=0.694
NODE_119_length_22769_cov_76.329874_7   -            733 1502854at2           -            192     0.051   11.8   0.1   1   1    0.0013      0.12   10.6   0.1     9    27    27    45    20    52 0.88 # 5355 # 7553 # 1 # ID=119_7;partial=00;start_type=ATG;rbs_motif=GGAGG;rbs_spacer=5-10bp;gc_cont=0.727
NODE_155_length_17485_cov_97.046837_1   -            178 1502854at2           -            192     0.053   11.8   0.2   1   1     0.001     0.095   11.0   0.1     5    28    43    66    39    78 0.85 # 200 # 733 # -1 # ID=155_1;partial=00;start_type=ATG;rbs_motif=GGA/GAG/AGG;rbs_spacer=5-10bp;gc_cont=0.732
NODE_8_length_103223_cov_87.039051_43   -            540 1502854at2           -            192     0.056   11.7   2.1   1   3    0.0015      0.14   10.4   0.1     5    27    29    51    26    60 0.87 # 44276 # 45895 # 1 # ID=8_43;partial=00;start_type=ATG;rbs_motif=AGGA/GGAG/GAGG;rbs_spacer=11-12bp;gc_cont=0.716
NODE_8_length_103223_cov_87.039051_43   -            540 1502854at2           -            192     0.056   11.7   2.1   2   3       9.9   9.1e+02   -2.0   0.1   124   155    90   125    76   141 0.53 # 44276 # 45895 # 1 # ID=8_43;partial=00;start_type=ATG;rbs_motif=AGGA/GGAG/GAGG;rbs_spacer=11-12bp;gc_cont=0.716
NODE_8_length_103223_cov_87.039051_43   -            540 1502854at2           -            192     0.056   11.7   2.1   3   3       8.9   8.2e+02   -1.9   0.0    10    27   361   378   357   383 0.81 # 44276 # 45895 # 1 # ID=8_43;partial=00;start_type=ATG;rbs_motif=AGGA/GGAG/GAGG;rbs_spacer=11-12bp;gc_cont=0.716
NODE_135_length_20891_cov_90.626084_12  -            362 1502854at2           -            192     0.061   11.6   0.3   1   1    0.0014      0.13   10.5   0.0     7    29    11    33     6    43 0.86 # 12416 # 13501 # 1 # ID=135_12;partial=00;start_type=GTG;rbs_motif=GGAG/GAGG;rbs_spacer=5-10bp;gc_cont=0.719
NODE_34_length_52209_cov_97.817711_2    -            322 1502854at2           -            192     0.062   11.6   0.1   1   1    0.0015      0.14   10.5   0.1     5    27    30    52    27    58 0.89 # 732 # 1697 # 1 # ID=34_2;partial=00;start_type=ATG;rbs_motif=AGGAG;rbs_spacer=5-10bp;gc_cont=0.704
NODE_126_length_22132_cov_86.705567_20  -            259 1502854at2           -            192     0.065   11.5   0.0   1   1    0.0014      0.13   10.5   0.0     6    29    30    53    25    58 0.83 # 17879 # 18655 # -1 # ID=126_20;partial=00;start_type=ATG;rbs_motif=AGxAG;rbs_spacer=5-10bp;gc_cont=0.668
NODE_5_length_122194_cov_87.922452_63   -            506 1502854at2           -            192      0.07   11.4   0.4   1   2    0.0053      0.49    8.6   0.0     5    30    32    57    29    64 0.84 # 79723 # 81240 # -1 # ID=5_63;partial=00;start_type=ATG;rbs_motif=GGAG/GAGG;rbs_spacer=5-10bp;gc_cont=0.724
NODE_5_length_122194_cov_87.922452_63   -            506 1502854at2           -            192      0.07   11.4   0.4   2   2         2   1.8e+02    0.2   0.1     5    47   285   327   282   331 0.80 # 79723 # 81240 # -1 # ID=5_63;partial=00;start_type=ATG;rbs_motif=GGAG/GAGG;rbs_spacer=5-10bp;gc_cont=0.724
NODE_111_length_23811_cov_82.789436_11  -            374 1502854at2           -            192     0.072   11.4   0.1   1   1    0.0013      0.12   10.6   0.1     6    28    43    65    40    75 0.83 # 11146 # 12267 # -1 # ID=111_11;partial=00;start_type=ATG;rbs_motif=GGAGG;rbs_spacer=5-10bp;gc_cont=0.708
NODE_146_length_18576_cov_46.699821_1   -            491 1502854at2           -            192     0.084   11.1   0.0   1   1    0.0015      0.14   10.4   0.0     5    32    61    88    58    92 0.88 # 2 # 1474 # -1 # ID=146_1;partial=10;start_type=GTG;rbs_motif=GGAG/GAGG;rbs_spacer=5-10bp;gc_cont=0.654
NODE_165_length_16218_cov_88.557454_11  -            558 1502854at2           -            192      0.74    8.0  10.0   1   2     0.033       3.1    6.0   0.1    11    26    39    54    34    65 0.87 # 14545 # 16218 # -1 # ID=165_11;partial=01;start_type=Edge;rbs_motif=None;rbs_spacer=None;gc_cont=0.661
NODE_165_length_16218_cov_88.557454_11  -            558 1502854at2           -            192      0.74    8.0  10.0   2   2    0.0075       0.7    8.1   0.0     6    27   350   371   347   382 0.84 # 14545 # 16218 # -1 # ID=165_11;partial=01;start_type=Edge;rbs_motif=None;rbs_spacer=None;gc_cont=0.661
NODE_7_length_116790_cov_88.970136_26   -            548 1502854at2           -            192      0.93    7.7   7.2   1   2     0.029       2.7    6.2   0.0     6    27    30    51    27    80 0.73 # 25468 # 27111 # -1 # ID=7_26;partial=00;start_type=ATG;rbs_motif=AGGA/GGAG/GAGG;rbs_spacer=11-12bp;gc_cont=0.729
NODE_7_length_116790_cov_88.970136_26   -            548 1502854at2           -            192      0.93    7.7   7.2   2   2     0.081       7.5    4.8   0.0    10    29   380   399   377   406 0.86 # 25468 # 27111 # -1 # ID=7_26;partial=00;start_type=ATG;rbs_motif=AGGA/GGAG/GAGG;rbs_spacer=11-12bp;gc_cont=0.729
NODE_7_length_116790_cov_88.970136_63   -            565 1502854at2           -            192       2.1    6.6   6.6   1   2      0.33        30    2.8   0.0    11    27    57    73    51    86 0.84 # 71835 # 73529 # -1 # ID=7_63;partial=00;start_type=ATG;rbs_motif=GGA/GAG/AGG;rbs_spacer=5-10bp;gc_cont=0.762
NODE_7_length_116790_cov_88.970136_63   -            565 1502854at2           -            192       2.1    6.6   6.6   2   2     0.042       3.9    5.7   0.0     7    27   399   419   395   426 0.84 # 71835 # 73529 # -1 # ID=7_63;partial=00;start_type=ATG;rbs_motif=GGA/GAG/AGG;rbs_spacer=5-10bp;gc_cont=0.762
#
# Program:         hmmsearch
# Version:         3.1b2 (February 2015)
# Pipeline mode:   SEARCH
# Query file:      /home/users/ntm1021/gen-711-final-project/69_assembly_output/busco_downloads/lineages/bacteria_odb10/hmms/1502854at2.hmm
# Target file:     /home/users/ntm1021/gen-711-final-project/69_assembly_output/busco-results/prodigal_output/predicted_genes/predicted.faa
# Option settings: hmmsearch --domtblout /home/users/ntm1021/gen-711-final-project/69_assembly_output/busco-results/run_bacteria_odb10/hmmer_output/1502854at2.out --cpu 1 /home/users/ntm1021/gen-711-final-project/69_assembly_output/busco_downloads/lineages/bacteria_odb10/hmms/1502854at2.hmm /home/users/ntm1021/gen-711-final-project/69_assembly_output/busco-results/prodigal_output/predicted_genes/predicted.faa 
# Current dir:     /home/users/ntm1021/gen-711-final-project/69_assembly_output
# Date:            Fri May  3 15:32:07 2024
# [ok]
