#                                                                                             --- full sequence --- -------------- this domain -------------   hmm coord   ali coord   env coord
# target name                         accession   tlen query name           accession   qlen   E-value  score  bias   #  of  c-Evalue  i-Evalue  score  bias  from    to  from    to  from    to  acc description of target
#                 ------------------- ---------- ----- -------------------- ---------- ----- --------- ------ ----- --- --- --------- --------- ------ ----- ----- ----- ----- ----- ----- ----- ---- ---------------------
NODE_90_length_28598_cov_87.644902_16 -            498 1592033at2           -            393  1.2e-149  497.4   0.3   1   1  2.4e-152  1.6e-149  497.0   0.3     4   384    74   473    70   481 0.95 # 19724 # 21217 # -1 # ID=90_16;partial=00;start_type=ATG;rbs_motif=GGA/GAG/AGG;rbs_spacer=5-10bp;gc_cont=0.704
NODE_27_length_63206_cov_88.069595_26 -            493 1592033at2           -            393   4.9e-22   77.2   0.0   1   2     2e-12   1.3e-09   36.3   0.0   194   354    53   217    38   226 0.83 # 19540 # 21018 # -1 # ID=27_26;partial=00;start_type=ATG;rbs_motif=GGAG/GAGG;rbs_spacer=5-10bp;gc_cont=0.717
NODE_27_length_63206_cov_88.069595_26 -            493 1592033at2           -            393   4.9e-22   77.2   0.0   2   2   3.4e-13   2.3e-10   38.8   0.0   196   355   230   403   227   420 0.79 # 19540 # 21018 # -1 # ID=27_26;partial=00;start_type=ATG;rbs_motif=GGAG/GAGG;rbs_spacer=5-10bp;gc_cont=0.717
NODE_14_length_87081_cov_92.841307_63 -            479 1592033at2           -            393   2.2e-12   45.4   0.0   1   1   6.3e-15   4.2e-12   44.5   0.0   192   354   157   333   155   354 0.84 # 80215 # 81651 # -1 # ID=14_63;partial=00;start_type=ATG;rbs_motif=GGAGG;rbs_spacer=5-10bp;gc_cont=0.729
NODE_420_length_423_cov_0.837838_1    -             87 1592033at2           -            393   8.3e-11   40.2   0.0   1   1   1.6e-13   1.1e-10   39.9   0.0   197   241     5    49     2    55 0.92 # 163 # 423 # 1 # ID=420_1;partial=01;start_type=GTG;rbs_motif=GGA/GAG/AGG;rbs_spacer=5-10bp;gc_cont=0.525
NODE_268_length_4835_cov_80.354291_4  -            363 1592033at2           -            393   2.7e-10   38.5   0.3   1   2   2.6e-12   1.8e-09   35.9   0.0   196   241     4    50     1    57 0.89 # 2820 # 3908 # 1 # ID=268_4;partial=00;start_type=GTG;rbs_motif=GGA/GAG/AGG;rbs_spacer=5-10bp;gc_cont=0.661
NODE_268_length_4835_cov_80.354291_4  -            363 1592033at2           -            393   2.7e-10   38.5   0.3   2   2      0.17   1.1e+02    0.3   0.1   292   343   186   247   161   260 0.67 # 2820 # 3908 # 1 # ID=268_4;partial=00;start_type=GTG;rbs_motif=GGA/GAG/AGG;rbs_spacer=5-10bp;gc_cont=0.661
NODE_14_length_87081_cov_92.841307_12 -            321 1592033at2           -            393     1e-06   26.8   0.1   1   1   6.8e-09   4.5e-06   24.6   0.1   198   251    25    79     5   214 0.79 # 18507 # 19469 # 1 # ID=14_12;partial=00;start_type=ATG;rbs_motif=GGA/GAG/AGG;rbs_spacer=5-10bp;gc_cont=0.682
NODE_266_length_4892_cov_107.276600_3 -            796 1592033at2           -            393    0.0005   17.9   0.1   1   2   9.9e-05     0.066   10.9   0.1   186   217   306   337   299   342 0.82 # 1720 # 4107 # 1 # ID=266_3;partial=00;start_type=GTG;rbs_motif=AGGAG;rbs_spacer=5-10bp;gc_cont=0.760
NODE_266_length_4892_cov_107.276600_3 -            796 1592033at2           -            393    0.0005   17.9   0.1   2   2      0.01         7    4.3   0.0   326   361   491   527   403   556 0.72 # 1720 # 4107 # 1 # ID=266_3;partial=00;start_type=GTG;rbs_motif=AGGAG;rbs_spacer=5-10bp;gc_cont=0.760
NODE_62_length_35949_cov_77.436296_14 -            436 1592033at2           -            393      0.02   12.7   0.0   1   1   5.6e-05     0.037   11.8   0.0   194   216   214   236   210   248 0.84 # 13820 # 15127 # 1 # ID=62_14;partial=00;start_type=ATG;rbs_motif=GGxGG;rbs_spacer=5-10bp;gc_cont=0.694
NODE_4_length_123048_cov_95.834902_51 -            452 1592033at2           -            393     0.034   11.9   0.2   1   2      0.13        86    0.7   0.0   195   225    22    53    15    77 0.78 # 55244 # 56599 # -1 # ID=4_51;partial=00;start_type=ATG;rbs_motif=3Base/5BMM;rbs_spacer=13-15bp;gc_cont=0.719
NODE_4_length_123048_cov_95.834902_51 -            452 1592033at2           -            393     0.034   11.9   0.2   2   2   0.00049      0.33    8.6   0.1   228   321    86   169    71   194 0.81 # 55244 # 56599 # -1 # ID=4_51;partial=00;start_type=ATG;rbs_motif=3Base/5BMM;rbs_spacer=13-15bp;gc_cont=0.719
NODE_266_length_4892_cov_107.276600_2 -            485 1592033at2           -            393     0.037   11.8   0.0   1   1   8.6e-05     0.057   11.1   0.0   194   225     9    41     3    52 0.78 # 262 # 1716 # 1 # ID=266_2;partial=00;start_type=GTG;rbs_motif=None;rbs_spacer=None;gc_cont=0.748
NODE_64_length_35164_cov_86.951280_7  -            624 1592033at2           -            393     0.072   10.8   0.0   1   1    0.0002      0.13    9.9   0.0   196   215   411   430   408   439 0.90 # 10227 # 12098 # -1 # ID=64_7;partial=00;start_type=ATG;rbs_motif=AGxAGG/AGGxGG;rbs_spacer=5-10bp;gc_cont=0.737
#
# Program:         hmmsearch
# Version:         3.1b2 (February 2015)
# Pipeline mode:   SEARCH
# Query file:      /home/users/ntm1021/gen-711-final-project/69_assembly_output/busco_downloads/lineages/bacteria_odb10/hmms/1592033at2.hmm
# Target file:     /home/users/ntm1021/gen-711-final-project/69_assembly_output/busco-results/prodigal_output/predicted_genes/predicted.faa
# Option settings: hmmsearch --domtblout /home/users/ntm1021/gen-711-final-project/69_assembly_output/busco-results/run_bacteria_odb10/hmmer_output/1592033at2.out --cpu 1 /home/users/ntm1021/gen-711-final-project/69_assembly_output/busco_downloads/lineages/bacteria_odb10/hmms/1592033at2.hmm /home/users/ntm1021/gen-711-final-project/69_assembly_output/busco-results/prodigal_output/predicted_genes/predicted.faa 
# Current dir:     /home/users/ntm1021/gen-711-final-project/69_assembly_output
# Date:            Fri May  3 15:32:07 2024
# [ok]
