#                                                                                             --- full sequence --- -------------- this domain -------------   hmm coord   ali coord   env coord
# target name                         accession   tlen query name           accession   qlen   E-value  score  bias   #  of  c-Evalue  i-Evalue  score  bias  from    to  from    to  from    to  acc description of target
#                 ------------------- ---------- ----- -------------------- ---------- ----- --------- ------ ----- --- --- --------- --------- ------ ----- ----- ----- ----- ----- ----- ----- ---- ---------------------
NODE_27_length_63206_cov_88.069595_28 -            232 776861at2            -            618     2e-71  239.7   5.5   1   1   3.9e-74   2.4e-71  239.4   5.5   405   613     8   229     3   231 0.95 # 21738 # 22433 # -1 # ID=27_28;partial=00;start_type=GTG;rbs_motif=GGA/GAG/AGG;rbs_spacer=5-10bp;gc_cont=0.731
NODE_41_length_45351_cov_85.801964_12 -            439 776861at2            -            618   2.7e-58  196.2   0.0   1   1   6.1e-61   3.7e-58  195.8   0.0    12   394    20   429     9   436 0.85 # 12585 # 13901 # -1 # ID=41_12;partial=00;start_type=ATG;rbs_motif=None;rbs_spacer=None;gc_cont=0.743
NODE_183_length_13459_cov_56.553705_8 -            218 776861at2            -            618   1.2e-05   22.4   0.0   1   1   2.4e-08   1.4e-05   22.1   0.0   411   447     3    39     1    74 0.83 # 4188 # 4841 # 1 # ID=183_8;partial=00;start_type=ATG;rbs_motif=GGA/GAG/AGG;rbs_spacer=11-12bp;gc_cont=0.685
NODE_78_length_32324_cov_90.111532_23 -            172 776861at2            -            618   0.00047   17.1   0.5   1   1     9e-07   0.00055   16.9   0.5   407   441     2    36     1   154 0.79 # 26964 # 27479 # 1 # ID=78_23;partial=00;start_type=ATG;rbs_motif=None;rbs_spacer=None;gc_cont=0.721
NODE_90_length_28598_cov_87.644902_21 -            313 776861at2            -            618    0.0014   15.6   0.0   1   1   3.3e-06     0.002   15.0   0.0   408   446     8    48     2    82 0.86 # 27413 # 28351 # -1 # ID=90_21;partial=00;start_type=GTG;rbs_motif=GGAG/GAGG;rbs_spacer=5-10bp;gc_cont=0.718
NODE_18_length_71546_cov_97.389896_58 -            251 776861at2            -            618    0.0022   14.9   0.1   1   1   5.3e-06    0.0032   14.3   0.1   385   426    20    60     2    66 0.85 # 65649 # 66401 # -1 # ID=18_58;partial=00;start_type=ATG;rbs_motif=GGxGG;rbs_spacer=5-10bp;gc_cont=0.750
NODE_86_length_30927_cov_88.388571_1  -            449 776861at2            -            618    0.0025   14.7   0.4   1   3   9.3e-05     0.057   10.2   0.2   191   349    62   226    10   311 0.47 # 246 # 1592 # 1 # ID=86_1;partial=00;start_type=ATG;rbs_motif=GGA/GAG/AGG;rbs_spacer=5-10bp;gc_cont=0.706
NODE_86_length_30927_cov_88.388571_1  -            449 776861at2            -            618    0.0025   14.7   0.4   2   3       1.2   7.1e+02   -3.3   0.0   255   272   342   359   321   363 0.73 # 246 # 1592 # 1 # ID=86_1;partial=00;start_type=ATG;rbs_motif=GGA/GAG/AGG;rbs_spacer=5-10bp;gc_cont=0.706
NODE_86_length_30927_cov_88.388571_1  -            449 776861at2            -            618    0.0025   14.7   0.4   3   3       0.2   1.2e+02   -0.8   0.0   231   271   402   442   384   447 0.66 # 246 # 1592 # 1 # ID=86_1;partial=00;start_type=ATG;rbs_motif=GGA/GAG/AGG;rbs_spacer=5-10bp;gc_cont=0.706
NODE_60_length_36613_cov_87.147728_3  -            351 776861at2            -            618     0.003   14.4   0.0   1   1   7.2e-06    0.0044   13.9   0.0   403   439    34    67    26    74 0.80 # 1699 # 2751 # -1 # ID=60_3;partial=00;start_type=ATG;rbs_motif=GGAG/GAGG;rbs_spacer=5-10bp;gc_cont=0.764
NODE_54_length_37736_cov_89.743625_27 -            259 776861at2            -            618    0.0035   14.2   0.0   1   1     1e-05    0.0061   13.4   0.0   392   441    25    73    11    75 0.65 # 25607 # 26383 # -1 # ID=54_27;partial=00;start_type=ATG;rbs_motif=GGAG/GAGG;rbs_spacer=5-10bp;gc_cont=0.656
NODE_174_length_15397_cov_88.559332_8 -            255 776861at2            -            618    0.0067   13.3   0.0   1   1   1.4e-05    0.0084   12.9   0.0   410   485    35   108    12   147 0.63 # 4343 # 5107 # -1 # ID=174_8;partial=00;start_type=ATG;rbs_motif=GGAG/GAGG;rbs_spacer=5-10bp;gc_cont=0.678
NODE_93_length_28055_cov_78.499463_20 -            270 776861at2            -            618     0.011   12.6   0.0   1   1   2.4e-05     0.015   12.1   0.0   384   429    11    58     2    61 0.77 # 25050 # 25859 # -1 # ID=93_20;partial=00;start_type=ATG;rbs_motif=AGGA;rbs_spacer=5-10bp;gc_cont=0.694
NODE_9_length_97932_cov_87.750135_25  -            176 776861at2            -            618     0.047   10.5   0.0   1   1    0.0001     0.061   10.1   0.0   407   436     6    35     1    40 0.87 # 27695 # 28222 # 1 # ID=9_25;partial=00;start_type=ATG;rbs_motif=GGA/GAG/AGG;rbs_spacer=5-10bp;gc_cont=0.723
#
# Program:         hmmsearch
# Version:         3.1b2 (February 2015)
# Pipeline mode:   SEARCH
# Query file:      /home/users/ntm1021/gen-711-final-project/69_assembly_output/busco_downloads/lineages/bacteria_odb10/hmms/776861at2.hmm
# Target file:     /home/users/ntm1021/gen-711-final-project/69_assembly_output/busco-results/prodigal_output/predicted_genes/predicted.faa
# Option settings: hmmsearch --domtblout /home/users/ntm1021/gen-711-final-project/69_assembly_output/busco-results/run_bacteria_odb10/hmmer_output/776861at2.out --cpu 1 /home/users/ntm1021/gen-711-final-project/69_assembly_output/busco_downloads/lineages/bacteria_odb10/hmms/776861at2.hmm /home/users/ntm1021/gen-711-final-project/69_assembly_output/busco-results/prodigal_output/predicted_genes/predicted.faa 
# Current dir:     /home/users/ntm1021/gen-711-final-project/69_assembly_output
# Date:            Fri May  3 15:32:15 2024
# [ok]
