#                                                                                             --- full sequence --- -------------- this domain -------------   hmm coord   ali coord   env coord
# target name                         accession   tlen query name           accession   qlen   E-value  score  bias   #  of  c-Evalue  i-Evalue  score  bias  from    to  from    to  from    to  acc description of target
#                 ------------------- ---------- ----- -------------------- ---------- ----- --------- ------ ----- --- --- --------- --------- ------ ----- ----- ----- ----- ----- ----- ----- ---- ---------------------
NODE_78_length_32324_cov_90.111532_18 -            891 91428at2             -            555  5.5e-163  541.9  10.5   1   5  5.5e-115    2e-111  371.7   0.0     1   330     1   441     1   448 0.82 # 19776 # 22448 # 1 # ID=78_18;partial=00;start_type=ATG;rbs_motif=GGAG/GAGG;rbs_spacer=5-10bp;gc_cont=0.696
NODE_78_length_32324_cov_90.111532_18 -            891 91428at2             -            555  5.5e-163  541.9  10.5   2   5   1.7e-09   6.3e-06   23.5   0.0   328   360   490   522   485   532 0.84 # 19776 # 22448 # 1 # ID=78_18;partial=00;start_type=ATG;rbs_motif=GGAG/GAGG;rbs_spacer=5-10bp;gc_cont=0.696
NODE_78_length_32324_cov_90.111532_18 -            891 91428at2             -            555  5.5e-163  541.9  10.5   3   5   4.1e-43   1.5e-39  134.4   0.2   360   480   571   710   563   733 0.85 # 19776 # 22448 # 1 # ID=78_18;partial=00;start_type=ATG;rbs_motif=GGAG/GAGG;rbs_spacer=5-10bp;gc_cont=0.696
NODE_78_length_32324_cov_90.111532_18 -            891 91428at2             -            555  5.5e-163  541.9  10.5   4   5    0.0031        11    2.8   0.2   477   528   737   788   730   816 0.76 # 19776 # 22448 # 1 # ID=78_18;partial=00;start_type=ATG;rbs_motif=GGAG/GAGG;rbs_spacer=5-10bp;gc_cont=0.696
NODE_78_length_32324_cov_90.111532_18 -            891 91428at2             -            555  5.5e-163  541.9  10.5   5   5   0.00038       1.4    5.8   1.3   538   555   853   870   826   870 0.78 # 19776 # 22448 # 1 # ID=78_18;partial=00;start_type=ATG;rbs_motif=GGAG/GAGG;rbs_spacer=5-10bp;gc_cont=0.696
NODE_19_length_70006_cov_65.772564_8  -            389 91428at2             -            555   1.3e-71  240.2   0.0   1   2   1.2e-68   4.2e-65  218.8   0.0     1   245     1   297     1   301 0.83 # 5065 # 6231 # -1 # ID=19_8;partial=00;start_type=ATG;rbs_motif=AGGAG;rbs_spacer=5-10bp;gc_cont=0.706
NODE_19_length_70006_cov_65.772564_8  -            389 91428at2             -            555   1.3e-71  240.2   0.0   2   2   2.7e-08   9.9e-05   19.5   0.0   258   309   330   387   318   388 0.87 # 5065 # 6231 # -1 # ID=19_8;partial=00;start_type=ATG;rbs_motif=AGGAG;rbs_spacer=5-10bp;gc_cont=0.706
#
# Program:         hmmsearch
# Version:         3.1b2 (February 2015)
# Pipeline mode:   SEARCH
# Query file:      /home/users/ntm1021/gen-711-final-project/69_assembly_output/busco_downloads/lineages/bacteria_odb10/hmms/91428at2.hmm
# Target file:     /home/users/ntm1021/gen-711-final-project/69_assembly_output/busco-results/prodigal_output/predicted_genes/predicted.faa
# Option settings: hmmsearch --domtblout /home/users/ntm1021/gen-711-final-project/69_assembly_output/busco-results/run_bacteria_odb10/hmmer_output/91428at2.out --cpu 1 /home/users/ntm1021/gen-711-final-project/69_assembly_output/busco_downloads/lineages/bacteria_odb10/hmms/91428at2.hmm /home/users/ntm1021/gen-711-final-project/69_assembly_output/busco-results/prodigal_output/predicted_genes/predicted.faa 
# Current dir:     /home/users/ntm1021/gen-711-final-project/69_assembly_output
# Date:            Fri May  3 15:32:16 2024
# [ok]
