#                                                                                              --- full sequence --- -------------- this domain -------------   hmm coord   ali coord   env coord
# target name                          accession   tlen query name           accession   qlen   E-value  score  bias   #  of  c-Evalue  i-Evalue  score  bias  from    to  from    to  from    to  acc description of target
#                  ------------------- ---------- ----- -------------------- ---------- ----- --------- ------ ----- --- --- --------- --------- ------ ----- ----- ----- ----- ----- ----- ----- ---- ---------------------
NODE_101_length_27181_cov_88.554558_11 -            714 1036075at2           -            356   1.5e-78  263.3  22.0   1   5   2.4e-35   5.9e-32  110.0   9.5     1   156    18   243    18   255 0.79 # 12450 # 14591 # -1 # ID=101_11;partial=00;start_type=ATG;rbs_motif=AGxAGG/AGGxGG;rbs_spacer=5-10bp;gc_cont=0.707
NODE_101_length_27181_cov_88.554558_11 -            714 1036075at2           -            356   1.5e-78  263.3  22.0   2   5    0.0044        11    3.9   0.1   191   211   350   370   342   379 0.90 # 12450 # 14591 # -1 # ID=101_11;partial=00;start_type=ATG;rbs_motif=AGxAGG/AGGxGG;rbs_spacer=5-10bp;gc_cont=0.707
NODE_101_length_27181_cov_88.554558_11 -            714 1036075at2           -            356   1.5e-78  263.3  22.0   3   5   4.3e-19     1e-15   56.6   0.1   206   260   396   461   373   462 0.85 # 12450 # 14591 # -1 # ID=101_11;partial=00;start_type=ATG;rbs_motif=AGxAGG/AGGxGG;rbs_spacer=5-10bp;gc_cont=0.707
NODE_101_length_27181_cov_88.554558_11 -            714 1036075at2           -            356   1.5e-78  263.3  22.0   4   5   4.8e-05      0.12   10.4   0.0   259   280   524   545   519   563 0.83 # 12450 # 14591 # -1 # ID=101_11;partial=00;start_type=ATG;rbs_motif=AGxAGG/AGGxGG;rbs_spacer=5-10bp;gc_cont=0.707
NODE_101_length_27181_cov_88.554558_11 -            714 1036075at2           -            356   1.5e-78  263.3  22.0   5   5   3.3e-23     8e-20   70.1   0.0   286   356   580   660   574   660 0.90 # 12450 # 14591 # -1 # ID=101_11;partial=00;start_type=ATG;rbs_motif=AGxAGG/AGGxGG;rbs_spacer=5-10bp;gc_cont=0.707
NODE_66_length_34509_cov_93.199319_3   -            715 1036075at2           -            356     0.041   11.9   0.6   1   1   3.1e-05     0.075   11.0   0.6   118   155   667   703   654   707 0.83 # 3031 # 5175 # -1 # ID=66_3;partial=00;start_type=ATG;rbs_motif=GGxGG;rbs_spacer=5-10bp;gc_cont=0.680
NODE_291_length_3776_cov_75.749520_2   -            751 1036075at2           -            356     0.058   11.4   0.0   1   2   0.00012       0.3    9.1   0.0   309   356   131   178   104   178 0.90 # 520 # 2772 # -1 # ID=291_2;partial=00;start_type=ATG;rbs_motif=None;rbs_spacer=None;gc_cont=0.708
NODE_291_length_3776_cov_75.749520_2   -            751 1036075at2           -            356     0.058   11.4   0.0   2   2     0.099   2.4e+02   -0.5   0.0   295   312   668   685   659   727 0.85 # 520 # 2772 # -1 # ID=291_2;partial=00;start_type=ATG;rbs_motif=None;rbs_spacer=None;gc_cont=0.708
#
# Program:         hmmsearch
# Version:         3.1b2 (February 2015)
# Pipeline mode:   SEARCH
# Query file:      /home/users/ntm1021/gen-711-final-project/69_assembly_output/busco_downloads/lineages/bacteria_odb10/hmms/1036075at2.hmm
# Target file:     /home/users/ntm1021/gen-711-final-project/69_assembly_output/busco-results/prodigal_output/predicted_genes/predicted.faa
# Option settings: hmmsearch --domtblout /home/users/ntm1021/gen-711-final-project/69_assembly_output/busco-results/run_bacteria_odb10/hmmer_output/1036075at2.out --cpu 1 /home/users/ntm1021/gen-711-final-project/69_assembly_output/busco_downloads/lineages/bacteria_odb10/hmms/1036075at2.hmm /home/users/ntm1021/gen-711-final-project/69_assembly_output/busco-results/prodigal_output/predicted_genes/predicted.faa 
# Current dir:     /home/users/ntm1021/gen-711-final-project/69_assembly_output
# Date:            Fri May  3 15:32:04 2024
# [ok]
