#                                                                                             --- full sequence --- -------------- this domain -------------   hmm coord   ali coord   env coord
# target name                         accession   tlen query name           accession   qlen   E-value  score  bias   #  of  c-Evalue  i-Evalue  score  bias  from    to  from    to  from    to  acc description of target
#                 ------------------- ---------- ----- -------------------- ---------- ----- --------- ------ ----- --- --- --------- --------- ------ ----- ----- ----- ----- ----- ----- ----- ---- ---------------------
NODE_90_length_28598_cov_87.644902_21 -            313 1069591at2           -            187   1.6e-41  140.7   4.8   1   2   2.6e-34   4.7e-31  106.6   0.0     1   129    10   172    10   183 0.76 # 27413 # 28351 # -1 # ID=90_21;partial=00;start_type=GTG;rbs_motif=GGAG/GAGG;rbs_spacer=5-10bp;gc_cont=0.718
NODE_90_length_28598_cov_87.644902_21 -            313 1069591at2           -            187   1.6e-41  140.7   4.8   2   2   3.6e-06    0.0065   14.8   5.5   136   187   202   281   192   281 0.60 # 27413 # 28351 # -1 # ID=90_21;partial=00;start_type=GTG;rbs_motif=GGAG/GAGG;rbs_spacer=5-10bp;gc_cont=0.718
NODE_17_length_74259_cov_83.912089_55 -            845 1069591at2           -            187     0.023   13.0   0.0   1   2      0.29   5.3e+02   -1.2   0.0     3    25   234   255   233   263 0.82 # 61315 # 63849 # 1 # ID=17_55;partial=00;start_type=ATG;rbs_motif=GGAGG;rbs_spacer=5-10bp;gc_cont=0.729
NODE_17_length_74259_cov_83.912089_55 -            845 1069591at2           -            187     0.023   13.0   0.0   2   2   7.2e-05      0.13   10.6   0.0     3    28   572   597   570   603 0.82 # 61315 # 63849 # 1 # ID=17_55;partial=00;start_type=ATG;rbs_motif=GGAGG;rbs_spacer=5-10bp;gc_cont=0.729
NODE_1_length_176229_cov_94.921846_36 -            867 1069591at2           -            187     0.031   12.6   0.5   1   3      0.17   3.1e+02   -0.4   0.0     3    28   204   228   203   232 0.87 # 35686 # 38286 # 1 # ID=1_36;partial=00;start_type=GTG;rbs_motif=AGGAGG;rbs_spacer=11-12bp;gc_cont=0.712
NODE_1_length_176229_cov_94.921846_36 -            867 1069591at2           -            187     0.031   12.6   0.5   2   3   0.00036      0.66    8.3   0.0     3    21   606   624   604   632 0.90 # 35686 # 38286 # 1 # ID=1_36;partial=00;start_type=GTG;rbs_motif=AGGAGG;rbs_spacer=11-12bp;gc_cont=0.712
NODE_1_length_176229_cov_94.921846_36 -            867 1069591at2           -            187     0.031   12.6   0.5   3   3      0.55     1e+03   -2.1   0.2     3    13   855   865   855   866 0.92 # 35686 # 38286 # 1 # ID=1_36;partial=00;start_type=GTG;rbs_motif=AGGAGG;rbs_spacer=11-12bp;gc_cont=0.712
NODE_67_length_34414_cov_90.716452_18 -            429 1069591at2           -            187     0.032   12.5   0.1   1   2   7.4e-05      0.14   10.5   0.0     2    21   118   137   117   142 0.90 # 22287 # 23573 # -1 # ID=67_18;partial=00;start_type=GTG;rbs_motif=GGA/GAG/AGG;rbs_spacer=5-10bp;gc_cont=0.669
NODE_67_length_34414_cov_90.716452_18 -            429 1069591at2           -            187     0.032   12.5   0.1   2   2       1.5   2.8e+03   -3.5   0.0    76    98   244   266   236   286 0.72 # 22287 # 23573 # -1 # ID=67_18;partial=00;start_type=GTG;rbs_motif=GGA/GAG/AGG;rbs_spacer=5-10bp;gc_cont=0.669
#
# Program:         hmmsearch
# Version:         3.1b2 (February 2015)
# Pipeline mode:   SEARCH
# Query file:      /home/users/ntm1021/gen-711-final-project/69_assembly_output/busco_downloads/lineages/bacteria_odb10/hmms/1069591at2.hmm
# Target file:     /home/users/ntm1021/gen-711-final-project/69_assembly_output/busco-results/prodigal_output/predicted_genes/predicted.faa
# Option settings: hmmsearch --domtblout /home/users/ntm1021/gen-711-final-project/69_assembly_output/busco-results/run_bacteria_odb10/hmmer_output/1069591at2.out --cpu 1 /home/users/ntm1021/gen-711-final-project/69_assembly_output/busco_downloads/lineages/bacteria_odb10/hmms/1069591at2.hmm /home/users/ntm1021/gen-711-final-project/69_assembly_output/busco-results/prodigal_output/predicted_genes/predicted.faa 
# Current dir:     /home/users/ntm1021/gen-711-final-project/69_assembly_output
# Date:            Fri May  3 15:32:04 2024
# [ok]
