#                                                                                              --- full sequence --- -------------- this domain -------------   hmm coord   ali coord   env coord
# target name                          accession   tlen query name           accession   qlen   E-value  score  bias   #  of  c-Evalue  i-Evalue  score  bias  from    to  from    to  from    to  acc description of target
#                  ------------------- ---------- ----- -------------------- ---------- ----- --------- ------ ----- --- --- --------- --------- ------ ----- ----- ----- ----- ----- ----- ----- ---- ---------------------
NODE_155_length_17485_cov_97.046837_1  -            178 1827295at2           -             74   4.3e-16   57.3   0.1   1   1   2.5e-17   3.8e-15   54.3   0.1     3    74    30   129    28   129 0.75 # 200 # 733 # -1 # ID=155_1;partial=00;start_type=ATG;rbs_motif=GGA/GAG/AGG;rbs_spacer=5-10bp;gc_cont=0.732
NODE_17_length_74259_cov_83.912089_55  -            845 1827295at2           -             74   6.5e-05   21.5   0.0   1   2    0.0029      0.44    9.2   0.0    12    32   234   254   219   261 0.80 # 61315 # 63849 # 1 # ID=17_55;partial=00;start_type=ATG;rbs_motif=GGAGG;rbs_spacer=5-10bp;gc_cont=0.729
NODE_17_length_74259_cov_83.912089_55  -            845 1827295at2           -             74   6.5e-05   21.5   0.0   2   2    0.0021      0.32    9.7   0.0    11    32   571   592   557   596 0.86 # 61315 # 63849 # 1 # ID=17_55;partial=00;start_type=ATG;rbs_motif=GGAGG;rbs_spacer=5-10bp;gc_cont=0.729
NODE_248_length_6339_cov_90.693496_3   -           1169 1827295at2           -             74    0.0002   19.9   0.5   1   2     0.016       2.4    6.8   0.1     8    29   356   381   345   387 0.76 # 2692 # 6198 # 1 # ID=248_3;partial=00;start_type=GTG;rbs_motif=AGGAG/GGAGG;rbs_spacer=11-12bp;gc_cont=0.737
NODE_248_length_6339_cov_90.693496_3   -           1169 1827295at2           -             74    0.0002   19.9   0.5   2   2    0.0012      0.18   10.5   0.0     9    44   950   983   936   991 0.78 # 2692 # 6198 # 1 # ID=248_3;partial=00;start_type=GTG;rbs_motif=AGGAG/GGAGG;rbs_spacer=11-12bp;gc_cont=0.737
NODE_60_length_36613_cov_87.147728_33  -            538 1827295at2           -             74   0.00045   18.8   0.1   1   1     6e-06   0.00091   17.8   0.1     5    39   115   152   109   157 0.84 # 30533 # 32146 # -1 # ID=60_33;partial=00;start_type=TTG;rbs_motif=GGA/GAG/AGG;rbs_spacer=5-10bp;gc_cont=0.683
NODE_40_length_45775_cov_94.921092_28  -            605 1827295at2           -             74   0.00084   17.9   0.4   1   2      0.14        22    3.8   0.0     9    30    32    53    19    57 0.82 # 29729 # 31543 # 1 # ID=40_28;partial=00;start_type=ATG;rbs_motif=AGGAG;rbs_spacer=3-4bp;gc_cont=0.709
NODE_40_length_45775_cov_94.921092_28  -            605 1827295at2           -             74   0.00084   17.9   0.4   2   2   0.00067       0.1   11.2   0.1     5    32   312   340   306   344 0.82 # 29729 # 31543 # 1 # ID=40_28;partial=00;start_type=ATG;rbs_motif=AGGAG;rbs_spacer=3-4bp;gc_cont=0.709
NODE_25_length_65002_cov_94.531977_36  -            506 1827295at2           -             74     0.001   17.6   0.2   1   2    0.0024      0.36    9.5   0.0     8    29    36    59    22    63 0.81 # 34152 # 35669 # -1 # ID=25_36;partial=00;start_type=ATG;rbs_motif=AGGAG;rbs_spacer=5-10bp;gc_cont=0.724
NODE_25_length_65002_cov_94.531977_36  -            506 1827295at2           -             74     0.001   17.6   0.2   2   2     0.038       5.7    5.6   0.0     8    28   285   307   273   310 0.83 # 34152 # 35669 # -1 # ID=25_36;partial=00;start_type=ATG;rbs_motif=AGGAG;rbs_spacer=5-10bp;gc_cont=0.724
NODE_216_length_9388_cov_73.690530_4   -            842 1827295at2           -             74    0.0013   17.3   0.0   1   2    0.0076       1.2    7.9   0.0    12    35   209   233   195   236 0.83 # 6827 # 9352 # -1 # ID=216_4;partial=00;start_type=ATG;rbs_motif=AGGAG;rbs_spacer=5-10bp;gc_cont=0.675
NODE_216_length_9388_cov_73.690530_4   -            842 1827295at2           -             74    0.0013   17.3   0.0   2   2     0.018       2.8    6.6   0.0    11    32   545   566   529   570 0.85 # 6827 # 9352 # -1 # ID=216_4;partial=00;start_type=ATG;rbs_motif=AGGAG;rbs_spacer=5-10bp;gc_cont=0.675
NODE_23_length_66687_cov_84.946379_25  -            533 1827295at2           -             74     0.002   16.7   1.4   1   2   0.00096      0.15   10.8   0.2     2    29    20    48    18    56 0.84 # 28663 # 30261 # 1 # ID=23_25;partial=00;start_type=GTG;rbs_motif=AGGAG;rbs_spacer=5-10bp;gc_cont=0.702
NODE_23_length_66687_cov_84.946379_25  -            533 1827295at2           -             74     0.002   16.7   1.4   2   2      0.12        18    4.1   0.1    11    28   354   371   343   375 0.77 # 28663 # 30261 # 1 # ID=23_25;partial=00;start_type=GTG;rbs_motif=AGGAG;rbs_spacer=5-10bp;gc_cont=0.702
NODE_1_length_176229_cov_94.921846_36  -            867 1827295at2           -             74    0.0032   16.1   0.0   1   2      0.02         3    6.5   0.0    12    33   204   226   191   231 0.84 # 35686 # 38286 # 1 # ID=1_36;partial=00;start_type=GTG;rbs_motif=AGGAGG;rbs_spacer=11-12bp;gc_cont=0.712
NODE_1_length_176229_cov_94.921846_36  -            867 1827295at2           -             74    0.0032   16.1   0.0   2   2     0.022       3.3    6.4   0.0    11    31   605   625   589   629 0.86 # 35686 # 38286 # 1 # ID=1_36;partial=00;start_type=GTG;rbs_motif=AGGAGG;rbs_spacer=11-12bp;gc_cont=0.712
NODE_57_length_37105_cov_87.860349_33  -            264 1827295at2           -             74    0.0035   15.9   0.1   1   1   7.4e-05     0.011   14.3   0.1     8    29    31    56    19    59 0.81 # 35770 # 36561 # -1 # ID=57_33;partial=00;start_type=ATG;rbs_motif=AGxAGG/AGGxGG;rbs_spacer=5-10bp;gc_cont=0.678
NODE_8_length_103223_cov_87.039051_43  -            540 1827295at2           -             74    0.0038   15.8   0.1   1   2   0.00039      0.06   12.0   0.1     7    30    28    52    19    58 0.81 # 44276 # 45895 # 1 # ID=8_43;partial=00;start_type=ATG;rbs_motif=AGGA/GGAG/GAGG;rbs_spacer=11-12bp;gc_cont=0.716
NODE_8_length_103223_cov_87.039051_43  -            540 1827295at2           -             74    0.0038   15.8   0.1   2   2       1.3     2e+02    0.7   0.0    11    29   360   378   347   382 0.82 # 44276 # 45895 # 1 # ID=8_43;partial=00;start_type=ATG;rbs_motif=AGGA/GGAG/GAGG;rbs_spacer=11-12bp;gc_cont=0.716
NODE_49_length_39939_cov_96.910756_8   -            512 1827295at2           -             74    0.0045   15.6   0.0   1   2     0.009       1.4    7.6   0.0     8    29    34    56    24    61 0.80 # 5458 # 6993 # 1 # ID=49_8;partial=00;start_type=GTG;rbs_motif=AGGAG;rbs_spacer=5-10bp;gc_cont=0.712
NODE_49_length_39939_cov_96.910756_8   -            512 1827295at2           -             74    0.0045   15.6   0.0   2   2     0.053       8.1    5.2   0.0     8    28   280   302   271   309 0.82 # 5458 # 6993 # 1 # ID=49_8;partial=00;start_type=GTG;rbs_motif=AGGAG;rbs_spacer=5-10bp;gc_cont=0.712
NODE_49_length_39939_cov_96.910756_17  -            544 1827295at2           -             74    0.0064   15.1   0.2   1   2      0.23        34    3.1   0.0    10    29    44    63    28    67 0.82 # 16228 # 17859 # -1 # ID=49_17;partial=00;start_type=TTG;rbs_motif=GGA/GAG/AGG;rbs_spacer=5-10bp;gc_cont=0.763
NODE_49_length_39939_cov_96.910756_17  -            544 1827295at2           -             74    0.0064   15.1   0.2   2   2    0.0025      0.38    9.4   0.1    11    32   386   407   374   413 0.87 # 16228 # 17859 # -1 # ID=49_17;partial=00;start_type=TTG;rbs_motif=GGA/GAG/AGG;rbs_spacer=5-10bp;gc_cont=0.763
NODE_135_length_20891_cov_90.626084_12 -            362 1827295at2           -             74    0.0069   15.0   0.0   1   1   9.6e-05     0.015   14.0   0.0     9    33    11    35     2    40 0.86 # 12416 # 13501 # 1 # ID=135_12;partial=00;start_type=GTG;rbs_motif=GGAG/GAGG;rbs_spacer=5-10bp;gc_cont=0.719
NODE_216_length_9388_cov_73.690530_3   -            990 1827295at2           -             74    0.0071   14.9   0.0   1   1   9.5e-05     0.015   14.0   0.0     3    29   254   287   252   293 0.78 # 3789 # 6758 # 1 # ID=216_3;partial=00;start_type=ATG;rbs_motif=GGxGG;rbs_spacer=5-10bp;gc_cont=0.718
NODE_84_length_31379_cov_87.376104_11  -            962 1827295at2           -             74    0.0079   14.8   0.1   1   1   0.00015     0.023   13.3   0.1     8    31    32    59    21    63 0.80 # 22198 # 25083 # 1 # ID=84_11;partial=00;start_type=GTG;rbs_motif=GGAG/GAGG;rbs_spacer=5-10bp;gc_cont=0.758
NODE_133_length_21226_cov_95.969193_8  -            566 1827295at2           -             74    0.0085   14.7   0.1   1   2     0.076        12    4.7   0.0     9    27    30    48    16    57 0.81 # 7463 # 9160 # 1 # ID=133_8;partial=00;start_type=GTG;rbs_motif=AGGAG;rbs_spacer=5-10bp;gc_cont=0.757
NODE_133_length_21226_cov_95.969193_8  -            566 1827295at2           -             74    0.0085   14.7   0.1   2   2     0.012       1.9    7.2   0.0     8    29   341   365   325   372 0.81 # 7463 # 9160 # 1 # ID=133_8;partial=00;start_type=GTG;rbs_motif=AGGAG;rbs_spacer=5-10bp;gc_cont=0.757
NODE_7_length_116790_cov_88.970136_48  -            541 1827295at2           -             74    0.0091   14.6   1.1   1   2       2.1   3.2e+02    0.0   0.2    13    32    35    54    31    57 0.82 # 50239 # 51861 # 1 # ID=7_48;partial=00;start_type=ATG;rbs_motif=GGAG/GAGG;rbs_spacer=5-10bp;gc_cont=0.722
NODE_7_length_116790_cov_88.970136_48  -            541 1827295at2           -             74    0.0091   14.6   1.1   2   2   0.00037     0.056   12.1   0.0     9    36   362   388   348   391 0.84 # 50239 # 51861 # 1 # ID=7_48;partial=00;start_type=ATG;rbs_motif=GGAG/GAGG;rbs_spacer=5-10bp;gc_cont=0.722
NODE_29_length_58506_cov_98.491958_2   -            758 1827295at2           -             74    0.0094   14.6   0.0   1   1   0.00016     0.024   13.2   0.0     9    36    29    56    18    59 0.85 # 124 # 2397 # -1 # ID=29_2;partial=00;start_type=GTG;rbs_motif=GGAGG;rbs_spacer=3-4bp;gc_cont=0.774
NODE_7_length_116790_cov_88.970136_26  -            548 1827295at2           -             74     0.011   14.3   0.9   1   2    0.0085       1.3    7.7   0.2     8    29    28    51    11    55 0.84 # 25468 # 27111 # -1 # ID=7_26;partial=00;start_type=ATG;rbs_motif=AGGA/GGAG/GAGG;rbs_spacer=11-12bp;gc_cont=0.729
NODE_7_length_116790_cov_88.970136_26  -            548 1827295at2           -             74     0.011   14.3   0.9   2   2     0.085        13    4.5   0.0     9    29   377   397   365   402 0.83 # 25468 # 27111 # -1 # ID=7_26;partial=00;start_type=ATG;rbs_motif=AGGA/GGAG/GAGG;rbs_spacer=11-12bp;gc_cont=0.729
NODE_278_length_4518_cov_112.223867_5  -            226 1827295at2           -             74     0.012   14.3   0.0   1   1   0.00018     0.028   13.1   0.0    10    35    28    53    12    56 0.86 # 3368 # 4045 # 1 # ID=278_5;partial=00;start_type=GTG;rbs_motif=AGGAG;rbs_spacer=5-10bp;gc_cont=0.727
NODE_67_length_34414_cov_90.716452_18  -            429 1827295at2           -             74     0.013   14.2   0.0   1   1   0.00017     0.026   13.1   0.0     5    33   112   140   106   146 0.86 # 22287 # 23573 # -1 # ID=67_18;partial=00;start_type=GTG;rbs_motif=GGA/GAG/AGG;rbs_spacer=5-10bp;gc_cont=0.669
NODE_158_length_17192_cov_96.552417_13 -            398 1827295at2           -             74     0.013   14.1   0.1   1   1   0.00017     0.026   13.1   0.1     8    29    75    98    64   102 0.83 # 13555 # 14748 # -1 # ID=158_13;partial=00;start_type=ATG;rbs_motif=GGAG/GAGG;rbs_spacer=5-10bp;gc_cont=0.740
NODE_88_length_28927_cov_76.547014_17  -            239 1827295at2           -             74     0.016   13.9   0.3   1   1   0.00019     0.029   13.0   0.3     8    29    28    51    15    62 0.77 # 22983 # 23699 # -1 # ID=88_17;partial=00;start_type=ATG;rbs_motif=AGGAG;rbs_spacer=5-10bp;gc_cont=0.658
NODE_285_length_3971_cov_99.461759_4   -            358 1827295at2           -             74     0.017   13.7   0.1   1   1   0.00027     0.041   12.5   0.1     8    36    62    92    52    96 0.82 # 2059 # 3132 # 1 # ID=285_4;partial=00;start_type=GTG;rbs_motif=AGGAG;rbs_spacer=5-10bp;gc_cont=0.733
NODE_2_length_150709_cov_85.449164_45  -            247 1827295at2           -             74     0.023   13.3   0.0   1   1   0.00033     0.051   12.2   0.0     9    34    22    47     9    51 0.84 # 45350 # 46090 # -1 # ID=2_45;partial=00;start_type=GTG;rbs_motif=None;rbs_spacer=None;gc_cont=0.767
NODE_20_length_69418_cov_95.511668_30  -            250 1827295at2           -             74     0.026   13.2   0.2   1   1   0.00041     0.063   11.9   0.2     8    29    41    63    27    70 0.84 # 31217 # 31966 # -1 # ID=20_30;partial=00;start_type=GTG;rbs_motif=AGGAG;rbs_spacer=5-10bp;gc_cont=0.740
NODE_127_length_22094_cov_87.960714_8  -            348 1827295at2           -             74     0.026   13.2   0.0   1   1   0.00039     0.059   12.0   0.0    10    30     3    23     2    30 0.89 # 7009 # 8052 # 1 # ID=127_8;partial=00;start_type=GTG;rbs_motif=AGxAGG/AGGxGG;rbs_spacer=3-4bp;gc_cont=0.729
NODE_1_length_176229_cov_94.921846_12  -            162 1827295at2           -             74     0.026   13.1   0.0   1   1   0.00028     0.042   12.5   0.0    11    32    67    88    48    93 0.86 # 9606 # 10091 # 1 # ID=1_12;partial=00;start_type=GTG;rbs_motif=GGA/GAG/AGG;rbs_spacer=5-10bp;gc_cont=0.733
NODE_69_length_33838_cov_82.967488_20  -            347 1827295at2           -             74     0.029   13.0   0.1   1   1    0.0004     0.061   12.0   0.1     8    29    38    61    28    70 0.84 # 23480 # 24520 # 1 # ID=69_20;partial=00;start_type=ATG;rbs_motif=AGGAG;rbs_spacer=5-10bp;gc_cont=0.759
NODE_78_length_32324_cov_90.111532_23  -            172 1827295at2           -             74     0.033   12.8   0.0   1   1   0.00046      0.07   11.8   0.0    10    33     5    28     2    33 0.92 # 26964 # 27479 # 1 # ID=78_23;partial=00;start_type=ATG;rbs_motif=None;rbs_spacer=None;gc_cont=0.721
NODE_124_length_22413_cov_89.201831_18 -            322 1827295at2           -             74     0.035   12.7   0.1   1   1   0.00048     0.074   11.7   0.1     8    32    30    56    15    60 0.83 # 18036 # 19001 # -1 # ID=124_18;partial=00;start_type=GTG;rbs_motif=AGGAG;rbs_spacer=5-10bp;gc_cont=0.744
NODE_70_length_33817_cov_117.340338_25 -            126 1827295at2           -             74     0.045   12.4   0.1   1   1   0.00056     0.085   11.5   0.1     9    28    37    56    18    63 0.80 # 20800 # 21177 # -1 # ID=70_25;partial=00;start_type=ATG;rbs_motif=3Base/5BMM;rbs_spacer=13-15bp;gc_cont=0.688
NODE_2_length_150709_cov_85.449164_60  -            264 1827295at2           -             74     0.048   12.3   0.2   1   1   0.00061     0.092   11.4   0.2     9    30    39    60    24    65 0.81 # 62421 # 63212 # 1 # ID=2_60;partial=00;start_type=ATG;rbs_motif=AGGAG;rbs_spacer=5-10bp;gc_cont=0.747
NODE_7_length_116790_cov_88.970136_89  -            269 1827295at2           -             74     0.048   12.3   0.1   1   1   0.00072      0.11   11.1   0.1     5    29    27    52    19    60 0.80 # 100600 # 101406 # 1 # ID=7_89;partial=00;start_type=ATG;rbs_motif=GGA/GAG/AGG;rbs_spacer=5-10bp;gc_cont=0.725
NODE_46_length_40610_cov_91.837710_13  -           1315 1827295at2           -             74      0.05   12.2   0.0   1   1   0.00071      0.11   11.2   0.0     8    36    89   121    81   123 0.81 # 12490 # 16434 # -1 # ID=46_13;partial=00;start_type=ATG;rbs_motif=GGA/GAG/AGG;rbs_spacer=5-10bp;gc_cont=0.687
NODE_58_length_36704_cov_94.022665_28  -            712 1827295at2           -             74     0.054   12.1   0.0   1   1   0.00091      0.14   10.8   0.0     5    33   230   261   224   270 0.80 # 25586 # 27721 # -1 # ID=58_28;partial=00;start_type=GTG;rbs_motif=3Base/5BMM;rbs_spacer=13-15bp;gc_cont=0.670
NODE_75_length_32534_cov_108.125343_5  -            643 1827295at2           -             74     0.059   12.0   0.0   1   1     0.001      0.15   10.7   0.0     9    31   424   446   413   452 0.81 # 3685 # 5613 # 1 # ID=75_5;partial=00;start_type=ATG;rbs_motif=GGAGG;rbs_spacer=5-10bp;gc_cont=0.691
NODE_121_length_22740_cov_85.202715_13 -            517 1827295at2           -             74     0.066   11.9   0.9   1   2     0.076        12    4.7   0.1     8    27    30    50    19    54 0.80 # 16782 # 18332 # -1 # ID=121_13;partial=00;start_type=ATG;rbs_motif=GGA/GAG/AGG;rbs_spacer=5-10bp;gc_cont=0.665
NODE_121_length_22740_cov_85.202715_13 -            517 1827295at2           -             74     0.066   11.9   0.9   2   2     0.072        11    4.7   0.0     9    28   295   314   280   322 0.79 # 16782 # 18332 # -1 # ID=121_13;partial=00;start_type=ATG;rbs_motif=GGA/GAG/AGG;rbs_spacer=5-10bp;gc_cont=0.665
NODE_79_length_32051_cov_95.910945_8   -           1209 1827295at2           -             74     0.068   11.8   0.1   1   1    0.0011      0.17   10.6   0.1     6    33   394   422   385   426 0.83 # 4907 # 8533 # 1 # ID=79_8;partial=00;start_type=GTG;rbs_motif=None;rbs_spacer=None;gc_cont=0.774
NODE_223_length_8833_cov_85.703423_2   -            941 1827295at2           -             74     0.069   11.8   0.1   1   1    0.0016      0.24   10.1   0.1     3    33    27    58    24    62 0.84 # 679 # 3501 # -1 # ID=223_2;partial=00;start_type=GTG;rbs_motif=GGAG/GAGG;rbs_spacer=5-10bp;gc_cont=0.783
NODE_164_length_16330_cov_68.688576_7  -            589 1827295at2           -             74     0.071   11.8   0.0   1   1     0.001      0.15   10.7   0.0    10    36   268   294   257   298 0.86 # 6578 # 8344 # -1 # ID=164_7;partial=00;start_type=GTG;rbs_motif=AGGAG;rbs_spacer=5-10bp;gc_cont=0.651
NODE_87_length_30678_cov_100.626952_20 -            345 1827295at2           -             74     0.072   11.7   0.8   1   2    0.0079       1.2    7.8   0.1     9    30    36    57    19    61 0.79 # 21484 # 22518 # -1 # ID=87_20;partial=00;start_type=ATG;rbs_motif=AGGA;rbs_spacer=5-10bp;gc_cont=0.726
NODE_87_length_30678_cov_100.626952_20 -            345 1827295at2           -             74     0.072   11.7   0.8   2   2       0.8   1.2e+02    1.4   0.1     9    26   102   119    88   129 0.76 # 21484 # 22518 # -1 # ID=87_20;partial=00;start_type=ATG;rbs_motif=AGGA;rbs_spacer=5-10bp;gc_cont=0.726
NODE_84_length_31379_cov_87.376104_3   -            335 1827295at2           -             74     0.078   11.6   0.1   1   1    0.0012      0.18   10.4   0.1     8    32    47    72    35    78 0.79 # 7758 # 8762 # -1 # ID=84_3;partial=00;start_type=ATG;rbs_motif=GGAG/GAGG;rbs_spacer=5-10bp;gc_cont=0.739
NODE_22_length_67413_cov_97.457643_6   -            289 1827295at2           -             74     0.079   11.6   0.1   1   1     0.001      0.16   10.6   0.1     9    32    30    53    16    62 0.81 # 5794 # 6660 # 1 # ID=22_6;partial=00;start_type=ATG;rbs_motif=GGAG/GAGG;rbs_spacer=5-10bp;gc_cont=0.759
NODE_41_length_45351_cov_85.801964_11  -            338 1827295at2           -             74     0.084   11.5   0.2   1   2       3.4   5.2e+02   -0.6   0.0     8    26    68    91    60    96 0.75 # 11559 # 12572 # -1 # ID=41_11;partial=00;start_type=ATG;rbs_motif=GGA/GAG/AGG;rbs_spacer=5-10bp;gc_cont=0.733
NODE_41_length_45351_cov_85.801964_11  -            338 1827295at2           -             74     0.084   11.5   0.2   2   2    0.0032      0.49    9.1   0.0     8    31   198   225   187   232 0.78 # 11559 # 12572 # -1 # ID=41_11;partial=00;start_type=ATG;rbs_motif=GGA/GAG/AGG;rbs_spacer=5-10bp;gc_cont=0.733
NODE_78_length_32324_cov_90.111532_25  -            316 1827295at2           -             74      0.09   11.4   0.0   1   1     0.001      0.16   10.7   0.0     9    31   134   156   122   164 0.83 # 28731 # 29678 # 1 # ID=78_25;partial=00;start_type=ATG;rbs_motif=GGAG/GAGG;rbs_spacer=5-10bp;gc_cont=0.750
NODE_153_length_17496_cov_81.896540_11 -            265 1827295at2           -             74     0.098   11.3   0.9   1   1    0.0011      0.16   10.6   0.9     5    33    82   111    66   120 0.79 # 9399 # 10193 # 1 # ID=153_11;partial=00;start_type=GTG;rbs_motif=GGA/GAG/AGG;rbs_spacer=5-10bp;gc_cont=0.721
#
# Program:         hmmsearch
# Version:         3.1b2 (February 2015)
# Pipeline mode:   SEARCH
# Query file:      /home/users/ntm1021/gen-711-final-project/69_assembly_output/busco_downloads/lineages/bacteria_odb10/hmms/1827295at2.hmm
# Target file:     /home/users/ntm1021/gen-711-final-project/69_assembly_output/busco-results/prodigal_output/predicted_genes/predicted.faa
# Option settings: hmmsearch --domtblout /home/users/ntm1021/gen-711-final-project/69_assembly_output/busco-results/run_bacteria_odb10/hmmer_output/1827295at2.out --cpu 1 /home/users/ntm1021/gen-711-final-project/69_assembly_output/busco_downloads/lineages/bacteria_odb10/hmms/1827295at2.hmm /home/users/ntm1021/gen-711-final-project/69_assembly_output/busco-results/prodigal_output/predicted_genes/predicted.faa 
# Current dir:     /home/users/ntm1021/gen-711-final-project/69_assembly_output
# Date:            Fri May  3 15:32:10 2024
# [ok]
