#                                                                                             --- full sequence --- -------------- this domain -------------   hmm coord   ali coord   env coord
# target name                         accession   tlen query name           accession   qlen   E-value  score  bias   #  of  c-Evalue  i-Evalue  score  bias  from    to  from    to  from    to  acc description of target
#                 ------------------- ---------- ----- -------------------- ---------- ----- --------- ------ ----- --- --- --------- --------- ------ ----- ----- ----- ----- ----- ----- ----- ---- ---------------------
NODE_46_length_40610_cov_91.837710_6  -            509 267682at2            -            304   1.2e-81  272.9   0.1   1   3   4.9e-08     6e-05   21.0   0.0     6    30    36    60    23    76 0.86 # 5289 # 6815 # 1 # ID=46_6;partial=00;start_type=GTG;rbs_motif=None;rbs_spacer=None;gc_cont=0.693
NODE_46_length_40610_cov_91.837710_6  -            509 267682at2            -            304   1.2e-81  272.9   0.1   2   3   1.6e-07   0.00019   19.3   0.0    29    71    82   135    78   140 0.82 # 5289 # 6815 # 1 # ID=46_6;partial=00;start_type=GTG;rbs_motif=None;rbs_spacer=None;gc_cont=0.693
NODE_46_length_40610_cov_91.837710_6  -            509 267682at2            -            304   1.2e-81  272.9   0.1   3   3   3.8e-70   4.6e-67  224.9   0.0    83   297   186   458   181   475 0.82 # 5289 # 6815 # 1 # ID=46_6;partial=00;start_type=GTG;rbs_motif=None;rbs_spacer=None;gc_cont=0.693
NODE_25_length_65002_cov_94.531977_8  -            318 267682at2            -            304   9.7e-05   20.3   0.2   1   2      0.63   7.7e+02   -2.4   0.0    77   108   111   142   105   163 0.70 # 6588 # 7541 # -1 # ID=25_8;partial=00;start_type=GTG;rbs_motif=AGGAG;rbs_spacer=5-10bp;gc_cont=0.720
NODE_25_length_65002_cov_94.531977_8  -            318 267682at2            -            304   9.7e-05   20.3   0.2   2   2   1.9e-07   0.00023   19.0   0.1   207   259   193   245   187   252 0.88 # 6588 # 7541 # -1 # ID=25_8;partial=00;start_type=GTG;rbs_motif=AGGAG;rbs_spacer=5-10bp;gc_cont=0.720
NODE_195_length_12121_cov_70.834751_5 -            606 267682at2            -            304    0.0012   16.7   0.0   1   2     0.023        28    2.4   0.0     9    30    17    38    12    54 0.87 # 3796 # 5613 # -1 # ID=195_5;partial=00;start_type=ATG;rbs_motif=AGGA/GGAG/GAGG;rbs_spacer=11-12bp;gc_cont=0.695
NODE_195_length_12121_cov_70.834751_5 -            606 267682at2            -            304    0.0012   16.7   0.0   2   2   5.1e-05     0.062   11.1   0.0    34    87    66   139    41   143 0.75 # 3796 # 5613 # -1 # ID=195_5;partial=00;start_type=ATG;rbs_motif=AGGA/GGAG/GAGG;rbs_spacer=11-12bp;gc_cont=0.695
NODE_11_length_95823_cov_81.234043_46 -            221 267682at2            -            304    0.0026   15.6   0.0   1   2      0.91   1.1e+03   -2.9   0.0   168   191    23    48    20    50 0.79 # 54311 # 54973 # -1 # ID=11_46;partial=00;start_type=ATG;rbs_motif=AGxAGG/AGGxGG;rbs_spacer=5-10bp;gc_cont=0.733
NODE_11_length_95823_cov_81.234043_46 -            221 267682at2            -            304    0.0026   15.6   0.0   2   2   4.6e-06    0.0056   14.5   0.0   209   266   110   169   105   176 0.83 # 54311 # 54973 # -1 # ID=11_46;partial=00;start_type=ATG;rbs_motif=AGxAGG/AGGxGG;rbs_spacer=5-10bp;gc_cont=0.733
NODE_78_length_32324_cov_90.111532_3  -            183 267682at2            -            304      0.02   12.7   0.0   1   1   2.4e-05      0.03   12.1   0.0   224   254   118   148   101   154 0.89 # 2741 # 3289 # 1 # ID=78_3;partial=00;start_type=ATG;rbs_motif=GGA/GAG/AGG;rbs_spacer=5-10bp;gc_cont=0.741
NODE_155_length_17485_cov_97.046837_8 -            616 267682at2            -            304     0.026   12.3   0.1   1   2     0.078        95    0.6   0.0     7    28    15    36    10    39 0.86 # 6652 # 8499 # -1 # ID=155_8;partial=00;start_type=ATG;rbs_motif=GGA/GAG/AGG;rbs_spacer=5-10bp;gc_cont=0.712
NODE_155_length_17485_cov_97.046837_8 -            616 267682at2            -            304     0.026   12.3   0.1   2   2    0.0004      0.49    8.1   0.0    34    74    66   115    58   144 0.76 # 6652 # 8499 # -1 # ID=155_8;partial=00;start_type=ATG;rbs_motif=GGA/GAG/AGG;rbs_spacer=5-10bp;gc_cont=0.712
#
# Program:         hmmsearch
# Version:         3.1b2 (February 2015)
# Pipeline mode:   SEARCH
# Query file:      /home/users/ntm1021/gen-711-final-project/69_assembly_output/busco_downloads/lineages/bacteria_odb10/hmms/267682at2.hmm
# Target file:     /home/users/ntm1021/gen-711-final-project/69_assembly_output/busco-results/prodigal_output/predicted_genes/predicted.faa
# Option settings: hmmsearch --domtblout /home/users/ntm1021/gen-711-final-project/69_assembly_output/busco-results/run_bacteria_odb10/hmmer_output/267682at2.out --cpu 1 /home/users/ntm1021/gen-711-final-project/69_assembly_output/busco_downloads/lineages/bacteria_odb10/hmms/267682at2.hmm /home/users/ntm1021/gen-711-final-project/69_assembly_output/busco-results/prodigal_output/predicted_genes/predicted.faa 
# Current dir:     /home/users/ntm1021/gen-711-final-project/69_assembly_output
# Date:            Fri May  3 15:32:13 2024
# [ok]
