#                                                                                              --- full sequence --- -------------- this domain -------------   hmm coord   ali coord   env coord
# target name                          accession   tlen query name           accession   qlen   E-value  score  bias   #  of  c-Evalue  i-Evalue  score  bias  from    to  from    to  from    to  acc description of target
#                  ------------------- ---------- ----- -------------------- ---------- ----- --------- ------ ----- --- --- --------- --------- ------ ----- ----- ----- ----- ----- ----- ----- ---- ---------------------
NODE_285_length_3971_cov_99.461759_4   -            358 874197at2            -            274  4.2e-118  392.2   0.4   1   1  2.2e-120  5.9e-118  391.7   0.4     1   273    29   330    29   331 0.92 # 2059 # 3132 # 1 # ID=285_4;partial=00;start_type=GTG;rbs_motif=AGGAG;rbs_spacer=5-10bp;gc_cont=0.733
NODE_78_length_32324_cov_90.111532_13  -            452 874197at2            -            274     5e-09   34.4   0.0   1   1   3.1e-11   8.3e-09   33.7   0.0    32   116    59   152    25   166 0.65 # 14293 # 15648 # 1 # ID=78_13;partial=00;start_type=GTG;rbs_motif=GGA/GAG/AGG;rbs_spacer=5-10bp;gc_cont=0.729
NODE_58_length_36704_cov_94.022665_28  -            712 874197at2            -            274   1.4e-06   26.4   0.1   1   2   1.3e-08   3.4e-06   25.1   0.0    33    95   234   304   199   310 0.68 # 25586 # 27721 # -1 # ID=58_28;partial=00;start_type=GTG;rbs_motif=3Base/5BMM;rbs_spacer=13-15bp;gc_cont=0.670
NODE_58_length_36704_cov_94.022665_28  -            712 874197at2            -            274   1.4e-06   26.4   0.1   2   2       5.5   1.5e+03   -3.2   0.1   179   221   396   438   344   444 0.69 # 25586 # 27721 # -1 # ID=58_28;partial=00;start_type=GTG;rbs_motif=3Base/5BMM;rbs_spacer=13-15bp;gc_cont=0.670
NODE_67_length_34414_cov_90.716452_18  -            429 874197at2            -            274   9.8e-06   23.6   0.1   1   2   1.3e-07   3.6e-05   21.8   0.0    34    98   114   192    71   202 0.75 # 22287 # 23573 # -1 # ID=67_18;partial=00;start_type=GTG;rbs_motif=GGA/GAG/AGG;rbs_spacer=5-10bp;gc_cont=0.669
NODE_67_length_34414_cov_90.716452_18  -            429 874197at2            -            274   9.8e-06   23.6   0.1   2   2         2   5.5e+02   -1.8   0.0   198   240   335   378   333   383 0.79 # 22287 # 23573 # -1 # ID=67_18;partial=00;start_type=GTG;rbs_motif=GGA/GAG/AGG;rbs_spacer=5-10bp;gc_cont=0.669
NODE_164_length_16330_cov_68.688576_7  -            589 874197at2            -            274   1.4e-05   23.2   0.1   1   2       1.3   3.5e+02   -1.2   0.0    60   117    53   115    46   160 0.73 # 6578 # 8344 # -1 # ID=164_7;partial=00;start_type=GTG;rbs_motif=AGGAG;rbs_spacer=5-10bp;gc_cont=0.651
NODE_164_length_16330_cov_68.688576_7  -            589 874197at2            -            274   1.4e-05   23.2   0.1   2   2   2.4e-07   6.5e-05   20.9   0.0    36    72   267   303   259   310 0.87 # 6578 # 8344 # -1 # ID=164_7;partial=00;start_type=GTG;rbs_motif=AGGAG;rbs_spacer=5-10bp;gc_cont=0.651
NODE_181_length_14003_cov_98.618982_4  -           1070 874197at2            -            274   7.6e-05   20.7   0.0   1   1   6.1e-07   0.00017   19.6   0.0    11    64   214   268   208   285 0.86 # 1867 # 5076 # -1 # ID=181_4;partial=00;start_type=ATG;rbs_motif=GGAGG;rbs_spacer=5-10bp;gc_cont=0.754
NODE_1_length_176229_cov_94.921846_122 -           1626 874197at2            -            274   0.00031   18.7   0.3   1   2       5.1   1.4e+03   -3.1   0.1   140   185   473   520   469   532 0.64 # 127480 # 132357 # 1 # ID=1_122;partial=00;start_type=ATG;rbs_motif=GGAG/GAGG;rbs_spacer=5-10bp;gc_cont=0.735
NODE_1_length_176229_cov_94.921846_122 -           1626 874197at2            -            274   0.00031   18.7   0.3   2   2   2.8e-06   0.00077   17.4   0.0    27    74  1230  1277  1210  1282 0.89 # 127480 # 132357 # 1 # ID=1_122;partial=00;start_type=ATG;rbs_motif=GGAG/GAGG;rbs_spacer=5-10bp;gc_cont=0.735
NODE_23_length_66687_cov_84.946379_25  -            533 874197at2            -            274   0.00098   17.1   0.1   1   2   3.7e-05      0.01   13.7   0.0    19    59    11    51     5   111 0.90 # 28663 # 30261 # 1 # ID=23_25;partial=00;start_type=GTG;rbs_motif=AGGAG;rbs_spacer=5-10bp;gc_cont=0.702
NODE_23_length_66687_cov_84.946379_25  -            533 874197at2            -            274   0.00098   17.1   0.1   2   2      0.34        92    0.8   0.0    35    54   351   370   329   376 0.73 # 28663 # 30261 # 1 # ID=23_25;partial=00;start_type=GTG;rbs_motif=AGGAG;rbs_spacer=5-10bp;gc_cont=0.702
NODE_216_length_9388_cov_73.690530_4   -            842 874197at2            -            274    0.0022   15.9   1.7   1   2     0.018       4.9    4.9   1.0    36    99   206   289   181   294 0.50 # 6827 # 9352 # -1 # ID=216_4;partial=00;start_type=ATG;rbs_motif=AGGAG;rbs_spacer=5-10bp;gc_cont=0.675
NODE_216_length_9388_cov_73.690530_4   -            842 874197at2            -            274    0.0022   15.9   1.7   2   2    0.0067       1.8    6.3   0.0    31    57   538   564   509   569 0.69 # 6827 # 9352 # -1 # ID=216_4;partial=00;start_type=ATG;rbs_motif=AGGAG;rbs_spacer=5-10bp;gc_cont=0.675
NODE_1_length_176229_cov_94.921846_36  -            867 874197at2            -            274    0.0026   15.7   0.3   1   2     0.045        12    3.6   0.3    36    58   201   223   185   288 0.72 # 35686 # 38286 # 1 # ID=1_36;partial=00;start_type=GTG;rbs_motif=AGGAGG;rbs_spacer=11-12bp;gc_cont=0.712
NODE_1_length_176229_cov_94.921846_36  -            867 874197at2            -            274    0.0026   15.7   0.3   2   2     0.002      0.55    8.0   0.0    33    57   600   624   572   634 0.79 # 35686 # 38286 # 1 # ID=1_36;partial=00;start_type=GTG;rbs_motif=AGGAGG;rbs_spacer=11-12bp;gc_cont=0.712
NODE_246_length_6491_cov_97.932118_6   -            176 874197at2            -            274    0.0026   15.7   0.0   1   1   1.2e-05    0.0032   15.4   0.0   227   268    60   100    21   108 0.87 # 4474 # 5001 # -1 # ID=246_6;partial=00;start_type=ATG;rbs_motif=GGA/GAG/AGG;rbs_spacer=5-10bp;gc_cont=0.708
NODE_78_length_32324_cov_90.111532_23  -            172 874197at2            -            274    0.0036   15.2   0.0   1   1   1.9e-05    0.0052   14.7   0.0    38    76     6    44     2    58 0.86 # 26964 # 27479 # 1 # ID=78_23;partial=00;start_type=ATG;rbs_motif=None;rbs_spacer=None;gc_cont=0.721
NODE_93_length_28055_cov_78.499463_12  -            600 874197at2            -            274    0.0037   15.2   0.1   1   2       6.7   1.8e+03   -3.5   0.0   141   151   102   112    96   115 0.81 # 14288 # 16087 # 1 # ID=93_12;partial=00;start_type=GTG;rbs_motif=AGxAGG/AGGxGG;rbs_spacer=5-10bp;gc_cont=0.748
NODE_93_length_28055_cov_78.499463_12  -            600 874197at2            -            274    0.0037   15.2   0.1   2   2   3.6e-05    0.0097   13.8   0.0    25    60   383   418   376   445 0.77 # 14288 # 16087 # 1 # ID=93_12;partial=00;start_type=GTG;rbs_motif=AGxAGG/AGGxGG;rbs_spacer=5-10bp;gc_cont=0.748
NODE_42_length_44884_cov_96.547445_5   -            808 874197at2            -            274     0.004   15.1   0.0   1   1   2.9e-05    0.0078   14.1   0.0    39    66   365   392   332   405 0.83 # 3475 # 5898 # 1 # ID=42_5;partial=00;start_type=ATG;rbs_motif=GGA/GAG/AGG;rbs_spacer=5-10bp;gc_cont=0.732
NODE_94_length_28049_cov_100.517513_4  -            346 874197at2            -            274    0.0042   15.0   0.0   1   1   3.9e-05     0.011   13.7   0.0    36    66    46    76    33    91 0.89 # 2966 # 4003 # 1 # ID=94_4;partial=00;start_type=GTG;rbs_motif=AGGAG;rbs_spacer=5-10bp;gc_cont=0.707
NODE_98_length_27436_cov_108.980116_15 -            351 874197at2            -            274     0.006   14.5   0.0   1   1   4.4e-05     0.012   13.5   0.0    38    61    78   101    66   117 0.87 # 17520 # 18572 # 1 # ID=98_15;partial=00;start_type=ATG;rbs_motif=GGAG/GAGG;rbs_spacer=5-10bp;gc_cont=0.729
NODE_160_length_16612_cov_104.717561_5 -            340 874197at2            -            274    0.0072   14.2   0.0   1   1   4.7e-05     0.013   13.4   0.0    38    61    79   102    66   117 0.85 # 4057 # 5076 # 1 # ID=160_5;partial=00;start_type=GTG;rbs_motif=AGGAG;rbs_spacer=5-10bp;gc_cont=0.731
NODE_4_length_123048_cov_95.834902_81  -            334 874197at2            -            274     0.013   13.4   0.0   1   1   9.3e-05     0.025   12.4   0.0    36    66    48    78    44   188 0.93 # 83116 # 84117 # -1 # ID=4_81;partial=00;start_type=GTG;rbs_motif=AGGA;rbs_spacer=5-10bp;gc_cont=0.733
NODE_60_length_36613_cov_87.147728_16  -            542 874197at2            -            274     0.016   13.1   0.0   1   1   0.00016     0.043   11.7   0.0     9    54   217   255   212   276 0.75 # 15921 # 17546 # -1 # ID=60_16;partial=00;start_type=ATG;rbs_motif=GGxGG;rbs_spacer=5-10bp;gc_cont=0.744
NODE_76_length_32454_cov_89.883194_6   -            813 874197at2            -            274     0.016   13.1   0.0   1   1   0.00012     0.033   12.1   0.0    29    57   584   612   548   683 0.75 # 6118 # 8556 # -1 # ID=76_6;partial=00;start_type=ATG;rbs_motif=None;rbs_spacer=None;gc_cont=0.731
NODE_32_length_56578_cov_93.434518_6   -            622 874197at2            -            274     0.028   12.3   0.0   1   1   0.00019     0.052   11.4   0.0    34    57   377   400   341   456 0.87 # 5162 # 7027 # 1 # ID=32_6;partial=00;start_type=ATG;rbs_motif=GGxGG;rbs_spacer=5-10bp;gc_cont=0.721
NODE_1_length_176229_cov_94.921846_18  -            906 874197at2            -            274     0.033   12.1   0.0   1   2   0.00061      0.16    9.8   0.0    74    99   216   241   181   244 0.90 # 15659 # 18376 # 1 # ID=1_18;partial=00;start_type=GTG;rbs_motif=AGGAGG;rbs_spacer=5-10bp;gc_cont=0.695
NODE_1_length_176229_cov_94.921846_18  -            906 874197at2            -            274     0.033   12.1   0.0   2   2       1.1   2.9e+02   -0.9   0.1   179   195   482   498   469   510 0.84 # 15659 # 18376 # 1 # ID=1_18;partial=00;start_type=GTG;rbs_motif=AGGAGG;rbs_spacer=5-10bp;gc_cont=0.695
NODE_1_length_176229_cov_94.921846_12  -            162 874197at2            -            274     0.036   11.9   0.0   1   1   0.00017     0.047   11.6   0.0    38    61    67    90    61   110 0.84 # 9606 # 10091 # 1 # ID=1_12;partial=00;start_type=GTG;rbs_motif=GGA/GAG/AGG;rbs_spacer=5-10bp;gc_cont=0.733
NODE_42_length_44884_cov_96.547445_12  -            214 874197at2            -            274     0.036   11.9   0.1   1   1   0.00021     0.056   11.3   0.1    26    80    27    81    21    95 0.88 # 12770 # 13411 # 1 # ID=42_12;partial=00;start_type=GTG;rbs_motif=GGA/GAG/AGG;rbs_spacer=5-10bp;gc_cont=0.682
NODE_155_length_17485_cov_97.046837_1  -            178 874197at2            -            274     0.045   11.6   0.1   1   1   0.00027     0.074   10.9   0.1    34    68    43    77    28    85 0.87 # 200 # 733 # -1 # ID=155_1;partial=00;start_type=ATG;rbs_motif=GGA/GAG/AGG;rbs_spacer=5-10bp;gc_cont=0.732
NODE_337_length_1432_cov_80.232950_1   -            476 874197at2            -            274     0.046   11.6   0.0   1   1   0.00042      0.11   10.3   0.0    39    70    43    74    37    86 0.81 # 3 # 1430 # -1 # ID=337_1;partial=11;start_type=Edge;rbs_motif=None;rbs_spacer=None;gc_cont=0.730
NODE_2_length_150709_cov_85.449164_45  -            247 874197at2            -            274      0.07   11.0   0.0   1   1   0.00039      0.11   10.4   0.0    40    60    26    46    10    50 0.87 # 45350 # 46090 # -1 # ID=2_45;partial=00;start_type=GTG;rbs_motif=None;rbs_spacer=None;gc_cont=0.767
#
# Program:         hmmsearch
# Version:         3.1b2 (February 2015)
# Pipeline mode:   SEARCH
# Query file:      /home/users/ntm1021/gen-711-final-project/69_assembly_output/busco_downloads/lineages/bacteria_odb10/hmms/874197at2.hmm
# Target file:     /home/users/ntm1021/gen-711-final-project/69_assembly_output/busco-results/prodigal_output/predicted_genes/predicted.faa
# Option settings: hmmsearch --domtblout /home/users/ntm1021/gen-711-final-project/69_assembly_output/busco-results/run_bacteria_odb10/hmmer_output/874197at2.out --cpu 1 /home/users/ntm1021/gen-711-final-project/69_assembly_output/busco_downloads/lineages/bacteria_odb10/hmms/874197at2.hmm /home/users/ntm1021/gen-711-final-project/69_assembly_output/busco-results/prodigal_output/predicted_genes/predicted.faa 
# Current dir:     /home/users/ntm1021/gen-711-final-project/69_assembly_output
# Date:            Fri May  3 15:32:15 2024
# [ok]
