#                                                                                             --- full sequence --- -------------- this domain -------------   hmm coord   ali coord   env coord
# target name                         accession   tlen query name           accession   qlen   E-value  score  bias   #  of  c-Evalue  i-Evalue  score  bias  from    to  from    to  from    to  acc description of target
#                 ------------------- ---------- ----- -------------------- ---------- ----- --------- ------ ----- --- --- --------- --------- ------ ----- ----- ----- ----- ----- ----- ----- ---- ---------------------
NODE_14_length_87081_cov_92.841307_12 -            321 984717at2            -            224     1e-63  213.6   1.4   1   3   5.4e-35   2.7e-32  110.8   0.0     1   106    23   146    23   162 0.80 # 18507 # 19469 # 1 # ID=14_12;partial=00;start_type=ATG;rbs_motif=GGA/GAG/AGG;rbs_spacer=5-10bp;gc_cont=0.682
NODE_14_length_87081_cov_92.841307_12 -            321 984717at2            -            224     1e-63  213.6   1.4   2   3   7.3e-14   3.6e-11   41.7   0.1   117   167   187   240   167   252 0.87 # 18507 # 19469 # 1 # ID=14_12;partial=00;start_type=ATG;rbs_motif=GGA/GAG/AGG;rbs_spacer=5-10bp;gc_cont=0.682
NODE_14_length_87081_cov_92.841307_12 -            321 984717at2            -            224     1e-63  213.6   1.4   3   3   4.7e-19   2.3e-16   58.7   0.0   165   222   257   315   252   320 0.91 # 18507 # 19469 # 1 # ID=14_12;partial=00;start_type=ATG;rbs_motif=GGA/GAG/AGG;rbs_spacer=5-10bp;gc_cont=0.682
NODE_27_length_63206_cov_88.069595_26 -            493 984717at2            -            224   3.7e-27   94.0   0.3   1   2   2.8e-17   1.3e-14   52.9   0.0     2   100    56   159    55   178 0.74 # 19540 # 21018 # -1 # ID=27_26;partial=00;start_type=ATG;rbs_motif=GGAG/GAGG;rbs_spacer=5-10bp;gc_cont=0.717
NODE_27_length_63206_cov_88.069595_26 -            493 984717at2            -            224   3.7e-27   94.0   0.3   2   2   4.5e-13   2.2e-10   39.1   0.1     2    94   231   332   230   355 0.76 # 19540 # 21018 # -1 # ID=27_26;partial=00;start_type=ATG;rbs_motif=GGAG/GAGG;rbs_spacer=5-10bp;gc_cont=0.717
NODE_90_length_28598_cov_87.644902_16 -            498 984717at2            -            224   4.5e-05   21.7   0.0   1   1     3e-07   0.00015   20.1   0.0     2    94   277   375   276   409 0.70 # 19724 # 21217 # -1 # ID=90_16;partial=00;start_type=ATG;rbs_motif=GGA/GAG/AGG;rbs_spacer=5-10bp;gc_cont=0.704
NODE_420_length_423_cov_0.837838_1    -             87 984717at2            -            224   6.3e-05   21.3   0.0   1   1   1.7e-07   8.1e-05   20.9   0.0     3    24     6    27     4    51 0.85 # 163 # 423 # 1 # ID=420_1;partial=01;start_type=GTG;rbs_motif=GGA/GAG/AGG;rbs_spacer=5-10bp;gc_cont=0.525
NODE_266_length_4892_cov_107.276600_2 -            485 984717at2            -            224   0.00011   20.4   0.1   1   2   9.4e-07   0.00046   18.5   0.0     3    41    13    52    11    59 0.83 # 262 # 1716 # 1 # ID=266_2;partial=00;start_type=GTG;rbs_motif=None;rbs_spacer=None;gc_cont=0.748
NODE_266_length_4892_cov_107.276600_2 -            485 984717at2            -            224   0.00011   20.4   0.1   2   2      0.82     4e+02   -1.0   0.0    50    90   108   149    99   189 0.62 # 262 # 1716 # 1 # ID=266_2;partial=00;start_type=GTG;rbs_motif=None;rbs_spacer=None;gc_cont=0.748
NODE_268_length_4835_cov_80.354291_4  -            363 984717at2            -            224   0.00033   18.9   0.9   1   2     1e-06   0.00049   18.4   0.1     2    24     5    27     4    43 0.89 # 2820 # 3908 # 1 # ID=268_4;partial=00;start_type=GTG;rbs_motif=GGA/GAG/AGG;rbs_spacer=5-10bp;gc_cont=0.661
NODE_268_length_4835_cov_80.354291_4  -            363 984717at2            -            224   0.00033   18.9   0.9   2   2       2.3   1.1e+03   -2.4   0.1    77    90   162   175   109   224 0.53 # 2820 # 3908 # 1 # ID=268_4;partial=00;start_type=GTG;rbs_motif=GGA/GAG/AGG;rbs_spacer=5-10bp;gc_cont=0.661
NODE_4_length_123048_cov_95.834902_97 -            367 984717at2            -            224   0.00037   18.7   0.1   1   1   1.3e-06   0.00063   18.0   0.1     3    57   205   264   203   271 0.65 # 99389 # 100489 # 1 # ID=4_97;partial=00;start_type=TTG;rbs_motif=GGA/GAG/AGG;rbs_spacer=5-10bp;gc_cont=0.728
NODE_41_length_45351_cov_85.801964_11 -            338 984717at2            -            224    0.0036   15.5   0.0   1   1   1.3e-05    0.0066   14.7   0.0     3    58   206   269   204   279 0.73 # 11559 # 12572 # -1 # ID=41_11;partial=00;start_type=ATG;rbs_motif=GGA/GAG/AGG;rbs_spacer=5-10bp;gc_cont=0.733
NODE_14_length_87081_cov_92.841307_63 -            479 984717at2            -            224    0.0046   15.2   0.0   1   2   3.4e-05     0.017   13.4   0.0     2    58   162   218   161   259 0.73 # 80215 # 81651 # -1 # ID=14_63;partial=00;start_type=ATG;rbs_motif=GGAGG;rbs_spacer=5-10bp;gc_cont=0.729
NODE_14_length_87081_cov_92.841307_63 -            479 984717at2            -            224    0.0046   15.2   0.0   2   2      0.81   3.9e+02   -1.0   0.0    88   104   271   287   251   297 0.76 # 80215 # 81651 # -1 # ID=14_63;partial=00;start_type=ATG;rbs_motif=GGAGG;rbs_spacer=5-10bp;gc_cont=0.729
NODE_93_length_28055_cov_78.499463_20 -            270 984717at2            -            224     0.017   13.3   0.2   1   2   8.6e-05     0.042   12.0   0.1     1    24    39    62    39    68 0.90 # 25050 # 25859 # -1 # ID=93_20;partial=00;start_type=ATG;rbs_motif=AGGA;rbs_spacer=5-10bp;gc_cont=0.694
NODE_93_length_28055_cov_78.499463_20 -            270 984717at2            -            224     0.017   13.3   0.2   2   2       1.5   7.2e+02   -1.8   0.0    65   104   181   202   159   244 0.55 # 25050 # 25859 # -1 # ID=93_20;partial=00;start_type=ATG;rbs_motif=AGGA;rbs_spacer=5-10bp;gc_cont=0.694
NODE_266_length_4892_cov_107.276600_3 -            796 984717at2            -            224     0.018   13.2   0.1   1   2   0.00022      0.11   10.7   0.0     2    40   317   355   316   367 0.90 # 1720 # 4107 # 1 # ID=266_3;partial=00;start_type=GTG;rbs_motif=AGGAG;rbs_spacer=5-10bp;gc_cont=0.760
NODE_266_length_4892_cov_107.276600_3 -            796 984717at2            -            224     0.018   13.2   0.1   2   2      0.49   2.4e+02   -0.3   0.0    48    90   392   435   390   466 0.79 # 1720 # 4107 # 1 # ID=266_3;partial=00;start_type=GTG;rbs_motif=AGGAG;rbs_spacer=5-10bp;gc_cont=0.760
NODE_4_length_123048_cov_95.834902_51 -            452 984717at2            -            224     0.023   12.9   0.0   1   2      0.31   1.5e+02    0.4   0.0     6    27    28    49    24    59 0.78 # 55244 # 56599 # -1 # ID=4_51;partial=00;start_type=ATG;rbs_motif=3Base/5BMM;rbs_spacer=13-15bp;gc_cont=0.719
NODE_4_length_123048_cov_95.834902_51 -            452 984717at2            -            224     0.023   12.9   0.0   2   2   0.00048      0.23    9.6   0.0    45   106    98   167    89   184 0.52 # 55244 # 56599 # -1 # ID=4_51;partial=00;start_type=ATG;rbs_motif=3Base/5BMM;rbs_spacer=13-15bp;gc_cont=0.719
NODE_25_length_65002_cov_94.531977_9  -            632 984717at2            -            224     0.081   11.1   0.0   1   1    0.0003      0.14   10.3   0.0    27   104    58   142    55   158 0.69 # 7733 # 9628 # 1 # ID=25_9;partial=00;start_type=ATG;rbs_motif=AGGA/GGAG/GAGG;rbs_spacer=11-12bp;gc_cont=0.757
NODE_133_length_21226_cov_95.969193_8 -            566 984717at2            -            224      0.22    9.7   3.7   1   3       1.1   5.5e+02   -1.4   0.2     2    19    32    49    31    52 0.82 # 7463 # 9160 # 1 # ID=133_8;partial=00;start_type=GTG;rbs_motif=AGGAG;rbs_spacer=5-10bp;gc_cont=0.757
NODE_133_length_21226_cov_95.969193_8 -            566 984717at2            -            224      0.22    9.7   3.7   2   3      0.82     4e+02   -1.0   0.0    32    66   146   182   138   219 0.57 # 7463 # 9160 # 1 # ID=133_8;partial=00;start_type=GTG;rbs_motif=AGGAG;rbs_spacer=5-10bp;gc_cont=0.757
NODE_133_length_21226_cov_95.969193_8 -            566 984717at2            -            224      0.22    9.7   3.7   3   3   0.00036      0.18   10.0   0.1     2    21   347   366   346   369 0.94 # 7463 # 9160 # 1 # ID=133_8;partial=00;start_type=GTG;rbs_motif=AGGAG;rbs_spacer=5-10bp;gc_cont=0.757
NODE_7_length_116790_cov_88.970136_26 -            548 984717at2            -            224       0.3    9.2   1.9   1   2     0.054        26    2.9   0.1     2    19    33    50    32    54 0.85 # 25468 # 27111 # -1 # ID=7_26;partial=00;start_type=ATG;rbs_motif=AGGA/GGAG/GAGG;rbs_spacer=11-12bp;gc_cont=0.729
NODE_7_length_116790_cov_88.970136_26 -            548 984717at2            -            224       0.3    9.2   1.9   2   2     0.008       3.9    5.6   0.2     2    22   379   399   378   400 0.92 # 25468 # 27111 # -1 # ID=7_26;partial=00;start_type=ATG;rbs_motif=AGGA/GGAG/GAGG;rbs_spacer=11-12bp;gc_cont=0.729
#
# Program:         hmmsearch
# Version:         3.1b2 (February 2015)
# Pipeline mode:   SEARCH
# Query file:      /home/users/ntm1021/gen-711-final-project/69_assembly_output/busco_downloads/lineages/bacteria_odb10/hmms/984717at2.hmm
# Target file:     /home/users/ntm1021/gen-711-final-project/69_assembly_output/busco-results/prodigal_output/predicted_genes/predicted.faa
# Option settings: hmmsearch --domtblout /home/users/ntm1021/gen-711-final-project/69_assembly_output/busco-results/run_bacteria_odb10/hmmer_output/984717at2.out --cpu 1 /home/users/ntm1021/gen-711-final-project/69_assembly_output/busco_downloads/lineages/bacteria_odb10/hmms/984717at2.hmm /home/users/ntm1021/gen-711-final-project/69_assembly_output/busco-results/prodigal_output/predicted_genes/predicted.faa 
# Current dir:     /home/users/ntm1021/gen-711-final-project/69_assembly_output
# Date:            Fri May  3 15:32:17 2024
# [ok]
