-------------------------------------
PRODIGAL v2.6.3 [February, 2016]         
Univ of Tenn / Oak Ridge National Lab
Doug Hyatt, Loren Hauser, et al.     
-------------------------------------
Request:  Single Genome, Phase:  Training
Reading in the sequence(s) to train...9058100 bp seq created, 72.31 pct GC
Locating all potential starts and stops...498846 nodes
Looking for GC bias in different frames...frame bias scores: 0.86 0.09 2.05
Building initial set of genes to train from...done!
Creating coding model and scoring nodes...done!
Examining upstream regions and training starts...done!
-------------------------------------
Request:  Single Genome, Phase:  Gene Finding
Finding genes in sequence #1 (277192 bp)...done!
Finding genes in sequence #2 (182237 bp)...done!
Finding genes in sequence #3 (180888 bp)...done!
Finding genes in sequence #4 (180575 bp)...done!
Finding genes in sequence #5 (162855 bp)...done!
Finding genes in sequence #6 (148173 bp)...done!
Finding genes in sequence #7 (126049 bp)...done!
Finding genes in sequence #8 (125804 bp)...done!
Finding genes in sequence #9 (125761 bp)...done!
Finding genes in sequence #10 (120923 bp)...done!
Finding genes in sequence #11 (120233 bp)...done!
Finding genes in sequence #12 (116772 bp)...done!
Finding genes in sequence #13 (111685 bp)...done!
Finding genes in sequence #14 (109822 bp)...done!
Finding genes in sequence #15 (105784 bp)...done!
Finding genes in sequence #16 (105560 bp)...done!
Finding genes in sequence #17 (105294 bp)...done!
Finding genes in sequence #18 (100094 bp)...done!
Finding genes in sequence #19 (96667 bp)...done!
Finding genes in sequence #20 (96238 bp)...done!
Finding genes in sequence #21 (94192 bp)...done!
Finding genes in sequence #22 (92654 bp)...done!
Finding genes in sequence #23 (91824 bp)...done!
Finding genes in sequence #24 (89965 bp)...done!
Finding genes in sequence #25 (88126 bp)...done!
Finding genes in sequence #26 (82456 bp)...done!
Finding genes in sequence #27 (80727 bp)...done!
Finding genes in sequence #28 (79036 bp)...done!
Finding genes in sequence #29 (79021 bp)...done!
Finding genes in sequence #30 (78718 bp)...done!
Finding genes in sequence #31 (78424 bp)...done!
Finding genes in sequence #32 (76965 bp)...done!
Finding genes in sequence #33 (74197 bp)...done!
Finding genes in sequence #34 (74114 bp)...done!
Finding genes in sequence #35 (70253 bp)...done!
Finding genes in sequence #36 (69477 bp)...done!
Finding genes in sequence #37 (67575 bp)...done!
Finding genes in sequence #38 (67417 bp)...done!
Finding genes in sequence #39 (67018 bp)...done!
Finding genes in sequence #40 (65993 bp)...done!
Finding genes in sequence #41 (65767 bp)...done!
Finding genes in sequence #42 (65667 bp)...done!
Finding genes in sequence #43 (60837 bp)...done!
Finding genes in sequence #44 (59866 bp)...done!
Finding genes in sequence #45 (59669 bp)...done!
Finding genes in sequence #46 (57610 bp)...done!
Finding genes in sequence #47 (56061 bp)...done!
Finding genes in sequence #48 (54674 bp)...done!
Finding genes in sequence #49 (54615 bp)...done!
Finding genes in sequence #50 (54447 bp)...done!
Finding genes in sequence #51 (54065 bp)...done!
Finding genes in sequence #52 (53648 bp)...done!
Finding genes in sequence #53 (52230 bp)...done!
Finding genes in sequence #54 (50742 bp)...done!
Finding genes in sequence #55 (50619 bp)...done!
Finding genes in sequence #56 (48730 bp)...done!
Finding genes in sequence #57 (48068 bp)...done!
Finding genes in sequence #58 (47128 bp)...done!
Finding genes in sequence #59 (46976 bp)...done!
Finding genes in sequence #60 (46880 bp)...done!
Finding genes in sequence #61 (46818 bp)...done!
Finding genes in sequence #62 (46584 bp)...done!
Finding genes in sequence #63 (45796 bp)...done!
Finding genes in sequence #64 (45262 bp)...done!
Finding genes in sequence #65 (45107 bp)...done!
Finding genes in sequence #66 (44859 bp)...done!
Finding genes in sequence #67 (44483 bp)...done!
Finding genes in sequence #68 (43980 bp)...done!
Finding genes in sequence #69 (43902 bp)...done!
Finding genes in sequence #70 (42981 bp)...done!
Finding genes in sequence #71 (42630 bp)...done!
Finding genes in sequence #72 (42617 bp)...done!
Finding genes in sequence #73 (42184 bp)...done!
Finding genes in sequence #74 (40820 bp)...done!
Finding genes in sequence #75 (40778 bp)...done!
Finding genes in sequence #76 (40644 bp)...done!
Finding genes in sequence #77 (40321 bp)...done!
Finding genes in sequence #78 (40040 bp)...done!
Finding genes in sequence #79 (39599 bp)...done!
Finding genes in sequence #80 (38643 bp)...done!
Finding genes in sequence #81 (38542 bp)...done!
Finding genes in sequence #82 (38309 bp)...done!
Finding genes in sequence #83 (38306 bp)...done!
Finding genes in sequence #84 (38109 bp)...done!
Finding genes in sequence #85 (37883 bp)...done!
Finding genes in sequence #86 (37427 bp)...done!
Finding genes in sequence #87 (36790 bp)...done!
Finding genes in sequence #88 (36671 bp)...done!
Finding genes in sequence #89 (36246 bp)...done!
Finding genes in sequence #90 (35945 bp)...done!
Finding genes in sequence #91 (33500 bp)...done!
Finding genes in sequence #92 (33489 bp)...done!
Finding genes in sequence #93 (33455 bp)...done!
Finding genes in sequence #94 (33179 bp)...done!
Finding genes in sequence #95 (32602 bp)...done!
Finding genes in sequence #96 (32290 bp)...done!
Finding genes in sequence #97 (32061 bp)...done!
Finding genes in sequence #98 (31703 bp)...done!
Finding genes in sequence #99 (30662 bp)...done!
Finding genes in sequence #100 (30479 bp)...done!
Finding genes in sequence #101 (29767 bp)...done!
Finding genes in sequence #102 (29670 bp)...done!
Finding genes in sequence #103 (28957 bp)...done!
Finding genes in sequence #104 (28830 bp)...done!
Finding genes in sequence #105 (28763 bp)...done!
Finding genes in sequence #106 (27727 bp)...done!
Finding genes in sequence #107 (27251 bp)...done!
Finding genes in sequence #108 (26882 bp)...done!
Finding genes in sequence #109 (26755 bp)...done!
Finding genes in sequence #110 (26624 bp)...done!
Finding genes in sequence #111 (26452 bp)...done!
Finding genes in sequence #112 (26138 bp)...done!
Finding genes in sequence #113 (26055 bp)...done!
Finding genes in sequence #114 (25751 bp)...done!
Finding genes in sequence #115 (25422 bp)...done!
Finding genes in sequence #116 (25030 bp)...done!
Finding genes in sequence #117 (24228 bp)...done!
Finding genes in sequence #118 (23785 bp)...done!
Finding genes in sequence #119 (23784 bp)...done!
Finding genes in sequence #120 (23713 bp)...done!
Finding genes in sequence #121 (23664 bp)...done!
Finding genes in sequence #122 (23217 bp)...done!
Finding genes in sequence #123 (23082 bp)...done!
Finding genes in sequence #124 (22366 bp)...done!
Finding genes in sequence #125 (22356 bp)...done!
Finding genes in sequence #126 (22106 bp)...done!
Finding genes in sequence #127 (21726 bp)...done!
Finding genes in sequence #128 (21618 bp)...done!
Finding genes in sequence #129 (21457 bp)...done!
Finding genes in sequence #130 (21401 bp)...done!
Finding genes in sequence #131 (21198 bp)...done!
Finding genes in sequence #132 (20972 bp)...done!
Finding genes in sequence #133 (20788 bp)...done!
Finding genes in sequence #134 (20730 bp)...done!
Finding genes in sequence #135 (20645 bp)...done!
Finding genes in sequence #136 (20433 bp)...done!
Finding genes in sequence #137 (20311 bp)...done!
Finding genes in sequence #138 (19977 bp)...done!
Finding genes in sequence #139 (19605 bp)...done!
Finding genes in sequence #140 (19482 bp)...done!
Finding genes in sequence #141 (19471 bp)...done!
Finding genes in sequence #142 (19441 bp)...done!
Finding genes in sequence #143 (19404 bp)...done!
Finding genes in sequence #144 (19186 bp)...done!
Finding genes in sequence #145 (19179 bp)...done!
Finding genes in sequence #146 (19167 bp)...done!
Finding genes in sequence #147 (18815 bp)...done!
Finding genes in sequence #148 (18643 bp)...done!
Finding genes in sequence #149 (18537 bp)...done!
Finding genes in sequence #150 (18528 bp)...done!
Finding genes in sequence #151 (17660 bp)...done!
Finding genes in sequence #152 (17348 bp)...done!
Finding genes in sequence #153 (16938 bp)...done!
Finding genes in sequence #154 (16778 bp)...done!
Finding genes in sequence #155 (16068 bp)...done!
Finding genes in sequence #156 (16060 bp)...done!
Finding genes in sequence #157 (15991 bp)...done!
Finding genes in sequence #158 (15842 bp)...done!
Finding genes in sequence #159 (15782 bp)...done!
Finding genes in sequence #160 (15741 bp)...done!
Finding genes in sequence #161 (15551 bp)...done!
Finding genes in sequence #162 (14773 bp)...done!
Finding genes in sequence #163 (14505 bp)...done!
Finding genes in sequence #164 (14449 bp)...done!
Finding genes in sequence #165 (14126 bp)...done!
Finding genes in sequence #166 (13774 bp)...done!
Finding genes in sequence #167 (13765 bp)...done!
Finding genes in sequence #168 (13719 bp)...done!
Finding genes in sequence #169 (13562 bp)...done!
Finding genes in sequence #170 (13386 bp)...done!
Finding genes in sequence #171 (12911 bp)...done!
Finding genes in sequence #172 (12551 bp)...done!
Finding genes in sequence #173 (12407 bp)...done!
Finding genes in sequence #174 (12353 bp)...done!
Finding genes in sequence #175 (12272 bp)...done!
Finding genes in sequence #176 (12197 bp)...done!
Finding genes in sequence #177 (12091 bp)...done!
Finding genes in sequence #178 (11405 bp)...done!
Finding genes in sequence #179 (10891 bp)...done!
Finding genes in sequence #180 (10661 bp)...done!
Finding genes in sequence #181 (10636 bp)...done!
Finding genes in sequence #182 (10316 bp)...done!
Finding genes in sequence #183 (10191 bp)...done!
Finding genes in sequence #184 (10021 bp)...done!
Finding genes in sequence #185 (9778 bp)...done!
Finding genes in sequence #186 (9623 bp)...done!
Finding genes in sequence #187 (9550 bp)...done!
Finding genes in sequence #188 (9375 bp)...done!
Finding genes in sequence #189 (9318 bp)...done!
Finding genes in sequence #190 (9086 bp)...done!
Finding genes in sequence #191 (8979 bp)...done!
Finding genes in sequence #192 (8951 bp)...done!
Finding genes in sequence #193 (8730 bp)...done!
Finding genes in sequence #194 (8722 bp)...done!
Finding genes in sequence #195 (8571 bp)...done!
Finding genes in sequence #196 (8540 bp)...done!
Finding genes in sequence #197 (8436 bp)...done!
Finding genes in sequence #198 (8430 bp)...done!
Finding genes in sequence #199 (8336 bp)...done!
Finding genes in sequence #200 (8326 bp)...done!
Finding genes in sequence #201 (8133 bp)...done!
Finding genes in sequence #202 (7904 bp)...done!
Finding genes in sequence #203 (7761 bp)...done!
Finding genes in sequence #204 (7607 bp)...done!
Finding genes in sequence #205 (7440 bp)...done!
Finding genes in sequence #206 (7369 bp)...done!
Finding genes in sequence #207 (7331 bp)...done!
Finding genes in sequence #208 (7166 bp)...done!
Finding genes in sequence #209 (7011 bp)...done!
Finding genes in sequence #210 (6970 bp)...done!
Finding genes in sequence #211 (6816 bp)...done!
Finding genes in sequence #212 (6742 bp)...done!
Finding genes in sequence #213 (6583 bp)...done!
Finding genes in sequence #214 (6564 bp)...done!
Finding genes in sequence #215 (6484 bp)...done!
Finding genes in sequence #216 (6425 bp)...done!
Finding genes in sequence #217 (6371 bp)...done!
Finding genes in sequence #218 (6369 bp)...done!
Finding genes in sequence #219 (6365 bp)...done!
Finding genes in sequence #220 (6294 bp)...done!
Finding genes in sequence #221 (6193 bp)...done!
Finding genes in sequence #222 (6050 bp)...done!
Finding genes in sequence #223 (5592 bp)...done!
Finding genes in sequence #224 (5468 bp)...done!
Finding genes in sequence #225 (5467 bp)...done!
Finding genes in sequence #226 (5450 bp)...done!
Finding genes in sequence #227 (5319 bp)...done!
Finding genes in sequence #228 (5287 bp)...done!
Finding genes in sequence #229 (5276 bp)...done!
Finding genes in sequence #230 (5246 bp)...done!
Finding genes in sequence #231 (5117 bp)...done!
Finding genes in sequence #232 (4844 bp)...done!
Finding genes in sequence #233 (4453 bp)...done!
Finding genes in sequence #234 (4403 bp)...done!
Finding genes in sequence #235 (4233 bp)...done!
Finding genes in sequence #236 (4129 bp)...done!
Finding genes in sequence #237 (4091 bp)...done!
Finding genes in sequence #238 (4091 bp)...done!
Finding genes in sequence #239 (4075 bp)...done!
Finding genes in sequence #240 (3788 bp)...done!
Finding genes in sequence #241 (3719 bp)...done!
Finding genes in sequence #242 (3715 bp)...done!
Finding genes in sequence #243 (3547 bp)...done!
Finding genes in sequence #244 (3508 bp)...done!
Finding genes in sequence #245 (3400 bp)...done!
Finding genes in sequence #246 (3363 bp)...done!
Finding genes in sequence #247 (3355 bp)...done!
Finding genes in sequence #248 (3324 bp)...done!
Finding genes in sequence #249 (3278 bp)...done!
Finding genes in sequence #250 (3258 bp)...done!
Finding genes in sequence #251 (3206 bp)...done!
Finding genes in sequence #252 (3180 bp)...done!
Finding genes in sequence #253 (3010 bp)...done!
Finding genes in sequence #254 (2942 bp)...done!
Finding genes in sequence #255 (2883 bp)...done!
Finding genes in sequence #256 (2809 bp)...done!
Finding genes in sequence #257 (2770 bp)...done!
Finding genes in sequence #258 (2767 bp)...done!
Finding genes in sequence #259 (2742 bp)...done!
Finding genes in sequence #260 (2732 bp)...done!
Finding genes in sequence #261 (2621 bp)...done!
Finding genes in sequence #262 (2591 bp)...done!
Finding genes in sequence #263 (2579 bp)...done!
Finding genes in sequence #264 (2280 bp)...done!
Finding genes in sequence #265 (2259 bp)...done!
Finding genes in sequence #266 (2146 bp)...done!
Finding genes in sequence #267 (2141 bp)...done!
Finding genes in sequence #268 (2135 bp)...done!
Finding genes in sequence #269 (2124 bp)...done!
Finding genes in sequence #270 (1919 bp)...done!
Finding genes in sequence #271 (1798 bp)...done!
Finding genes in sequence #272 (1682 bp)...done!
Finding genes in sequence #273 (1654 bp)...done!
Finding genes in sequence #274 (1584 bp)...done!
Finding genes in sequence #275 (1570 bp)...done!
Finding genes in sequence #276 (1533 bp)...done!
Finding genes in sequence #277 (1492 bp)...done!
Finding genes in sequence #278 (1447 bp)...done!
Finding genes in sequence #279 (1447 bp)...done!
Finding genes in sequence #280 (1202 bp)...done!
Finding genes in sequence #281 (1098 bp)...done!
Finding genes in sequence #282 (1056 bp)...done!
Finding genes in sequence #283 (895 bp)...done!
Finding genes in sequence #284 (808 bp)...done!
Finding genes in sequence #285 (701 bp)...done!
Finding genes in sequence #286 (671 bp)...done!
Finding genes in sequence #287 (649 bp)...done!
Finding genes in sequence #288 (627 bp)...done!
Finding genes in sequence #289 (587 bp)...done!
Finding genes in sequence #290 (546 bp)...done!
Finding genes in sequence #291 (523 bp)...done!
Finding genes in sequence #292 (519 bp)...done!
Finding genes in sequence #293 (511 bp)...done!
Finding genes in sequence #294 (486 bp)...done!
Finding genes in sequence #295 (481 bp)...done!
Finding genes in sequence #296 (472 bp)...done!
Finding genes in sequence #297 (471 bp)...done!
Finding genes in sequence #298 (470 bp)...done!
Finding genes in sequence #299 (466 bp)...done!
Finding genes in sequence #300 (466 bp)...done!
Finding genes in sequence #301 (458 bp)...done!
Finding genes in sequence #302 (457 bp)...done!
Finding genes in sequence #303 (455 bp)...done!
Finding genes in sequence #304 (450 bp)...done!
Finding genes in sequence #305 (449 bp)...done!
Finding genes in sequence #306 (448 bp)...done!
Finding genes in sequence #307 (448 bp)...done!
Finding genes in sequence #308 (446 bp)...done!
Finding genes in sequence #309 (446 bp)...done!
Finding genes in sequence #310 (446 bp)...done!
Finding genes in sequence #311 (446 bp)...done!
Finding genes in sequence #312 (436 bp)...done!
Finding genes in sequence #313 (430 bp)...done!
Finding genes in sequence #314 (429 bp)...done!
Finding genes in sequence #315 (429 bp)...done!
Finding genes in sequence #316 (427 bp)...done!
Finding genes in sequence #317 (423 bp)...done!
Finding genes in sequence #318 (422 bp)...done!
Finding genes in sequence #319 (422 bp)...done!
Finding genes in sequence #320 (419 bp)...done!
Finding genes in sequence #321 (419 bp)...done!
Finding genes in sequence #322 (417 bp)...done!
Finding genes in sequence #323 (417 bp)...done!
Finding genes in sequence #324 (416 bp)...done!
Finding genes in sequence #325 (415 bp)...done!
Finding genes in sequence #326 (414 bp)...done!
Finding genes in sequence #327 (414 bp)...done!
Finding genes in sequence #328 (413 bp)...done!
Finding genes in sequence #329 (412 bp)...done!
Finding genes in sequence #330 (412 bp)...done!
Finding genes in sequence #331 (412 bp)...done!
Finding genes in sequence #332 (412 bp)...done!
Finding genes in sequence #333 (410 bp)...done!
Finding genes in sequence #334 (409 bp)...done!
Finding genes in sequence #335 (408 bp)...done!
Finding genes in sequence #336 (407 bp)...done!
Finding genes in sequence #337 (406 bp)...done!
Finding genes in sequence #338 (406 bp)...done!
Finding genes in sequence #339 (402 bp)...done!
Finding genes in sequence #340 (401 bp)...done!
Finding genes in sequence #341 (400 bp)...done!
Finding genes in sequence #342 (400 bp)...done!
Finding genes in sequence #343 (399 bp)...done!
Finding genes in sequence #344 (394 bp)...done!
Finding genes in sequence #345 (394 bp)...done!
Finding genes in sequence #346 (392 bp)...done!
Finding genes in sequence #347 (391 bp)...done!
Finding genes in sequence #348 (390 bp)...done!
Finding genes in sequence #349 (390 bp)...done!
Finding genes in sequence #350 (390 bp)...done!
Finding genes in sequence #351 (389 bp)...done!
Finding genes in sequence #352 (389 bp)...done!
Finding genes in sequence #353 (388 bp)...done!
Finding genes in sequence #354 (387 bp)...done!
Finding genes in sequence #355 (387 bp)...done!
Finding genes in sequence #356 (384 bp)...done!
Finding genes in sequence #357 (383 bp)...done!
Finding genes in sequence #358 (383 bp)...done!
Finding genes in sequence #359 (383 bp)...done!
Finding genes in sequence #360 (383 bp)...done!
Finding genes in sequence #361 (382 bp)...done!
Finding genes in sequence #362 (382 bp)...done!
Finding genes in sequence #363 (381 bp)...done!
Finding genes in sequence #364 (380 bp)...done!
Finding genes in sequence #365 (380 bp)...done!
Finding genes in sequence #366 (379 bp)...done!
Finding genes in sequence #367 (379 bp)...done!
Finding genes in sequence #368 (379 bp)...done!
Finding genes in sequence #369 (367 bp)...done!
Finding genes in sequence #370 (305 bp)...done!
Finding genes in sequence #371 (255 bp)...done!
Finding genes in sequence #372 (252 bp)...done!
Finding genes in sequence #373 (245 bp)...done!
Finding genes in sequence #374 (235 bp)...done!
Finding genes in sequence #375 (210 bp)...done!
Finding genes in sequence #376 (198 bp)...done!
Finding genes in sequence #377 (183 bp)...done!
Finding genes in sequence #378 (179 bp)...done!
Finding genes in sequence #379 (153 bp)...done!
Finding genes in sequence #380 (145 bp)...done!
Finding genes in sequence #381 (139 bp)...done!
Finding genes in sequence #382 (136 bp)...done!
Finding genes in sequence #383 (136 bp)...done!
Finding genes in sequence #384 (135 bp)...done!
Finding genes in sequence #385 (132 bp)...done!
Finding genes in sequence #386 (131 bp)...done!
Finding genes in sequence #387 (128 bp)...done!
Finding genes in sequence #388 (128 bp)...done!
